--------
Total Statistics
--------
Total Instructions: 2098852964
Total Cycles: 8183366477
IPC: 0.256478

--------
Single level Tlb hierarchy
--------
  Data Tlb:
    Entries:          64
    Page Size(B):   4096
    Associativity:      4

Latencies:    0  150
Tlb-Sets:   16 - LRU - assoc:   4

Tlb Stats:
Tlb-Load-Hits:         563007042   94.13%
Tlb-Load-Misses:        35106330    5.87%
Tlb-Load-Accesses:     598113372  100.00%

Tlb-Store-Hits:         126178949   99.67%
Tlb-Store-Misses:          421502    0.33%
Tlb-Store-Accesses:     126600451  100.00%

Tlb-Total-Hits:         689185991   95.10%
Tlb-Total-Misses:        35527832    4.90%
Tlb-Total-Accesses:     724713823  100.00%



--------
Two level Cache hierarchy
--------
  L1-Data Cache:
    Size(KB):          32
    Block Size(B):     64
    Associativity:      8

  L2-Data Cache:
    Size(KB):        2048
    Block Size(B):    256
    Associativity:     16

Latencies:    1   10  250
L1-Sets:   64 - LRU - assoc:   8
L2-Sets:  512 - LRU - assoc:  16
Store_allocation: Yes
L2_inclusive: Yes
L2_prefetching: No

L1 Cache Stats:
L1-Load-Hits:         595641200   99.59%
L1-Load-Misses:         2472172    0.41%
L1-Load-Accesses:     598113372  100.00%

L1-Store-Hits:         126190734   99.68%
L1-Store-Misses:          409717    0.32%
L1-Store-Accesses:     126600451  100.00%

L1-Total-Hits:         721831934   99.60%
L1-Total-Misses:         2881889    0.40%
L1-Total-Accesses:     724713823  100.00%

L2 Cache Stats:
L2-Load-Hits:           2465981   99.75%
L2-Load-Misses:            6191    0.25%
L2-Load-Accesses:       2472172  100.00%

L2-Store-Hits:            408684   99.75%
L2-Store-Misses:            1033    0.25%
L2-Store-Accesses:        409717  100.00%

L2-Total-Hits:           2874665   99.75%
L2-Total-Misses:            7224    0.25%
L2-Total-Accesses:       2881889  100.00%

