--------
Total Statistics
--------
Total Instructions: 2098852964
Total Cycles: 8368561477
IPC: 0.250802

--------
Single level Tlb hierarchy
--------
  Data Tlb:
    Entries:          64
    Page Size(B):   4096
    Associativity:      4

Latencies:    0  150
Tlb-Sets:   16 - LRU - assoc:   4

Tlb Stats:
Tlb-Load-Hits:         563007042   94.13%
Tlb-Load-Misses:        35106330    5.87%
Tlb-Load-Accesses:     598113372  100.00%

Tlb-Store-Hits:         126178949   99.67%
Tlb-Store-Misses:          421502    0.33%
Tlb-Store-Accesses:     126600451  100.00%

Tlb-Total-Hits:         689185991   95.10%
Tlb-Total-Misses:        35527832    4.90%
Tlb-Total-Accesses:     724713823  100.00%



--------
Two level Cache hierarchy
--------
  L1-Data Cache:
    Size(KB):          32
    Block Size(B):     64
    Associativity:      8

  L2-Data Cache:
    Size(KB):        1024
    Block Size(B):    256
    Associativity:      8

Latencies:    1   10  250
L1-Sets:   64 - LRU - assoc:   8
L2-Sets:  512 - LRU - assoc:   8
Store_allocation: Yes
L2_inclusive: Yes
L2_prefetching: No

L1 Cache Stats:
L1-Load-Hits:         594989440   99.48%
L1-Load-Misses:         3123932    0.52%
L1-Load-Accesses:     598113372  100.00%

L1-Store-Hits:         126076219   99.59%
L1-Store-Misses:          524232    0.41%
L1-Store-Accesses:     126600451  100.00%

L1-Total-Hits:         721065659   99.50%
L1-Total-Misses:         3648164    0.50%
L1-Total-Accesses:     724713823  100.00%

L2 Cache Stats:
L2-Load-Hits:           2509086   80.32%
L2-Load-Misses:          614846   19.68%
L2-Load-Accesses:       3123932  100.00%

L2-Store-Hits:            421725   80.45%
L2-Store-Misses:          102507   19.55%
L2-Store-Accesses:        524232  100.00%

L2-Total-Hits:           2930811   80.34%
L2-Total-Misses:          717353   19.66%
L2-Total-Accesses:       3648164  100.00%

