--------
Total Statistics
--------
Total Instructions: 2098852939
Total Cycles: 8368332734
IPC: 0.250809

--------
Single level Tlb hierarchy
--------
  Data Tlb:
    Entries:          64
    Page Size(B):   4096
    Associativity:      4

Latencies:    0  150
Tlb-Sets:   16 - LRU - assoc:   4

Tlb Stats:
Tlb-Load-Hits:         563007034   94.13%
Tlb-Load-Misses:        35106330    5.87%
Tlb-Load-Accesses:     598113364  100.00%

Tlb-Store-Hits:         126178948   99.67%
Tlb-Store-Misses:          421503    0.33%
Tlb-Store-Accesses:     126600451  100.00%

Tlb-Total-Hits:         689185982   95.10%
Tlb-Total-Misses:        35527833    4.90%
Tlb-Total-Accesses:     724713815  100.00%



--------
Two level Cache hierarchy
--------
  L1-Data Cache:
    Size(KB):          32
    Block Size(B):     64
    Associativity:      8

  L2-Data Cache:
    Size(KB):        1024
    Block Size(B):    256
    Associativity:     16

Latencies:    1   10  250
L1-Sets:   64 - LRU - assoc:   8
L2-Sets:  256 - LRU - assoc:  16
Store_allocation: Yes
L2_inclusive: Yes
L2_prefetching: No

L1 Cache Stats:
L1-Load-Hits:         594989812   99.48%
L1-Load-Misses:         3123552    0.52%
L1-Load-Accesses:     598113364  100.00%

L1-Store-Hits:         126088825   99.60%
L1-Store-Misses:          511626    0.40%
L1-Store-Accesses:     126600451  100.00%

L1-Total-Hits:         721078637   99.50%
L1-Total-Misses:         3635178    0.50%
L1-Total-Accesses:     724713815  100.00%

L2 Cache Stats:
L2-Load-Hits:           2509103   80.33%
L2-Load-Misses:          614449   19.67%
L2-Load-Accesses:       3123552  100.00%

L2-Store-Hits:            409118   79.96%
L2-Store-Misses:          102508   20.04%
L2-Store-Accesses:        511626  100.00%

L2-Total-Hits:           2918221   80.28%
L2-Total-Misses:          716957   19.72%
L2-Total-Accesses:       3635178  100.00%

