--------
Total Statistics
--------
Total Instructions: 2098852939
Total Cycles: 8185128194
IPC: 0.256423

--------
Single level Tlb hierarchy
--------
  Data Tlb:
    Entries:          64
    Page Size(B):   4096
    Associativity:      4

Latencies:    0  150
Tlb-Sets:   16 - LRU - assoc:   4

Tlb Stats:
Tlb-Load-Hits:         563007034   94.13%
Tlb-Load-Misses:        35106330    5.87%
Tlb-Load-Accesses:     598113364  100.00%

Tlb-Store-Hits:         126178949   99.67%
Tlb-Store-Misses:          421502    0.33%
Tlb-Store-Accesses:     126600451  100.00%

Tlb-Total-Hits:         689185983   95.10%
Tlb-Total-Misses:        35527832    4.90%
Tlb-Total-Accesses:     724713815  100.00%



--------
Two level Cache hierarchy
--------
  L1-Data Cache:
    Size(KB):          32
    Block Size(B):     64
    Associativity:      8

  L2-Data Cache:
    Size(KB):        2048
    Block Size(B):    128
    Associativity:     16

Latencies:    1   10  250
L1-Sets:   64 - LRU - assoc:   8
L2-Sets: 1024 - LRU - assoc:  16
Store_allocation: Yes
L2_inclusive: Yes
L2_prefetching: No

L1 Cache Stats:
L1-Load-Hits:         595644492   99.59%
L1-Load-Misses:         2468872    0.41%
L1-Load-Accesses:     598113364  100.00%

L1-Store-Hits:         126190734   99.68%
L1-Store-Misses:          409717    0.32%
L1-Store-Accesses:     126600451  100.00%

L1-Total-Hits:         721835226   99.60%
L1-Total-Misses:         2878589    0.40%
L1-Total-Accesses:     724713815  100.00%

L2 Cache Stats:
L2-Load-Hits:           2456530   99.50%
L2-Load-Misses:           12342    0.50%
L2-Load-Accesses:       2468872  100.00%

L2-Store-Hits:            407656   99.50%
L2-Store-Misses:            2061    0.50%
L2-Store-Accesses:        409717  100.00%

L2-Total-Hits:           2864186   99.50%
L2-Total-Misses:           14403    0.50%
L2-Total-Accesses:       2878589  100.00%

