--------
Total Statistics
--------
Total Instructions: 2098852939
Total Cycles: 8554651464
IPC: 0.245346

--------
Single level Tlb hierarchy
--------
  Data Tlb:
    Entries:          64
    Page Size(B):   4096
    Associativity:      4

Latencies:    0  150
Tlb-Sets:   16 - LRU - assoc:   4

Tlb Stats:
Tlb-Load-Hits:         563007034   94.13%
Tlb-Load-Misses:        35106330    5.87%
Tlb-Load-Accesses:     598113364  100.00%

Tlb-Store-Hits:         126178948   99.67%
Tlb-Store-Misses:          421503    0.33%
Tlb-Store-Accesses:     126600451  100.00%

Tlb-Total-Hits:         689185982   95.10%
Tlb-Total-Misses:        35527833    4.90%
Tlb-Total-Accesses:     724713815  100.00%



--------
Two level Cache hierarchy
--------
  L1-Data Cache:
    Size(KB):          32
    Block Size(B):     64
    Associativity:      8

  L2-Data Cache:
    Size(KB):        1024
    Block Size(B):    128
    Associativity:      8

Latencies:    1   10  250
L1-Sets:   64 - LRU - assoc:   8
L2-Sets: 1024 - LRU - assoc:   8
Store_allocation: Yes
L2_inclusive: Yes
L2_prefetching: No

L1 Cache Stats:
L1-Load-Hits:         594404739   99.38%
L1-Load-Misses:         3708625    0.62%
L1-Load-Accesses:     598113364  100.00%

L1-Store-Hits:         125987175   99.52%
L1-Store-Misses:          613276    0.48%
L1-Store-Accesses:     126600451  100.00%

L1-Total-Hits:         720391914   99.40%
L1-Total-Misses:         4321901    0.60%
L1-Total-Accesses:     724713815  100.00%

L2 Cache Stats:
L2-Load-Hits:           2478772   66.84%
L2-Load-Misses:         1229853   33.16%
L2-Load-Accesses:       3708625  100.00%

L2-Store-Hits:            408366   66.59%
L2-Store-Misses:          204910   33.41%
L2-Store-Accesses:        613276  100.00%

L2-Total-Hits:           2887138   66.80%
L2-Total-Misses:         1434763   33.20%
L2-Total-Accesses:       4321901  100.00%

