--------
Total Statistics
--------
Total Instructions: 10308506156
Total Cycles: 16734177568
IPC: 0.616015

--------
Single level Tlb hierarchy
--------
  Data Tlb:
    Entries:          64
    Page Size(B):   4096
    Associativity:      4

Latencies:    0  150
Tlb-Sets:   16 - LRU - assoc:   4

Tlb Stats:
Tlb-Load-Hits:        2169605709   99.35%
Tlb-Load-Misses:        14283086    0.65%
Tlb-Load-Accesses:    2183888795  100.00%

Tlb-Store-Hits:         573809245   99.97%
Tlb-Store-Misses:          177522    0.03%
Tlb-Store-Accesses:     573986767  100.00%

Tlb-Total-Hits:        2743414954   99.48%
Tlb-Total-Misses:        14460608    0.52%
Tlb-Total-Accesses:    2757875562  100.00%



--------
Two level Cache hierarchy
--------
  L1-Data Cache:
    Size(KB):          32
    Block Size(B):     64
    Associativity:      8

  L2-Data Cache:
    Size(KB):         512
    Block Size(B):    128
    Associativity:      8

Latencies:    1   10  250
L1-Sets:   64 - LRU - assoc:   8
L2-Sets:  512 - LRU - assoc:   8
Store_allocation: Yes
L2_inclusive: Yes
L2_prefetching: No

L1 Cache Stats:
L1-Load-Hits:        2072900445   94.92%
L1-Load-Misses:       110988350    5.08%
L1-Load-Accesses:    2183888795  100.00%

L1-Store-Hits:         568038302   98.96%
L1-Store-Misses:         5948465    1.04%
L1-Store-Accesses:     573986767  100.00%

L1-Total-Hits:        2640938747   95.76%
L1-Total-Misses:       116936815    4.24%
L1-Total-Accesses:    2757875562  100.00%

L2 Cache Stats:
L2-Load-Hits:         110176834   99.27%
L2-Load-Misses:          811516    0.73%
L2-Load-Accesses:     110988350  100.00%

L2-Store-Hits:           5442635   91.50%
L2-Store-Misses:          505830    8.50%
L2-Store-Accesses:       5948465  100.00%

L2-Total-Hits:         115619469   98.87%
L2-Total-Misses:         1317346    1.13%
L2-Total-Accesses:     116936815  100.00%

