--------
Total Statistics
--------
Total Instructions: 10308505635
Total Cycles: 16549915599
IPC: 0.622874

--------
Single level Tlb hierarchy
--------
  Data Tlb:
    Entries:          64
    Page Size(B):   4096
    Associativity:      4

Latencies:    0  150
Tlb-Sets:   16 - LRU - assoc:   4

Tlb Stats:
Tlb-Load-Hits:        2170392766   99.38%
Tlb-Load-Misses:        13496021    0.62%
Tlb-Load-Accesses:    2183888787  100.00%

Tlb-Store-Hits:         573729281   99.96%
Tlb-Store-Misses:          257486    0.04%
Tlb-Store-Accesses:     573986767  100.00%

Tlb-Total-Hits:        2744122047   99.50%
Tlb-Total-Misses:        13753507    0.50%
Tlb-Total-Accesses:    2757875554  100.00%



--------
Two level Cache hierarchy
--------
  L1-Data Cache:
    Size(KB):          32
    Block Size(B):     64
    Associativity:      8

  L2-Data Cache:
    Size(KB):        1024
    Block Size(B):    128
    Associativity:      8

Latencies:    1   10  250
L1-Sets:   64 - LRU - assoc:   8
L2-Sets: 1024 - LRU - assoc:   8
Store_allocation: Yes
L2_inclusive: Yes
L2_prefetching: No

L1 Cache Stats:
L1-Load-Hits:        2073079979   94.93%
L1-Load-Misses:       110808808    5.07%
L1-Load-Accesses:    2183888787  100.00%

L1-Store-Hits:         568242039   99.00%
L1-Store-Misses:         5744728    1.00%
L1-Store-Accesses:     573986767  100.00%

L1-Total-Hits:        2641322018   95.77%
L1-Total-Misses:       116553536    4.23%
L1-Total-Accesses:    2757875554  100.00%

L2 Cache Stats:
L2-Load-Hits:         110218698   99.47%
L2-Load-Misses:          590110    0.53%
L2-Load-Accesses:     110808808  100.00%

L2-Store-Hits:           5314946   92.52%
L2-Store-Misses:          429782    7.48%
L2-Store-Accesses:       5744728  100.00%

L2-Total-Hits:         115533644   99.12%
L2-Total-Misses:         1019892    0.88%
L2-Total-Accesses:     116553536  100.00%

