--------
Total Statistics
--------
Total Instructions: 10308506131
Total Cycles: 16356601495
IPC: 0.630235

--------
Single level Tlb hierarchy
--------
  Data Tlb:
    Entries:          64
    Page Size(B):   4096
    Associativity:      4

Latencies:    0  150
Tlb-Sets:   16 - LRU - assoc:   4

Tlb Stats:
Tlb-Load-Hits:        2170352662   99.38%
Tlb-Load-Misses:        13536125    0.62%
Tlb-Load-Accesses:    2183888787  100.00%

Tlb-Store-Hits:         573809242   99.97%
Tlb-Store-Misses:          177525    0.03%
Tlb-Store-Accesses:     573986767  100.00%

Tlb-Total-Hits:        2744161904   99.50%
Tlb-Total-Misses:        13713650    0.50%
Tlb-Total-Accesses:    2757875554  100.00%



--------
Two level Cache hierarchy
--------
  L1-Data Cache:
    Size(KB):          32
    Block Size(B):     64
    Associativity:      8

  L2-Data Cache:
    Size(KB):        2048
    Block Size(B):    256
    Associativity:     16

Latencies:    1   10  250
L1-Sets:   64 - LRU - assoc:   8
L2-Sets:  512 - LRU - assoc:  16
Store_allocation: Yes
L2_inclusive: Yes
L2_prefetching: No

L1 Cache Stats:
L1-Load-Hits:        2073418101   94.94%
L1-Load-Misses:       110470686    5.06%
L1-Load-Accesses:    2183888787  100.00%

L1-Store-Hits:         568549347   99.05%
L1-Store-Misses:         5437420    0.95%
L1-Store-Accesses:     573986767  100.00%

L1-Total-Hits:        2641967448   95.80%
L1-Total-Misses:       115908106    4.20%
L1-Total-Accesses:    2757875554  100.00%

L2 Cache Stats:
L2-Load-Hits:         110283132   99.83%
L2-Load-Misses:          187554    0.17%
L2-Load-Accesses:     110470686  100.00%

L2-Store-Hits:           5328609   98.00%
L2-Store-Misses:          108811    2.00%
L2-Store-Accesses:       5437420  100.00%

L2-Total-Hits:         115611741   99.74%
L2-Total-Misses:          296365    0.26%
L2-Total-Accesses:     115908106  100.00%

