--------
Total Statistics
--------
Total Instructions: 10308506131
Total Cycles: 16574661655
IPC: 0.621944

--------
Single level Tlb hierarchy
--------
  Data Tlb:
    Entries:          64
    Page Size(B):   4096
    Associativity:      4

Latencies:    0  150
Tlb-Sets:   16 - LRU - assoc:   4

Tlb Stats:
Tlb-Load-Hits:        2170186974   99.37%
Tlb-Load-Misses:        13701813    0.63%
Tlb-Load-Accesses:    2183888787  100.00%

Tlb-Store-Hits:         573809239   99.97%
Tlb-Store-Misses:          177528    0.03%
Tlb-Store-Accesses:     573986767  100.00%

Tlb-Total-Hits:        2743996213   99.50%
Tlb-Total-Misses:        13879341    0.50%
Tlb-Total-Accesses:    2757875554  100.00%



--------
Two level Cache hierarchy
--------
  L1-Data Cache:
    Size(KB):          32
    Block Size(B):     64
    Associativity:      8

  L2-Data Cache:
    Size(KB):        1024
    Block Size(B):    128
    Associativity:     16

Latencies:    1   10  250
L1-Sets:   64 - LRU - assoc:   8
L2-Sets:  512 - LRU - assoc:  16
Store_allocation: Yes
L2_inclusive: Yes
L2_prefetching: No

L1 Cache Stats:
L1-Load-Hits:        2073067278   94.93%
L1-Load-Misses:       110821509    5.07%
L1-Load-Accesses:    2183888787  100.00%

L1-Store-Hits:         568137519   98.98%
L1-Store-Misses:         5849248    1.02%
L1-Store-Accesses:     573986767  100.00%

L1-Total-Hits:        2641204797   95.77%
L1-Total-Misses:       116670757    4.23%
L1-Total-Accesses:    2757875554  100.00%

L2 Cache Stats:
L2-Load-Hits:         110215089   99.45%
L2-Load-Misses:          606420    0.55%
L2-Load-Accesses:     110821509  100.00%

L2-Store-Hits:           5416983   92.61%
L2-Store-Misses:          432265    7.39%
L2-Store-Accesses:       5849248  100.00%

L2-Total-Hits:         115632072   99.11%
L2-Total-Misses:         1038685    0.89%
L2-Total-Accesses:     116670757  100.00%

