--------
Total Statistics
--------
Total Instructions: 10308506131
Total Cycles: 16908496425
IPC: 0.609664

--------
Single level Tlb hierarchy
--------
  Data Tlb:
    Entries:          64
    Page Size(B):   4096
    Associativity:      4

Latencies:    0  150
Tlb-Sets:   16 - LRU - assoc:   4

Tlb Stats:
Tlb-Load-Hits:        2170413210   99.38%
Tlb-Load-Misses:        13475577    0.62%
Tlb-Load-Accesses:    2183888787  100.00%

Tlb-Store-Hits:         573809247   99.97%
Tlb-Store-Misses:          177520    0.03%
Tlb-Store-Accesses:     573986767  100.00%

Tlb-Total-Hits:        2744222457   99.50%
Tlb-Total-Misses:        13653097    0.50%
Tlb-Total-Accesses:    2757875554  100.00%



--------
Two level Cache hierarchy
--------
  L1-Data Cache:
    Size(KB):          32
    Block Size(B):     64
    Associativity:      8

  L2-Data Cache:
    Size(KB):         512
    Block Size(B):     64
    Associativity:      8

Latencies:    1   10  250
L1-Sets:   64 - LRU - assoc:   8
L2-Sets: 1024 - LRU - assoc:   8
Store_allocation: Yes
L2_inclusive: Yes
L2_prefetching: No

L1 Cache Stats:
L1-Load-Hits:        2073408955   94.94%
L1-Load-Misses:       110479832    5.06%
L1-Load-Accesses:    2183888787  100.00%

L1-Store-Hits:         568702305   99.08%
L1-Store-Misses:         5284462    0.92%
L1-Store-Accesses:     573986767  100.00%

L1-Total-Hits:        2642111260   95.80%
L1-Total-Misses:       115764294    4.20%
L1-Total-Accesses:    2757875554  100.00%

L2 Cache Stats:
L2-Load-Hits:         108941631   98.61%
L2-Load-Misses:         1538201    1.39%
L2-Load-Accesses:     110479832  100.00%

L2-Store-Hits:           4276634   80.93%
L2-Store-Misses:         1007828   19.07%
L2-Store-Accesses:       5284462  100.00%

L2-Total-Hits:         113218265   97.80%
L2-Total-Misses:         2546029    2.20%
L2-Total-Accesses:     115764294  100.00%

