--------
Total Statistics
--------
Total Instructions: 10308506627
Total Cycles: 16415806441
IPC: 0.627962

--------
Single level Tlb hierarchy
--------
  Data Tlb:
    Entries:          64
    Page Size(B):   4096
    Associativity:      4

Latencies:    0  150
Tlb-Sets:   16 - LRU - assoc:   4

Tlb Stats:
Tlb-Load-Hits:        2170470286   99.39%
Tlb-Load-Misses:        13418501    0.61%
Tlb-Load-Accesses:    2183888787  100.00%

Tlb-Store-Hits:         573729226   99.96%
Tlb-Store-Misses:          257541    0.04%
Tlb-Store-Accesses:     573986767  100.00%

Tlb-Total-Hits:        2744199512   99.50%
Tlb-Total-Misses:        13676042    0.50%
Tlb-Total-Accesses:    2757875554  100.00%



--------
Two level Cache hierarchy
--------
  L1-Data Cache:
    Size(KB):          32
    Block Size(B):     64
    Associativity:      8

  L2-Data Cache:
    Size(KB):        1024
    Block Size(B):    256
    Associativity:      8

Latencies:    1   10  250
L1-Sets:   64 - LRU - assoc:   8
L2-Sets:  512 - LRU - assoc:   8
Store_allocation: Yes
L2_inclusive: Yes
L2_prefetching: No

L1 Cache Stats:
L1-Load-Hits:        2073170039   94.93%
L1-Load-Misses:       110718748    5.07%
L1-Load-Accesses:    2183888787  100.00%

L1-Store-Hits:         568424019   99.03%
L1-Store-Misses:         5562748    0.97%
L1-Store-Accesses:     573986767  100.00%

L1-Total-Hits:        2641594058   95.78%
L1-Total-Misses:       116281496    4.22%
L1-Total-Accesses:    2757875554  100.00%

L2 Cache Stats:
L2-Load-Hits:         110395402   99.71%
L2-Load-Misses:          323346    0.29%
L2-Load-Accesses:     110718748  100.00%

L2-Store-Hits:           5345282   96.09%
L2-Store-Misses:          217466    3.91%
L2-Store-Accesses:       5562748  100.00%

L2-Total-Hits:         115740684   99.53%
L2-Total-Misses:          540812    0.47%
L2-Total-Accesses:     116281496  100.00%

