--------
Total Statistics
--------
Total Instructions: 10308506131
Total Cycles: 16426960915
IPC: 0.627536

--------
Single level Tlb hierarchy
--------
  Data Tlb:
    Entries:          64
    Page Size(B):   4096
    Associativity:      4

Latencies:    0  150
Tlb-Sets:   16 - LRU - assoc:   4

Tlb Stats:
Tlb-Load-Hits:        2170397330   99.38%
Tlb-Load-Misses:        13491457    0.62%
Tlb-Load-Accesses:    2183888787  100.00%

Tlb-Store-Hits:         573729175   99.96%
Tlb-Store-Misses:          257592    0.04%
Tlb-Store-Accesses:     573986767  100.00%

Tlb-Total-Hits:        2744126505   99.50%
Tlb-Total-Misses:        13749049    0.50%
Tlb-Total-Accesses:    2757875554  100.00%



--------
Two level Cache hierarchy
--------
  L1-Data Cache:
    Size(KB):          32
    Block Size(B):     64
    Associativity:      8

  L2-Data Cache:
    Size(KB):        1024
    Block Size(B):    256
    Associativity:     16

Latencies:    1   10  250
L1-Sets:   64 - LRU - assoc:   8
L2-Sets:  256 - LRU - assoc:  16
Store_allocation: Yes
L2_inclusive: Yes
L2_prefetching: No

L1 Cache Stats:
L1-Load-Hits:        2073151624   94.93%
L1-Load-Misses:       110737163    5.07%
L1-Load-Accesses:    2183888787  100.00%

L1-Store-Hits:         568559792   99.05%
L1-Store-Misses:         5426975    0.95%
L1-Store-Accesses:     573986767  100.00%

L1-Total-Hits:        2641711416   95.79%
L1-Total-Misses:       116164138    4.21%
L1-Total-Accesses:    2757875554  100.00%

L2 Cache Stats:
L2-Load-Hits:         110409168   99.70%
L2-Load-Misses:          327995    0.30%
L2-Load-Accesses:     110737163  100.00%

L2-Store-Hits:           5208648   95.98%
L2-Store-Misses:          218327    4.02%
L2-Store-Accesses:       5426975  100.00%

L2-Total-Hits:         115617816   99.53%
L2-Total-Misses:          546322    0.47%
L2-Total-Accesses:     116164138  100.00%

