--------
Total Statistics
--------
Total Instructions: 1514103347
Total Cycles: 16240134886
IPC: 0.0932322

--------
Single level Tlb hierarchy
--------
  Data Tlb:
    Entries:          64
    Page Size(B):   4096
    Associativity:      4

Latencies:    0  150
Tlb-Sets:   16 - LRU - assoc:   4

Tlb Stats:
Tlb-Load-Hits:         242901611   86.09%
Tlb-Load-Misses:        39255764   13.91%
Tlb-Load-Accesses:     282157375  100.00%

Tlb-Store-Hits:          76174996   99.60%
Tlb-Store-Misses:          308538    0.40%
Tlb-Store-Accesses:      76483534  100.00%

Tlb-Total-Hits:         319076607   88.97%
Tlb-Total-Misses:        39564302   11.03%
Tlb-Total-Accesses:     358640909  100.00%



--------
Two level Cache hierarchy
--------
  L1-Data Cache:
    Size(KB):          32
    Block Size(B):     64
    Associativity:      8

  L2-Data Cache:
    Size(KB):        1024
    Block Size(B):    256
    Associativity:      8

Latencies:    1   10  250
L1-Sets:   64 - LRU - assoc:   8
L2-Sets:  512 - LRU - assoc:   8
Store_allocation: Yes
L2_inclusive: Yes
L2_prefetching: No

L1 Cache Stats:
L1-Load-Hits:         208780021   73.99%
L1-Load-Misses:        73377354   26.01%
L1-Load-Accesses:     282157375  100.00%

L1-Store-Hits:          76474830   99.99%
L1-Store-Misses:            8704    0.01%
L1-Store-Accesses:      76483534  100.00%

L1-Total-Hits:         285254851   79.54%
L1-Total-Misses:        73386058   20.46%
L1-Total-Accesses:     358640909  100.00%

L2 Cache Stats:
L2-Load-Hits:          42584365   58.03%
L2-Load-Misses:        30792989   41.97%
L2-Load-Accesses:      73377354  100.00%

L2-Store-Hits:              6154   70.70%
L2-Store-Misses:            2550   29.30%
L2-Store-Accesses:          8704  100.00%

L2-Total-Hits:          42590519   58.04%
L2-Total-Misses:        30795539   41.96%
L2-Total-Accesses:      73386058  100.00%

