--------
Total Statistics
--------
Total Instructions: 1514103347
Total Cycles: 16580579236
IPC: 0.0913179

--------
Single level Tlb hierarchy
--------
  Data Tlb:
    Entries:          64
    Page Size(B):   4096
    Associativity:      4

Latencies:    0  150
Tlb-Sets:   16 - LRU - assoc:   4

Tlb Stats:
Tlb-Load-Hits:         242403425   85.91%
Tlb-Load-Misses:        39753950   14.09%
Tlb-Load-Accesses:     282157375  100.00%

Tlb-Store-Hits:          76174838   99.60%
Tlb-Store-Misses:          308696    0.40%
Tlb-Store-Accesses:      76483534  100.00%

Tlb-Total-Hits:         318578263   88.83%
Tlb-Total-Misses:        40062646   11.17%
Tlb-Total-Accesses:     358640909  100.00%



--------
Two level Cache hierarchy
--------
  L1-Data Cache:
    Size(KB):          32
    Block Size(B):     64
    Associativity:      8

  L2-Data Cache:
    Size(KB):        1024
    Block Size(B):    128
    Associativity:     16

Latencies:    1   10  250
L1-Sets:   64 - LRU - assoc:   8
L2-Sets:  512 - LRU - assoc:  16
Store_allocation: Yes
L2_inclusive: Yes
L2_prefetching: No

L1 Cache Stats:
L1-Load-Hits:         210067656   74.45%
L1-Load-Misses:        72089719   25.55%
L1-Load-Accesses:     282157375  100.00%

L1-Store-Hits:          76474870   99.99%
L1-Store-Misses:            8664    0.01%
L1-Store-Accesses:      76483534  100.00%

L1-Total-Hits:         286542526   79.90%
L1-Total-Misses:        72098383   20.10%
L1-Total-Accesses:     358640909  100.00%

L2 Cache Stats:
L2-Load-Hits:          40181743   55.74%
L2-Load-Misses:        31907976   44.26%
L2-Load-Accesses:      72089719  100.00%

L2-Store-Hits:              6823   78.75%
L2-Store-Misses:            1841   21.25%
L2-Store-Accesses:          8664  100.00%

L2-Total-Hits:          40188566   55.74%
L2-Total-Misses:        31909817   44.26%
L2-Total-Accesses:      72098383  100.00%

