--------
Total Statistics
--------
Total Instructions: 1514103347
Total Cycles: 15942616206
IPC: 0.0949721

--------
Single level Tlb hierarchy
--------
  Data Tlb:
    Entries:          64
    Page Size(B):   4096
    Associativity:      4

Latencies:    0  150
Tlb-Sets:   16 - LRU - assoc:   4

Tlb Stats:
Tlb-Load-Hits:         243247232   86.21%
Tlb-Load-Misses:        38910143   13.79%
Tlb-Load-Accesses:     282157375  100.00%

Tlb-Store-Hits:          76176811   99.60%
Tlb-Store-Misses:          306723    0.40%
Tlb-Store-Accesses:      76483534  100.00%

Tlb-Total-Hits:         319424043   89.07%
Tlb-Total-Misses:        39216866   10.93%
Tlb-Total-Accesses:     358640909  100.00%



--------
Two level Cache hierarchy
--------
  L1-Data Cache:
    Size(KB):          32
    Block Size(B):     64
    Associativity:      8

  L2-Data Cache:
    Size(KB):        2048
    Block Size(B):    128
    Associativity:     16

Latencies:    1   10  250
L1-Sets:   64 - LRU - assoc:   8
L2-Sets: 1024 - LRU - assoc:  16
Store_allocation: Yes
L2_inclusive: Yes
L2_prefetching: No

L1 Cache Stats:
L1-Load-Hits:         212177213   75.20%
L1-Load-Misses:        69980162   24.80%
L1-Load-Accesses:     282157375  100.00%

L1-Store-Hits:          76475391   99.99%
L1-Store-Misses:            8143    0.01%
L1-Store-Accesses:      76483534  100.00%

L1-Total-Hits:         288652604   80.49%
L1-Total-Misses:        69988305   19.51%
L1-Total-Accesses:     358640909  100.00%

L2 Cache Stats:
L2-Load-Hits:          40031054   57.20%
L2-Load-Misses:        29949108   42.80%
L2-Load-Accesses:      69980162  100.00%

L2-Store-Hits:              7415   91.06%
L2-Store-Misses:             728    8.94%
L2-Store-Accesses:          8143  100.00%

L2-Total-Hits:          40038469   57.21%
L2-Total-Misses:        29949836   42.79%
L2-Total-Accesses:      69988305  100.00%

