--------
Total Statistics
--------
Total Instructions: 1514103347
Total Cycles: 16455793906
IPC: 0.0920103

--------
Single level Tlb hierarchy
--------
  Data Tlb:
    Entries:          64
    Page Size(B):   4096
    Associativity:      4

Latencies:    0  150
Tlb-Sets:   16 - LRU - assoc:   4

Tlb Stats:
Tlb-Load-Hits:         243242586   86.21%
Tlb-Load-Misses:        38914789   13.79%
Tlb-Load-Accesses:     282157375  100.00%

Tlb-Store-Hits:          76175117   99.60%
Tlb-Store-Misses:          308417    0.40%
Tlb-Store-Accesses:      76483534  100.00%

Tlb-Total-Hits:         319417703   89.06%
Tlb-Total-Misses:        39223206   10.94%
Tlb-Total-Accesses:     358640909  100.00%



--------
Two level Cache hierarchy
--------
  L1-Data Cache:
    Size(KB):          32
    Block Size(B):     64
    Associativity:      8

  L2-Data Cache:
    Size(KB):        1024
    Block Size(B):    128
    Associativity:      8

Latencies:    1   10  250
L1-Sets:   64 - LRU - assoc:   8
L2-Sets: 1024 - LRU - assoc:   8
Store_allocation: Yes
L2_inclusive: Yes
L2_prefetching: No

L1 Cache Stats:
L1-Load-Hits:         210063291   74.45%
L1-Load-Misses:        72094084   25.55%
L1-Load-Accesses:     282157375  100.00%

L1-Store-Hits:          76469843   99.98%
L1-Store-Misses:           13691    0.02%
L1-Store-Accesses:      76483534  100.00%

L1-Total-Hits:         286533134   79.89%
L1-Total-Misses:        72107775   20.11%
L1-Total-Accesses:     358640909  100.00%

L2 Cache Stats:
L2-Load-Hits:          40181742   55.74%
L2-Load-Misses:        31912342   44.26%
L2-Load-Accesses:      72094084  100.00%

L2-Store-Hits:             12069   88.15%
L2-Store-Misses:            1622   11.85%
L2-Store-Accesses:         13691  100.00%

L2-Total-Hits:          40193811   55.74%
L2-Total-Misses:        31913964   44.26%
L2-Total-Accesses:      72107775  100.00%

