--------
Total Statistics
--------
Total Instructions: 1514103372
Total Cycles: 16594112109
IPC: 0.0912434

--------
Single level Tlb hierarchy
--------
  Data Tlb:
    Entries:          64
    Page Size(B):   4096
    Associativity:      4

Latencies:    0  150
Tlb-Sets:   16 - LRU - assoc:   4

Tlb Stats:
Tlb-Load-Hits:         242531430   85.96%
Tlb-Load-Misses:        39625953   14.04%
Tlb-Load-Accesses:     282157383  100.00%

Tlb-Store-Hits:          76174995   99.60%
Tlb-Store-Misses:          308539    0.40%
Tlb-Store-Accesses:      76483534  100.00%

Tlb-Total-Hits:         318706425   88.87%
Tlb-Total-Misses:        39934492   11.13%
Tlb-Total-Accesses:     358640917  100.00%



--------
Two level Cache hierarchy
--------
  L1-Data Cache:
    Size(KB):          32
    Block Size(B):     64
    Associativity:      8

  L2-Data Cache:
    Size(KB):         512
    Block Size(B):    256
    Associativity:      8

Latencies:    1   10  250
L1-Sets:   64 - LRU - assoc:   8
L2-Sets:  256 - LRU - assoc:   8
Store_allocation: Yes
L2_inclusive: Yes
L2_prefetching: No

L1 Cache Stats:
L1-Load-Hits:         207891544   73.68%
L1-Load-Misses:        74265839   26.32%
L1-Load-Accesses:     282157383  100.00%

L1-Store-Hits:          76474921   99.99%
L1-Store-Misses:            8613    0.01%
L1-Store-Accesses:      76483534  100.00%

L1-Total-Hits:         284366465   79.29%
L1-Total-Misses:        74274452   20.71%
L1-Total-Accesses:     358640917  100.00%

L2 Cache Stats:
L2-Load-Hits:          42315116   56.98%
L2-Load-Misses:        31950723   43.02%
L2-Load-Accesses:      74265839  100.00%

L2-Store-Hits:              5538   64.30%
L2-Store-Misses:            3075   35.70%
L2-Store-Accesses:          8613  100.00%

L2-Total-Hits:          42320654   56.98%
L2-Total-Misses:        31953798   43.02%
L2-Total-Accesses:      74274452  100.00%

