--------
Total Statistics
--------
Total Instructions: 1514103347
Total Cycles: 15523405686
IPC: 0.0975368

--------
Single level Tlb hierarchy
--------
  Data Tlb:
    Entries:          64
    Page Size(B):   4096
    Associativity:      4

Latencies:    0  150
Tlb-Sets:   16 - LRU - assoc:   4

Tlb Stats:
Tlb-Load-Hits:         244171380   86.54%
Tlb-Load-Misses:        37985995   13.46%
Tlb-Load-Accesses:     282157375  100.00%

Tlb-Store-Hits:          76173885   99.60%
Tlb-Store-Misses:          309649    0.40%
Tlb-Store-Accesses:      76483534  100.00%

Tlb-Total-Hits:         320345265   89.32%
Tlb-Total-Misses:        38295644   10.68%
Tlb-Total-Accesses:     358640909  100.00%



--------
Two level Cache hierarchy
--------
  L1-Data Cache:
    Size(KB):          32
    Block Size(B):     64
    Associativity:      8

  L2-Data Cache:
    Size(KB):        2048
    Block Size(B):    256
    Associativity:     16

Latencies:    1   10  250
L1-Sets:   64 - LRU - assoc:   8
L2-Sets:  512 - LRU - assoc:  16
Store_allocation: Yes
L2_inclusive: Yes
L2_prefetching: No

L1 Cache Stats:
L1-Load-Hits:         211101047   74.82%
L1-Load-Misses:        71056328   25.18%
L1-Load-Accesses:     282157375  100.00%

L1-Store-Hits:          76475904   99.99%
L1-Store-Misses:            7630    0.01%
L1-Store-Accesses:      76483534  100.00%

L1-Total-Hits:         287576951   80.19%
L1-Total-Misses:        71063958   19.81%
L1-Total-Accesses:     358640909  100.00%

L2 Cache Stats:
L2-Load-Hits:          42275045   59.50%
L2-Load-Misses:        28781283   40.50%
L2-Load-Accesses:      71056328  100.00%

L2-Store-Hits:              6212   81.42%
L2-Store-Misses:            1418   18.58%
L2-Store-Accesses:          7630  100.00%

L2-Total-Hits:          42281257   59.50%
L2-Total-Misses:        28782701   40.50%
L2-Total-Accesses:      71063958  100.00%

