--------
Total Statistics
--------
Total Instructions: 1514103347
Total Cycles: 16845792936
IPC: 0.0898802

--------
Single level Tlb hierarchy
--------
  Data Tlb:
    Entries:          64
    Page Size(B):   4096
    Associativity:      4

Latencies:    0  150
Tlb-Sets:   16 - LRU - assoc:   4

Tlb Stats:
Tlb-Load-Hits:         243070806   86.15%
Tlb-Load-Misses:        39086569   13.85%
Tlb-Load-Accesses:     282157375  100.00%

Tlb-Store-Hits:          76174997   99.60%
Tlb-Store-Misses:          308537    0.40%
Tlb-Store-Accesses:      76483534  100.00%

Tlb-Total-Hits:         319245803   89.02%
Tlb-Total-Misses:        39395106   10.98%
Tlb-Total-Accesses:     358640909  100.00%



--------
Two level Cache hierarchy
--------
  L1-Data Cache:
    Size(KB):          32
    Block Size(B):     64
    Associativity:      8

  L2-Data Cache:
    Size(KB):         512
    Block Size(B):     64
    Associativity:      8

Latencies:    1   10  250
L1-Sets:   64 - LRU - assoc:   8
L2-Sets: 1024 - LRU - assoc:   8
Store_allocation: Yes
L2_inclusive: Yes
L2_prefetching: No

L1 Cache Stats:
L1-Load-Hits:         245075516   86.86%
L1-Load-Misses:        37081859   13.14%
L1-Load-Accesses:     282157375  100.00%

L1-Store-Hits:          76478615   99.99%
L1-Store-Misses:            4919    0.01%
L1-Store-Accesses:      76483534  100.00%

L1-Total-Hits:         321554131   89.66%
L1-Total-Misses:        37086778   10.34%
L1-Total-Accesses:     358640909  100.00%

L2 Cache Stats:
L2-Load-Hits:           2314475    6.24%
L2-Load-Misses:        34767384   93.76%
L2-Load-Accesses:      37081859  100.00%

L2-Store-Hits:               643   13.07%
L2-Store-Misses:            4276   86.93%
L2-Store-Accesses:          4919  100.00%

L2-Total-Hits:           2315118    6.24%
L2-Total-Misses:        34771660   93.76%
L2-Total-Accesses:      37086778  100.00%

