--------
Total Statistics
--------
Total Instructions: 1514103347
Total Cycles: 16511504516
IPC: 0.0916999

--------
Single level Tlb hierarchy
--------
  Data Tlb:
    Entries:          64
    Page Size(B):   4096
    Associativity:      4

Latencies:    0  150
Tlb-Sets:   16 - LRU - assoc:   4

Tlb Stats:
Tlb-Load-Hits:         243493337   86.30%
Tlb-Load-Misses:        38664038   13.70%
Tlb-Load-Accesses:     282157375  100.00%

Tlb-Store-Hits:          76174629   99.60%
Tlb-Store-Misses:          308905    0.40%
Tlb-Store-Accesses:      76483534  100.00%

Tlb-Total-Hits:         319667966   89.13%
Tlb-Total-Misses:        38972943   10.87%
Tlb-Total-Accesses:     358640909  100.00%



--------
Two level Cache hierarchy
--------
  L1-Data Cache:
    Size(KB):          32
    Block Size(B):     64
    Associativity:      8

  L2-Data Cache:
    Size(KB):        1024
    Block Size(B):     64
    Associativity:     16

Latencies:    1   10  250
L1-Sets:   64 - LRU - assoc:   8
L2-Sets: 1024 - LRU - assoc:  16
Store_allocation: Yes
L2_inclusive: Yes
L2_prefetching: No

L1 Cache Stats:
L1-Load-Hits:         245117925   86.87%
L1-Load-Misses:        37039450   13.13%
L1-Load-Accesses:     282157375  100.00%

L1-Store-Hits:          76480953  100.00%
L1-Store-Misses:            2581    0.00%
L1-Store-Accesses:      76483534  100.00%

L1-Total-Hits:         321598878   89.67%
L1-Total-Misses:        37042031   10.33%
L1-Total-Accesses:     358640909  100.00%

L2 Cache Stats:
L2-Load-Hits:           3351977    9.05%
L2-Load-Misses:        33687473   90.95%
L2-Load-Accesses:      37039450  100.00%

L2-Store-Hits:               460   17.82%
L2-Store-Misses:            2121   82.18%
L2-Store-Accesses:          2581  100.00%

L2-Total-Hits:           3352437    9.05%
L2-Total-Misses:        33689594   90.95%
L2-Total-Accesses:      37042031  100.00%

