--------
Total Statistics
--------
Total Instructions: 1514103372
Total Cycles: 16026012449
IPC: 0.0944779

--------
Single level Tlb hierarchy
--------
  Data Tlb:
    Entries:          64
    Page Size(B):   4096
    Associativity:      4

Latencies:    0  150
Tlb-Sets:   16 - LRU - assoc:   4

Tlb Stats:
Tlb-Load-Hits:         243447190   86.28%
Tlb-Load-Misses:        38710193   13.72%
Tlb-Load-Accesses:     282157383  100.00%

Tlb-Store-Hits:          76141682   99.55%
Tlb-Store-Misses:          341852    0.45%
Tlb-Store-Accesses:      76483534  100.00%

Tlb-Total-Hits:         319588872   89.11%
Tlb-Total-Misses:        39052045   10.89%
Tlb-Total-Accesses:     358640917  100.00%



--------
Two level Cache hierarchy
--------
  L1-Data Cache:
    Size(KB):          32
    Block Size(B):     64
    Associativity:      8

  L2-Data Cache:
    Size(KB):        2048
    Block Size(B):     64
    Associativity:     16

Latencies:    1   10  250
L1-Sets:   64 - LRU - assoc:   8
L2-Sets: 2048 - LRU - assoc:  16
Store_allocation: Yes
L2_inclusive: Yes
L2_prefetching: No

L1 Cache Stats:
L1-Load-Hits:         245125991   86.88%
L1-Load-Misses:        37031392   13.12%
L1-Load-Accesses:     282157383  100.00%

L1-Store-Hits:          76482035  100.00%
L1-Store-Misses:            1499    0.00%
L1-Store-Accesses:      76483534  100.00%

L1-Total-Hits:         321608026   89.67%
L1-Total-Misses:        37032891   10.33%
L1-Total-Accesses:     358640917  100.00%

L2 Cache Stats:
L2-Load-Hits:           5331894   14.40%
L2-Load-Misses:        31699498   85.60%
L2-Load-Accesses:      37031392  100.00%

L2-Store-Hits:               467   31.15%
L2-Store-Misses:            1032   68.85%
L2-Store-Accesses:          1499  100.00%

L2-Total-Hits:           5332361   14.40%
L2-Total-Misses:        31700530   85.60%
L2-Total-Accesses:      37032891  100.00%

