--------
Total Statistics
--------
Total Instructions: 1514103347
Total Cycles: 16226160326
IPC: 0.0933125

--------
Single level Tlb hierarchy
--------
  Data Tlb:
    Entries:          64
    Page Size(B):   4096
    Associativity:      4

Latencies:    0  150
Tlb-Sets:   16 - LRU - assoc:   4

Tlb Stats:
Tlb-Load-Hits:         243185549   86.19%
Tlb-Load-Misses:        38971826   13.81%
Tlb-Load-Accesses:     282157375  100.00%

Tlb-Store-Hits:          75928412   99.27%
Tlb-Store-Misses:          555122    0.73%
Tlb-Store-Accesses:      76483534  100.00%

Tlb-Total-Hits:         319113961   88.98%
Tlb-Total-Misses:        39526948   11.02%
Tlb-Total-Accesses:     358640909  100.00%



--------
Two level Cache hierarchy
--------
  L1-Data Cache:
    Size(KB):          32
    Block Size(B):     64
    Associativity:      8

  L2-Data Cache:
    Size(KB):        1024
    Block Size(B):    256
    Associativity:     16

Latencies:    1   10  250
L1-Sets:   64 - LRU - assoc:   8
L2-Sets:  256 - LRU - assoc:  16
Store_allocation: Yes
L2_inclusive: Yes
L2_prefetching: No

L1 Cache Stats:
L1-Load-Hits:         209235663   74.16%
L1-Load-Misses:        72921712   25.84%
L1-Load-Accesses:     282157375  100.00%

L1-Store-Hits:          76475509   99.99%
L1-Store-Misses:            8025    0.01%
L1-Store-Accesses:      76483534  100.00%

L1-Total-Hits:         285711172   79.66%
L1-Total-Misses:        72929737   20.34%
L1-Total-Accesses:     358640909  100.00%

L2 Cache Stats:
L2-Load-Hits:          42143685   57.79%
L2-Load-Misses:        30778027   42.21%
L2-Load-Accesses:      72921712  100.00%

L2-Store-Hits:              5746   71.60%
L2-Store-Misses:            2279   28.40%
L2-Store-Accesses:          8025  100.00%

L2-Total-Hits:          42149431   57.79%
L2-Total-Misses:        30780306   42.21%
L2-Total-Accesses:      72929737  100.00%

