--------
Total Statistics
--------
Total Instructions: 8310935028
Total Cycles: 13300628571
IPC: 0.624853

--------
Single level Tlb hierarchy
--------
  Data Tlb:
    Entries:          64
    Page Size(B):   4096
    Associativity:      4

Latencies:    0  150
Tlb-Sets:   16 - LRU - assoc:   4

Tlb Stats:
Tlb-Load-Hits:        1869901892   99.97%
Tlb-Load-Misses:          565220    0.03%
Tlb-Load-Accesses:    1870467112  100.00%

Tlb-Store-Hits:         185876061   99.85%
Tlb-Store-Misses:          279840    0.15%
Tlb-Store-Accesses:     186155901  100.00%

Tlb-Total-Hits:        2055777953   99.96%
Tlb-Total-Misses:          845060    0.04%
Tlb-Total-Accesses:    2056623013  100.00%



--------
Two level Cache hierarchy
--------
  L1-Data Cache:
    Size(KB):          32
    Block Size(B):     64
    Associativity:      8

  L2-Data Cache:
    Size(KB):         512
    Block Size(B):     64
    Associativity:      8

Latencies:    1   10  250
L1-Sets:   64 - LRU - assoc:   8
L2-Sets: 1024 - LRU - assoc:   8
Store_allocation: Yes
L2_inclusive: Yes
L2_prefetching: No

L1 Cache Stats:
L1-Load-Hits:        1856550557   99.26%
L1-Load-Misses:        13916555    0.74%
L1-Load-Accesses:    1870467112  100.00%

L1-Store-Hits:         183066678   98.34%
L1-Store-Misses:         3089223    1.66%
L1-Store-Accesses:     186155901  100.00%

L1-Total-Hits:        2039617235   99.17%
L1-Total-Misses:        17005778    0.83%
L1-Total-Accesses:    2056623013  100.00%

L2 Cache Stats:
L2-Load-Hits:           6452991   46.37%
L2-Load-Misses:         7463564   53.63%
L2-Load-Accesses:      13916555  100.00%

L2-Store-Hits:              7772    0.25%
L2-Store-Misses:         3081451   99.75%
L2-Store-Accesses:       3089223  100.00%

L2-Total-Hits:           6460763   37.99%
L2-Total-Misses:        10545015   62.01%
L2-Total-Accesses:      17005778  100.00%

