--------
Total Statistics
--------
Total Instructions: 8310935028
Total Cycles: 13081433911
IPC: 0.635323

--------
Single level Tlb hierarchy
--------
  Data Tlb:
    Entries:          64
    Page Size(B):   4096
    Associativity:      4

Latencies:    0  150
Tlb-Sets:   16 - LRU - assoc:   4

Tlb Stats:
Tlb-Load-Hits:        1869902605   99.97%
Tlb-Load-Misses:          564507    0.03%
Tlb-Load-Accesses:    1870467112  100.00%

Tlb-Store-Hits:         185876059   99.85%
Tlb-Store-Misses:          279842    0.15%
Tlb-Store-Accesses:     186155901  100.00%

Tlb-Total-Hits:        2055778664   99.96%
Tlb-Total-Misses:          844349    0.04%
Tlb-Total-Accesses:    2056623013  100.00%



--------
Two level Cache hierarchy
--------
  L1-Data Cache:
    Size(KB):          32
    Block Size(B):     64
    Associativity:      8

  L2-Data Cache:
    Size(KB):         512
    Block Size(B):    128
    Associativity:      8

Latencies:    1   10  250
L1-Sets:   64 - LRU - assoc:   8
L2-Sets:  512 - LRU - assoc:   8
Store_allocation: Yes
L2_inclusive: Yes
L2_prefetching: No

L1 Cache Stats:
L1-Load-Hits:        1848317283   98.82%
L1-Load-Misses:        22149829    1.18%
L1-Load-Accesses:    1870467112  100.00%

L1-Store-Hits:         180412828   96.91%
L1-Store-Misses:         5743073    3.09%
L1-Store-Accesses:     186155901  100.00%

L1-Total-Hits:        2028730111   98.64%
L1-Total-Misses:        27892902    1.36%
L1-Total-Accesses:    2056623013  100.00%

L2 Cache Stats:
L2-Load-Hits:          15636115   70.59%
L2-Load-Misses:         6513714   29.41%
L2-Load-Accesses:      22149829  100.00%

L2-Store-Hits:           3023609   52.65%
L2-Store-Misses:         2719464   47.35%
L2-Store-Accesses:       5743073  100.00%

L2-Total-Hits:          18659724   66.90%
L2-Total-Misses:         9233178   33.10%
L2-Total-Accesses:      27892902  100.00%

