--------
Total Statistics
--------
Total Instructions: 8310935028
Total Cycles: 12939588011
IPC: 0.642287

--------
Single level Tlb hierarchy
--------
  Data Tlb:
    Entries:          64
    Page Size(B):   4096
    Associativity:      4

Latencies:    0  150
Tlb-Sets:   16 - LRU - assoc:   4

Tlb Stats:
Tlb-Load-Hits:        1869902117   99.97%
Tlb-Load-Misses:          564995    0.03%
Tlb-Load-Accesses:    1870467112  100.00%

Tlb-Store-Hits:         185876060   99.85%
Tlb-Store-Misses:          279841    0.15%
Tlb-Store-Accesses:     186155901  100.00%

Tlb-Total-Hits:        2055778177   99.96%
Tlb-Total-Misses:          844836    0.04%
Tlb-Total-Accesses:    2056623013  100.00%



--------
Two level Cache hierarchy
--------
  L1-Data Cache:
    Size(KB):          32
    Block Size(B):     64
    Associativity:      8

  L2-Data Cache:
    Size(KB):        1024
    Block Size(B):    128
    Associativity:      8

Latencies:    1   10  250
L1-Sets:   64 - LRU - assoc:   8
L2-Sets: 1024 - LRU - assoc:   8
Store_allocation: Yes
L2_inclusive: Yes
L2_prefetching: No

L1 Cache Stats:
L1-Load-Hits:        1848522590   98.83%
L1-Load-Misses:        21944522    1.17%
L1-Load-Accesses:    1870467112  100.00%

L1-Store-Hits:         180659091   97.05%
L1-Store-Misses:         5496810    2.95%
L1-Store-Accesses:     186155901  100.00%

L1-Total-Hits:        2029181681   98.67%
L1-Total-Misses:        27441332    1.33%
L1-Total-Accesses:    2056623013  100.00%

L2 Cache Stats:
L2-Load-Hits:          15979875   72.82%
L2-Load-Misses:         5964647   27.18%
L2-Load-Accesses:      21944522  100.00%

L2-Store-Hits:           2777892   50.54%
L2-Store-Misses:         2718918   49.46%
L2-Store-Accesses:       5496810  100.00%

L2-Total-Hits:          18757767   68.36%
L2-Total-Misses:         8683565   31.64%
L2-Total-Accesses:      27441332  100.00%

