--------
Total Statistics
--------
Total Instructions: 8310935053
Total Cycles: 12381139694
IPC: 0.671258

--------
Single level Tlb hierarchy
--------
  Data Tlb:
    Entries:          64
    Page Size(B):   4096
    Associativity:      4

Latencies:    0  150
Tlb-Sets:   16 - LRU - assoc:   4

Tlb Stats:
Tlb-Load-Hits:        1869902252   99.97%
Tlb-Load-Misses:          564868    0.03%
Tlb-Load-Accesses:    1870467120  100.00%

Tlb-Store-Hits:         185876061   99.85%
Tlb-Store-Misses:          279840    0.15%
Tlb-Store-Accesses:     186155901  100.00%

Tlb-Total-Hits:        2055778313   99.96%
Tlb-Total-Misses:          844708    0.04%
Tlb-Total-Accesses:    2056623021  100.00%



--------
Two level Cache hierarchy
--------
  L1-Data Cache:
    Size(KB):          32
    Block Size(B):     64
    Associativity:      8

  L2-Data Cache:
    Size(KB):        1024
    Block Size(B):    256
    Associativity:      8

Latencies:    1   10  250
L1-Sets:   64 - LRU - assoc:   8
L2-Sets:  512 - LRU - assoc:   8
Store_allocation: Yes
L2_inclusive: Yes
L2_prefetching: No

L1 Cache Stats:
L1-Load-Hits:        1850584319   98.94%
L1-Load-Misses:        19882801    1.06%
L1-Load-Accesses:    1870467120  100.00%

L1-Store-Hits:         181172560   97.32%
L1-Store-Misses:         4983341    2.68%
L1-Store-Accesses:     186155901  100.00%

L1-Total-Hits:        2031756879   98.79%
L1-Total-Misses:        24866142    1.21%
L1-Total-Accesses:    2056623021  100.00%

L2 Cache Stats:
L2-Load-Hits:          15511907   78.02%
L2-Load-Misses:         4370894   21.98%
L2-Load-Accesses:      19882801  100.00%

L2-Store-Hits:           2801379   56.21%
L2-Store-Misses:         2181962   43.79%
L2-Store-Accesses:       4983341  100.00%

L2-Total-Hits:          18313286   73.65%
L2-Total-Misses:         6552856   26.35%
L2-Total-Accesses:      24866142  100.00%

