--------
Total Statistics
--------
Total Instructions: 8310935028
Total Cycles: 12942650351
IPC: 0.642135

--------
Single level Tlb hierarchy
--------
  Data Tlb:
    Entries:          64
    Page Size(B):   4096
    Associativity:      4

Latencies:    0  150
Tlb-Sets:   16 - LRU - assoc:   4

Tlb Stats:
Tlb-Load-Hits:        1869902147   99.97%
Tlb-Load-Misses:          564965    0.03%
Tlb-Load-Accesses:    1870467112  100.00%

Tlb-Store-Hits:         185876053   99.85%
Tlb-Store-Misses:          279848    0.15%
Tlb-Store-Accesses:     186155901  100.00%

Tlb-Total-Hits:        2055778200   99.96%
Tlb-Total-Misses:          844813    0.04%
Tlb-Total-Accesses:    2056623013  100.00%



--------
Two level Cache hierarchy
--------
  L1-Data Cache:
    Size(KB):          32
    Block Size(B):     64
    Associativity:      8

  L2-Data Cache:
    Size(KB):        1024
    Block Size(B):    128
    Associativity:     16

Latencies:    1   10  250
L1-Sets:   64 - LRU - assoc:   8
L2-Sets:  512 - LRU - assoc:  16
Store_allocation: Yes
L2_inclusive: Yes
L2_prefetching: No

L1 Cache Stats:
L1-Load-Hits:        1848511352   98.83%
L1-Load-Misses:        21955760    1.17%
L1-Load-Accesses:    1870467112  100.00%

L1-Store-Hits:         180658550   97.05%
L1-Store-Misses:         5497351    2.95%
L1-Store-Accesses:     186155901  100.00%

L1-Total-Hits:        2029169902   98.67%
L1-Total-Misses:        27453111    1.33%
L1-Total-Accesses:    2056623013  100.00%

L2 Cache Stats:
L2-Load-Hits:          15979329   72.78%
L2-Load-Misses:         5976431   27.22%
L2-Load-Accesses:      21955760  100.00%

L2-Store-Hits:           2778425   50.54%
L2-Store-Misses:         2718926   49.46%
L2-Store-Accesses:       5497351  100.00%

L2-Total-Hits:          18757754   68.33%
L2-Total-Misses:         8695357   31.67%
L2-Total-Accesses:      27453111  100.00%

