--------
Total Statistics
--------
Total Instructions: 8310935028
Total Cycles: 12368692101
IPC: 0.671933

--------
Single level Tlb hierarchy
--------
  Data Tlb:
    Entries:          64
    Page Size(B):   4096
    Associativity:      4

Latencies:    0  150
Tlb-Sets:   16 - LRU - assoc:   4

Tlb Stats:
Tlb-Load-Hits:        1869902538   99.97%
Tlb-Load-Misses:          564574    0.03%
Tlb-Load-Accesses:    1870467112  100.00%

Tlb-Store-Hits:         185876056   99.85%
Tlb-Store-Misses:          279845    0.15%
Tlb-Store-Accesses:     186155901  100.00%

Tlb-Total-Hits:        2055778594   99.96%
Tlb-Total-Misses:          844419    0.04%
Tlb-Total-Accesses:    2056623013  100.00%



--------
Two level Cache hierarchy
--------
  L1-Data Cache:
    Size(KB):          32
    Block Size(B):     64
    Associativity:      8

  L2-Data Cache:
    Size(KB):        1024
    Block Size(B):    256
    Associativity:     16

Latencies:    1   10  250
L1-Sets:   64 - LRU - assoc:   8
L2-Sets:  256 - LRU - assoc:  16
Store_allocation: Yes
L2_inclusive: Yes
L2_prefetching: No

L1 Cache Stats:
L1-Load-Hits:        1850716751   98.94%
L1-Load-Misses:        19750361    1.06%
L1-Load-Accesses:    1870467112  100.00%

L1-Store-Hits:         181204966   97.34%
L1-Store-Misses:         4950935    2.66%
L1-Store-Accesses:     186155901  100.00%

L1-Total-Hits:        2031921717   98.80%
L1-Total-Misses:        24701296    1.20%
L1-Total-Accesses:    2056623013  100.00%

L2 Cache Stats:
L2-Load-Hits:          15422449   78.09%
L2-Load-Misses:         4327912   21.91%
L2-Load-Accesses:      19750361  100.00%

L2-Store-Hits:           2769014   55.93%
L2-Store-Misses:         2181921   44.07%
L2-Store-Accesses:       4950935  100.00%

L2-Total-Hits:          18191463   73.65%
L2-Total-Misses:         6509833   26.35%
L2-Total-Accesses:      24701296  100.00%

