--------
Total Statistics
--------
Total Instructions: 8310935053
Total Cycles: 12481708244
IPC: 0.665849

--------
Single level Tlb hierarchy
--------
  Data Tlb:
    Entries:          64
    Page Size(B):   4096
    Associativity:      4

Latencies:    0  150
Tlb-Sets:   16 - LRU - assoc:   4

Tlb Stats:
Tlb-Load-Hits:        1869902504   99.97%
Tlb-Load-Misses:          564616    0.03%
Tlb-Load-Accesses:    1870467120  100.00%

Tlb-Store-Hits:         185876059   99.85%
Tlb-Store-Misses:          279842    0.15%
Tlb-Store-Accesses:     186155901  100.00%

Tlb-Total-Hits:        2055778563   99.96%
Tlb-Total-Misses:          844458    0.04%
Tlb-Total-Accesses:    2056623021  100.00%



--------
Two level Cache hierarchy
--------
  L1-Data Cache:
    Size(KB):          32
    Block Size(B):     64
    Associativity:      8

  L2-Data Cache:
    Size(KB):         512
    Block Size(B):    256
    Associativity:      8

Latencies:    1   10  250
L1-Sets:   64 - LRU - assoc:   8
L2-Sets:  256 - LRU - assoc:   8
Store_allocation: Yes
L2_inclusive: Yes
L2_prefetching: No

L1 Cache Stats:
L1-Load-Hits:        1850577715   98.94%
L1-Load-Misses:        19889405    1.06%
L1-Load-Accesses:    1870467120  100.00%

L1-Store-Hits:         181014809   97.24%
L1-Store-Misses:         5141092    2.76%
L1-Store-Accesses:     186155901  100.00%

L1-Total-Hits:        2031592524   98.78%
L1-Total-Misses:        25030497    1.22%
L1-Total-Accesses:    2056623021  100.00%

L2 Cache Stats:
L2-Load-Hits:          15123871   76.04%
L2-Load-Misses:         4765534   23.96%
L2-Load-Accesses:      19889405  100.00%

L2-Store-Hits:           2957920   57.53%
L2-Store-Misses:         2183172   42.47%
L2-Store-Accesses:       5141092  100.00%

L2-Total-Hits:          18081791   72.24%
L2-Total-Misses:         6948706   27.76%
L2-Total-Accesses:      25030497  100.00%

