--------
Total Statistics
--------
Total Instructions: 8310935028
Total Cycles: 13002675391
IPC: 0.639171

--------
Single level Tlb hierarchy
--------
  Data Tlb:
    Entries:          64
    Page Size(B):   4096
    Associativity:      4

Latencies:    0  150
Tlb-Sets:   16 - LRU - assoc:   4

Tlb Stats:
Tlb-Load-Hits:        1869902763   99.97%
Tlb-Load-Misses:          564349    0.03%
Tlb-Load-Accesses:    1870467112  100.00%

Tlb-Store-Hits:         185876053   99.85%
Tlb-Store-Misses:          279848    0.15%
Tlb-Store-Accesses:     186155901  100.00%

Tlb-Total-Hits:        2055778816   99.96%
Tlb-Total-Misses:          844197    0.04%
Tlb-Total-Accesses:    2056623013  100.00%



--------
Two level Cache hierarchy
--------
  L1-Data Cache:
    Size(KB):          32
    Block Size(B):     64
    Associativity:      8

  L2-Data Cache:
    Size(KB):        1024
    Block Size(B):     64
    Associativity:     16

Latencies:    1   10  250
L1-Sets:   64 - LRU - assoc:   8
L2-Sets: 1024 - LRU - assoc:  16
Store_allocation: Yes
L2_inclusive: Yes
L2_prefetching: No

L1 Cache Stats:
L1-Load-Hits:        1856551408   99.26%
L1-Load-Misses:        13915704    0.74%
L1-Load-Accesses:    1870467112  100.00%

L1-Store-Hits:         183067750   98.34%
L1-Store-Misses:         3088151    1.66%
L1-Store-Accesses:     186155901  100.00%

L1-Total-Hits:        2039619158   99.17%
L1-Total-Misses:        17003855    0.83%
L1-Total-Accesses:    2056623013  100.00%

L2 Cache Stats:
L2-Load-Hits:           7642494   54.92%
L2-Load-Misses:         6273210   45.08%
L2-Load-Accesses:      13915704  100.00%

L2-Store-Hits:              7564    0.24%
L2-Store-Misses:         3080587   99.76%
L2-Store-Accesses:       3088151  100.00%

L2-Total-Hits:           7650058   44.99%
L2-Total-Misses:         9353797   55.01%
L2-Total-Accesses:      17003855  100.00%

