--------
Total Statistics
--------
Total Instructions: 32491939013
Total Cycles: 51885948310
IPC: 0.626218

--------
Single level Tlb hierarchy
--------
  Data Tlb:
    Entries:          64
    Page Size(B):   4096
    Associativity:      4

Latencies:    0  150
Tlb-Sets:   16 - LRU - assoc:   4

Tlb Stats:
Tlb-Load-Hits:        9261482258   99.87%
Tlb-Load-Misses:        12259123    0.13%
Tlb-Load-Accesses:    9273741381  100.00%

Tlb-Store-Hits:        4836888318   99.93%
Tlb-Store-Misses:         3616338    0.07%
Tlb-Store-Accesses:    4840504656  100.00%

Tlb-Total-Hits:       14098370576   99.89%
Tlb-Total-Misses:        15875461    0.11%
Tlb-Total-Accesses:   14114246037  100.00%



--------
Two level Cache hierarchy
--------
  L1-Data Cache:
    Size(KB):          32
    Block Size(B):     64
    Associativity:      8

  L2-Data Cache:
    Size(KB):        2048
    Block Size(B):     64
    Associativity:     16

Latencies:    1   10  250
L1-Sets:   64 - LRU - assoc:   8
L2-Sets: 2048 - LRU - assoc:  16
Store_allocation: Yes
L2_inclusive: Yes
L2_prefetching: No

L1 Cache Stats:
L1-Load-Hits:        9230951774   99.54%
L1-Load-Misses:        42789607    0.46%
L1-Load-Accesses:    9273741381  100.00%

L1-Store-Hits:        4833051152   99.85%
L1-Store-Misses:         7453504    0.15%
L1-Store-Accesses:    4840504656  100.00%

L1-Total-Hits:       14064002926   99.64%
L1-Total-Misses:        50243111    0.36%
L1-Total-Accesses:   14114246037  100.00%

L2 Cache Stats:
L2-Load-Hits:          36436388   85.15%
L2-Load-Misses:         6353219   14.85%
L2-Load-Accesses:      42789607  100.00%

L2-Store-Hits:           4222671   56.65%
L2-Store-Misses:         3230833   43.35%
L2-Store-Accesses:       7453504  100.00%

L2-Total-Hits:          40659059   80.92%
L2-Total-Misses:         9584052   19.08%
L2-Total-Accesses:      50243111  100.00%

