--------
Total Statistics
--------
Total Instructions: 32491939013
Total Cycles: 54116021240
IPC: 0.600413

--------
Single level Tlb hierarchy
--------
  Data Tlb:
    Entries:          64
    Page Size(B):   4096
    Associativity:      4

Latencies:    0  150
Tlb-Sets:   16 - LRU - assoc:   4

Tlb Stats:
Tlb-Load-Hits:        9251966743   99.77%
Tlb-Load-Misses:        21774638    0.23%
Tlb-Load-Accesses:    9273741381  100.00%

Tlb-Store-Hits:        4835775719   99.90%
Tlb-Store-Misses:         4728937    0.10%
Tlb-Store-Accesses:    4840504656  100.00%

Tlb-Total-Hits:       14087742462   99.81%
Tlb-Total-Misses:        26503575    0.19%
Tlb-Total-Accesses:   14114246037  100.00%



--------
Two level Cache hierarchy
--------
  L1-Data Cache:
    Size(KB):          32
    Block Size(B):     64
    Associativity:      8

  L2-Data Cache:
    Size(KB):         512
    Block Size(B):    128
    Associativity:      8

Latencies:    1   10  250
L1-Sets:   64 - LRU - assoc:   8
L2-Sets:  512 - LRU - assoc:   8
Store_allocation: Yes
L2_inclusive: Yes
L2_prefetching: No

L1 Cache Stats:
L1-Load-Hits:        9220639395   99.43%
L1-Load-Misses:        53101986    0.57%
L1-Load-Accesses:    9273741381  100.00%

L1-Store-Hits:        4829864898   99.78%
L1-Store-Misses:        10639758    0.22%
L1-Store-Accesses:    4840504656  100.00%

L1-Total-Hits:       14050504293   99.55%
L1-Total-Misses:        63741744    0.45%
L1-Total-Accesses:   14114246037  100.00%

L2 Cache Stats:
L2-Load-Hits:          44061018   82.97%
L2-Load-Misses:         9040968   17.03%
L2-Load-Accesses:      53101986  100.00%

L2-Store-Hits:           8093196   76.07%
L2-Store-Misses:         2546562   23.93%
L2-Store-Accesses:      10639758  100.00%

L2-Total-Hits:          52154214   81.82%
L2-Total-Misses:        11587530   18.18%
L2-Total-Accesses:      63741744  100.00%

