--------
Total Statistics
--------
Total Instructions: 32491939013
Total Cycles: 52630287600
IPC: 0.617362

--------
Single level Tlb hierarchy
--------
  Data Tlb:
    Entries:          64
    Page Size(B):   4096
    Associativity:      4

Latencies:    0  150
Tlb-Sets:   16 - LRU - assoc:   4

Tlb Stats:
Tlb-Load-Hits:        9261508608   99.87%
Tlb-Load-Misses:        12232773    0.13%
Tlb-Load-Accesses:    9273741381  100.00%

Tlb-Store-Hits:        4836845217   99.92%
Tlb-Store-Misses:         3659439    0.08%
Tlb-Store-Accesses:    4840504656  100.00%

Tlb-Total-Hits:       14098353825   99.89%
Tlb-Total-Misses:        15892212    0.11%
Tlb-Total-Accesses:   14114246037  100.00%



--------
Two level Cache hierarchy
--------
  L1-Data Cache:
    Size(KB):          32
    Block Size(B):     64
    Associativity:      8

  L2-Data Cache:
    Size(KB):        1024
    Block Size(B):     64
    Associativity:     16

Latencies:    1   10  250
L1-Sets:   64 - LRU - assoc:   8
L2-Sets: 1024 - LRU - assoc:  16
Store_allocation: Yes
L2_inclusive: Yes
L2_prefetching: No

L1 Cache Stats:
L1-Load-Hits:        9230945936   99.54%
L1-Load-Misses:        42795445    0.46%
L1-Load-Accesses:    9273741381  100.00%

L1-Store-Hits:        4833055426   99.85%
L1-Store-Misses:         7449230    0.15%
L1-Store-Accesses:    4840504656  100.00%

L1-Total-Hits:       14064001362   99.64%
L1-Total-Misses:        50244675    0.36%
L1-Total-Accesses:   14114246037  100.00%

L2 Cache Stats:
L2-Load-Hits:          34502270   80.62%
L2-Load-Misses:         8293175   19.38%
L2-Load-Accesses:      42795445  100.00%

L2-Store-Hits:           3191109   42.84%
L2-Store-Misses:         4258121   57.16%
L2-Store-Accesses:       7449230  100.00%

L2-Total-Hits:          37693379   75.02%
L2-Total-Misses:        12551296   24.98%
L2-Total-Accesses:      50244675  100.00%

