--------
Total Statistics
--------
Total Instructions: 32491939013
Total Cycles: 51746885690
IPC: 0.627901

--------
Single level Tlb hierarchy
--------
  Data Tlb:
    Entries:          64
    Page Size(B):   4096
    Associativity:      4

Latencies:    0  150
Tlb-Sets:   16 - LRU - assoc:   4

Tlb Stats:
Tlb-Load-Hits:        9261128939   99.86%
Tlb-Load-Misses:        12612442    0.14%
Tlb-Load-Accesses:    9273741381  100.00%

Tlb-Store-Hits:        4836852861   99.92%
Tlb-Store-Misses:         3651795    0.08%
Tlb-Store-Accesses:    4840504656  100.00%

Tlb-Total-Hits:       14097981800   99.88%
Tlb-Total-Misses:        16264237    0.12%
Tlb-Total-Accesses:   14114246037  100.00%



--------
Two level Cache hierarchy
--------
  L1-Data Cache:
    Size(KB):          32
    Block Size(B):     64
    Associativity:      8

  L2-Data Cache:
    Size(KB):        1024
    Block Size(B):    128
    Associativity:      8

Latencies:    1   10  250
L1-Sets:   64 - LRU - assoc:   8
L2-Sets: 1024 - LRU - assoc:   8
Store_allocation: Yes
L2_inclusive: Yes
L2_prefetching: No

L1 Cache Stats:
L1-Load-Hits:        9223610533   99.46%
L1-Load-Misses:        50130848    0.54%
L1-Load-Accesses:    9273741381  100.00%

L1-Store-Hits:        4830279645   99.79%
L1-Store-Misses:        10225011    0.21%
L1-Store-Accesses:    4840504656  100.00%

L1-Total-Hits:       14053890178   99.57%
L1-Total-Misses:        60355859    0.43%
L1-Total-Accesses:   14114246037  100.00%

L2 Cache Stats:
L2-Load-Hits:          44009989   87.79%
L2-Load-Misses:         6120859   12.21%
L2-Load-Accesses:      50130848  100.00%

L2-Store-Hits:           7955844   77.81%
L2-Store-Misses:         2269167   22.19%
L2-Store-Accesses:      10225011  100.00%

L2-Total-Hits:          51965833   86.10%
L2-Total-Misses:         8390026   13.90%
L2-Total-Accesses:      60355859  100.00%

