--------
Total Statistics
--------
Total Instructions: 32491939013
Total Cycles: 52235797980
IPC: 0.622024

--------
Single level Tlb hierarchy
--------
  Data Tlb:
    Entries:          64
    Page Size(B):   4096
    Associativity:      4

Latencies:    0  150
Tlb-Sets:   16 - LRU - assoc:   4

Tlb Stats:
Tlb-Load-Hits:        9260786591   99.86%
Tlb-Load-Misses:        12954790    0.14%
Tlb-Load-Accesses:    9273741381  100.00%

Tlb-Store-Hits:        4836522088   99.92%
Tlb-Store-Misses:         3982568    0.08%
Tlb-Store-Accesses:    4840504656  100.00%

Tlb-Total-Hits:       14097308679   99.88%
Tlb-Total-Misses:        16937358    0.12%
Tlb-Total-Accesses:   14114246037  100.00%



--------
Two level Cache hierarchy
--------
  L1-Data Cache:
    Size(KB):          32
    Block Size(B):     64
    Associativity:      8

  L2-Data Cache:
    Size(KB):         512
    Block Size(B):    256
    Associativity:      8

Latencies:    1   10  250
L1-Sets:   64 - LRU - assoc:   8
L2-Sets:  256 - LRU - assoc:   8
Store_allocation: Yes
L2_inclusive: Yes
L2_prefetching: No

L1 Cache Stats:
L1-Load-Hits:        9221086176   99.43%
L1-Load-Misses:        52655205    0.57%
L1-Load-Accesses:    9273741381  100.00%

L1-Store-Hits:        4830800438   99.80%
L1-Store-Misses:         9704218    0.20%
L1-Store-Accesses:    4840504656  100.00%

L1-Total-Hits:       14051886614   99.56%
L1-Total-Misses:        62359423    0.44%
L1-Total-Accesses:   14114246037  100.00%

L2 Cache Stats:
L2-Load-Hits:          44405084   84.33%
L2-Load-Misses:         8250121   15.67%
L2-Load-Accesses:      52655205  100.00%

L2-Store-Hits:           8092679   83.39%
L2-Store-Misses:         1611539   16.61%
L2-Store-Accesses:       9704218  100.00%

L2-Total-Hits:          52497763   84.19%
L2-Total-Misses:         9861660   15.81%
L2-Total-Accesses:      62359423  100.00%

