--------
Total Statistics
--------
Total Instructions: 32491939038
Total Cycles: 51242103113
IPC: 0.634087

--------
Single level Tlb hierarchy
--------
  Data Tlb:
    Entries:          64
    Page Size(B):   4096
    Associativity:      4

Latencies:    0  150
Tlb-Sets:   16 - LRU - assoc:   4

Tlb Stats:
Tlb-Load-Hits:        9261037057   99.86%
Tlb-Load-Misses:        12704332    0.14%
Tlb-Load-Accesses:    9273741389  100.00%

Tlb-Store-Hits:        4836854377   99.92%
Tlb-Store-Misses:         3650279    0.08%
Tlb-Store-Accesses:    4840504656  100.00%

Tlb-Total-Hits:       14097891434   99.88%
Tlb-Total-Misses:        16354611    0.12%
Tlb-Total-Accesses:   14114246045  100.00%



--------
Two level Cache hierarchy
--------
  L1-Data Cache:
    Size(KB):          32
    Block Size(B):     64
    Associativity:      8

  L2-Data Cache:
    Size(KB):        1024
    Block Size(B):    256
    Associativity:     16

Latencies:    1   10  250
L1-Sets:   64 - LRU - assoc:   8
L2-Sets:  256 - LRU - assoc:  16
Store_allocation: Yes
L2_inclusive: Yes
L2_prefetching: No

L1 Cache Stats:
L1-Load-Hits:        9224403418   99.47%
L1-Load-Misses:        49337971    0.53%
L1-Load-Accesses:    9273741389  100.00%

L1-Store-Hits:        4831430964   99.81%
L1-Store-Misses:         9073692    0.19%
L1-Store-Accesses:    4840504656  100.00%

L1-Total-Hits:       14055834382   99.59%
L1-Total-Misses:        58411663    0.41%
L1-Total-Accesses:   14114246045  100.00%

L2 Cache Stats:
L2-Load-Hits:          44174079   89.53%
L2-Load-Misses:         5163892   10.47%
L2-Load-Accesses:      49337971  100.00%

L2-Store-Hits:           7843145   86.44%
L2-Store-Misses:         1230547   13.56%
L2-Store-Accesses:       9073692  100.00%

L2-Total-Hits:          52017224   89.05%
L2-Total-Misses:         6394439   10.95%
L2-Total-Accesses:      58411663  100.00%

