--------
Total Statistics
--------
Total Instructions: 32491939013
Total Cycles: 60475491300
IPC: 0.537274

--------
Single level Tlb hierarchy
--------
  Data Tlb:
    Entries:          64
    Page Size(B):   4096
    Associativity:      4

Latencies:    0  150
Tlb-Sets:   16 - LRU - assoc:   4

Tlb Stats:
Tlb-Load-Hits:        9226655419   99.49%
Tlb-Load-Misses:        47085962    0.51%
Tlb-Load-Accesses:    9273741381  100.00%

Tlb-Store-Hits:        4825538409   99.69%
Tlb-Store-Misses:        14966247    0.31%
Tlb-Store-Accesses:    4840504656  100.00%

Tlb-Total-Hits:       14052193828   99.56%
Tlb-Total-Misses:        62052209    0.44%
Tlb-Total-Accesses:   14114246037  100.00%



--------
Two level Cache hierarchy
--------
  L1-Data Cache:
    Size(KB):          32
    Block Size(B):     64
    Associativity:      8

  L2-Data Cache:
    Size(KB):         512
    Block Size(B):     64
    Associativity:      8

Latencies:    1   10  250
L1-Sets:   64 - LRU - assoc:   8
L2-Sets: 1024 - LRU - assoc:   8
Store_allocation: Yes
L2_inclusive: Yes
L2_prefetching: No

L1 Cache Stats:
L1-Load-Hits:        9230939276   99.54%
L1-Load-Misses:        42802105    0.46%
L1-Load-Accesses:    9273741381  100.00%

L1-Store-Hits:        4833042221   99.85%
L1-Store-Misses:         7462435    0.15%
L1-Store-Accesses:    4840504656  100.00%

L1-Total-Hits:       14063981497   99.64%
L1-Total-Misses:        50264540    0.36%
L1-Total-Accesses:   14114246037  100.00%

L2 Cache Stats:
L2-Load-Hits:          31315562   73.16%
L2-Load-Misses:        11486543   26.84%
L2-Load-Accesses:      42802105  100.00%

L2-Store-Hits:           2713660   36.36%
L2-Store-Misses:         4748775   63.64%
L2-Store-Accesses:       7462435  100.00%

L2-Total-Hits:          34029222   67.70%
L2-Total-Misses:        16235318   32.30%
L2-Total-Accesses:      50264540  100.00%

