--------
Total Statistics
--------
Total Instructions: 32491939013
Total Cycles: 50645929890
IPC: 0.641551

--------
Single level Tlb hierarchy
--------
  Data Tlb:
    Entries:          64
    Page Size(B):   4096
    Associativity:      4

Latencies:    0  150
Tlb-Sets:   16 - LRU - assoc:   4

Tlb Stats:
Tlb-Load-Hits:        9261635271   99.87%
Tlb-Load-Misses:        12106110    0.13%
Tlb-Load-Accesses:    9273741381  100.00%

Tlb-Store-Hits:        4836887495   99.93%
Tlb-Store-Misses:         3617161    0.07%
Tlb-Store-Accesses:    4840504656  100.00%

Tlb-Total-Hits:       14098522766   99.89%
Tlb-Total-Misses:        15723271    0.11%
Tlb-Total-Accesses:   14114246037  100.00%



--------
Two level Cache hierarchy
--------
  L1-Data Cache:
    Size(KB):          32
    Block Size(B):     64
    Associativity:      8

  L2-Data Cache:
    Size(KB):        2048
    Block Size(B):    256
    Associativity:     16

Latencies:    1   10  250
L1-Sets:   64 - LRU - assoc:   8
L2-Sets:  512 - LRU - assoc:  16
Store_allocation: Yes
L2_inclusive: Yes
L2_prefetching: No

L1 Cache Stats:
L1-Load-Hits:        9226609640   99.49%
L1-Load-Misses:        47131741    0.51%
L1-Load-Accesses:    9273741381  100.00%

L1-Store-Hits:        4831762528   99.82%
L1-Store-Misses:         8742128    0.18%
L1-Store-Accesses:    4840504656  100.00%

L1-Total-Hits:       14058372168   99.60%
L1-Total-Misses:        55873869    0.40%
L1-Total-Accesses:   14114246037  100.00%

L2 Cache Stats:
L2-Load-Hits:          43680408   92.68%
L2-Load-Misses:         3451333    7.32%
L2-Load-Accesses:      47131741  100.00%

L2-Store-Hits:           7703399   88.12%
L2-Store-Misses:         1038729   11.88%
L2-Store-Accesses:       8742128  100.00%

L2-Total-Hits:          51383807   91.96%
L2-Total-Misses:         4490062    8.04%
L2-Total-Accesses:      55873869  100.00%

