--------
Total Statistics
--------
Total Instructions: 32491939013
Total Cycles: 53388692000
IPC: 0.608592

--------
Single level Tlb hierarchy
--------
  Data Tlb:
    Entries:          64
    Page Size(B):   4096
    Associativity:      4

Latencies:    0  150
Tlb-Sets:   16 - LRU - assoc:   4

Tlb Stats:
Tlb-Load-Hits:        9258179737   99.83%
Tlb-Load-Misses:        15561644    0.17%
Tlb-Load-Accesses:    9273741381  100.00%

Tlb-Store-Hits:        4835213346   99.89%
Tlb-Store-Misses:         5291310    0.11%
Tlb-Store-Accesses:    4840504656  100.00%

Tlb-Total-Hits:       14093393083   99.85%
Tlb-Total-Misses:        20852954    0.15%
Tlb-Total-Accesses:   14114246037  100.00%



--------
Two level Cache hierarchy
--------
  L1-Data Cache:
    Size(KB):          32
    Block Size(B):     64
    Associativity:      8

  L2-Data Cache:
    Size(KB):        1024
    Block Size(B):     64
    Associativity:      8

Latencies:    1   10  250
L1-Sets:   64 - LRU - assoc:   8
L2-Sets: 2048 - LRU - assoc:   8
Store_allocation: Yes
L2_inclusive: Yes
L2_prefetching: No

L1 Cache Stats:
L1-Load-Hits:        9230994910   99.54%
L1-Load-Misses:        42746471    0.46%
L1-Load-Accesses:    9273741381  100.00%

L1-Store-Hits:        4833063367   99.85%
L1-Store-Misses:         7441289    0.15%
L1-Store-Accesses:    4840504656  100.00%

L1-Total-Hits:       14064058277   99.64%
L1-Total-Misses:        50187760    0.36%
L1-Total-Accesses:   14114246037  100.00%

L2 Cache Stats:
L2-Load-Hits:          34369529   80.40%
L2-Load-Misses:         8376942   19.60%
L2-Load-Accesses:      42746471  100.00%

L2-Store-Hits:           3207486   43.10%
L2-Store-Misses:         4233803   56.90%
L2-Store-Accesses:       7441289  100.00%

L2-Total-Hits:          37577015   74.87%
L2-Total-Misses:        12610745   25.13%
L2-Total-Accesses:      50187760  100.00%

