--------
Total Statistics
--------
Total Instructions: 6594258394
Total Cycles: 9197618151
IPC: 0.716953

--------
Single level Tlb hierarchy
--------
  Data Tlb:
    Entries:          64
    Page Size(B):   4096
    Associativity:      4

Latencies:    0  150
Tlb-Sets:   16 - LRU - assoc:   4

Tlb Stats:
Tlb-Load-Hits:        1667273673   99.97%
Tlb-Load-Misses:          557438    0.03%
Tlb-Load-Accesses:    1667831111  100.00%

Tlb-Store-Hits:         565378337   99.99%
Tlb-Store-Misses:           54099    0.01%
Tlb-Store-Accesses:     565432436  100.00%

Tlb-Total-Hits:        2232652010   99.97%
Tlb-Total-Misses:          611537    0.03%
Tlb-Total-Accesses:    2233263547  100.00%



--------
Two level Cache hierarchy
--------
  L1-Data Cache:
    Size(KB):          32
    Block Size(B):     64
    Associativity:      8

  L2-Data Cache:
    Size(KB):        2048
    Block Size(B):    128
    Associativity:     16

Latencies:    1   10  250
L1-Sets:   64 - LRU - assoc:   8
L2-Sets: 1024 - LRU - assoc:  16
Store_allocation: Yes
L2_inclusive: Yes
L2_prefetching: No

L1 Cache Stats:
L1-Load-Hits:        1664307099   99.79%
L1-Load-Misses:         3524012    0.21%
L1-Load-Accesses:    1667831111  100.00%

L1-Store-Hits:         564811057   99.89%
L1-Store-Misses:          621379    0.11%
L1-Store-Accesses:     565432436  100.00%

L1-Total-Hits:        2229118156   99.81%
L1-Total-Misses:         4145391    0.19%
L1-Total-Accesses:    2233263547  100.00%

L2 Cache Stats:
L2-Load-Hits:           2771048   78.63%
L2-Load-Misses:          752964   21.37%
L2-Load-Accesses:       3524012  100.00%

L2-Store-Hits:            426696   68.67%
L2-Store-Misses:          194683   31.33%
L2-Store-Accesses:        621379  100.00%

L2-Total-Hits:           3197744   77.14%
L2-Total-Misses:          947647   22.86%
L2-Total-Accesses:       4145391  100.00%

