--------
Total Statistics
--------
Total Instructions: 6594258394
Total Cycles: 9136360151
IPC: 0.72176

--------
Single level Tlb hierarchy
--------
  Data Tlb:
    Entries:          64
    Page Size(B):   4096
    Associativity:      4

Latencies:    0  150
Tlb-Sets:   16 - LRU - assoc:   4

Tlb Stats:
Tlb-Load-Hits:        1667265574   99.97%
Tlb-Load-Misses:          565537    0.03%
Tlb-Load-Accesses:    1667831111  100.00%

Tlb-Store-Hits:         565376554   99.99%
Tlb-Store-Misses:           55882    0.01%
Tlb-Store-Accesses:     565432436  100.00%

Tlb-Total-Hits:        2232642128   99.97%
Tlb-Total-Misses:          621419    0.03%
Tlb-Total-Accesses:    2233263547  100.00%



--------
Two level Cache hierarchy
--------
  L1-Data Cache:
    Size(KB):          32
    Block Size(B):     64
    Associativity:      8

  L2-Data Cache:
    Size(KB):         512
    Block Size(B):    256
    Associativity:      8

Latencies:    1   10  250
L1-Sets:   64 - LRU - assoc:   8
L2-Sets:  256 - LRU - assoc:   8
Store_allocation: Yes
L2_inclusive: Yes
L2_prefetching: No

L1 Cache Stats:
L1-Load-Hits:        1664371225   99.79%
L1-Load-Misses:         3459886    0.21%
L1-Load-Accesses:    1667831111  100.00%

L1-Store-Hits:         564890461   99.90%
L1-Store-Misses:          541975    0.10%
L1-Store-Accesses:     565432436  100.00%

L1-Total-Hits:        2229261686   99.82%
L1-Total-Misses:         4001861    0.18%
L1-Total-Accesses:    2233263547  100.00%

L2 Cache Stats:
L2-Load-Hits:           2856409   82.56%
L2-Load-Misses:          603477   17.44%
L2-Load-Accesses:       3459886  100.00%

L2-Store-Hits:            443025   81.74%
L2-Store-Misses:           98950   18.26%
L2-Store-Accesses:        541975  100.00%

L2-Total-Hits:           3299434   82.45%
L2-Total-Misses:          702427   17.55%
L2-Total-Accesses:       4001861  100.00%

