--------
Total Statistics
--------
Total Instructions: 6594258419
Total Cycles: 9399283594
IPC: 0.70157

--------
Single level Tlb hierarchy
--------
  Data Tlb:
    Entries:          64
    Page Size(B):   4096
    Associativity:      4

Latencies:    0  150
Tlb-Sets:   16 - LRU - assoc:   4

Tlb Stats:
Tlb-Load-Hits:        1667253609   99.97%
Tlb-Load-Misses:          577510    0.03%
Tlb-Load-Accesses:    1667831119  100.00%

Tlb-Store-Hits:         565373926   99.99%
Tlb-Store-Misses:           58510    0.01%
Tlb-Store-Accesses:     565432436  100.00%

Tlb-Total-Hits:        2232627535   99.97%
Tlb-Total-Misses:          636020    0.03%
Tlb-Total-Accesses:    2233263555  100.00%



--------
Two level Cache hierarchy
--------
  L1-Data Cache:
    Size(KB):          32
    Block Size(B):     64
    Associativity:      8

  L2-Data Cache:
    Size(KB):        2048
    Block Size(B):     64
    Associativity:     16

Latencies:    1   10  250
L1-Sets:   64 - LRU - assoc:   8
L2-Sets: 2048 - LRU - assoc:  16
Store_allocation: Yes
L2_inclusive: Yes
L2_prefetching: No

L1 Cache Stats:
L1-Load-Hits:        1665250537   99.85%
L1-Load-Misses:         2580582    0.15%
L1-Load-Accesses:    1667831119  100.00%

L1-Store-Hits:         565019381   99.93%
L1-Store-Misses:          413055    0.07%
L1-Store-Accesses:     565432436  100.00%

L1-Total-Hits:        2230269918   99.87%
L1-Total-Misses:         2993637    0.13%
L1-Total-Accesses:    2233263555  100.00%

L2 Cache Stats:
L2-Load-Hits:           1184320   45.89%
L2-Load-Misses:         1396262   54.11%
L2-Load-Accesses:       2580582  100.00%

L2-Store-Hits:             23628    5.72%
L2-Store-Misses:          389427   94.28%
L2-Store-Accesses:        413055  100.00%

L2-Total-Hits:           1207948   40.35%
L2-Total-Misses:         1785689   59.65%
L2-Total-Accesses:       2993637  100.00%

