--------
Total Statistics
--------
Total Instructions: 6594258394
Total Cycles: 9253069101
IPC: 0.712656

--------
Single level Tlb hierarchy
--------
  Data Tlb:
    Entries:          64
    Page Size(B):   4096
    Associativity:      4

Latencies:    0  150
Tlb-Sets:   16 - LRU - assoc:   4

Tlb Stats:
Tlb-Load-Hits:        1667269307   99.97%
Tlb-Load-Misses:          561804    0.03%
Tlb-Load-Accesses:    1667831111  100.00%

Tlb-Store-Hits:         565380529   99.99%
Tlb-Store-Misses:           51907    0.01%
Tlb-Store-Accesses:     565432436  100.00%

Tlb-Total-Hits:        2232649836   99.97%
Tlb-Total-Misses:          613711    0.03%
Tlb-Total-Accesses:    2233263547  100.00%



--------
Two level Cache hierarchy
--------
  L1-Data Cache:
    Size(KB):          32
    Block Size(B):     64
    Associativity:      8

  L2-Data Cache:
    Size(KB):         512
    Block Size(B):    128
    Associativity:      8

Latencies:    1   10  250
L1-Sets:   64 - LRU - assoc:   8
L2-Sets:  512 - LRU - assoc:   8
Store_allocation: Yes
L2_inclusive: Yes
L2_prefetching: No

L1 Cache Stats:
L1-Load-Hits:        1664066049   99.77%
L1-Load-Misses:         3765062    0.23%
L1-Load-Accesses:    1667831111  100.00%

L1-Store-Hits:         564806897   99.89%
L1-Store-Misses:          625539    0.11%
L1-Store-Accesses:     565432436  100.00%

L1-Total-Hits:        2228872946   99.80%
L1-Total-Misses:         4390601    0.20%
L1-Total-Accesses:    2233263547  100.00%

L2 Cache Stats:
L2-Load-Hits:           2803291   74.46%
L2-Load-Misses:          961771   25.54%
L2-Load-Accesses:       3765062  100.00%

L2-Store-Hits:            428972   68.58%
L2-Store-Misses:          196567   31.42%
L2-Store-Accesses:        625539  100.00%

L2-Total-Hits:           3232263   73.62%
L2-Total-Misses:         1158338   26.38%
L2-Total-Accesses:       4390601  100.00%

