--------
Total Statistics
--------
Total Instructions: 6594258419
Total Cycles: 9402282014
IPC: 0.701347

--------
Single level Tlb hierarchy
--------
  Data Tlb:
    Entries:          64
    Page Size(B):   4096
    Associativity:      4

Latencies:    0  150
Tlb-Sets:   16 - LRU - assoc:   4

Tlb Stats:
Tlb-Load-Hits:        1667256829   99.97%
Tlb-Load-Misses:          574290    0.03%
Tlb-Load-Accesses:    1667831119  100.00%

Tlb-Store-Hits:         565376636   99.99%
Tlb-Store-Misses:           55800    0.01%
Tlb-Store-Accesses:     565432436  100.00%

Tlb-Total-Hits:        2232633465   99.97%
Tlb-Total-Misses:          630090    0.03%
Tlb-Total-Accesses:    2233263555  100.00%



--------
Two level Cache hierarchy
--------
  L1-Data Cache:
    Size(KB):          32
    Block Size(B):     64
    Associativity:      8

  L2-Data Cache:
    Size(KB):        1024
    Block Size(B):     64
    Associativity:      8

Latencies:    1   10  250
L1-Sets:   64 - LRU - assoc:   8
L2-Sets: 2048 - LRU - assoc:   8
Store_allocation: Yes
L2_inclusive: Yes
L2_prefetching: No

L1 Cache Stats:
L1-Load-Hits:        1665245682   99.84%
L1-Load-Misses:         2585437    0.16%
L1-Load-Accesses:    1667831119  100.00%

L1-Store-Hits:         565017644   99.93%
L1-Store-Misses:          414792    0.07%
L1-Store-Accesses:     565432436  100.00%

L1-Total-Hits:        2230263326   99.87%
L1-Total-Misses:         3000229    0.13%
L1-Total-Accesses:    2233263555  100.00%

L2 Cache Stats:
L2-Load-Hits:           1174641   45.43%
L2-Load-Misses:         1410796   54.57%
L2-Load-Accesses:       2585437  100.00%

L2-Store-Hits:             24611    5.93%
L2-Store-Misses:          390181   94.07%
L2-Store-Accesses:        414792  100.00%

L2-Total-Hits:           1199252   39.97%
L2-Total-Misses:         1800977   60.03%
L2-Total-Accesses:       3000229  100.00%

