--------
Total Statistics
--------
Total Instructions: 6594258394
Total Cycles: 9277637131
IPC: 0.710769

--------
Single level Tlb hierarchy
--------
  Data Tlb:
    Entries:          64
    Page Size(B):   4096
    Associativity:      4

Latencies:    0  150
Tlb-Sets:   16 - LRU - assoc:   4

Tlb Stats:
Tlb-Load-Hits:        1666888052   99.94%
Tlb-Load-Misses:          943059    0.06%
Tlb-Load-Accesses:    1667831111  100.00%

Tlb-Store-Hits:         565238539   99.97%
Tlb-Store-Misses:          193897    0.03%
Tlb-Store-Accesses:     565432436  100.00%

Tlb-Total-Hits:        2232126591   99.95%
Tlb-Total-Misses:         1136956    0.05%
Tlb-Total-Accesses:    2233263547  100.00%



--------
Two level Cache hierarchy
--------
  L1-Data Cache:
    Size(KB):          32
    Block Size(B):     64
    Associativity:      8

  L2-Data Cache:
    Size(KB):        1024
    Block Size(B):    128
    Associativity:     16

Latencies:    1   10  250
L1-Sets:   64 - LRU - assoc:   8
L2-Sets:  512 - LRU - assoc:  16
Store_allocation: Yes
L2_inclusive: Yes
L2_prefetching: No

L1 Cache Stats:
L1-Load-Hits:        1664301319   99.79%
L1-Load-Misses:         3529792    0.21%
L1-Load-Accesses:    1667831111  100.00%

L1-Store-Hits:         564819599   99.89%
L1-Store-Misses:          612837    0.11%
L1-Store-Accesses:     565432436  100.00%

L1-Total-Hits:        2229120918   99.81%
L1-Total-Misses:         4142629    0.19%
L1-Total-Accesses:    2233263547  100.00%

L2 Cache Stats:
L2-Load-Hits:           2772212   78.54%
L2-Load-Misses:          757580   21.46%
L2-Load-Accesses:       3529792  100.00%

L2-Store-Hits:            417835   68.18%
L2-Store-Misses:          195002   31.82%
L2-Store-Accesses:        612837  100.00%

L2-Total-Hits:           3190047   77.01%
L2-Total-Misses:          952582   22.99%
L2-Total-Accesses:       4142629  100.00%

