--------
Total Statistics
--------
Total Instructions: 17788912053
Total Cycles: 112660473229
IPC: 0.157898

--------
Single level Tlb hierarchy
--------
  Data Tlb:
    Entries:          64
    Page Size(B):   4096
    Associativity:      4

Latencies:    0  150
Tlb-Sets:   16 - LRU - assoc:   4

Tlb Stats:
Tlb-Load-Hits:        2975228629   98.89%
Tlb-Load-Misses:        33411534    1.11%
Tlb-Load-Accesses:    3008640163  100.00%

Tlb-Store-Hits:         113071355   99.86%
Tlb-Store-Misses:          160568    0.14%
Tlb-Store-Accesses:     113231923  100.00%

Tlb-Total-Hits:        3088299984   98.92%
Tlb-Total-Misses:        33572102    1.08%
Tlb-Total-Accesses:    3121872086  100.00%



--------
Two level Cache hierarchy
--------
  L1-Data Cache:
    Size(KB):          32
    Block Size(B):     64
    Associativity:      8

  L2-Data Cache:
    Size(KB):        1024
    Block Size(B):     64
    Associativity:      8

Latencies:    1   10  250
L1-Sets:   64 - LRU - assoc:   8
L2-Sets: 2048 - LRU - assoc:   8
Store_allocation: Yes
L2_inclusive: Yes
L2_prefetching: No

L1 Cache Stats:
L1-Load-Hits:        2664488448   88.56%
L1-Load-Misses:       344151715   11.44%
L1-Load-Accesses:    3008640163  100.00%

L1-Store-Hits:         112215284   99.10%
L1-Store-Misses:         1016639    0.90%
L1-Store-Accesses:     113231923  100.00%

L1-Total-Hits:        2776703732   88.94%
L1-Total-Misses:       345168354   11.06%
L1-Total-Accesses:    3121872086  100.00%

L2 Cache Stats:
L2-Load-Hits:          12010359    3.49%
L2-Load-Misses:       332141356   96.51%
L2-Load-Accesses:     344151715  100.00%

L2-Store-Hits:            109234   10.74%
L2-Store-Misses:          907405   89.26%
L2-Store-Accesses:       1016639  100.00%

L2-Total-Hits:          12119593    3.51%
L2-Total-Misses:       333048761   96.49%
L2-Total-Accesses:     345168354  100.00%

