--------
Total Statistics
--------
Total Instructions: 17788912053
Total Cycles: 53464278809
IPC: 0.332725

--------
Single level Tlb hierarchy
--------
  Data Tlb:
    Entries:          64
    Page Size(B):   4096
    Associativity:      4

Latencies:    0  150
Tlb-Sets:   16 - LRU - assoc:   4

Tlb Stats:
Tlb-Load-Hits:        2975236540   98.89%
Tlb-Load-Misses:        33403623    1.11%
Tlb-Load-Accesses:    3008640163  100.00%

Tlb-Store-Hits:         113084475   99.87%
Tlb-Store-Misses:          147448    0.13%
Tlb-Store-Accesses:     113231923  100.00%

Tlb-Total-Hits:        3088321015   98.93%
Tlb-Total-Misses:        33551071    1.07%
Tlb-Total-Accesses:    3121872086  100.00%



--------
Two level Cache hierarchy
--------
  L1-Data Cache:
    Size(KB):          32
    Block Size(B):     64
    Associativity:      8

  L2-Data Cache:
    Size(KB):         512
    Block Size(B):    256
    Associativity:      8

Latencies:    1   10  250
L1-Sets:   64 - LRU - assoc:   8
L2-Sets:  256 - LRU - assoc:   8
Store_allocation: Yes
L2_inclusive: Yes
L2_prefetching: No

L1 Cache Stats:
L1-Load-Hits:        2552669161   84.84%
L1-Load-Misses:       455971002   15.16%
L1-Load-Accesses:    3008640163  100.00%

L1-Store-Hits:         111701723   98.65%
L1-Store-Misses:         1530200    1.35%
L1-Store-Accesses:     113231923  100.00%

L1-Total-Hits:        2664370884   85.35%
L1-Total-Misses:       457501202   14.65%
L1-Total-Accesses:    3121872086  100.00%

L2 Cache Stats:
L2-Load-Hits:         364438629   79.93%
L2-Load-Misses:        91532373   20.07%
L2-Load-Accesses:     455971002  100.00%

L2-Store-Hits:           1279285   83.60%
L2-Store-Misses:          250915   16.40%
L2-Store-Accesses:       1530200  100.00%

L2-Total-Hits:         365717914   79.94%
L2-Total-Misses:        91783288   20.06%
L2-Total-Accesses:     457501202  100.00%

