--------
Total Statistics
--------
Total Instructions: 17788912053
Total Cycles: 75947271079
IPC: 0.234227

--------
Single level Tlb hierarchy
--------
  Data Tlb:
    Entries:          64
    Page Size(B):   4096
    Associativity:      4

Latencies:    0  150
Tlb-Sets:   16 - LRU - assoc:   4

Tlb Stats:
Tlb-Load-Hits:        2975299337   98.89%
Tlb-Load-Misses:        33340826    1.11%
Tlb-Load-Accesses:    3008640163  100.00%

Tlb-Store-Hits:         113088763   99.87%
Tlb-Store-Misses:          143160    0.13%
Tlb-Store-Accesses:     113231923  100.00%

Tlb-Total-Hits:        3088388100   98.93%
Tlb-Total-Misses:        33483986    1.07%
Tlb-Total-Accesses:    3121872086  100.00%



--------
Two level Cache hierarchy
--------
  L1-Data Cache:
    Size(KB):          32
    Block Size(B):     64
    Associativity:      8

  L2-Data Cache:
    Size(KB):        1024
    Block Size(B):    128
    Associativity:      8

Latencies:    1   10  250
L1-Sets:   64 - LRU - assoc:   8
L2-Sets: 1024 - LRU - assoc:   8
Store_allocation: Yes
L2_inclusive: Yes
L2_prefetching: No

L1 Cache Stats:
L1-Load-Hits:        2497963044   83.03%
L1-Load-Misses:       510677119   16.97%
L1-Load-Accesses:    3008640163  100.00%

L1-Store-Hits:         111206313   98.21%
L1-Store-Misses:         2025610    1.79%
L1-Store-Accesses:     113231923  100.00%

L1-Total-Hits:        2609169357   83.58%
L1-Total-Misses:       512702729   16.42%
L1-Total-Accesses:    3121872086  100.00%

L2 Cache Stats:
L2-Load-Hits:         331607119   64.93%
L2-Load-Misses:       179070000   35.07%
L2-Load-Accesses:     510677119  100.00%

L2-Store-Hits:           1548163   76.43%
L2-Store-Misses:          477447   23.57%
L2-Store-Accesses:       2025610  100.00%

L2-Total-Hits:         333155282   64.98%
L2-Total-Misses:       179547447   35.02%
L2-Total-Accesses:     512702729  100.00%

