--------
Total Statistics
--------
Total Instructions: 17788912053
Total Cycles: 52869685409
IPC: 0.336467

--------
Single level Tlb hierarchy
--------
  Data Tlb:
    Entries:          64
    Page Size(B):   4096
    Associativity:      4

Latencies:    0  150
Tlb-Sets:   16 - LRU - assoc:   4

Tlb Stats:
Tlb-Load-Hits:        2975231883   98.89%
Tlb-Load-Misses:        33408280    1.11%
Tlb-Load-Accesses:    3008640163  100.00%

Tlb-Store-Hits:         113061396   99.85%
Tlb-Store-Misses:          170527    0.15%
Tlb-Store-Accesses:     113231923  100.00%

Tlb-Total-Hits:        3088293279   98.92%
Tlb-Total-Misses:        33578807    1.08%
Tlb-Total-Accesses:    3121872086  100.00%



--------
Two level Cache hierarchy
--------
  L1-Data Cache:
    Size(KB):          32
    Block Size(B):     64
    Associativity:      8

  L2-Data Cache:
    Size(KB):        1024
    Block Size(B):    256
    Associativity:      8

Latencies:    1   10  250
L1-Sets:   64 - LRU - assoc:   8
L2-Sets:  512 - LRU - assoc:   8
Store_allocation: Yes
L2_inclusive: Yes
L2_prefetching: No

L1 Cache Stats:
L1-Load-Hits:        2562336638   85.17%
L1-Load-Misses:       446303525   14.83%
L1-Load-Accesses:    3008640163  100.00%

L1-Store-Hits:         111715076   98.66%
L1-Store-Misses:         1516847    1.34%
L1-Store-Accesses:     113231923  100.00%

L1-Total-Hits:        2674051714   85.66%
L1-Total-Misses:       447820372   14.34%
L1-Total-Accesses:    3121872086  100.00%

L2 Cache Stats:
L2-Load-Hits:         356767380   79.94%
L2-Load-Misses:        89536145   20.06%
L2-Load-Accesses:     446303525  100.00%

L2-Store-Hits:           1277486   84.22%
L2-Store-Misses:          239361   15.78%
L2-Store-Accesses:       1516847  100.00%

L2-Total-Hits:         358044866   79.95%
L2-Total-Misses:        89775506   20.05%
L2-Total-Accesses:     447820372  100.00%

