--------
Total Statistics
--------
Total Instructions: 17788912053
Total Cycles: 77069628359
IPC: 0.230816

--------
Single level Tlb hierarchy
--------
  Data Tlb:
    Entries:          64
    Page Size(B):   4096
    Associativity:      4

Latencies:    0  150
Tlb-Sets:   16 - LRU - assoc:   4

Tlb Stats:
Tlb-Load-Hits:        2975253969   98.89%
Tlb-Load-Misses:        33386194    1.11%
Tlb-Load-Accesses:    3008640163  100.00%

Tlb-Store-Hits:         113066317   99.85%
Tlb-Store-Misses:          165606    0.15%
Tlb-Store-Accesses:     113231923  100.00%

Tlb-Total-Hits:        3088320286   98.93%
Tlb-Total-Misses:        33551800    1.07%
Tlb-Total-Accesses:    3121872086  100.00%



--------
Two level Cache hierarchy
--------
  L1-Data Cache:
    Size(KB):          32
    Block Size(B):     64
    Associativity:      8

  L2-Data Cache:
    Size(KB):         512
    Block Size(B):    128
    Associativity:      8

Latencies:    1   10  250
L1-Sets:   64 - LRU - assoc:   8
L2-Sets:  512 - LRU - assoc:   8
Store_allocation: Yes
L2_inclusive: Yes
L2_prefetching: No

L1 Cache Stats:
L1-Load-Hits:        2487261231   82.67%
L1-Load-Misses:       521378932   17.33%
L1-Load-Accesses:    3008640163  100.00%

L1-Store-Hits:         111187633   98.19%
L1-Store-Misses:         2044290    1.81%
L1-Store-Accesses:     113231923  100.00%

L1-Total-Hits:        2598448864   83.23%
L1-Total-Misses:       523423222   16.77%
L1-Total-Accesses:    3121872086  100.00%

L2 Cache Stats:
L2-Load-Hits:         338301960   64.89%
L2-Load-Misses:       183076972   35.11%
L2-Load-Accesses:     521378932  100.00%

L2-Store-Hits:           1553894   76.01%
L2-Store-Misses:          490396   23.99%
L2-Store-Accesses:       2044290  100.00%

L2-Total-Hits:         339855854   64.93%
L2-Total-Misses:       183567368   35.07%
L2-Total-Accesses:     523423222  100.00%

