--------
Total Statistics
--------
Total Instructions: 17788912053
Total Cycles: 112695683609
IPC: 0.157849

--------
Single level Tlb hierarchy
--------
  Data Tlb:
    Entries:          64
    Page Size(B):   4096
    Associativity:      4

Latencies:    0  150
Tlb-Sets:   16 - LRU - assoc:   4

Tlb Stats:
Tlb-Load-Hits:        2975200604   98.89%
Tlb-Load-Misses:        33439559    1.11%
Tlb-Load-Accesses:    3008640163  100.00%

Tlb-Store-Hits:         113084474   99.87%
Tlb-Store-Misses:          147449    0.13%
Tlb-Store-Accesses:     113231923  100.00%

Tlb-Total-Hits:        3088285078   98.92%
Tlb-Total-Misses:        33587008    1.08%
Tlb-Total-Accesses:    3121872086  100.00%



--------
Two level Cache hierarchy
--------
  L1-Data Cache:
    Size(KB):          32
    Block Size(B):     64
    Associativity:      8

  L2-Data Cache:
    Size(KB):        1024
    Block Size(B):     64
    Associativity:     16

Latencies:    1   10  250
L1-Sets:   64 - LRU - assoc:   8
L2-Sets: 1024 - LRU - assoc:  16
Store_allocation: Yes
L2_inclusive: Yes
L2_prefetching: No

L1 Cache Stats:
L1-Load-Hits:        2664476693   88.56%
L1-Load-Misses:       344163470   11.44%
L1-Load-Accesses:    3008640163  100.00%

L1-Store-Hits:         112215191   99.10%
L1-Store-Misses:         1016732    0.90%
L1-Store-Accesses:     113231923  100.00%

L1-Total-Hits:        2776691884   88.94%
L1-Total-Misses:       345180202   11.06%
L1-Total-Accesses:    3121872086  100.00%

L2 Cache Stats:
L2-Load-Hits:          11897961    3.46%
L2-Load-Misses:       332265509   96.54%
L2-Load-Accesses:     344163470  100.00%

L2-Store-Hits:            102056   10.04%
L2-Store-Misses:          914676   89.96%
L2-Store-Accesses:       1016732  100.00%

L2-Total-Hits:          12000017    3.48%
L2-Total-Misses:       333180185   96.52%
L2-Total-Accesses:     345180202  100.00%

