--------
Total Statistics
--------
Total Instructions: 17788912053
Total Cycles: 52940951439
IPC: 0.336014

--------
Single level Tlb hierarchy
--------
  Data Tlb:
    Entries:          64
    Page Size(B):   4096
    Associativity:      4

Latencies:    0  150
Tlb-Sets:   16 - LRU - assoc:   4

Tlb Stats:
Tlb-Load-Hits:        2975288222   98.89%
Tlb-Load-Misses:        33351941    1.11%
Tlb-Load-Accesses:    3008640163  100.00%

Tlb-Store-Hits:         113093079   99.88%
Tlb-Store-Misses:          138844    0.12%
Tlb-Store-Accesses:     113231923  100.00%

Tlb-Total-Hits:        3088381301   98.93%
Tlb-Total-Misses:        33490785    1.07%
Tlb-Total-Accesses:    3121872086  100.00%



--------
Two level Cache hierarchy
--------
  L1-Data Cache:
    Size(KB):          32
    Block Size(B):     64
    Associativity:      8

  L2-Data Cache:
    Size(KB):        1024
    Block Size(B):    256
    Associativity:     16

Latencies:    1   10  250
L1-Sets:   64 - LRU - assoc:   8
L2-Sets:  256 - LRU - assoc:  16
Store_allocation: Yes
L2_inclusive: Yes
L2_prefetching: No

L1 Cache Stats:
L1-Load-Hits:        2555140907   84.93%
L1-Load-Misses:       453499256   15.07%
L1-Load-Accesses:    3008640163  100.00%

L1-Store-Hits:         111713824   98.66%
L1-Store-Misses:         1518099    1.34%
L1-Store-Accesses:     113231923  100.00%

L1-Total-Hits:        2666854731   85.42%
L1-Total-Misses:       455017355   14.58%
L1-Total-Accesses:    3121872086  100.00%

L2 Cache Stats:
L2-Load-Hits:         363915095   80.25%
L2-Load-Misses:        89584161   19.75%
L2-Load-Accesses:     453499256  100.00%

L2-Store-Hits:           1276756   84.10%
L2-Store-Misses:          241343   15.90%
L2-Store-Accesses:       1518099  100.00%

L2-Total-Hits:         365191851   80.26%
L2-Total-Misses:        89825504   19.74%
L2-Total-Accesses:     455017355  100.00%

