--------
Total Statistics
--------
Total Instructions: 22767430226
Total Cycles: 31702678468
IPC: 0.718155

--------
Single level Tlb hierarchy
--------
  Data Tlb:
    Entries:          64
    Page Size(B):   4096
    Associativity:      4

Latencies:    0  150
Tlb-Sets:   16 - LRU - assoc:   4

Tlb Stats:
Tlb-Load-Hits:        6704294890  100.00%
Tlb-Load-Misses:              50    0.00%
Tlb-Load-Accesses:    6704294940  100.00%

Tlb-Store-Hits:        1857031364  100.00%
Tlb-Store-Misses:             348    0.00%
Tlb-Store-Accesses:    1857031712  100.00%

Tlb-Total-Hits:        8561326254  100.00%
Tlb-Total-Misses:             398    0.00%
Tlb-Total-Accesses:    8561326652  100.00%



--------
Two level Cache hierarchy
--------
  L1-Data Cache:
    Size(KB):          32
    Block Size(B):     64
    Associativity:      8

  L2-Data Cache:
    Size(KB):         512
    Block Size(B):    256
    Associativity:      8

Latencies:    1   10  250
L1-Sets:   64 - LRU - assoc:   8
L2-Sets:  256 - LRU - assoc:   8
Store_allocation: Yes
L2_inclusive: Yes
L2_prefetching: No

L1 Cache Stats:
L1-Load-Hits:        6692093522   99.82%
L1-Load-Misses:        12201418    0.18%
L1-Load-Accesses:    6704294940  100.00%

L1-Store-Hits:        1831988566   98.65%
L1-Store-Misses:        25043146    1.35%
L1-Store-Accesses:    1857031712  100.00%

L1-Total-Hits:        8524082088   99.56%
L1-Total-Misses:        37244564    0.44%
L1-Total-Accesses:    8561326652  100.00%

L2 Cache Stats:
L2-Load-Hits:          12200904  100.00%
L2-Load-Misses:             514    0.00%
L2-Load-Accesses:      12201418  100.00%

L2-Store-Hits:          25037995   99.98%
L2-Store-Misses:            5151    0.02%
L2-Store-Accesses:      25043146  100.00%

L2-Total-Hits:          37238899   99.98%
L2-Total-Misses:            5665    0.02%
L2-Total-Accesses:      37244564  100.00%

