--------
Total Statistics
--------
Total Instructions: 22767430226
Total Cycles: 31712638628
IPC: 0.717929

--------
Single level Tlb hierarchy
--------
  Data Tlb:
    Entries:          64
    Page Size(B):   4096
    Associativity:      4

Latencies:    0  150
Tlb-Sets:   16 - LRU - assoc:   4

Tlb Stats:
Tlb-Load-Hits:        6704294888  100.00%
Tlb-Load-Misses:              52    0.00%
Tlb-Load-Accesses:    6704294940  100.00%

Tlb-Store-Hits:        1857031370  100.00%
Tlb-Store-Misses:             342    0.00%
Tlb-Store-Accesses:    1857031712  100.00%

Tlb-Total-Hits:        8561326258  100.00%
Tlb-Total-Misses:             394    0.00%
Tlb-Total-Accesses:    8561326652  100.00%



--------
Two level Cache hierarchy
--------
  L1-Data Cache:
    Size(KB):          32
    Block Size(B):     64
    Associativity:      8

  L2-Data Cache:
    Size(KB):         512
    Block Size(B):    128
    Associativity:      8

Latencies:    1   10  250
L1-Sets:   64 - LRU - assoc:   8
L2-Sets:  512 - LRU - assoc:   8
Store_allocation: Yes
L2_inclusive: Yes
L2_prefetching: No

L1 Cache Stats:
L1-Load-Hits:        6691753803   99.81%
L1-Load-Misses:        12541137    0.19%
L1-Load-Accesses:    6704294940  100.00%

L1-Store-Hits:        1831472684   98.62%
L1-Store-Misses:        25559028    1.38%
L1-Store-Accesses:    1857031712  100.00%

L1-Total-Hits:        8523226487   99.55%
L1-Total-Misses:        38100165    0.45%
L1-Total-Accesses:    8561326652  100.00%

L2 Cache Stats:
L2-Load-Hits:          12540149   99.99%
L2-Load-Misses:             988    0.01%
L2-Load-Accesses:      12541137  100.00%

L2-Store-Hits:          25548732   99.96%
L2-Store-Misses:           10296    0.04%
L2-Store-Accesses:      25559028  100.00%

L2-Total-Hits:          38088881   99.97%
L2-Total-Misses:           11284    0.03%
L2-Total-Accesses:      38100165  100.00%

