--------
Total Statistics
--------
Total Instructions: 22767430226
Total Cycles: 31709075748
IPC: 0.71801

--------
Single level Tlb hierarchy
--------
  Data Tlb:
    Entries:          64
    Page Size(B):   4096
    Associativity:      4

Latencies:    0  150
Tlb-Sets:   16 - LRU - assoc:   4

Tlb Stats:
Tlb-Load-Hits:        6704294878  100.00%
Tlb-Load-Misses:              62    0.00%
Tlb-Load-Accesses:    6704294940  100.00%

Tlb-Store-Hits:        1857031366  100.00%
Tlb-Store-Misses:             346    0.00%
Tlb-Store-Accesses:    1857031712  100.00%

Tlb-Total-Hits:        8561326244  100.00%
Tlb-Total-Misses:             408    0.00%
Tlb-Total-Accesses:    8561326652  100.00%



--------
Two level Cache hierarchy
--------
  L1-Data Cache:
    Size(KB):          32
    Block Size(B):     64
    Associativity:      8

  L2-Data Cache:
    Size(KB):        2048
    Block Size(B):     64
    Associativity:     16

Latencies:    1   10  250
L1-Sets:   64 - LRU - assoc:   8
L2-Sets: 2048 - LRU - assoc:  16
Store_allocation: Yes
L2_inclusive: Yes
L2_prefetching: No

L1 Cache Stats:
L1-Load-Hits:        6691951580   99.82%
L1-Load-Misses:        12343360    0.18%
L1-Load-Accesses:    6704294940  100.00%

L1-Store-Hits:        1831911580   98.65%
L1-Store-Misses:        25120132    1.35%
L1-Store-Accesses:    1857031712  100.00%

L1-Total-Hits:        8523863160   99.56%
L1-Total-Misses:        37463492    0.44%
L1-Total-Accesses:    8561326652  100.00%

L2 Cache Stats:
L2-Load-Hits:          12341421   99.98%
L2-Load-Misses:            1939    0.02%
L2-Load-Accesses:      12343360  100.00%

L2-Store-Hits:          25099580   99.92%
L2-Store-Misses:           20552    0.08%
L2-Store-Accesses:      25120132  100.00%

L2-Total-Hits:          37441001   99.94%
L2-Total-Misses:           22491    0.06%
L2-Total-Accesses:      37463492  100.00%

