--------
Total Statistics
--------
Total Instructions: 22767430226
Total Cycles: 31712154878
IPC: 0.71794

--------
Single level Tlb hierarchy
--------
  Data Tlb:
    Entries:          64
    Page Size(B):   4096
    Associativity:      4

Latencies:    0  150
Tlb-Sets:   16 - LRU - assoc:   4

Tlb Stats:
Tlb-Load-Hits:        6704294889  100.00%
Tlb-Load-Misses:              51    0.00%
Tlb-Load-Accesses:    6704294940  100.00%

Tlb-Store-Hits:        1857031369  100.00%
Tlb-Store-Misses:             343    0.00%
Tlb-Store-Accesses:    1857031712  100.00%

Tlb-Total-Hits:        8561326258  100.00%
Tlb-Total-Misses:             394    0.00%
Tlb-Total-Accesses:    8561326652  100.00%



--------
Two level Cache hierarchy
--------
  L1-Data Cache:
    Size(KB):          32
    Block Size(B):     64
    Associativity:      8

  L2-Data Cache:
    Size(KB):        2048
    Block Size(B):    256
    Associativity:     16

Latencies:    1   10  250
L1-Sets:   64 - LRU - assoc:   8
L2-Sets:  512 - LRU - assoc:  16
Store_allocation: Yes
L2_inclusive: Yes
L2_prefetching: No

L1 Cache Stats:
L1-Load-Hits:        6691830911   99.81%
L1-Load-Misses:        12464029    0.19%
L1-Load-Accesses:    6704294940  100.00%

L1-Store-Hits:        1831303376   98.61%
L1-Store-Misses:        25728336    1.39%
L1-Store-Accesses:    1857031712  100.00%

L1-Total-Hits:        8523134287   99.55%
L1-Total-Misses:        38192365    0.45%
L1-Total-Accesses:    8561326652  100.00%

L2 Cache Stats:
L2-Load-Hits:          12463519  100.00%
L2-Load-Misses:             510    0.00%
L2-Load-Accesses:      12464029  100.00%

L2-Store-Hits:          25723185   99.98%
L2-Store-Misses:            5151    0.02%
L2-Store-Accesses:      25728336  100.00%

L2-Total-Hits:          38186704   99.99%
L2-Total-Misses:            5661    0.01%
L2-Total-Accesses:      38192365  100.00%

