--------
Total Statistics
--------
Total Instructions: 22767430226
Total Cycles: 31705023618
IPC: 0.718102

--------
Single level Tlb hierarchy
--------
  Data Tlb:
    Entries:          64
    Page Size(B):   4096
    Associativity:      4

Latencies:    0  150
Tlb-Sets:   16 - LRU - assoc:   4

Tlb Stats:
Tlb-Load-Hits:        6704254884  100.00%
Tlb-Load-Misses:           40056    0.00%
Tlb-Load-Accesses:    6704294940  100.00%

Tlb-Store-Hits:        1857016358  100.00%
Tlb-Store-Misses:           15354    0.00%
Tlb-Store-Accesses:    1857031712  100.00%

Tlb-Total-Hits:        8561271242  100.00%
Tlb-Total-Misses:           55410    0.00%
Tlb-Total-Accesses:    8561326652  100.00%



--------
Two level Cache hierarchy
--------
  L1-Data Cache:
    Size(KB):          32
    Block Size(B):     64
    Associativity:      8

  L2-Data Cache:
    Size(KB):        1024
    Block Size(B):    256
    Associativity:     16

Latencies:    1   10  250
L1-Sets:   64 - LRU - assoc:   8
L2-Sets:  256 - LRU - assoc:  16
Store_allocation: Yes
L2_inclusive: Yes
L2_prefetching: No

L1 Cache Stats:
L1-Load-Hits:        6692062506   99.82%
L1-Load-Misses:        12232434    0.18%
L1-Load-Accesses:    6704294940  100.00%

L1-Store-Hits:        1832610222   98.68%
L1-Store-Misses:        24421490    1.32%
L1-Store-Accesses:    1857031712  100.00%

L1-Total-Hits:        8524672728   99.57%
L1-Total-Misses:        36653924    0.43%
L1-Total-Accesses:    8561326652  100.00%

L2 Cache Stats:
L2-Load-Hits:          12231921  100.00%
L2-Load-Misses:             513    0.00%
L2-Load-Accesses:      12232434  100.00%

L2-Store-Hits:          24416339   99.98%
L2-Store-Misses:            5151    0.02%
L2-Store-Accesses:      24421490  100.00%

L2-Total-Hits:          36648260   99.98%
L2-Total-Misses:            5664    0.02%
L2-Total-Accesses:      36653924  100.00%

