--------
Total Statistics
--------
Total Instructions: 22767430226
Total Cycles: 31707757328
IPC: 0.71804

--------
Single level Tlb hierarchy
--------
  Data Tlb:
    Entries:          64
    Page Size(B):   4096
    Associativity:      4

Latencies:    0  150
Tlb-Sets:   16 - LRU - assoc:   4

Tlb Stats:
Tlb-Load-Hits:        6704294881  100.00%
Tlb-Load-Misses:              59    0.00%
Tlb-Load-Accesses:    6704294940  100.00%

Tlb-Store-Hits:        1857031369  100.00%
Tlb-Store-Misses:             343    0.00%
Tlb-Store-Accesses:    1857031712  100.00%

Tlb-Total-Hits:        8561326250  100.00%
Tlb-Total-Misses:             402    0.00%
Tlb-Total-Accesses:    8561326652  100.00%



--------
Two level Cache hierarchy
--------
  L1-Data Cache:
    Size(KB):          32
    Block Size(B):     64
    Associativity:      8

  L2-Data Cache:
    Size(KB):        1024
    Block Size(B):     64
    Associativity:      8

Latencies:    1   10  250
L1-Sets:   64 - LRU - assoc:   8
L2-Sets: 2048 - LRU - assoc:   8
Store_allocation: Yes
L2_inclusive: Yes
L2_prefetching: No

L1 Cache Stats:
L1-Load-Hits:        6691722359   99.81%
L1-Load-Misses:        12572581    0.19%
L1-Load-Accesses:    6704294940  100.00%

L1-Store-Hits:        1832272828   98.67%
L1-Store-Misses:        24758884    1.33%
L1-Store-Accesses:    1857031712  100.00%

L1-Total-Hits:        8523995187   99.56%
L1-Total-Misses:        37331465    0.44%
L1-Total-Accesses:    8561326652  100.00%

L2 Cache Stats:
L2-Load-Hits:          12570632   99.98%
L2-Load-Misses:            1949    0.02%
L2-Load-Accesses:      12572581  100.00%

L2-Store-Hits:          24738331   99.92%
L2-Store-Misses:           20553    0.08%
L2-Store-Accesses:      24758884  100.00%

L2-Total-Hits:          37308963   99.94%
L2-Total-Misses:           22502    0.06%
L2-Total-Accesses:      37331465  100.00%

