--------
Total Statistics
--------
Total Instructions: 22767430226
Total Cycles: 31713866978
IPC: 0.717901

--------
Single level Tlb hierarchy
--------
  Data Tlb:
    Entries:          64
    Page Size(B):   4096
    Associativity:      4

Latencies:    0  150
Tlb-Sets:   16 - LRU - assoc:   4

Tlb Stats:
Tlb-Load-Hits:        6704294891  100.00%
Tlb-Load-Misses:              49    0.00%
Tlb-Load-Accesses:    6704294940  100.00%

Tlb-Store-Hits:        1857031369  100.00%
Tlb-Store-Misses:             343    0.00%
Tlb-Store-Accesses:    1857031712  100.00%

Tlb-Total-Hits:        8561326260  100.00%
Tlb-Total-Misses:             392    0.00%
Tlb-Total-Accesses:    8561326652  100.00%



--------
Two level Cache hierarchy
--------
  L1-Data Cache:
    Size(KB):          32
    Block Size(B):     64
    Associativity:      8

  L2-Data Cache:
    Size(KB):        1024
    Block Size(B):    128
    Associativity:      8

Latencies:    1   10  250
L1-Sets:   64 - LRU - assoc:   8
L2-Sets: 1024 - LRU - assoc:   8
Store_allocation: Yes
L2_inclusive: Yes
L2_prefetching: No

L1 Cache Stats:
L1-Load-Hits:        6691802609   99.81%
L1-Load-Misses:        12492331    0.19%
L1-Load-Accesses:    6704294940  100.00%

L1-Store-Hits:        1831300963   98.61%
L1-Store-Misses:        25730749    1.39%
L1-Store-Accesses:    1857031712  100.00%

L1-Total-Hits:        8523103572   99.55%
L1-Total-Misses:        38223080    0.45%
L1-Total-Accesses:    8561326652  100.00%

L2 Cache Stats:
L2-Load-Hits:          12491346   99.99%
L2-Load-Misses:             985    0.01%
L2-Load-Accesses:      12492331  100.00%

L2-Store-Hits:          25720452   99.96%
L2-Store-Misses:           10297    0.04%
L2-Store-Accesses:      25730749  100.00%

L2-Total-Hits:          38211798   99.97%
L2-Total-Misses:           11282    0.03%
L2-Total-Accesses:      38223080  100.00%

