--------
Total Statistics
--------
Total Instructions: 22767430226
Total Cycles: 31715763158
IPC: 0.717859

--------
Single level Tlb hierarchy
--------
  Data Tlb:
    Entries:          64
    Page Size(B):   4096
    Associativity:      4

Latencies:    0  150
Tlb-Sets:   16 - LRU - assoc:   4

Tlb Stats:
Tlb-Load-Hits:        6704289882  100.00%
Tlb-Load-Misses:            5058    0.00%
Tlb-Load-Accesses:    6704294940  100.00%

Tlb-Store-Hits:        1857031370  100.00%
Tlb-Store-Misses:             342    0.00%
Tlb-Store-Accesses:    1857031712  100.00%

Tlb-Total-Hits:        8561321252  100.00%
Tlb-Total-Misses:            5400    0.00%
Tlb-Total-Accesses:    8561326652  100.00%



--------
Two level Cache hierarchy
--------
  L1-Data Cache:
    Size(KB):          32
    Block Size(B):     64
    Associativity:      8

  L2-Data Cache:
    Size(KB):        2048
    Block Size(B):    128
    Associativity:     16

Latencies:    1   10  250
L1-Sets:   64 - LRU - assoc:   8
L2-Sets: 1024 - LRU - assoc:  16
Store_allocation: Yes
L2_inclusive: Yes
L2_prefetching: No

L1 Cache Stats:
L1-Load-Hits:        6692078695   99.82%
L1-Load-Misses:        12216245    0.18%
L1-Load-Accesses:    6704294940  100.00%

L1-Store-Hits:        1830910229   98.59%
L1-Store-Misses:        26121483    1.41%
L1-Store-Accesses:    1857031712  100.00%

L1-Total-Hits:        8522988924   99.55%
L1-Total-Misses:        38337728    0.45%
L1-Total-Accesses:    8561326652  100.00%

L2 Cache Stats:
L2-Load-Hits:          12215264   99.99%
L2-Load-Misses:             981    0.01%
L2-Load-Accesses:      12216245  100.00%

L2-Store-Hits:          26111188   99.96%
L2-Store-Misses:           10295    0.04%
L2-Store-Accesses:      26121483  100.00%

L2-Total-Hits:          38326452   99.97%
L2-Total-Misses:           11276    0.03%
L2-Total-Accesses:      38337728  100.00%

