--------
Total Statistics
--------
Total Instructions: 22767430251
Total Cycles: 31704909891
IPC: 0.718104

--------
Single level Tlb hierarchy
--------
  Data Tlb:
    Entries:          64
    Page Size(B):   4096
    Associativity:      4

Latencies:    0  150
Tlb-Sets:   16 - LRU - assoc:   4

Tlb Stats:
Tlb-Load-Hits:        6704294876  100.00%
Tlb-Load-Misses:              72    0.00%
Tlb-Load-Accesses:    6704294948  100.00%

Tlb-Store-Hits:        1857031340  100.00%
Tlb-Store-Misses:             372    0.00%
Tlb-Store-Accesses:    1857031712  100.00%

Tlb-Total-Hits:        8561326216  100.00%
Tlb-Total-Misses:             444    0.00%
Tlb-Total-Accesses:    8561326660  100.00%



--------
Two level Cache hierarchy
--------
  L1-Data Cache:
    Size(KB):          32
    Block Size(B):     64
    Associativity:      8

  L2-Data Cache:
    Size(KB):        1024
    Block Size(B):    256
    Associativity:      8

Latencies:    1   10  250
L1-Sets:   64 - LRU - assoc:   8
L2-Sets:  512 - LRU - assoc:   8
Store_allocation: Yes
L2_inclusive: Yes
L2_prefetching: No

L1 Cache Stats:
L1-Load-Hits:        6692029805   99.82%
L1-Load-Misses:        12265143    0.18%
L1-Load-Accesses:    6704294948  100.00%

L1-Store-Hits:        1831829817   98.64%
L1-Store-Misses:        25201895    1.36%
L1-Store-Accesses:    1857031712  100.00%

L1-Total-Hits:        8523859622   99.56%
L1-Total-Misses:        37467038    0.44%
L1-Total-Accesses:    8561326660  100.00%

L2 Cache Stats:
L2-Load-Hits:          12264630  100.00%
L2-Load-Misses:             513    0.00%
L2-Load-Accesses:      12265143  100.00%

L2-Store-Hits:          25196744   99.98%
L2-Store-Misses:            5151    0.02%
L2-Store-Accesses:      25201895  100.00%

L2-Total-Hits:          37461374   99.98%
L2-Total-Misses:            5664    0.02%
L2-Total-Accesses:      37467038  100.00%

