--------
Total Statistics
--------
Total Instructions: 22767430226
Total Cycles: 31710414728
IPC: 0.71798

--------
Single level Tlb hierarchy
--------
  Data Tlb:
    Entries:          64
    Page Size(B):   4096
    Associativity:      4

Latencies:    0  150
Tlb-Sets:   16 - LRU - assoc:   4

Tlb Stats:
Tlb-Load-Hits:        6704294879  100.00%
Tlb-Load-Misses:              61    0.00%
Tlb-Load-Accesses:    6704294940  100.00%

Tlb-Store-Hits:        1857031370  100.00%
Tlb-Store-Misses:             342    0.00%
Tlb-Store-Accesses:    1857031712  100.00%

Tlb-Total-Hits:        8561326249  100.00%
Tlb-Total-Misses:             403    0.00%
Tlb-Total-Accesses:    8561326652  100.00%



--------
Two level Cache hierarchy
--------
  L1-Data Cache:
    Size(KB):          32
    Block Size(B):     64
    Associativity:      8

  L2-Data Cache:
    Size(KB):        1024
    Block Size(B):     64
    Associativity:     16

Latencies:    1   10  250
L1-Sets:   64 - LRU - assoc:   8
L2-Sets: 1024 - LRU - assoc:  16
Store_allocation: Yes
L2_inclusive: Yes
L2_prefetching: No

L1 Cache Stats:
L1-Load-Hits:        6692197915   99.82%
L1-Load-Misses:        12097025    0.18%
L1-Load-Accesses:    6704294940  100.00%

L1-Store-Hits:        1831531597   98.63%
L1-Store-Misses:        25500115    1.37%
L1-Store-Accesses:    1857031712  100.00%

L1-Total-Hits:        8523729512   99.56%
L1-Total-Misses:        37597140    0.44%
L1-Total-Accesses:    8561326652  100.00%

L2 Cache Stats:
L2-Load-Hits:          12095078   99.98%
L2-Load-Misses:            1947    0.02%
L2-Load-Accesses:      12097025  100.00%

L2-Store-Hits:          25479558   99.92%
L2-Store-Misses:           20557    0.08%
L2-Store-Accesses:      25500115  100.00%

L2-Total-Hits:          37574636   99.94%
L2-Total-Misses:           22504    0.06%
L2-Total-Accesses:      37597140  100.00%

