--------
Total Statistics
--------
Total Instructions: 22767430226
Total Cycles: 31709700208
IPC: 0.717996

--------
Single level Tlb hierarchy
--------
  Data Tlb:
    Entries:          64
    Page Size(B):   4096
    Associativity:      4

Latencies:    0  150
Tlb-Sets:   16 - LRU - assoc:   4

Tlb Stats:
Tlb-Load-Hits:        6704294878  100.00%
Tlb-Load-Misses:              62    0.00%
Tlb-Load-Accesses:    6704294940  100.00%

Tlb-Store-Hits:        1857031367  100.00%
Tlb-Store-Misses:             345    0.00%
Tlb-Store-Accesses:    1857031712  100.00%

Tlb-Total-Hits:        8561326245  100.00%
Tlb-Total-Misses:             407    0.00%
Tlb-Total-Accesses:    8561326652  100.00%



--------
Two level Cache hierarchy
--------
  L1-Data Cache:
    Size(KB):          32
    Block Size(B):     64
    Associativity:      8

  L2-Data Cache:
    Size(KB):        1024
    Block Size(B):    128
    Associativity:     16

Latencies:    1   10  250
L1-Sets:   64 - LRU - assoc:   8
L2-Sets:  512 - LRU - assoc:  16
Store_allocation: Yes
L2_inclusive: Yes
L2_prefetching: No

L1 Cache Stats:
L1-Load-Hits:        6692107796   99.82%
L1-Load-Misses:        12187144    0.18%
L1-Load-Accesses:    6704294940  100.00%

L1-Store-Hits:        1831412678   98.62%
L1-Store-Misses:        25619034    1.38%
L1-Store-Accesses:    1857031712  100.00%

L1-Total-Hits:        8523520474   99.56%
L1-Total-Misses:        37806178    0.44%
L1-Total-Accesses:    8561326652  100.00%

L2 Cache Stats:
L2-Load-Hits:          12186157   99.99%
L2-Load-Misses:             987    0.01%
L2-Load-Accesses:      12187144  100.00%

L2-Store-Hits:          25608739   99.96%
L2-Store-Misses:           10295    0.04%
L2-Store-Accesses:      25619034  100.00%

L2-Total-Hits:          37794896   99.97%
L2-Total-Misses:           11282    0.03%
L2-Total-Accesses:      37806178  100.00%

