--------
Total Statistics
--------
Total Instructions: 22767430251
Total Cycles: 31712666271
IPC: 0.717929

--------
Single level Tlb hierarchy
--------
  Data Tlb:
    Entries:          64
    Page Size(B):   4096
    Associativity:      4

Latencies:    0  150
Tlb-Sets:   16 - LRU - assoc:   4

Tlb Stats:
Tlb-Load-Hits:        6704294901  100.00%
Tlb-Load-Misses:              47    0.00%
Tlb-Load-Accesses:    6704294948  100.00%

Tlb-Store-Hits:        1857031370  100.00%
Tlb-Store-Misses:             342    0.00%
Tlb-Store-Accesses:    1857031712  100.00%

Tlb-Total-Hits:        8561326271  100.00%
Tlb-Total-Misses:             389    0.00%
Tlb-Total-Accesses:    8561326660  100.00%



--------
Two level Cache hierarchy
--------
  L1-Data Cache:
    Size(KB):          32
    Block Size(B):     64
    Associativity:      8

  L2-Data Cache:
    Size(KB):         512
    Block Size(B):     64
    Associativity:      8

Latencies:    1   10  250
L1-Sets:   64 - LRU - assoc:   8
L2-Sets: 1024 - LRU - assoc:   8
Store_allocation: Yes
L2_inclusive: Yes
L2_prefetching: No

L1 Cache Stats:
L1-Load-Hits:        6692140527   99.82%
L1-Load-Misses:        12154421    0.18%
L1-Load-Accesses:    6704294948  100.00%

L1-Store-Hits:        1831364157   98.62%
L1-Store-Misses:        25667555    1.38%
L1-Store-Accesses:    1857031712  100.00%

L1-Total-Hits:        8523504684   99.56%
L1-Total-Misses:        37821976    0.44%
L1-Total-Accesses:    8561326660  100.00%

L2 Cache Stats:
L2-Load-Hits:          12152459   99.98%
L2-Load-Misses:            1962    0.02%
L2-Load-Accesses:      12154421  100.00%

L2-Store-Hits:          25646992   99.92%
L2-Store-Misses:           20563    0.08%
L2-Store-Accesses:      25667555  100.00%

L2-Total-Hits:          37799451   99.94%
L2-Total-Misses:           22525    0.06%
L2-Total-Accesses:      37821976  100.00%

