--------
Total Statistics
--------
Total Instructions: 2098852939
Total Cycles: 8348815694
IPC: 0.251395

--------
Single level Tlb hierarchy
--------
  Data Tlb:
    Entries:         128
    Page Size(B):   4096
    Associativity:      4

Latencies:    0  150
Tlb-Sets:   32 - LRU - assoc:   4

Tlb Stats:
Tlb-Load-Hits:         564172834   94.33%
Tlb-Load-Misses:        33940530    5.67%
Tlb-Load-Accesses:     598113364  100.00%

Tlb-Store-Hits:         126386248   99.83%
Tlb-Store-Misses:          214203    0.17%
Tlb-Store-Accesses:     126600451  100.00%

Tlb-Total-Hits:         690559082   95.29%
Tlb-Total-Misses:        34154733    4.71%
Tlb-Total-Accesses:     724713815  100.00%



--------
Two level Cache hierarchy
--------
  L1-Data Cache:
    Size(KB):          32
    Block Size(B):     64
    Associativity:      8

  L2-Data Cache:
    Size(KB):        1024
    Block Size(B):    128
    Associativity:      8

Latencies:    1   10  250
L1-Sets:   64 - LRU - assoc:   8
L2-Sets: 1024 - LRU - assoc:   8
Store_allocation: Yes
L2_inclusive: Yes
L2_prefetching: No

L1 Cache Stats:
L1-Load-Hits:         594404740   99.38%
L1-Load-Misses:         3708624    0.62%
L1-Load-Accesses:     598113364  100.00%

L1-Store-Hits:         125974251   99.51%
L1-Store-Misses:          626200    0.49%
L1-Store-Accesses:     126600451  100.00%

L1-Total-Hits:         720378991   99.40%
L1-Total-Misses:         4334824    0.60%
L1-Total-Accesses:     724713815  100.00%

L2 Cache Stats:
L2-Load-Hits:           2478773   66.84%
L2-Load-Misses:         1229851   33.16%
L2-Load-Accesses:       3708624  100.00%

L2-Store-Hits:            421288   67.28%
L2-Store-Misses:          204912   32.72%
L2-Store-Accesses:        626200  100.00%

L2-Total-Hits:           2900061   66.90%
L2-Total-Misses:         1434763   33.10%
L2-Total-Accesses:       4334824  100.00%

