--------
Total Statistics
--------
Total Instructions: 2098852939
Total Cycles: 3232246684
IPC: 0.649348

--------
Single level Tlb hierarchy
--------
  Data Tlb:
    Entries:          64
    Page Size(B):   4096
    Associativity:     64

Latencies:    0  150
Tlb-Sets:    1 - LRU - assoc:  64

Tlb Stats:
Tlb-Load-Hits:         598074733   99.99%
Tlb-Load-Misses:           38631    0.01%
Tlb-Load-Accesses:     598113364  100.00%

Tlb-Store-Hits:         126593949   99.99%
Tlb-Store-Misses:            6502    0.01%
Tlb-Store-Accesses:     126600451  100.00%

Tlb-Total-Hits:         724668682   99.99%
Tlb-Total-Misses:           45133    0.01%
Tlb-Total-Accesses:     724713815  100.00%



--------
Two level Cache hierarchy
--------
  L1-Data Cache:
    Size(KB):          32
    Block Size(B):     64
    Associativity:      8

  L2-Data Cache:
    Size(KB):        1024
    Block Size(B):    128
    Associativity:      8

Latencies:    1   10  250
L1-Sets:   64 - LRU - assoc:   8
L2-Sets: 1024 - LRU - assoc:   8
Store_allocation: Yes
L2_inclusive: Yes
L2_prefetching: No

L1 Cache Stats:
L1-Load-Hits:         594404723   99.38%
L1-Load-Misses:         3708641    0.62%
L1-Load-Accesses:     598113364  100.00%

L1-Store-Hits:         125987169   99.52%
L1-Store-Misses:          613282    0.48%
L1-Store-Accesses:     126600451  100.00%

L1-Total-Hits:         720391892   99.40%
L1-Total-Misses:         4321923    0.60%
L1-Total-Accesses:     724713815  100.00%

L2 Cache Stats:
L2-Load-Hits:           2478789   66.84%
L2-Load-Misses:         1229852   33.16%
L2-Load-Accesses:       3708641  100.00%

L2-Store-Hits:            408371   66.59%
L2-Store-Misses:          204911   33.41%
L2-Store-Accesses:        613282  100.00%

L2-Total-Hits:           2887160   66.80%
L2-Total-Misses:         1434763   33.20%
L2-Total-Accesses:       4321923  100.00%

