--------
Total Statistics
--------
Total Instructions: 2098852939
Total Cycles: 8502310614
IPC: 0.246857

--------
Single level Tlb hierarchy
--------
  Data Tlb:
    Entries:          64
    Page Size(B):   4096
    Associativity:      2

Latencies:    0  150
Tlb-Sets:   32 - LRU - assoc:   2

Tlb Stats:
Tlb-Load-Hits:         563763232   94.26%
Tlb-Load-Misses:        34350132    5.74%
Tlb-Load-Accesses:     598113364  100.00%

Tlb-Store-Hits:         125772048   99.35%
Tlb-Store-Misses:          828403    0.65%
Tlb-Store-Accesses:     126600451  100.00%

Tlb-Total-Hits:         689535280   95.15%
Tlb-Total-Misses:        35178535    4.85%
Tlb-Total-Accesses:     724713815  100.00%



--------
Two level Cache hierarchy
--------
  L1-Data Cache:
    Size(KB):          32
    Block Size(B):     64
    Associativity:      8

  L2-Data Cache:
    Size(KB):        1024
    Block Size(B):    128
    Associativity:      8

Latencies:    1   10  250
L1-Sets:   64 - LRU - assoc:   8
L2-Sets: 1024 - LRU - assoc:   8
Store_allocation: Yes
L2_inclusive: Yes
L2_prefetching: No

L1 Cache Stats:
L1-Load-Hits:         594404541   99.38%
L1-Load-Misses:         3708823    0.62%
L1-Load-Accesses:     598113364  100.00%

L1-Store-Hits:         125986963   99.52%
L1-Store-Misses:          613488    0.48%
L1-Store-Accesses:     126600451  100.00%

L1-Total-Hits:         720391504   99.40%
L1-Total-Misses:         4322311    0.60%
L1-Total-Accesses:     724713815  100.00%

L2 Cache Stats:
L2-Load-Hits:           2478772   66.83%
L2-Load-Misses:         1230051   33.17%
L2-Load-Accesses:       3708823  100.00%

L2-Store-Hits:            408577   66.60%
L2-Store-Misses:          204911   33.40%
L2-Store-Accesses:        613488  100.00%

L2-Total-Hits:           2887349   66.80%
L2-Total-Misses:         1434962   33.20%
L2-Total-Accesses:       4322311  100.00%

