--------
Total Statistics
--------
Total Instructions: 2098852964
Total Cycles: 3232562597
IPC: 0.649285

--------
Single level Tlb hierarchy
--------
  Data Tlb:
    Entries:          64
    Page Size(B):   4096
    Associativity:      8

Latencies:    0  150
Tlb-Sets:    8 - LRU - assoc:   8

Tlb Stats:
Tlb-Load-Hits:         598073141   99.99%
Tlb-Load-Misses:           40231    0.01%
Tlb-Load-Accesses:     598113372  100.00%

Tlb-Store-Hits:         126593948   99.99%
Tlb-Store-Misses:            6503    0.01%
Tlb-Store-Accesses:     126600451  100.00%

Tlb-Total-Hits:         724667089   99.99%
Tlb-Total-Misses:           46734    0.01%
Tlb-Total-Accesses:     724713823  100.00%



--------
Two level Cache hierarchy
--------
  L1-Data Cache:
    Size(KB):          32
    Block Size(B):     64
    Associativity:      8

  L2-Data Cache:
    Size(KB):        1024
    Block Size(B):    128
    Associativity:      8

Latencies:    1   10  250
L1-Sets:   64 - LRU - assoc:   8
L2-Sets: 1024 - LRU - assoc:   8
Store_allocation: Yes
L2_inclusive: Yes
L2_prefetching: No

L1 Cache Stats:
L1-Load-Hits:         594404945   99.38%
L1-Load-Misses:         3708427    0.62%
L1-Load-Accesses:     598113372  100.00%

L1-Store-Hits:         125974457   99.51%
L1-Store-Misses:          625994    0.49%
L1-Store-Accesses:     126600451  100.00%

L1-Total-Hits:         720379402   99.40%
L1-Total-Misses:         4334421    0.60%
L1-Total-Accesses:     724713823  100.00%

L2 Cache Stats:
L2-Load-Hits:           2478773   66.84%
L2-Load-Misses:         1229654   33.16%
L2-Load-Accesses:       3708427  100.00%

L2-Store-Hits:            421082   67.27%
L2-Store-Misses:          204912   32.73%
L2-Store-Accesses:        625994  100.00%

L2-Total-Hits:           2899855   66.90%
L2-Total-Misses:         1434566   33.10%
L2-Total-Accesses:       4334421  100.00%

