--------
Total Statistics
--------
Total Instructions: 2098852939
Total Cycles: 8245658134
IPC: 0.25454

--------
Single level Tlb hierarchy
--------
  Data Tlb:
    Entries:         256
    Page Size(B):   4096
    Associativity:      4

Latencies:    0  150
Tlb-Sets:   64 - LRU - assoc:   4

Tlb Stats:
Tlb-Load-Hits:         564756234   94.42%
Tlb-Load-Misses:        33357130    5.58%
Tlb-Load-Accesses:     598113364  100.00%

Tlb-Store-Hits:         126490049   99.91%
Tlb-Store-Misses:          110402    0.09%
Tlb-Store-Accesses:     126600451  100.00%

Tlb-Total-Hits:         691246283   95.38%
Tlb-Total-Misses:        33467532    4.62%
Tlb-Total-Accesses:     724713815  100.00%



--------
Two level Cache hierarchy
--------
  L1-Data Cache:
    Size(KB):          32
    Block Size(B):     64
    Associativity:      8

  L2-Data Cache:
    Size(KB):        1024
    Block Size(B):    128
    Associativity:      8

Latencies:    1   10  250
L1-Sets:   64 - LRU - assoc:   8
L2-Sets: 1024 - LRU - assoc:   8
Store_allocation: Yes
L2_inclusive: Yes
L2_prefetching: No

L1 Cache Stats:
L1-Load-Hits:         594404537   99.38%
L1-Load-Misses:         3708827    0.62%
L1-Load-Accesses:     598113364  100.00%

L1-Store-Hits:         125987170   99.52%
L1-Store-Misses:          613281    0.48%
L1-Store-Accesses:     126600451  100.00%

L1-Total-Hits:         720391707   99.40%
L1-Total-Misses:         4322108    0.60%
L1-Total-Accesses:     724713815  100.00%

L2 Cache Stats:
L2-Load-Hits:           2478776   66.83%
L2-Load-Misses:         1230051   33.17%
L2-Load-Accesses:       3708827  100.00%

L2-Store-Hits:            408370   66.59%
L2-Store-Misses:          204911   33.41%
L2-Store-Accesses:        613281  100.00%

L2-Total-Hits:           2887146   66.80%
L2-Total-Misses:         1434962   33.20%
L2-Total-Accesses:       4322108  100.00%

