--------
Total Statistics
--------
Total Instructions: 2098852964
Total Cycles: 14424265807
IPC: 0.145508

--------
Single level Tlb hierarchy
--------
  Data Tlb:
    Entries:          64
    Page Size(B):   4096
    Associativity:      1

Latencies:    0  150
Tlb-Sets:   64 - LRU - assoc:   1

Tlb Stats:
Tlb-Load-Hits:         524357229   87.67%
Tlb-Load-Misses:        73756143   12.33%
Tlb-Load-Accesses:     598113372  100.00%

Tlb-Store-Hits:         125698847   99.29%
Tlb-Store-Misses:          901604    0.71%
Tlb-Store-Accesses:     126600451  100.00%

Tlb-Total-Hits:         650056076   89.70%
Tlb-Total-Misses:        74657747   10.30%
Tlb-Total-Accesses:     724713823  100.00%



--------
Two level Cache hierarchy
--------
  L1-Data Cache:
    Size(KB):          32
    Block Size(B):     64
    Associativity:      8

  L2-Data Cache:
    Size(KB):        1024
    Block Size(B):    128
    Associativity:      8

Latencies:    1   10  250
L1-Sets:   64 - LRU - assoc:   8
L2-Sets: 1024 - LRU - assoc:   8
Store_allocation: Yes
L2_inclusive: Yes
L2_prefetching: No

L1 Cache Stats:
L1-Load-Hits:         594404744   99.38%
L1-Load-Misses:         3708628    0.62%
L1-Load-Accesses:     598113372  100.00%

L1-Store-Hits:         125974457   99.51%
L1-Store-Misses:          625994    0.49%
L1-Store-Accesses:     126600451  100.00%

L1-Total-Hits:         720379201   99.40%
L1-Total-Misses:         4334622    0.60%
L1-Total-Accesses:     724713823  100.00%

L2 Cache Stats:
L2-Load-Hits:           2478777   66.84%
L2-Load-Misses:         1229851   33.16%
L2-Load-Accesses:       3708628  100.00%

L2-Store-Hits:            421082   67.27%
L2-Store-Misses:          204912   32.73%
L2-Store-Accesses:        625994  100.00%

L2-Total-Hits:           2899859   66.90%
L2-Total-Misses:         1434763   33.10%
L2-Total-Accesses:       4334622  100.00%

