--------
Total Statistics
--------
Total Instructions: 10308505635
Total Cycles: 16529973789
IPC: 0.623625

--------
Single level Tlb hierarchy
--------
  Data Tlb:
    Entries:          64
    Page Size(B):   4096
    Associativity:     32

Latencies:    0  150
Tlb-Sets:    2 - LRU - assoc:  32

Tlb Stats:
Tlb-Load-Hits:        2170473065   99.39%
Tlb-Load-Misses:        13415722    0.61%
Tlb-Load-Accesses:    2183888787  100.00%

Tlb-Store-Hits:         573809154   99.97%
Tlb-Store-Misses:          177613    0.03%
Tlb-Store-Accesses:     573986767  100.00%

Tlb-Total-Hits:        2744282219   99.51%
Tlb-Total-Misses:        13593335    0.49%
Tlb-Total-Accesses:    2757875554  100.00%



--------
Two level Cache hierarchy
--------
  L1-Data Cache:
    Size(KB):          32
    Block Size(B):     64
    Associativity:      8

  L2-Data Cache:
    Size(KB):        1024
    Block Size(B):    128
    Associativity:      8

Latencies:    1   10  250
L1-Sets:   64 - LRU - assoc:   8
L2-Sets: 1024 - LRU - assoc:   8
Store_allocation: Yes
L2_inclusive: Yes
L2_prefetching: No

L1 Cache Stats:
L1-Load-Hits:        2072958455   94.92%
L1-Load-Misses:       110930332    5.08%
L1-Load-Accesses:    2183888787  100.00%

L1-Store-Hits:         568017464   98.96%
L1-Store-Misses:         5969303    1.04%
L1-Store-Accesses:     573986767  100.00%

L1-Total-Hits:        2640975919   95.76%
L1-Total-Misses:       116899635    4.24%
L1-Total-Accesses:    2757875554  100.00%

L2 Cache Stats:
L2-Load-Hits:         110337789   99.47%
L2-Load-Misses:          592543    0.53%
L2-Load-Accesses:     110930332  100.00%

L2-Store-Hits:           5539462   92.80%
L2-Store-Misses:          429841    7.20%
L2-Store-Accesses:       5969303  100.00%

L2-Total-Hits:         115877251   99.13%
L2-Total-Misses:         1022384    0.87%
L2-Total-Accesses:     116899635  100.00%

