--------
Total Statistics
--------
Total Instructions: 10308506131
Total Cycles: 16526139815
IPC: 0.62377

--------
Single level Tlb hierarchy
--------
  Data Tlb:
    Entries:          64
    Page Size(B):   4096
    Associativity:      8

Latencies:    0  150
Tlb-Sets:    8 - LRU - assoc:   8

Tlb Stats:
Tlb-Load-Hits:        2170473058   99.39%
Tlb-Load-Misses:        13415729    0.61%
Tlb-Load-Accesses:    2183888787  100.00%

Tlb-Store-Hits:         573809224   99.97%
Tlb-Store-Misses:          177543    0.03%
Tlb-Store-Accesses:     573986767  100.00%

Tlb-Total-Hits:        2744282282   99.51%
Tlb-Total-Misses:        13593272    0.49%
Tlb-Total-Accesses:    2757875554  100.00%



--------
Two level Cache hierarchy
--------
  L1-Data Cache:
    Size(KB):          32
    Block Size(B):     64
    Associativity:      8

  L2-Data Cache:
    Size(KB):        1024
    Block Size(B):    128
    Associativity:      8

Latencies:    1   10  250
L1-Sets:   64 - LRU - assoc:   8
L2-Sets: 1024 - LRU - assoc:   8
Store_allocation: Yes
L2_inclusive: Yes
L2_prefetching: No

L1 Cache Stats:
L1-Load-Hits:        2073105678   94.93%
L1-Load-Misses:       110783109    5.07%
L1-Load-Accesses:    2183888787  100.00%

L1-Store-Hits:         568182218   98.99%
L1-Store-Misses:         5804549    1.01%
L1-Store-Accesses:     573986767  100.00%

L1-Total-Hits:        2641287896   95.77%
L1-Total-Misses:       116587658    4.23%
L1-Total-Accesses:    2757875554  100.00%

L2 Cache Stats:
L2-Load-Hits:         110193223   99.47%
L2-Load-Misses:          589886    0.53%
L2-Load-Accesses:     110783109  100.00%

L2-Store-Hits:           5374872   92.60%
L2-Store-Misses:          429677    7.40%
L2-Store-Accesses:       5804549  100.00%

L2-Total-Hits:         115568095   99.13%
L2-Total-Misses:         1019563    0.87%
L2-Total-Accesses:     116587658  100.00%

