--------
Total Statistics
--------
Total Instructions: 10308505635
Total Cycles: 16538791639
IPC: 0.623293

--------
Single level Tlb hierarchy
--------
  Data Tlb:
    Entries:          64
    Page Size(B):   4096
    Associativity:     64

Latencies:    0  150
Tlb-Sets:    1 - LRU - assoc:  64

Tlb Stats:
Tlb-Load-Hits:        2170473048   99.39%
Tlb-Load-Misses:        13415739    0.61%
Tlb-Load-Accesses:    2183888787  100.00%

Tlb-Store-Hits:         573729146   99.96%
Tlb-Store-Misses:          257621    0.04%
Tlb-Store-Accesses:     573986767  100.00%

Tlb-Total-Hits:        2744202194   99.50%
Tlb-Total-Misses:        13673360    0.50%
Tlb-Total-Accesses:    2757875554  100.00%



--------
Two level Cache hierarchy
--------
  L1-Data Cache:
    Size(KB):          32
    Block Size(B):     64
    Associativity:      8

  L2-Data Cache:
    Size(KB):        1024
    Block Size(B):    128
    Associativity:      8

Latencies:    1   10  250
L1-Sets:   64 - LRU - assoc:   8
L2-Sets: 1024 - LRU - assoc:   8
Store_allocation: Yes
L2_inclusive: Yes
L2_prefetching: No

L1 Cache Stats:
L1-Load-Hits:        2073064072   94.93%
L1-Load-Misses:       110824715    5.07%
L1-Load-Accesses:    2183888787  100.00%

L1-Store-Hits:         568241587   99.00%
L1-Store-Misses:         5745180    1.00%
L1-Store-Accesses:     573986767  100.00%

L1-Total-Hits:        2641305659   95.77%
L1-Total-Misses:       116569895    4.23%
L1-Total-Accesses:    2757875554  100.00%

L2 Cache Stats:
L2-Load-Hits:         110231875   99.47%
L2-Load-Misses:          592840    0.53%
L2-Load-Accesses:     110824715  100.00%

L2-Store-Hits:           5315190   92.52%
L2-Store-Misses:          429990    7.48%
L2-Store-Accesses:       5745180  100.00%

L2-Total-Hits:         115547065   99.12%
L2-Total-Misses:         1022830    0.88%
L2-Total-Accesses:     116569895  100.00%

