--------
Total Statistics
--------
Total Instructions: 10308506131
Total Cycles: 16526268865
IPC: 0.623765

--------
Single level Tlb hierarchy
--------
  Data Tlb:
    Entries:          64
    Page Size(B):   4096
    Associativity:     16

Latencies:    0  150
Tlb-Sets:    4 - LRU - assoc:  16

Tlb Stats:
Tlb-Load-Hits:        2170473041   99.39%
Tlb-Load-Misses:        13415746    0.61%
Tlb-Load-Accesses:    2183888787  100.00%

Tlb-Store-Hits:         573809156   99.97%
Tlb-Store-Misses:          177611    0.03%
Tlb-Store-Accesses:     573986767  100.00%

Tlb-Total-Hits:        2744282197   99.51%
Tlb-Total-Misses:        13593357    0.49%
Tlb-Total-Accesses:    2757875554  100.00%



--------
Two level Cache hierarchy
--------
  L1-Data Cache:
    Size(KB):          32
    Block Size(B):     64
    Associativity:      8

  L2-Data Cache:
    Size(KB):        1024
    Block Size(B):    128
    Associativity:      8

Latencies:    1   10  250
L1-Sets:   64 - LRU - assoc:   8
L2-Sets: 1024 - LRU - assoc:   8
Store_allocation: Yes
L2_inclusive: Yes
L2_prefetching: No

L1 Cache Stats:
L1-Load-Hits:        2073052566   94.92%
L1-Load-Misses:       110836221    5.08%
L1-Load-Accesses:    2183888787  100.00%

L1-Store-Hits:         568281175   99.01%
L1-Store-Misses:         5705592    0.99%
L1-Store-Accesses:     573986767  100.00%

L1-Total-Hits:        2641333741   95.77%
L1-Total-Misses:       116541813    4.23%
L1-Total-Accesses:    2757875554  100.00%

L2 Cache Stats:
L2-Load-Hits:         110244132   99.47%
L2-Load-Misses:          592089    0.53%
L2-Load-Accesses:     110836221  100.00%

L2-Store-Hits:           5275819   92.47%
L2-Store-Misses:          429773    7.53%
L2-Store-Accesses:       5705592  100.00%

L2-Total-Hits:         115519951   99.12%
L2-Total-Misses:         1021862    0.88%
L2-Total-Accesses:     116541813  100.00%

