--------
Total Statistics
--------
Total Instructions: 10308506131
Total Cycles: 14523551725
IPC: 0.709779

--------
Single level Tlb hierarchy
--------
  Data Tlb:
    Entries:         256
    Page Size(B):   4096
    Associativity:      4

Latencies:    0  150
Tlb-Sets:   64 - LRU - assoc:   4

Tlb Stats:
Tlb-Load-Hits:        2183698389   99.99%
Tlb-Load-Misses:          190398    0.01%
Tlb-Load-Accesses:    2183888787  100.00%

Tlb-Store-Hits:         573918219   99.99%
Tlb-Store-Misses:           68548    0.01%
Tlb-Store-Accesses:     573986767  100.00%

Tlb-Total-Hits:        2757616608   99.99%
Tlb-Total-Misses:          258946    0.01%
Tlb-Total-Accesses:    2757875554  100.00%



--------
Two level Cache hierarchy
--------
  L1-Data Cache:
    Size(KB):          32
    Block Size(B):     64
    Associativity:      8

  L2-Data Cache:
    Size(KB):        1024
    Block Size(B):    128
    Associativity:      8

Latencies:    1   10  250
L1-Sets:   64 - LRU - assoc:   8
L2-Sets: 1024 - LRU - assoc:   8
Store_allocation: Yes
L2_inclusive: Yes
L2_prefetching: No

L1 Cache Stats:
L1-Load-Hits:        2073213795   94.93%
L1-Load-Misses:       110674992    5.07%
L1-Load-Accesses:    2183888787  100.00%

L1-Store-Hits:         568350920   99.02%
L1-Store-Misses:         5635847    0.98%
L1-Store-Accesses:     573986767  100.00%

L1-Total-Hits:        2641564715   95.78%
L1-Total-Misses:       116310839    4.22%
L1-Total-Accesses:    2757875554  100.00%

L2 Cache Stats:
L2-Load-Hits:         110083966   99.47%
L2-Load-Misses:          591026    0.53%
L2-Load-Accesses:     110674992  100.00%

L2-Store-Hits:           5205994   92.37%
L2-Store-Misses:          429853    7.63%
L2-Store-Accesses:       5635847  100.00%

L2-Total-Hits:         115289960   99.12%
L2-Total-Misses:         1020879    0.88%
L2-Total-Accesses:     116310839  100.00%

