--------
Total Statistics
--------
Total Instructions: 10308506131
Total Cycles: 16548636425
IPC: 0.622922

--------
Single level Tlb hierarchy
--------
  Data Tlb:
    Entries:          64
    Page Size(B):   4096
    Associativity:      4

Latencies:    0  150
Tlb-Sets:   16 - LRU - assoc:   4

Tlb Stats:
Tlb-Load-Hits:        2170403637   99.38%
Tlb-Load-Misses:        13485150    0.62%
Tlb-Load-Accesses:    2183888787  100.00%

Tlb-Store-Hits:         573729254   99.96%
Tlb-Store-Misses:          257513    0.04%
Tlb-Store-Accesses:     573986767  100.00%

Tlb-Total-Hits:        2744132891   99.50%
Tlb-Total-Misses:        13742663    0.50%
Tlb-Total-Accesses:    2757875554  100.00%



--------
Two level Cache hierarchy
--------
  L1-Data Cache:
    Size(KB):          32
    Block Size(B):     64
    Associativity:      8

  L2-Data Cache:
    Size(KB):        1024
    Block Size(B):    128
    Associativity:      8

Latencies:    1   10  250
L1-Sets:   64 - LRU - assoc:   8
L2-Sets: 1024 - LRU - assoc:   8
Store_allocation: Yes
L2_inclusive: Yes
L2_prefetching: No

L1 Cache Stats:
L1-Load-Hits:        2073030174   94.92%
L1-Load-Misses:       110858613    5.08%
L1-Load-Accesses:    2183888787  100.00%

L1-Store-Hits:         568255401   99.00%
L1-Store-Misses:         5731366    1.00%
L1-Store-Accesses:     573986767  100.00%

L1-Total-Hits:        2641285575   95.77%
L1-Total-Misses:       116589979    4.23%
L1-Total-Accesses:    2757875554  100.00%

L2 Cache Stats:
L2-Load-Hits:         110268515   99.47%
L2-Load-Misses:          590098    0.53%
L2-Load-Accesses:     110858613  100.00%

L2-Store-Hits:           5301642   92.50%
L2-Store-Misses:          429724    7.50%
L2-Store-Accesses:       5731366  100.00%

L2-Total-Hits:         115570157   99.13%
L2-Total-Misses:         1019822    0.87%
L2-Total-Accesses:     116589979  100.00%

