--------
Total Statistics
--------
Total Instructions: 10308506131
Total Cycles: 18849060805
IPC: 0.546898

--------
Single level Tlb hierarchy
--------
  Data Tlb:
    Entries:          64
    Page Size(B):   4096
    Associativity:      1

Latencies:    0  150
Tlb-Sets:   64 - LRU - assoc:   1

Tlb Stats:
Tlb-Load-Hits:        2155799404   98.71%
Tlb-Load-Misses:        28089383    1.29%
Tlb-Load-Accesses:    2183888787  100.00%

Tlb-Store-Hits:         573012718   99.83%
Tlb-Store-Misses:          974049    0.17%
Tlb-Store-Accesses:     573986767  100.00%

Tlb-Total-Hits:        2728812122   98.95%
Tlb-Total-Misses:        29063432    1.05%
Tlb-Total-Accesses:    2757875554  100.00%



--------
Two level Cache hierarchy
--------
  L1-Data Cache:
    Size(KB):          32
    Block Size(B):     64
    Associativity:      8

  L2-Data Cache:
    Size(KB):        1024
    Block Size(B):    128
    Associativity:      8

Latencies:    1   10  250
L1-Sets:   64 - LRU - assoc:   8
L2-Sets: 1024 - LRU - assoc:   8
Store_allocation: Yes
L2_inclusive: Yes
L2_prefetching: No

L1 Cache Stats:
L1-Load-Hits:        2072975800   94.92%
L1-Load-Misses:       110912987    5.08%
L1-Load-Accesses:    2183888787  100.00%

L1-Store-Hits:         568087397   98.97%
L1-Store-Misses:         5899370    1.03%
L1-Store-Accesses:     573986767  100.00%

L1-Total-Hits:        2641063197   95.76%
L1-Total-Misses:       116812357    4.24%
L1-Total-Accesses:    2757875554  100.00%

L2 Cache Stats:
L2-Load-Hits:         110322528   99.47%
L2-Load-Misses:          590459    0.53%
L2-Load-Accesses:     110912987  100.00%

L2-Store-Hits:           5469666   92.72%
L2-Store-Misses:          429704    7.28%
L2-Store-Accesses:       5899370  100.00%

L2-Total-Hits:         115792194   99.13%
L2-Total-Misses:         1020163    0.87%
L2-Total-Accesses:     116812357  100.00%

