--------
Total Statistics
--------
Total Instructions: 1514103347
Total Cycles: 16539237086
IPC: 0.0915461

--------
Single level Tlb hierarchy
--------
  Data Tlb:
    Entries:          64
    Page Size(B):   4096
    Associativity:      4

Latencies:    0  150
Tlb-Sets:   16 - LRU - assoc:   4

Tlb Stats:
Tlb-Load-Hits:         242721648   86.02%
Tlb-Load-Misses:        39435727   13.98%
Tlb-Load-Accesses:     282157375  100.00%

Tlb-Store-Hits:          76138557   99.55%
Tlb-Store-Misses:          344977    0.45%
Tlb-Store-Accesses:      76483534  100.00%

Tlb-Total-Hits:         318860205   88.91%
Tlb-Total-Misses:        39780704   11.09%
Tlb-Total-Accesses:     358640909  100.00%



--------
Two level Cache hierarchy
--------
  L1-Data Cache:
    Size(KB):          32
    Block Size(B):     64
    Associativity:      8

  L2-Data Cache:
    Size(KB):        1024
    Block Size(B):    128
    Associativity:      8

Latencies:    1   10  250
L1-Sets:   64 - LRU - assoc:   8
L2-Sets: 1024 - LRU - assoc:   8
Store_allocation: Yes
L2_inclusive: Yes
L2_prefetching: No

L1 Cache Stats:
L1-Load-Hits:         210071132   74.45%
L1-Load-Misses:        72086243   25.55%
L1-Load-Accesses:     282157375  100.00%

L1-Store-Hits:          76474104   99.99%
L1-Store-Misses:            9430    0.01%
L1-Store-Accesses:      76483534  100.00%

L1-Total-Hits:         286545236   79.90%
L1-Total-Misses:        72095673   20.10%
L1-Total-Accesses:     358640909  100.00%

L2 Cache Stats:
L2-Load-Hits:          40174585   55.73%
L2-Load-Misses:        31911658   44.27%
L2-Load-Accesses:      72086243  100.00%

L2-Store-Hits:              7366   78.11%
L2-Store-Misses:            2064   21.89%
L2-Store-Accesses:          9430  100.00%

L2-Total-Hits:          40181951   55.73%
L2-Total-Misses:        31913722   44.27%
L2-Total-Accesses:      72095673  100.00%

