--------
Total Statistics
--------
Total Instructions: 1514103347
Total Cycles: 15394891486
IPC: 0.098351

--------
Single level Tlb hierarchy
--------
  Data Tlb:
    Entries:          64
    Page Size(B):   4096
    Associativity:     64

Latencies:    0  150
Tlb-Sets:    1 - LRU - assoc:  64

Tlb Stats:
Tlb-Load-Hits:         250124353   88.65%
Tlb-Load-Misses:        32033022   11.35%
Tlb-Load-Accesses:     282157375  100.00%

Tlb-Store-Hits:          76364342   99.84%
Tlb-Store-Misses:          119192    0.16%
Tlb-Store-Accesses:      76483534  100.00%

Tlb-Total-Hits:         326488695   91.03%
Tlb-Total-Misses:        32152214    8.97%
Tlb-Total-Accesses:     358640909  100.00%



--------
Two level Cache hierarchy
--------
  L1-Data Cache:
    Size(KB):          32
    Block Size(B):     64
    Associativity:      8

  L2-Data Cache:
    Size(KB):        1024
    Block Size(B):    128
    Associativity:      8

Latencies:    1   10  250
L1-Sets:   64 - LRU - assoc:   8
L2-Sets: 1024 - LRU - assoc:   8
Store_allocation: Yes
L2_inclusive: Yes
L2_prefetching: No

L1 Cache Stats:
L1-Load-Hits:         210078520   74.45%
L1-Load-Misses:        72078855   25.55%
L1-Load-Accesses:     282157375  100.00%

L1-Store-Hits:          76474501   99.99%
L1-Store-Misses:            9033    0.01%
L1-Store-Accesses:      76483534  100.00%

L1-Total-Hits:         286553021   79.90%
L1-Total-Misses:        72087888   20.10%
L1-Total-Accesses:     358640909  100.00%

L2 Cache Stats:
L2-Load-Hits:          40167086   55.73%
L2-Load-Misses:        31911769   44.27%
L2-Load-Accesses:      72078855  100.00%

L2-Store-Hits:              7057   78.12%
L2-Store-Misses:            1976   21.88%
L2-Store-Accesses:          9033  100.00%

L2-Total-Hits:          40174143   55.73%
L2-Total-Misses:        31913745   44.27%
L2-Total-Accesses:      72087888  100.00%

