--------
Total Statistics
--------
Total Instructions: 1514103347
Total Cycles: 15445070406
IPC: 0.0980315

--------
Single level Tlb hierarchy
--------
  Data Tlb:
    Entries:          64
    Page Size(B):   4096
    Associativity:     32

Latencies:    0  150
Tlb-Sets:    2 - LRU - assoc:  32

Tlb Stats:
Tlb-Load-Hits:         249848456   88.55%
Tlb-Load-Misses:        32308919   11.45%
Tlb-Load-Accesses:     282157375  100.00%

Tlb-Store-Hits:          76313057   99.78%
Tlb-Store-Misses:          170477    0.22%
Tlb-Store-Accesses:      76483534  100.00%

Tlb-Total-Hits:         326161513   90.94%
Tlb-Total-Misses:        32479396    9.06%
Tlb-Total-Accesses:     358640909  100.00%



--------
Two level Cache hierarchy
--------
  L1-Data Cache:
    Size(KB):          32
    Block Size(B):     64
    Associativity:      8

  L2-Data Cache:
    Size(KB):        1024
    Block Size(B):    128
    Associativity:      8

Latencies:    1   10  250
L1-Sets:   64 - LRU - assoc:   8
L2-Sets: 1024 - LRU - assoc:   8
Store_allocation: Yes
L2_inclusive: Yes
L2_prefetching: No

L1 Cache Stats:
L1-Load-Hits:         210062780   74.45%
L1-Load-Misses:        72094595   25.55%
L1-Load-Accesses:     282157375  100.00%

L1-Store-Hits:          76473729   99.99%
L1-Store-Misses:            9805    0.01%
L1-Store-Accesses:      76483534  100.00%

L1-Total-Hits:         286536509   79.90%
L1-Total-Misses:        72104400   20.10%
L1-Total-Accesses:     358640909  100.00%

L2 Cache Stats:
L2-Load-Hits:          40179532   55.73%
L2-Load-Misses:        31915063   44.27%
L2-Load-Accesses:      72094595  100.00%

L2-Store-Hits:              7377   75.24%
L2-Store-Misses:            2428   24.76%
L2-Store-Accesses:          9805  100.00%

L2-Total-Hits:          40186909   55.73%
L2-Total-Misses:        31917491   44.27%
L2-Total-Accesses:      72104400  100.00%

