--------
Total Statistics
--------
Total Instructions: 1514103347
Total Cycles: 15554492136
IPC: 0.0973419

--------
Single level Tlb hierarchy
--------
  Data Tlb:
    Entries:          64
    Page Size(B):   4096
    Associativity:     16

Latencies:    0  150
Tlb-Sets:    4 - LRU - assoc:  16

Tlb Stats:
Tlb-Load-Hits:         249109383   88.29%
Tlb-Load-Misses:        33047992   11.71%
Tlb-Load-Accesses:     282157375  100.00%

Tlb-Store-Hits:          76309906   99.77%
Tlb-Store-Misses:          173628    0.23%
Tlb-Store-Accesses:      76483534  100.00%

Tlb-Total-Hits:         325419289   90.74%
Tlb-Total-Misses:        33221620    9.26%
Tlb-Total-Accesses:     358640909  100.00%



--------
Two level Cache hierarchy
--------
  L1-Data Cache:
    Size(KB):          32
    Block Size(B):     64
    Associativity:      8

  L2-Data Cache:
    Size(KB):        1024
    Block Size(B):    128
    Associativity:      8

Latencies:    1   10  250
L1-Sets:   64 - LRU - assoc:   8
L2-Sets: 1024 - LRU - assoc:   8
Store_allocation: Yes
L2_inclusive: Yes
L2_prefetching: No

L1 Cache Stats:
L1-Load-Hits:         210088130   74.46%
L1-Load-Misses:        72069245   25.54%
L1-Load-Accesses:     282157375  100.00%

L1-Store-Hits:          76474541   99.99%
L1-Store-Misses:            8993    0.01%
L1-Store-Accesses:      76483534  100.00%

L1-Total-Hits:         286562671   79.90%
L1-Total-Misses:        72078238   20.10%
L1-Total-Accesses:     358640909  100.00%

L2 Cache Stats:
L2-Load-Hits:          40160322   55.72%
L2-Load-Misses:        31908923   44.28%
L2-Load-Accesses:      72069245  100.00%

L2-Store-Hits:              7026   78.13%
L2-Store-Misses:            1967   21.87%
L2-Store-Accesses:          8993  100.00%

L2-Total-Hits:          40167348   55.73%
L2-Total-Misses:        31910890   44.27%
L2-Total-Accesses:      72078238  100.00%

