--------
Total Statistics
--------
Total Instructions: 8310935028
Total Cycles: 12939706281
IPC: 0.642282

--------
Single level Tlb hierarchy
--------
  Data Tlb:
    Entries:          64
    Page Size(B):   4096
    Associativity:      4

Latencies:    0  150
Tlb-Sets:   16 - LRU - assoc:   4

Tlb Stats:
Tlb-Load-Hits:        1869902168   99.97%
Tlb-Load-Misses:          564944    0.03%
Tlb-Load-Accesses:    1870467112  100.00%

Tlb-Store-Hits:         185876061   99.85%
Tlb-Store-Misses:          279840    0.15%
Tlb-Store-Accesses:     186155901  100.00%

Tlb-Total-Hits:        2055778229   99.96%
Tlb-Total-Misses:          844784    0.04%
Tlb-Total-Accesses:    2056623013  100.00%



--------
Two level Cache hierarchy
--------
  L1-Data Cache:
    Size(KB):          32
    Block Size(B):     64
    Associativity:      8

  L2-Data Cache:
    Size(KB):        1024
    Block Size(B):    128
    Associativity:      8

Latencies:    1   10  250
L1-Sets:   64 - LRU - assoc:   8
L2-Sets: 1024 - LRU - assoc:   8
Store_allocation: Yes
L2_inclusive: Yes
L2_prefetching: No

L1 Cache Stats:
L1-Load-Hits:        1848525741   98.83%
L1-Load-Misses:        21941371    1.17%
L1-Load-Accesses:    1870467112  100.00%

L1-Store-Hits:         180660133   97.05%
L1-Store-Misses:         5495768    2.95%
L1-Store-Accesses:     186155901  100.00%

L1-Total-Hits:        2029185874   98.67%
L1-Total-Misses:        27437139    1.33%
L1-Total-Accesses:    2056623013  100.00%

L2 Cache Stats:
L2-Load-Hits:          15976151   72.81%
L2-Load-Misses:         5965220   27.19%
L2-Load-Accesses:      21941371  100.00%

L2-Store-Hits:           2776751   50.53%
L2-Store-Misses:         2719017   49.47%
L2-Store-Accesses:       5495768  100.00%

L2-Total-Hits:          18752902   68.35%
L2-Total-Misses:         8684237   31.65%
L2-Total-Accesses:      27437139  100.00%

