--------
Total Statistics
--------
Total Instructions: 8310935028
Total Cycles: 15678905861
IPC: 0.530071

--------
Single level Tlb hierarchy
--------
  Data Tlb:
    Entries:          64
    Page Size(B):   4096
    Associativity:      1

Latencies:    0  150
Tlb-Sets:   64 - LRU - assoc:   1

Tlb Stats:
Tlb-Load-Hits:        1851799167   99.00%
Tlb-Load-Misses:        18667945    1.00%
Tlb-Load-Accesses:    1870467112  100.00%

Tlb-Store-Hits:         185717639   99.76%
Tlb-Store-Misses:          438262    0.24%
Tlb-Store-Accesses:     186155901  100.00%

Tlb-Total-Hits:        2037516806   99.07%
Tlb-Total-Misses:        19106207    0.93%
Tlb-Total-Accesses:    2056623013  100.00%



--------
Two level Cache hierarchy
--------
  L1-Data Cache:
    Size(KB):          32
    Block Size(B):     64
    Associativity:      8

  L2-Data Cache:
    Size(KB):        1024
    Block Size(B):    128
    Associativity:      8

Latencies:    1   10  250
L1-Sets:   64 - LRU - assoc:   8
L2-Sets: 1024 - LRU - assoc:   8
Store_allocation: Yes
L2_inclusive: Yes
L2_prefetching: No

L1 Cache Stats:
L1-Load-Hits:        1848526342   98.83%
L1-Load-Misses:        21940770    1.17%
L1-Load-Accesses:    1870467112  100.00%

L1-Store-Hits:         180660494   97.05%
L1-Store-Misses:         5495407    2.95%
L1-Store-Accesses:     186155901  100.00%

L1-Total-Hits:        2029186836   98.67%
L1-Total-Misses:        27436177    1.33%
L1-Total-Accesses:    2056623013  100.00%

L2 Cache Stats:
L2-Load-Hits:          15975602   72.81%
L2-Load-Misses:         5965168   27.19%
L2-Load-Accesses:      21940770  100.00%

L2-Store-Hits:           2776355   50.52%
L2-Store-Misses:         2719052   49.48%
L2-Store-Accesses:       5495407  100.00%

L2-Total-Hits:          18751957   68.35%
L2-Total-Misses:         8684220   31.65%
L2-Total-Accesses:      27436177  100.00%

