--------
Total Statistics
--------
Total Instructions: 8310935028
Total Cycles: 13058433361
IPC: 0.636442

--------
Single level Tlb hierarchy
--------
  Data Tlb:
    Entries:          64
    Page Size(B):   4096
    Associativity:      2

Latencies:    0  150
Tlb-Sets:   32 - LRU - assoc:   2

Tlb Stats:
Tlb-Load-Hits:        1869117598   99.93%
Tlb-Load-Misses:         1349514    0.07%
Tlb-Load-Accesses:    1870467112  100.00%

Tlb-Store-Hits:         185868934   99.85%
Tlb-Store-Misses:          286967    0.15%
Tlb-Store-Accesses:     186155901  100.00%

Tlb-Total-Hits:        2054986532   99.92%
Tlb-Total-Misses:         1636481    0.08%
Tlb-Total-Accesses:    2056623013  100.00%



--------
Two level Cache hierarchy
--------
  L1-Data Cache:
    Size(KB):          32
    Block Size(B):     64
    Associativity:      8

  L2-Data Cache:
    Size(KB):        1024
    Block Size(B):    128
    Associativity:      8

Latencies:    1   10  250
L1-Sets:   64 - LRU - assoc:   8
L2-Sets: 1024 - LRU - assoc:   8
Store_allocation: Yes
L2_inclusive: Yes
L2_prefetching: No

L1 Cache Stats:
L1-Load-Hits:        1848524855   98.83%
L1-Load-Misses:        21942257    1.17%
L1-Load-Accesses:    1870467112  100.00%

L1-Store-Hits:         180660466   97.05%
L1-Store-Misses:         5495435    2.95%
L1-Store-Accesses:     186155901  100.00%

L1-Total-Hits:        2029185321   98.67%
L1-Total-Misses:        27437692    1.33%
L1-Total-Accesses:    2056623013  100.00%

L2 Cache Stats:
L2-Load-Hits:          15977180   72.81%
L2-Load-Misses:         5965077   27.19%
L2-Load-Accesses:      21942257  100.00%

L2-Store-Hits:           2776407   50.52%
L2-Store-Misses:         2719028   49.48%
L2-Store-Accesses:       5495435  100.00%

L2-Total-Hits:          18753587   68.35%
L2-Total-Misses:         8684105   31.65%
L2-Total-Accesses:      27437692  100.00%

