--------
Total Statistics
--------
Total Instructions: 8310935028
Total Cycles: 12940122361
IPC: 0.642261

--------
Single level Tlb hierarchy
--------
  Data Tlb:
    Entries:          64
    Page Size(B):   4096
    Associativity:     64

Latencies:    0  150
Tlb-Sets:    1 - LRU - assoc:  64

Tlb Stats:
Tlb-Load-Hits:        1869897664   99.97%
Tlb-Load-Misses:          569448    0.03%
Tlb-Load-Accesses:    1870467112  100.00%

Tlb-Store-Hits:         185876060   99.85%
Tlb-Store-Misses:          279841    0.15%
Tlb-Store-Accesses:     186155901  100.00%

Tlb-Total-Hits:        2055773724   99.96%
Tlb-Total-Misses:          849289    0.04%
Tlb-Total-Accesses:    2056623013  100.00%



--------
Two level Cache hierarchy
--------
  L1-Data Cache:
    Size(KB):          32
    Block Size(B):     64
    Associativity:      8

  L2-Data Cache:
    Size(KB):        1024
    Block Size(B):    128
    Associativity:      8

Latencies:    1   10  250
L1-Sets:   64 - LRU - assoc:   8
L2-Sets: 1024 - LRU - assoc:   8
Store_allocation: Yes
L2_inclusive: Yes
L2_prefetching: No

L1 Cache Stats:
L1-Load-Hits:        1848550072   98.83%
L1-Load-Misses:        21917040    1.17%
L1-Load-Accesses:    1870467112  100.00%

L1-Store-Hits:         180661319   97.05%
L1-Store-Misses:         5494582    2.95%
L1-Store-Accesses:     186155901  100.00%

L1-Total-Hits:        2029211391   98.67%
L1-Total-Misses:        27411622    1.33%
L1-Total-Accesses:    2056623013  100.00%

L2 Cache Stats:
L2-Load-Hits:          15951676   72.78%
L2-Load-Misses:         5965364   27.22%
L2-Load-Accesses:      21917040  100.00%

L2-Store-Hits:           2775727   50.52%
L2-Store-Misses:         2718855   49.48%
L2-Store-Accesses:       5494582  100.00%

L2-Total-Hits:          18727403   68.32%
L2-Total-Misses:         8684219   31.68%
L2-Total-Accesses:      27411622  100.00%

