--------
Total Statistics
--------
Total Instructions: 8310935028
Total Cycles: 12936010351
IPC: 0.642465

--------
Single level Tlb hierarchy
--------
  Data Tlb:
    Entries:          64
    Page Size(B):   4096
    Associativity:     16

Latencies:    0  150
Tlb-Sets:    4 - LRU - assoc:  16

Tlb Stats:
Tlb-Load-Hits:        1869926651   99.97%
Tlb-Load-Misses:          540461    0.03%
Tlb-Load-Accesses:    1870467112  100.00%

Tlb-Store-Hits:         185876061   99.85%
Tlb-Store-Misses:          279840    0.15%
Tlb-Store-Accesses:     186155901  100.00%

Tlb-Total-Hits:        2055802712   99.96%
Tlb-Total-Misses:          820301    0.04%
Tlb-Total-Accesses:    2056623013  100.00%



--------
Two level Cache hierarchy
--------
  L1-Data Cache:
    Size(KB):          32
    Block Size(B):     64
    Associativity:      8

  L2-Data Cache:
    Size(KB):        1024
    Block Size(B):    128
    Associativity:      8

Latencies:    1   10  250
L1-Sets:   64 - LRU - assoc:   8
L2-Sets: 1024 - LRU - assoc:   8
Store_allocation: Yes
L2_inclusive: Yes
L2_prefetching: No

L1 Cache Stats:
L1-Load-Hits:        1848526982   98.83%
L1-Load-Misses:        21940130    1.17%
L1-Load-Accesses:    1870467112  100.00%

L1-Store-Hits:         180660365   97.05%
L1-Store-Misses:         5495536    2.95%
L1-Store-Accesses:     186155901  100.00%

L1-Total-Hits:        2029187347   98.67%
L1-Total-Misses:        27435666    1.33%
L1-Total-Accesses:    2056623013  100.00%

L2 Cache Stats:
L2-Load-Hits:          15974846   72.81%
L2-Load-Misses:         5965284   27.19%
L2-Load-Accesses:      21940130  100.00%

L2-Store-Hits:           2776618   50.52%
L2-Store-Misses:         2718918   49.48%
L2-Store-Accesses:       5495536  100.00%

L2-Total-Hits:          18751464   68.35%
L2-Total-Misses:         8684202   31.65%
L2-Total-Accesses:      27435666  100.00%

