--------
Total Statistics
--------
Total Instructions: 32491939013
Total Cycles: 51559473920
IPC: 0.630184

--------
Single level Tlb hierarchy
--------
  Data Tlb:
    Entries:          64
    Page Size(B):   4096
    Associativity:     64

Latencies:    0  150
Tlb-Sets:    1 - LRU - assoc:  64

Tlb Stats:
Tlb-Load-Hits:        9262086001   99.87%
Tlb-Load-Misses:        11655380    0.13%
Tlb-Load-Accesses:    9273741381  100.00%

Tlb-Store-Hits:        4837144516   99.93%
Tlb-Store-Misses:         3360140    0.07%
Tlb-Store-Accesses:    4840504656  100.00%

Tlb-Total-Hits:       14099230517   99.89%
Tlb-Total-Misses:        15015520    0.11%
Tlb-Total-Accesses:   14114246037  100.00%



--------
Two level Cache hierarchy
--------
  L1-Data Cache:
    Size(KB):          32
    Block Size(B):     64
    Associativity:      8

  L2-Data Cache:
    Size(KB):        1024
    Block Size(B):    128
    Associativity:      8

Latencies:    1   10  250
L1-Sets:   64 - LRU - assoc:   8
L2-Sets: 1024 - LRU - assoc:   8
Store_allocation: Yes
L2_inclusive: Yes
L2_prefetching: No

L1 Cache Stats:
L1-Load-Hits:        9223631685   99.46%
L1-Load-Misses:        50109696    0.54%
L1-Load-Accesses:    9273741381  100.00%

L1-Store-Hits:        4830283940   99.79%
L1-Store-Misses:        10220716    0.21%
L1-Store-Accesses:    4840504656  100.00%

L1-Total-Hits:       14053915625   99.57%
L1-Total-Misses:        60330412    0.43%
L1-Total-Accesses:   14114246037  100.00%

L2 Cache Stats:
L2-Load-Hits:          43987426   87.78%
L2-Load-Misses:         6122270   12.22%
L2-Load-Accesses:      50109696  100.00%

L2-Store-Hits:           7952359   77.81%
L2-Store-Misses:         2268357   22.19%
L2-Store-Accesses:      10220716  100.00%

L2-Total-Hits:          51939785   86.09%
L2-Total-Misses:         8390627   13.91%
L2-Total-Accesses:      60330412  100.00%

