--------
Total Statistics
--------
Total Instructions: 32491939013
Total Cycles: 64632538260
IPC: 0.502718

--------
Single level Tlb hierarchy
--------
  Data Tlb:
    Entries:          64
    Page Size(B):   4096
    Associativity:      4

Latencies:    0  150
Tlb-Sets:   16 - LRU - assoc:   4

Tlb Stats:
Tlb-Load-Hits:        9188886038   99.08%
Tlb-Load-Misses:        84855343    0.92%
Tlb-Load-Accesses:    9273741381  100.00%

Tlb-Store-Hits:        4823190695   99.64%
Tlb-Store-Misses:        17313961    0.36%
Tlb-Store-Accesses:    4840504656  100.00%

Tlb-Total-Hits:       14012076733   99.28%
Tlb-Total-Misses:       102169304    0.72%
Tlb-Total-Accesses:   14114246037  100.00%



--------
Two level Cache hierarchy
--------
  L1-Data Cache:
    Size(KB):          32
    Block Size(B):     64
    Associativity:      8

  L2-Data Cache:
    Size(KB):        1024
    Block Size(B):    128
    Associativity:      8

Latencies:    1   10  250
L1-Sets:   64 - LRU - assoc:   8
L2-Sets: 1024 - LRU - assoc:   8
Store_allocation: Yes
L2_inclusive: Yes
L2_prefetching: No

L1 Cache Stats:
L1-Load-Hits:        9223627096   99.46%
L1-Load-Misses:        50114285    0.54%
L1-Load-Accesses:    9273741381  100.00%

L1-Store-Hits:        4830301555   99.79%
L1-Store-Misses:        10203101    0.21%
L1-Store-Accesses:    4840504656  100.00%

L1-Total-Hits:       14053928651   99.57%
L1-Total-Misses:        60317386    0.43%
L1-Total-Accesses:   14114246037  100.00%

L2 Cache Stats:
L2-Load-Hits:          43991776   87.78%
L2-Load-Misses:         6122509   12.22%
L2-Load-Accesses:      50114285  100.00%

L2-Store-Hits:           7934475   77.77%
L2-Store-Misses:         2268626   22.23%
L2-Store-Accesses:      10203101  100.00%

L2-Total-Hits:          51926251   86.09%
L2-Total-Misses:         8391135   13.91%
L2-Total-Accesses:      60317386  100.00%

