--------
Total Statistics
--------
Total Instructions: 32491939013
Total Cycles: 51583659070
IPC: 0.629888

--------
Single level Tlb hierarchy
--------
  Data Tlb:
    Entries:          64
    Page Size(B):   4096
    Associativity:      8

Latencies:    0  150
Tlb-Sets:    8 - LRU - assoc:   8

Tlb Stats:
Tlb-Load-Hits:        9262026465   99.87%
Tlb-Load-Misses:        11714916    0.13%
Tlb-Load-Accesses:    9273741381  100.00%

Tlb-Store-Hits:        4837042730   99.93%
Tlb-Store-Misses:         3461926    0.07%
Tlb-Store-Accesses:    4840504656  100.00%

Tlb-Total-Hits:       14099069195   99.89%
Tlb-Total-Misses:        15176842    0.11%
Tlb-Total-Accesses:   14114246037  100.00%



--------
Two level Cache hierarchy
--------
  L1-Data Cache:
    Size(KB):          32
    Block Size(B):     64
    Associativity:      8

  L2-Data Cache:
    Size(KB):        1024
    Block Size(B):    128
    Associativity:      8

Latencies:    1   10  250
L1-Sets:   64 - LRU - assoc:   8
L2-Sets: 1024 - LRU - assoc:   8
Store_allocation: Yes
L2_inclusive: Yes
L2_prefetching: No

L1 Cache Stats:
L1-Load-Hits:        9223670178   99.46%
L1-Load-Misses:        50071203    0.54%
L1-Load-Accesses:    9273741381  100.00%

L1-Store-Hits:        4830296662   99.79%
L1-Store-Misses:        10207994    0.21%
L1-Store-Accesses:    4840504656  100.00%

L1-Total-Hits:       14053966840   99.57%
L1-Total-Misses:        60279197    0.43%
L1-Total-Accesses:   14114246037  100.00%

L2 Cache Stats:
L2-Load-Hits:          43947900   87.77%
L2-Load-Misses:         6123303   12.23%
L2-Load-Accesses:      50071203  100.00%

L2-Store-Hits:           7938674   77.77%
L2-Store-Misses:         2269320   22.23%
L2-Store-Accesses:      10207994  100.00%

L2-Total-Hits:          51886574   86.08%
L2-Total-Misses:         8392623   13.92%
L2-Total-Accesses:      60279197  100.00%

