--------
Total Statistics
--------
Total Instructions: 32491939038
Total Cycles: 50292393053
IPC: 0.646061

--------
Single level Tlb hierarchy
--------
  Data Tlb:
    Entries:         256
    Page Size(B):   4096
    Associativity:      4

Latencies:    0  150
Tlb-Sets:   64 - LRU - assoc:   4

Tlb Stats:
Tlb-Load-Hits:        9269606125   99.96%
Tlb-Load-Misses:         4135264    0.04%
Tlb-Load-Accesses:    9273741389  100.00%

Tlb-Store-Hits:        4838080569   99.95%
Tlb-Store-Misses:         2424087    0.05%
Tlb-Store-Accesses:    4840504656  100.00%

Tlb-Total-Hits:       14107686694   99.95%
Tlb-Total-Misses:         6559351    0.05%
Tlb-Total-Accesses:   14114246045  100.00%



--------
Two level Cache hierarchy
--------
  L1-Data Cache:
    Size(KB):          32
    Block Size(B):     64
    Associativity:      8

  L2-Data Cache:
    Size(KB):        1024
    Block Size(B):    128
    Associativity:      8

Latencies:    1   10  250
L1-Sets:   64 - LRU - assoc:   8
L2-Sets: 1024 - LRU - assoc:   8
Store_allocation: Yes
L2_inclusive: Yes
L2_prefetching: No

L1 Cache Stats:
L1-Load-Hits:        9223552357   99.46%
L1-Load-Misses:        50189032    0.54%
L1-Load-Accesses:    9273741389  100.00%

L1-Store-Hits:        4830271731   99.79%
L1-Store-Misses:        10232925    0.21%
L1-Store-Accesses:    4840504656  100.00%

L1-Total-Hits:       14053824088   99.57%
L1-Total-Misses:        60421957    0.43%
L1-Total-Accesses:   14114246045  100.00%

L2 Cache Stats:
L2-Load-Hits:          44065612   87.80%
L2-Load-Misses:         6123420   12.20%
L2-Load-Accesses:      50189032  100.00%

L2-Store-Hits:           7964002   77.83%
L2-Store-Misses:         2268923   22.17%
L2-Store-Accesses:      10232925  100.00%

L2-Total-Hits:          52029614   86.11%
L2-Total-Misses:         8392343   13.89%
L2-Total-Accesses:      60421957  100.00%

