--------
Total Statistics
--------
Total Instructions: 32491939013
Total Cycles: 66420845280
IPC: 0.489183

--------
Single level Tlb hierarchy
--------
  Data Tlb:
    Entries:          64
    Page Size(B):   4096
    Associativity:      2

Latencies:    0  150
Tlb-Sets:   32 - LRU - assoc:   2

Tlb Stats:
Tlb-Load-Hits:        9178431422   98.97%
Tlb-Load-Misses:        95309959    1.03%
Tlb-Load-Accesses:    9273741381  100.00%

Tlb-Store-Hits:        4821727798   99.61%
Tlb-Store-Misses:        18776858    0.39%
Tlb-Store-Accesses:    4840504656  100.00%

Tlb-Total-Hits:       14000159220   99.19%
Tlb-Total-Misses:       114086817    0.81%
Tlb-Total-Accesses:   14114246037  100.00%



--------
Two level Cache hierarchy
--------
  L1-Data Cache:
    Size(KB):          32
    Block Size(B):     64
    Associativity:      8

  L2-Data Cache:
    Size(KB):        1024
    Block Size(B):    128
    Associativity:      8

Latencies:    1   10  250
L1-Sets:   64 - LRU - assoc:   8
L2-Sets: 1024 - LRU - assoc:   8
Store_allocation: Yes
L2_inclusive: Yes
L2_prefetching: No

L1 Cache Stats:
L1-Load-Hits:        9223597576   99.46%
L1-Load-Misses:        50143805    0.54%
L1-Load-Accesses:    9273741381  100.00%

L1-Store-Hits:        4830287368   99.79%
L1-Store-Misses:        10217288    0.21%
L1-Store-Accesses:    4840504656  100.00%

L1-Total-Hits:       14053884944   99.57%
L1-Total-Misses:        60361093    0.43%
L1-Total-Accesses:   14114246037  100.00%

L2 Cache Stats:
L2-Load-Hits:          44021186   87.79%
L2-Load-Misses:         6122619   12.21%
L2-Load-Accesses:      50143805  100.00%

L2-Store-Hits:           7947800   77.79%
L2-Store-Misses:         2269488   22.21%
L2-Store-Accesses:      10217288  100.00%

L2-Total-Hits:          51968986   86.10%
L2-Total-Misses:         8392107   13.90%
L2-Total-Accesses:      60361093  100.00%

