--------
Total Statistics
--------
Total Instructions: 32491939038
Total Cycles: 50877026243
IPC: 0.638637

--------
Single level Tlb hierarchy
--------
  Data Tlb:
    Entries:         128
    Page Size(B):   4096
    Associativity:      4

Latencies:    0  150
Tlb-Sets:   32 - LRU - assoc:   4

Tlb Stats:
Tlb-Load-Hits:        9266264348   99.92%
Tlb-Load-Misses:         7477041    0.08%
Tlb-Load-Accesses:    9273741389  100.00%

Tlb-Store-Hits:        4837511367   99.94%
Tlb-Store-Misses:         2993289    0.06%
Tlb-Store-Accesses:    4840504656  100.00%

Tlb-Total-Hits:       14103775715   99.93%
Tlb-Total-Misses:        10470330    0.07%
Tlb-Total-Accesses:   14114246045  100.00%



--------
Two level Cache hierarchy
--------
  L1-Data Cache:
    Size(KB):          32
    Block Size(B):     64
    Associativity:      8

  L2-Data Cache:
    Size(KB):        1024
    Block Size(B):    128
    Associativity:      8

Latencies:    1   10  250
L1-Sets:   64 - LRU - assoc:   8
L2-Sets: 1024 - LRU - assoc:   8
Store_allocation: Yes
L2_inclusive: Yes
L2_prefetching: No

L1 Cache Stats:
L1-Load-Hits:        9223637396   99.46%
L1-Load-Misses:        50103993    0.54%
L1-Load-Accesses:    9273741389  100.00%

L1-Store-Hits:        4830288533   99.79%
L1-Store-Misses:        10216123    0.21%
L1-Store-Accesses:    4840504656  100.00%

L1-Total-Hits:       14053925929   99.57%
L1-Total-Misses:        60320116    0.43%
L1-Total-Accesses:   14114246045  100.00%

L2 Cache Stats:
L2-Load-Hits:          43984354   87.79%
L2-Load-Misses:         6119639   12.21%
L2-Load-Accesses:      50103993  100.00%

L2-Store-Hits:           7947400   77.79%
L2-Store-Misses:         2268723   22.21%
L2-Store-Accesses:      10216123  100.00%

L2-Total-Hits:          51931754   86.09%
L2-Total-Misses:         8388362   13.91%
L2-Total-Accesses:      60320116  100.00%

