--------
Total Statistics
--------
Total Instructions: 6594258419
Total Cycles: 9187833994
IPC: 0.717716

--------
Single level Tlb hierarchy
--------
  Data Tlb:
    Entries:          64
    Page Size(B):   4096
    Associativity:     32

Latencies:    0  150
Tlb-Sets:    2 - LRU - assoc:  32

Tlb Stats:
Tlb-Load-Hits:        1667375333   99.97%
Tlb-Load-Misses:          455786    0.03%
Tlb-Load-Accesses:    1667831119  100.00%

Tlb-Store-Hits:         565373698   99.99%
Tlb-Store-Misses:           58738    0.01%
Tlb-Store-Accesses:     565432436  100.00%

Tlb-Total-Hits:        2232749031   99.98%
Tlb-Total-Misses:          514524    0.02%
Tlb-Total-Accesses:    2233263555  100.00%



--------
Two level Cache hierarchy
--------
  L1-Data Cache:
    Size(KB):          32
    Block Size(B):     64
    Associativity:      8

  L2-Data Cache:
    Size(KB):        1024
    Block Size(B):    128
    Associativity:      8

Latencies:    1   10  250
L1-Sets:   64 - LRU - assoc:   8
L2-Sets: 1024 - LRU - assoc:   8
Store_allocation: Yes
L2_inclusive: Yes
L2_prefetching: No

L1 Cache Stats:
L1-Load-Hits:        1664278629   99.79%
L1-Load-Misses:         3552490    0.21%
L1-Load-Accesses:    1667831119  100.00%

L1-Store-Hits:         564820734   99.89%
L1-Store-Misses:          611702    0.11%
L1-Store-Accesses:     565432436  100.00%

L1-Total-Hits:        2229099363   99.81%
L1-Total-Misses:         4164192    0.19%
L1-Total-Accesses:    2233263555  100.00%

L2 Cache Stats:
L2-Load-Hits:           2781655   78.30%
L2-Load-Misses:          770835   21.70%
L2-Load-Accesses:       3552490  100.00%

L2-Store-Hits:            416571   68.10%
L2-Store-Misses:          195131   31.90%
L2-Store-Accesses:        611702  100.00%

L2-Total-Hits:           3198226   76.80%
L2-Total-Misses:          965966   23.20%
L2-Total-Accesses:       4164192  100.00%

