--------
Total Statistics
--------
Total Instructions: 6594258394
Total Cycles: 9184861841
IPC: 0.717949

--------
Single level Tlb hierarchy
--------
  Data Tlb:
    Entries:          64
    Page Size(B):   4096
    Associativity:     64

Latencies:    0  150
Tlb-Sets:    1 - LRU - assoc:  64

Tlb Stats:
Tlb-Load-Hits:        1667383762   99.97%
Tlb-Load-Misses:          447349    0.03%
Tlb-Load-Accesses:    1667831111  100.00%

Tlb-Store-Hits:         565384334   99.99%
Tlb-Store-Misses:           48102    0.01%
Tlb-Store-Accesses:     565432436  100.00%

Tlb-Total-Hits:        2232768096   99.98%
Tlb-Total-Misses:          495451    0.02%
Tlb-Total-Accesses:    2233263547  100.00%



--------
Two level Cache hierarchy
--------
  L1-Data Cache:
    Size(KB):          32
    Block Size(B):     64
    Associativity:      8

  L2-Data Cache:
    Size(KB):        1024
    Block Size(B):    128
    Associativity:      8

Latencies:    1   10  250
L1-Sets:   64 - LRU - assoc:   8
L2-Sets: 1024 - LRU - assoc:   8
Store_allocation: Yes
L2_inclusive: Yes
L2_prefetching: No

L1 Cache Stats:
L1-Load-Hits:        1664280038   99.79%
L1-Load-Misses:         3551073    0.21%
L1-Load-Accesses:    1667831111  100.00%

L1-Store-Hits:         564820834   99.89%
L1-Store-Misses:          611602    0.11%
L1-Store-Accesses:     565432436  100.00%

L1-Total-Hits:        2229100872   99.81%
L1-Total-Misses:         4162675    0.19%
L1-Total-Accesses:    2233263547  100.00%

L2 Cache Stats:
L2-Load-Hits:           2780530   78.30%
L2-Load-Misses:          770543   21.70%
L2-Load-Accesses:       3551073  100.00%

L2-Store-Hits:            416563   68.11%
L2-Store-Misses:          195039   31.89%
L2-Store-Accesses:        611602  100.00%

L2-Total-Hits:           3197093   76.80%
L2-Total-Misses:          965582   23.20%
L2-Total-Accesses:       4162675  100.00%

