--------
Total Statistics
--------
Total Instructions: 6594258394
Total Cycles: 9156935071
IPC: 0.720138

--------
Single level Tlb hierarchy
--------
  Data Tlb:
    Entries:         128
    Page Size(B):   4096
    Associativity:      4

Latencies:    0  150
Tlb-Sets:   32 - LRU - assoc:   4

Tlb Stats:
Tlb-Load-Hits:        1667542423   99.98%
Tlb-Load-Misses:          288688    0.02%
Tlb-Load-Accesses:    1667831111  100.00%

Tlb-Store-Hits:         565412387  100.00%
Tlb-Store-Misses:           20049    0.00%
Tlb-Store-Accesses:     565432436  100.00%

Tlb-Total-Hits:        2232954810   99.99%
Tlb-Total-Misses:          308737    0.01%
Tlb-Total-Accesses:    2233263547  100.00%



--------
Two level Cache hierarchy
--------
  L1-Data Cache:
    Size(KB):          32
    Block Size(B):     64
    Associativity:      8

  L2-Data Cache:
    Size(KB):        1024
    Block Size(B):    128
    Associativity:      8

Latencies:    1   10  250
L1-Sets:   64 - LRU - assoc:   8
L2-Sets: 1024 - LRU - assoc:   8
Store_allocation: Yes
L2_inclusive: Yes
L2_prefetching: No

L1 Cache Stats:
L1-Load-Hits:        1664281211   99.79%
L1-Load-Misses:         3549900    0.21%
L1-Load-Accesses:    1667831111  100.00%

L1-Store-Hits:         564814278   99.89%
L1-Store-Misses:          618158    0.11%
L1-Store-Accesses:     565432436  100.00%

L1-Total-Hits:        2229095489   99.81%
L1-Total-Misses:         4168058    0.19%
L1-Total-Accesses:    2233263547  100.00%

L2 Cache Stats:
L2-Load-Hits:           2779273   78.29%
L2-Load-Misses:          770627   21.71%
L2-Load-Accesses:       3549900  100.00%

L2-Store-Hits:            423097   68.44%
L2-Store-Misses:          195061   31.56%
L2-Store-Accesses:        618158  100.00%

L2-Total-Hits:           3202370   76.83%
L2-Total-Misses:          965688   23.17%
L2-Total-Accesses:       4168058  100.00%

