--------
Total Statistics
--------
Total Instructions: 17788912053
Total Cycles: 75432024329
IPC: 0.235827

--------
Single level Tlb hierarchy
--------
  Data Tlb:
    Entries:         256
    Page Size(B):   4096
    Associativity:      4

Latencies:    0  150
Tlb-Sets:   64 - LRU - assoc:   4

Tlb Stats:
Tlb-Load-Hits:        2978556078   99.00%
Tlb-Load-Misses:        30084085    1.00%
Tlb-Load-Accesses:    3008640163  100.00%

Tlb-Store-Hits:         113204822   99.98%
Tlb-Store-Misses:           27101    0.02%
Tlb-Store-Accesses:     113231923  100.00%

Tlb-Total-Hits:        3091760900   99.04%
Tlb-Total-Misses:        30111186    0.96%
Tlb-Total-Accesses:    3121872086  100.00%



--------
Two level Cache hierarchy
--------
  L1-Data Cache:
    Size(KB):          32
    Block Size(B):     64
    Associativity:      8

  L2-Data Cache:
    Size(KB):        1024
    Block Size(B):    128
    Associativity:      8

Latencies:    1   10  250
L1-Sets:   64 - LRU - assoc:   8
L2-Sets: 1024 - LRU - assoc:   8
Store_allocation: Yes
L2_inclusive: Yes
L2_prefetching: No

L1 Cache Stats:
L1-Load-Hits:        2497988947   83.03%
L1-Load-Misses:       510651216   16.97%
L1-Load-Accesses:    3008640163  100.00%

L1-Store-Hits:         111210560   98.21%
L1-Store-Misses:         2021363    1.79%
L1-Store-Accesses:     113231923  100.00%

L1-Total-Hits:        2609199507   83.58%
L1-Total-Misses:       512672579   16.42%
L1-Total-Accesses:    3121872086  100.00%

L2 Cache Stats:
L2-Load-Hits:         331609499   64.94%
L2-Load-Misses:       179041717   35.06%
L2-Load-Accesses:     510651216  100.00%

L2-Store-Hits:           1551734   76.77%
L2-Store-Misses:          469629   23.23%
L2-Store-Accesses:       2021363  100.00%

L2-Total-Hits:         333161233   64.99%
L2-Total-Misses:       179511346   35.01%
L2-Total-Accesses:     512672579  100.00%

