--------
Total Statistics
--------
Total Instructions: 17788912053
Total Cycles: 75772065689
IPC: 0.234769

--------
Single level Tlb hierarchy
--------
  Data Tlb:
    Entries:         128
    Page Size(B):   4096
    Associativity:      4

Latencies:    0  150
Tlb-Sets:   32 - LRU - assoc:   4

Tlb Stats:
Tlb-Load-Hits:        2976578518   98.93%
Tlb-Load-Misses:        32061645    1.07%
Tlb-Load-Accesses:    3008640163  100.00%

Tlb-Store-Hits:         113176568   99.95%
Tlb-Store-Misses:           55355    0.05%
Tlb-Store-Accesses:     113231923  100.00%

Tlb-Total-Hits:        3089755086   98.97%
Tlb-Total-Misses:        32117000    1.03%
Tlb-Total-Accesses:    3121872086  100.00%



--------
Two level Cache hierarchy
--------
  L1-Data Cache:
    Size(KB):          32
    Block Size(B):     64
    Associativity:      8

  L2-Data Cache:
    Size(KB):        1024
    Block Size(B):    128
    Associativity:      8

Latencies:    1   10  250
L1-Sets:   64 - LRU - assoc:   8
L2-Sets: 1024 - LRU - assoc:   8
Store_allocation: Yes
L2_inclusive: Yes
L2_prefetching: No

L1 Cache Stats:
L1-Load-Hits:        2494082173   82.90%
L1-Load-Misses:       514557990   17.10%
L1-Load-Accesses:    3008640163  100.00%

L1-Store-Hits:         111206983   98.21%
L1-Store-Misses:         2024940    1.79%
L1-Store-Accesses:     113231923  100.00%

L1-Total-Hits:        2605289156   83.45%
L1-Total-Misses:       516582930   16.55%
L1-Total-Accesses:    3121872086  100.00%

L2 Cache Stats:
L2-Load-Hits:         335519209   65.21%
L2-Load-Misses:       179038781   34.79%
L2-Load-Accesses:     514557990  100.00%

L2-Store-Hits:           1552112   76.65%
L2-Store-Misses:          472828   23.35%
L2-Store-Accesses:       2024940  100.00%

L2-Total-Hits:         337071321   65.25%
L2-Total-Misses:       179511609   34.75%
L2-Total-Accesses:     516582930  100.00%

