--------
Total Statistics
--------
Total Instructions: 17788912053
Total Cycles: 75917954729
IPC: 0.234318

--------
Single level Tlb hierarchy
--------
  Data Tlb:
    Entries:          64
    Page Size(B):   4096
    Associativity:      8

Latencies:    0  150
Tlb-Sets:    8 - LRU - assoc:   8

Tlb Stats:
Tlb-Load-Hits:        2975408766   98.90%
Tlb-Load-Misses:        33231397    1.10%
Tlb-Load-Accesses:    3008640163  100.00%

Tlb-Store-Hits:         113114300   99.90%
Tlb-Store-Misses:          117623    0.10%
Tlb-Store-Accesses:     113231923  100.00%

Tlb-Total-Hits:        3088523066   98.93%
Tlb-Total-Misses:        33349020    1.07%
Tlb-Total-Accesses:    3121872086  100.00%



--------
Two level Cache hierarchy
--------
  L1-Data Cache:
    Size(KB):          32
    Block Size(B):     64
    Associativity:      8

  L2-Data Cache:
    Size(KB):        1024
    Block Size(B):    128
    Associativity:      8

Latencies:    1   10  250
L1-Sets:   64 - LRU - assoc:   8
L2-Sets: 1024 - LRU - assoc:   8
Store_allocation: Yes
L2_inclusive: Yes
L2_prefetching: No

L1 Cache Stats:
L1-Load-Hits:        2497966154   83.03%
L1-Load-Misses:       510674009   16.97%
L1-Load-Accesses:    3008640163  100.00%

L1-Store-Hits:         111213498   98.22%
L1-Store-Misses:         2018425    1.78%
L1-Store-Accesses:     113231923  100.00%

L1-Total-Hits:        2609179652   83.58%
L1-Total-Misses:       512692434   16.42%
L1-Total-Accesses:    3121872086  100.00%

L2 Cache Stats:
L2-Load-Hits:         331631612   64.94%
L2-Load-Misses:       179042397   35.06%
L2-Load-Accesses:     510674009  100.00%

L2-Store-Hits:           1549249   76.76%
L2-Store-Misses:          469176   23.24%
L2-Store-Accesses:       2018425  100.00%

L2-Total-Hits:         333180861   64.99%
L2-Total-Misses:       179511573   35.01%
L2-Total-Accesses:     512692434  100.00%

