--------
Total Statistics
--------
Total Instructions: 17788912053
Total Cycles: 75947330869
IPC: 0.234227

--------
Single level Tlb hierarchy
--------
  Data Tlb:
    Entries:          64
    Page Size(B):   4096
    Associativity:     32

Latencies:    0  150
Tlb-Sets:    2 - LRU - assoc:  32

Tlb Stats:
Tlb-Load-Hits:        2975448295   98.90%
Tlb-Load-Misses:        33191868    1.10%
Tlb-Load-Accesses:    3008640163  100.00%

Tlb-Store-Hits:         113128962   99.91%
Tlb-Store-Misses:          102961    0.09%
Tlb-Store-Accesses:     113231923  100.00%

Tlb-Total-Hits:        3088577257   98.93%
Tlb-Total-Misses:        33294829    1.07%
Tlb-Total-Accesses:    3121872086  100.00%



--------
Two level Cache hierarchy
--------
  L1-Data Cache:
    Size(KB):          32
    Block Size(B):     64
    Associativity:      8

  L2-Data Cache:
    Size(KB):        1024
    Block Size(B):    128
    Associativity:      8

Latencies:    1   10  250
L1-Sets:   64 - LRU - assoc:   8
L2-Sets: 1024 - LRU - assoc:   8
Store_allocation: Yes
L2_inclusive: Yes
L2_prefetching: No

L1 Cache Stats:
L1-Load-Hits:        2494079959   82.90%
L1-Load-Misses:       514560204   17.10%
L1-Load-Accesses:    3008640163  100.00%

L1-Store-Hits:         111218089   98.22%
L1-Store-Misses:         2013834    1.78%
L1-Store-Accesses:     113231923  100.00%

L1-Total-Hits:        2605298048   83.45%
L1-Total-Misses:       516574038   16.55%
L1-Total-Accesses:    3121872086  100.00%

L2 Cache Stats:
L2-Load-Hits:         335518899   65.20%
L2-Load-Misses:       179041305   34.80%
L2-Load-Accesses:     514560204  100.00%

L2-Store-Hits:           1548811   76.91%
L2-Store-Misses:          465023   23.09%
L2-Store-Accesses:       2013834  100.00%

L2-Total-Hits:         337067710   65.25%
L2-Total-Misses:       179506328   34.75%
L2-Total-Accesses:     516574038  100.00%

