--------
Total Statistics
--------
Total Instructions: 22767430251
Total Cycles: 31698744461
IPC: 0.718244

--------
Single level Tlb hierarchy
--------
  Data Tlb:
    Entries:         256
    Page Size(B):   4096
    Associativity:      4

Latencies:    0  150
Tlb-Sets:   64 - LRU - assoc:   4

Tlb Stats:
Tlb-Load-Hits:        6704294908  100.00%
Tlb-Load-Misses:              40    0.00%
Tlb-Load-Accesses:    6704294948  100.00%

Tlb-Store-Hits:        1857031369  100.00%
Tlb-Store-Misses:             343    0.00%
Tlb-Store-Accesses:    1857031712  100.00%

Tlb-Total-Hits:        8561326277  100.00%
Tlb-Total-Misses:             383    0.00%
Tlb-Total-Accesses:    8561326660  100.00%



--------
Two level Cache hierarchy
--------
  L1-Data Cache:
    Size(KB):          32
    Block Size(B):     64
    Associativity:      8

  L2-Data Cache:
    Size(KB):        1024
    Block Size(B):    128
    Associativity:      8

Latencies:    1   10  250
L1-Sets:   64 - LRU - assoc:   8
L2-Sets: 1024 - LRU - assoc:   8
Store_allocation: Yes
L2_inclusive: Yes
L2_prefetching: No

L1 Cache Stats:
L1-Load-Hits:        6692142446   99.82%
L1-Load-Misses:        12152502    0.18%
L1-Load-Accesses:    6704294948  100.00%

L1-Store-Hits:        1832473229   98.68%
L1-Store-Misses:        24558483    1.32%
L1-Store-Accesses:    1857031712  100.00%

L1-Total-Hits:        8524615675   99.57%
L1-Total-Misses:        36710985    0.43%
L1-Total-Accesses:    8561326660  100.00%

L2 Cache Stats:
L2-Load-Hits:          12151516   99.99%
L2-Load-Misses:             986    0.01%
L2-Load-Accesses:      12152502  100.00%

L2-Store-Hits:          24548188   99.96%
L2-Store-Misses:           10295    0.04%
L2-Store-Accesses:      24558483  100.00%

L2-Total-Hits:          36699704   99.97%
L2-Total-Misses:           11281    0.03%
L2-Total-Accesses:      36710985  100.00%

