--------
Total Statistics
--------
Total Instructions: 22767430226
Total Cycles: 32185669878
IPC: 0.707378

--------
Single level Tlb hierarchy
--------
  Data Tlb:
    Entries:          64
    Page Size(B):   4096
    Associativity:      2

Latencies:    0  150
Tlb-Sets:   32 - LRU - assoc:   2

Tlb Stats:
Tlb-Load-Hits:        6701521105   99.96%
Tlb-Load-Misses:         2773835    0.04%
Tlb-Load-Accesses:    6704294940  100.00%

Tlb-Store-Hits:        1856613778   99.98%
Tlb-Store-Misses:          417934    0.02%
Tlb-Store-Accesses:    1857031712  100.00%

Tlb-Total-Hits:        8558134883   99.96%
Tlb-Total-Misses:         3191769    0.04%
Tlb-Total-Accesses:    8561326652  100.00%



--------
Two level Cache hierarchy
--------
  L1-Data Cache:
    Size(KB):          32
    Block Size(B):     64
    Associativity:      8

  L2-Data Cache:
    Size(KB):        1024
    Block Size(B):    128
    Associativity:      8

Latencies:    1   10  250
L1-Sets:   64 - LRU - assoc:   8
L2-Sets: 1024 - LRU - assoc:   8
Store_allocation: Yes
L2_inclusive: Yes
L2_prefetching: No

L1 Cache Stats:
L1-Load-Hits:        6692040770   99.82%
L1-Load-Misses:        12254170    0.18%
L1-Load-Accesses:    6704294940  100.00%

L1-Store-Hits:        1831753142   98.64%
L1-Store-Misses:        25278570    1.36%
L1-Store-Accesses:    1857031712  100.00%

L1-Total-Hits:        8523793912   99.56%
L1-Total-Misses:        37532740    0.44%
L1-Total-Accesses:    8561326652  100.00%

L2 Cache Stats:
L2-Load-Hits:          12253185   99.99%
L2-Load-Misses:             985    0.01%
L2-Load-Accesses:      12254170  100.00%

L2-Store-Hits:          25268274   99.96%
L2-Store-Misses:           10296    0.04%
L2-Store-Accesses:      25278570  100.00%

L2-Total-Hits:          37521459   99.97%
L2-Total-Misses:           11281    0.03%
L2-Total-Accesses:      37532740  100.00%

