--------
Total Statistics
--------
Total Instructions: 22767430226
Total Cycles: 31703489568
IPC: 0.718136

--------
Single level Tlb hierarchy
--------
  Data Tlb:
    Entries:          64
    Page Size(B):   4096
    Associativity:     32

Latencies:    0  150
Tlb-Sets:    2 - LRU - assoc:  32

Tlb Stats:
Tlb-Load-Hits:        6704294898  100.00%
Tlb-Load-Misses:              42    0.00%
Tlb-Load-Accesses:    6704294940  100.00%

Tlb-Store-Hits:        1857031370  100.00%
Tlb-Store-Misses:             342    0.00%
Tlb-Store-Accesses:    1857031712  100.00%

Tlb-Total-Hits:        8561326268  100.00%
Tlb-Total-Misses:             384    0.00%
Tlb-Total-Accesses:    8561326652  100.00%



--------
Two level Cache hierarchy
--------
  L1-Data Cache:
    Size(KB):          32
    Block Size(B):     64
    Associativity:      8

  L2-Data Cache:
    Size(KB):        1024
    Block Size(B):    128
    Associativity:      8

Latencies:    1   10  250
L1-Sets:   64 - LRU - assoc:   8
L2-Sets: 1024 - LRU - assoc:   8
Store_allocation: Yes
L2_inclusive: Yes
L2_prefetching: No

L1 Cache Stats:
L1-Load-Hits:        6692157235   99.82%
L1-Load-Misses:        12137705    0.18%
L1-Load-Accesses:    6704294940  100.00%

L1-Store-Hits:        1831983958   98.65%
L1-Store-Misses:        25047754    1.35%
L1-Store-Accesses:    1857031712  100.00%

L1-Total-Hits:        8524141193   99.57%
L1-Total-Misses:        37185459    0.43%
L1-Total-Accesses:    8561326652  100.00%

L2 Cache Stats:
L2-Load-Hits:          12136718   99.99%
L2-Load-Misses:             987    0.01%
L2-Load-Accesses:      12137705  100.00%

L2-Store-Hits:          25037459   99.96%
L2-Store-Misses:           10295    0.04%
L2-Store-Accesses:      25047754  100.00%

L2-Total-Hits:          37174177   99.97%
L2-Total-Misses:           11282    0.03%
L2-Total-Accesses:      37185459  100.00%

