--------
Total Statistics
--------
Total Instructions: 22767430226
Total Cycles: 31711321348
IPC: 0.717959

--------
Single level Tlb hierarchy
--------
  Data Tlb:
    Entries:          64
    Page Size(B):   4096
    Associativity:     16

Latencies:    0  150
Tlb-Sets:    4 - LRU - assoc:  16

Tlb Stats:
Tlb-Load-Hits:        6704294890  100.00%
Tlb-Load-Misses:              50    0.00%
Tlb-Load-Accesses:    6704294940  100.00%

Tlb-Store-Hits:        1857031370  100.00%
Tlb-Store-Misses:             342    0.00%
Tlb-Store-Accesses:    1857031712  100.00%

Tlb-Total-Hits:        8561326260  100.00%
Tlb-Total-Misses:             392    0.00%
Tlb-Total-Accesses:    8561326652  100.00%



--------
Two level Cache hierarchy
--------
  L1-Data Cache:
    Size(KB):          32
    Block Size(B):     64
    Associativity:      8

  L2-Data Cache:
    Size(KB):        1024
    Block Size(B):    128
    Associativity:      8

Latencies:    1   10  250
L1-Sets:   64 - LRU - assoc:   8
L2-Sets: 1024 - LRU - assoc:   8
Store_allocation: Yes
L2_inclusive: Yes
L2_prefetching: No

L1 Cache Stats:
L1-Load-Hits:        6691647580   99.81%
L1-Load-Misses:        12647360    0.19%
L1-Load-Accesses:    6704294940  100.00%

L1-Store-Hits:        1831710530   98.64%
L1-Store-Misses:        25321182    1.36%
L1-Store-Accesses:    1857031712  100.00%

L1-Total-Hits:        8523358110   99.56%
L1-Total-Misses:        37968542    0.44%
L1-Total-Accesses:    8561326652  100.00%

L2 Cache Stats:
L2-Load-Hits:          12646374   99.99%
L2-Load-Misses:             986    0.01%
L2-Load-Accesses:      12647360  100.00%

L2-Store-Hits:          25310887   99.96%
L2-Store-Misses:           10295    0.04%
L2-Store-Accesses:      25321182  100.00%

L2-Total-Hits:          37957261   99.97%
L2-Total-Misses:           11281    0.03%
L2-Total-Accesses:      37968542  100.00%

