--------
Total Statistics
--------
Total Instructions: 22767430226
Total Cycles: 31755690878
IPC: 0.716956

--------
Single level Tlb hierarchy
--------
  Data Tlb:
    Entries:          64
    Page Size(B):   4096
    Associativity:      4

Latencies:    0  150
Tlb-Sets:   16 - LRU - assoc:   4

Tlb Stats:
Tlb-Load-Hits:        6704019089  100.00%
Tlb-Load-Misses:          275851    0.00%
Tlb-Load-Accesses:    6704294940  100.00%

Tlb-Store-Hits:        1857017679  100.00%
Tlb-Store-Misses:           14033    0.00%
Tlb-Store-Accesses:    1857031712  100.00%

Tlb-Total-Hits:        8561036768  100.00%
Tlb-Total-Misses:          289884    0.00%
Tlb-Total-Accesses:    8561326652  100.00%



--------
Two level Cache hierarchy
--------
  L1-Data Cache:
    Size(KB):          32
    Block Size(B):     64
    Associativity:      8

  L2-Data Cache:
    Size(KB):        1024
    Block Size(B):    128
    Associativity:      8

Latencies:    1   10  250
L1-Sets:   64 - LRU - assoc:   8
L2-Sets: 1024 - LRU - assoc:   8
Store_allocation: Yes
L2_inclusive: Yes
L2_prefetching: No

L1 Cache Stats:
L1-Load-Hits:        6692118313   99.82%
L1-Load-Misses:        12176627    0.18%
L1-Load-Accesses:    6704294940  100.00%

L1-Store-Hits:        1831145324   98.61%
L1-Store-Misses:        25886388    1.39%
L1-Store-Accesses:    1857031712  100.00%

L1-Total-Hits:        8523263637   99.56%
L1-Total-Misses:        38063015    0.44%
L1-Total-Accesses:    8561326652  100.00%

L2 Cache Stats:
L2-Load-Hits:          12175638   99.99%
L2-Load-Misses:             989    0.01%
L2-Load-Accesses:      12176627  100.00%

L2-Store-Hits:          25876092   99.96%
L2-Store-Misses:           10296    0.04%
L2-Store-Accesses:      25886388  100.00%

L2-Total-Hits:          38051730   99.97%
L2-Total-Misses:           11285    0.03%
L2-Total-Accesses:      38063015  100.00%

