--------
Total Statistics
--------
Total Instructions: 22767430226
Total Cycles: 52811939038
IPC: 0.431104

--------
Single level Tlb hierarchy
--------
  Data Tlb:
    Entries:          64
    Page Size(B):   4096
    Associativity:      1

Latencies:    0  150
Tlb-Sets:   64 - LRU - assoc:   1

Tlb Stats:
Tlb-Load-Hits:        6588360641   98.27%
Tlb-Load-Misses:       115934299    1.73%
Tlb-Load-Accesses:    6704294940  100.00%

Tlb-Store-Hits:        1832227296   98.66%
Tlb-Store-Misses:        24804416    1.34%
Tlb-Store-Accesses:    1857031712  100.00%

Tlb-Total-Hits:        8420587937   98.36%
Tlb-Total-Misses:       140738715    1.64%
Tlb-Total-Accesses:    8561326652  100.00%



--------
Two level Cache hierarchy
--------
  L1-Data Cache:
    Size(KB):          32
    Block Size(B):     64
    Associativity:      8

  L2-Data Cache:
    Size(KB):        1024
    Block Size(B):    128
    Associativity:      8

Latencies:    1   10  250
L1-Sets:   64 - LRU - assoc:   8
L2-Sets: 1024 - LRU - assoc:   8
Store_allocation: Yes
L2_inclusive: Yes
L2_prefetching: No

L1 Cache Stats:
L1-Load-Hits:        6691847726   99.81%
L1-Load-Misses:        12447214    0.19%
L1-Load-Accesses:    6704294940  100.00%

L1-Store-Hits:        1832523460   98.68%
L1-Store-Misses:        24508252    1.32%
L1-Store-Accesses:    1857031712  100.00%

L1-Total-Hits:        8524371186   99.57%
L1-Total-Misses:        36955466    0.43%
L1-Total-Accesses:    8561326652  100.00%

L2 Cache Stats:
L2-Load-Hits:          12446226   99.99%
L2-Load-Misses:             988    0.01%
L2-Load-Accesses:      12447214  100.00%

L2-Store-Hits:          24497959   99.96%
L2-Store-Misses:           10293    0.04%
L2-Store-Accesses:      24508252  100.00%

L2-Total-Hits:          36944185   99.97%
L2-Total-Misses:           11281    0.03%
L2-Total-Accesses:      36955466  100.00%

