--------
Total Statistics
--------
Total Instructions: 22767430226
Total Cycles: 31702554728
IPC: 0.718158

--------
Single level Tlb hierarchy
--------
  Data Tlb:
    Entries:          64
    Page Size(B):   4096
    Associativity:      8

Latencies:    0  150
Tlb-Sets:    8 - LRU - assoc:   8

Tlb Stats:
Tlb-Load-Hits:        6704294893  100.00%
Tlb-Load-Misses:              47    0.00%
Tlb-Load-Accesses:    6704294940  100.00%

Tlb-Store-Hits:        1857031369  100.00%
Tlb-Store-Misses:             343    0.00%
Tlb-Store-Accesses:    1857031712  100.00%

Tlb-Total-Hits:        8561326262  100.00%
Tlb-Total-Misses:             390    0.00%
Tlb-Total-Accesses:    8561326652  100.00%



--------
Two level Cache hierarchy
--------
  L1-Data Cache:
    Size(KB):          32
    Block Size(B):     64
    Associativity:      8

  L2-Data Cache:
    Size(KB):        1024
    Block Size(B):    128
    Associativity:      8

Latencies:    1   10  250
L1-Sets:   64 - LRU - assoc:   8
L2-Sets: 1024 - LRU - assoc:   8
Store_allocation: Yes
L2_inclusive: Yes
L2_prefetching: No

L1 Cache Stats:
L1-Load-Hits:        6691828804   99.81%
L1-Load-Misses:        12466136    0.19%
L1-Load-Accesses:    6704294940  100.00%

L1-Store-Hits:        1832405963   98.67%
L1-Store-Misses:        24625749    1.33%
L1-Store-Accesses:    1857031712  100.00%

L1-Total-Hits:        8524234767   99.57%
L1-Total-Misses:        37091885    0.43%
L1-Total-Accesses:    8561326652  100.00%

L2 Cache Stats:
L2-Load-Hits:          12465150   99.99%
L2-Load-Misses:             986    0.01%
L2-Load-Accesses:      12466136  100.00%

L2-Store-Hits:          24615453   99.96%
L2-Store-Misses:           10296    0.04%
L2-Store-Accesses:      24625749  100.00%

L2-Total-Hits:          37080603   99.97%
L2-Total-Misses:           11282    0.03%
L2-Total-Accesses:      37091885  100.00%

