--------
Total Statistics
--------
Total Instructions: 22767430226
Total Cycles: 31709046168
IPC: 0.718011

--------
Single level Tlb hierarchy
--------
  Data Tlb:
    Entries:          64
    Page Size(B):   4096
    Associativity:     64

Latencies:    0  150
Tlb-Sets:    1 - LRU - assoc:  64

Tlb Stats:
Tlb-Load-Hits:        6704294897  100.00%
Tlb-Load-Misses:              43    0.00%
Tlb-Load-Accesses:    6704294940  100.00%

Tlb-Store-Hits:        1857031369  100.00%
Tlb-Store-Misses:             343    0.00%
Tlb-Store-Accesses:    1857031712  100.00%

Tlb-Total-Hits:        8561326266  100.00%
Tlb-Total-Misses:             386    0.00%
Tlb-Total-Accesses:    8561326652  100.00%



--------
Two level Cache hierarchy
--------
  L1-Data Cache:
    Size(KB):          32
    Block Size(B):     64
    Associativity:      8

  L2-Data Cache:
    Size(KB):        1024
    Block Size(B):    128
    Associativity:      8

Latencies:    1   10  250
L1-Sets:   64 - LRU - assoc:   8
L2-Sets: 1024 - LRU - assoc:   8
Store_allocation: Yes
L2_inclusive: Yes
L2_prefetching: No

L1 Cache Stats:
L1-Load-Hits:        6691560518   99.81%
L1-Load-Misses:        12734422    0.19%
L1-Load-Accesses:    6704294940  100.00%

L1-Store-Hits:        1832024995   98.65%
L1-Store-Misses:        25006717    1.35%
L1-Store-Accesses:    1857031712  100.00%

L1-Total-Hits:        8523585513   99.56%
L1-Total-Misses:        37741139    0.44%
L1-Total-Accesses:    8561326652  100.00%

L2 Cache Stats:
L2-Load-Hits:          12733437   99.99%
L2-Load-Misses:             985    0.01%
L2-Load-Accesses:      12734422  100.00%

L2-Store-Hits:          24996422   99.96%
L2-Store-Misses:           10295    0.04%
L2-Store-Accesses:      25006717  100.00%

L2-Total-Hits:          37729859   99.97%
L2-Total-Misses:           11280    0.03%
L2-Total-Accesses:      37741139  100.00%

