--------
Total Statistics
--------
Total Instructions: 22767430251
Total Cycles: 31703254891
IPC: 0.718142

--------
Single level Tlb hierarchy
--------
  Data Tlb:
    Entries:         128
    Page Size(B):   4096
    Associativity:      4

Latencies:    0  150
Tlb-Sets:   32 - LRU - assoc:   4

Tlb Stats:
Tlb-Load-Hits:        6704294907  100.00%
Tlb-Load-Misses:              41    0.00%
Tlb-Load-Accesses:    6704294948  100.00%

Tlb-Store-Hits:        1857031369  100.00%
Tlb-Store-Misses:             343    0.00%
Tlb-Store-Accesses:    1857031712  100.00%

Tlb-Total-Hits:        8561326276  100.00%
Tlb-Total-Misses:             384    0.00%
Tlb-Total-Accesses:    8561326660  100.00%



--------
Two level Cache hierarchy
--------
  L1-Data Cache:
    Size(KB):          32
    Block Size(B):     64
    Associativity:      8

  L2-Data Cache:
    Size(KB):        1024
    Block Size(B):    128
    Associativity:      8

Latencies:    1   10  250
L1-Sets:   64 - LRU - assoc:   8
L2-Sets: 1024 - LRU - assoc:   8
Store_allocation: Yes
L2_inclusive: Yes
L2_prefetching: No

L1 Cache Stats:
L1-Load-Hits:        6692133313   99.82%
L1-Load-Misses:        12161635    0.18%
L1-Load-Accesses:    6704294948  100.00%

L1-Store-Hits:        1832031359   98.65%
L1-Store-Misses:        25000353    1.35%
L1-Store-Accesses:    1857031712  100.00%

L1-Total-Hits:        8524164672   99.57%
L1-Total-Misses:        37161988    0.43%
L1-Total-Accesses:    8561326660  100.00%

L2 Cache Stats:
L2-Load-Hits:          12160650   99.99%
L2-Load-Misses:             985    0.01%
L2-Load-Accesses:      12161635  100.00%

L2-Store-Hits:          24990056   99.96%
L2-Store-Misses:           10297    0.04%
L2-Store-Accesses:      25000353  100.00%

L2-Total-Hits:          37150706   99.97%
L2-Total-Misses:           11282    0.03%
L2-Total-Accesses:      37161988  100.00%

