Total Instructions: 92358987975

RAS: (Correct - Incorrect)

Branch Predictors: (Name - Correct - Incorrect)
  StaticTakenPredictor: 181675637 915477747
  BTFNTPredictor: 833116445 264036939
  Nbit-8K-4: 1021996562 75156822
  Pentium-M: 1068942677 28210707
  LocalHistory-PHT(8K,2)-BHT(4K,4): 1079347990 17805394
  LocalHistory-PHT(8K,2)-BHT(8K,2): 1076650136 20503248
  GlobalHistory-PHT(16K,2)-BHR(4): 1076458997 20694387
  GlobalHistory-PHT(8K,4)-BHR(4): 1078953903 18199481
  GlobalHistory-PHT(16K,2)-BHR(8): 1079269168 17884216
  GlobalHistory-PHT(8K,4)-BHR(8): 1079293382 17860002
  Tournament-1K-Entries-(Nbit-8K-2,Nbit-4K-4): 1064576878 32576506
  Tournament-2K-Entries-(GlobalHistory-PHT(4K,4)-BHR(2),Nbit-8K-2): 1078603239 18550145
  Tournament-1K-Entries-(GlobalHistory-PHT(8K,2)-BHR(2),LocalHistory-PHT(2K,4)-BHT(4K,2)): 1079496383 17657001
  Tournament-1K-Entries-(Nbit-8K-2,GlobalHistory-PHT(8K,2)-BHR(5)): 1076432687 20720697
  Tournament-2K-Entries-(Nbit-8K-2,GlobalHistory-PHT(8K,2)-BHR(5)): 1076432689 20720695
  Tournament-1K-Entries-(Nbit-2K-8,LocalHistory-PHT(2K,4)-BHT(4K,2)): 1079113306 18040078
  ALPHA-PREDICTORLocalHistory-PHT(1K,3)-BHT(1K,10),GlobalHistory-PHT(4K,2)-BHR(12)): 1080042143 17111241

BTB Predictors: (Name - Correct - Incorrect - TargetCorrect - TargetIncorrect)
