Total Instructions: 212216016425

RAS: (Correct - Incorrect)

Branch Predictors: (Name - Correct - Incorrect)
  StaticTakenPredictor: 11240641018 21131084555
  BTFNTPredictor: 21535159594 10836565979
  Nbit-8K-4: 29528852069 2842873504
  Pentium-M: 29830145994 2541579579
  LocalHistory-PHT(8K,2)-BHT(4K,4): 30520773854 1850951719
  LocalHistory-PHT(8K,2)-BHT(8K,2): 30381381598 1990343975
  GlobalHistory-PHT(16K,2)-BHR(4): 30234176961 2137548612
  GlobalHistory-PHT(8K,4)-BHR(4): 30002850731 2368874842
  GlobalHistory-PHT(16K,2)-BHR(8): 30587071934 1784653639
  GlobalHistory-PHT(8K,4)-BHR(8): 30252471660 2119253913
  Tournament-1K-Entries-(Nbit-8K-2,Nbit-4K-4): 29695139413 2676586160
  Tournament-2K-Entries-(GlobalHistory-PHT(4K,4)-BHR(2),Nbit-8K-2): 30161012047 2210713526
  Tournament-1K-Entries-(GlobalHistory-PHT(8K,2)-BHR(2),LocalHistory-PHT(2K,4)-BHT(4K,2)): 30583086110 1788639463
  Tournament-1K-Entries-(Nbit-8K-2,GlobalHistory-PHT(8K,2)-BHR(5)): 30550835394 1820890179
  Tournament-2K-Entries-(Nbit-8K-2,GlobalHistory-PHT(8K,2)-BHR(5)): 30552833328 1818892245
  Tournament-1K-Entries-(Nbit-2K-8,LocalHistory-PHT(2K,4)-BHT(4K,2)): 30253193763 2118531810
  ALPHA-PREDICTORLocalHistory-PHT(1K,3)-BHT(1K,10),GlobalHistory-PHT(4K,2)-BHR(12)): 30901607829 1470117744

BTB Predictors: (Name - Correct - Incorrect - TargetCorrect - TargetIncorrect)
