--------
Total Statistics
--------
Total Instructions: 2098852939
Total Cycles: 8193616424
IPC: 0.256157

--------
Single level Tlb hierarchy
--------
  Data Tlb:
    Entries:          64
    Page Size(B):   4096
    Associativity:      4

Latencies:    0  150
Tlb-Sets:   16 - LRU - assoc:   4

Tlb Stats:
Tlb-Load-Hits:         563007034   94.13%
Tlb-Load-Misses:        35106330    5.87%
Tlb-Load-Accesses:     598113364  100.00%

Tlb-Store-Hits:         126178848   99.67%
Tlb-Store-Misses:          421603    0.33%
Tlb-Store-Accesses:     126600451  100.00%

Tlb-Total-Hits:         689185882   95.10%
Tlb-Total-Misses:        35527933    4.90%
Tlb-Total-Accesses:     724713815  100.00%



--------
Two level Cache hierarchy
--------
  L1-Data Cache:
    Size(KB):          32
    Block Size(B):     64
    Associativity:      8

  L2-Data Cache:
    Size(KB):        1024
    Block Size(B):    128
    Associativity:      8

Latencies:    1   10  250
L1-Sets:   64 - LRU - assoc:   8
L2-Sets: 1024 - LRU - assoc:   8
Store_allocation: Yes
L2_inclusive: Yes
L2_prefetching: Yes ( 32)

L1 Cache Stats:
L1-Load-Hits:         595538301   99.57%
L1-Load-Misses:         2575063    0.43%
L1-Load-Accesses:     598113364  100.00%

L1-Store-Hits:         126183292   99.67%
L1-Store-Misses:          417159    0.33%
L1-Store-Accesses:     126600451  100.00%

L1-Total-Hits:         721721593   99.59%
L1-Total-Misses:         2992222    0.41%
L1-Total-Accesses:     724713815  100.00%

L2 Cache Stats:
L2-Load-Hits:           2537622   98.55%
L2-Load-Misses:           37441    1.45%
L2-Load-Accesses:       2575063  100.00%

L2-Store-Hits:            410850   98.49%
L2-Store-Misses:            6309    1.51%
L2-Store-Accesses:        417159  100.00%

L2-Total-Hits:           2948472   98.54%
L2-Total-Misses:           43750    1.46%
L2-Total-Accesses:       2992222  100.00%

