--------
Total Statistics
--------
Total Instructions: 2098852939
Total Cycles: 8368449344
IPC: 0.250805

--------
Single level Tlb hierarchy
--------
  Data Tlb:
    Entries:          64
    Page Size(B):   4096
    Associativity:      4

Latencies:    0  150
Tlb-Sets:   16 - LRU - assoc:   4

Tlb Stats:
Tlb-Load-Hits:         563007033   94.13%
Tlb-Load-Misses:        35106331    5.87%
Tlb-Load-Accesses:     598113364  100.00%

Tlb-Store-Hits:         126178849   99.67%
Tlb-Store-Misses:          421602    0.33%
Tlb-Store-Accesses:     126600451  100.00%

Tlb-Total-Hits:         689185882   95.10%
Tlb-Total-Misses:        35527933    4.90%
Tlb-Total-Accesses:     724713815  100.00%



--------
Two level Cache hierarchy
--------
  L1-Data Cache:
    Size(KB):          32
    Block Size(B):     64
    Associativity:      8

  L2-Data Cache:
    Size(KB):        1024
    Block Size(B):    128
    Associativity:      8

Latencies:    1   10  250
L1-Sets:   64 - LRU - assoc:   8
L2-Sets: 1024 - LRU - assoc:   8
Store_allocation: Yes
L2_inclusive: Yes
L2_prefetching: Yes (  1)

L1 Cache Stats:
L1-Load-Hits:         594989444   99.48%
L1-Load-Misses:         3123920    0.52%
L1-Load-Accesses:     598113364  100.00%

L1-Store-Hits:         126088932   99.60%
L1-Store-Misses:          511519    0.40%
L1-Store-Accesses:     126600451  100.00%

L1-Total-Hits:         721078376   99.50%
L1-Total-Misses:         3635439    0.50%
L1-Total-Accesses:     724713815  100.00%

L2 Cache Stats:
L2-Load-Hits:           2509077   80.32%
L2-Load-Misses:          614843   19.68%
L2-Load-Accesses:       3123920  100.00%

L2-Store-Hits:            409009   79.96%
L2-Store-Misses:          102510   20.04%
L2-Store-Accesses:        511519  100.00%

L2-Total-Hits:           2918086   80.27%
L2-Total-Misses:          717353   19.73%
L2-Total-Accesses:       3635439  100.00%

