--------
Total Statistics
--------
Total Instructions: 2098852939
Total Cycles: 8187702434
IPC: 0.256342

--------
Single level Tlb hierarchy
--------
  Data Tlb:
    Entries:          64
    Page Size(B):   4096
    Associativity:      4

Latencies:    0  150
Tlb-Sets:   16 - LRU - assoc:   4

Tlb Stats:
Tlb-Load-Hits:         563007033   94.13%
Tlb-Load-Misses:        35106331    5.87%
Tlb-Load-Accesses:     598113364  100.00%

Tlb-Store-Hits:         126178849   99.67%
Tlb-Store-Misses:          421602    0.33%
Tlb-Store-Accesses:     126600451  100.00%

Tlb-Total-Hits:         689185882   95.10%
Tlb-Total-Misses:        35527933    4.90%
Tlb-Total-Accesses:     724713815  100.00%



--------
Two level Cache hierarchy
--------
  L1-Data Cache:
    Size(KB):          32
    Block Size(B):     64
    Associativity:      8

  L2-Data Cache:
    Size(KB):        1024
    Block Size(B):    128
    Associativity:      8

Latencies:    1   10  250
L1-Sets:   64 - LRU - assoc:   8
L2-Sets: 1024 - LRU - assoc:   8
Store_allocation: Yes
L2_inclusive: Yes
L2_prefetching: Yes ( 64)

L1 Cache Stats:
L1-Load-Hits:         595590285   99.58%
L1-Load-Misses:         2523079    0.42%
L1-Load-Accesses:     598113364  100.00%

L1-Store-Hits:         126187557   99.67%
L1-Store-Misses:          412894    0.33%
L1-Store-Accesses:     126600451  100.00%

L1-Total-Hits:         721777842   99.59%
L1-Total-Misses:         2935973    0.41%
L1-Total-Accesses:     724713815  100.00%

L2 Cache Stats:
L2-Load-Hits:           2503945   99.24%
L2-Load-Misses:           19134    0.76%
L2-Load-Accesses:       2523079  100.00%

L2-Store-Hits:            409684   99.22%
L2-Store-Misses:            3210    0.78%
L2-Store-Accesses:        412894  100.00%

L2-Total-Hits:           2913629   99.24%
L2-Total-Misses:           22344    0.76%
L2-Total-Accesses:       2935973  100.00%

