--------
Total Statistics
--------
Total Instructions: 2098852939
Total Cycles: 8258482294
IPC: 0.254145

--------
Single level Tlb hierarchy
--------
  Data Tlb:
    Entries:          64
    Page Size(B):   4096
    Associativity:      4

Latencies:    0  150
Tlb-Sets:   16 - LRU - assoc:   4

Tlb Stats:
Tlb-Load-Hits:         563007033   94.13%
Tlb-Load-Misses:        35106331    5.87%
Tlb-Load-Accesses:     598113364  100.00%

Tlb-Store-Hits:         126178848   99.67%
Tlb-Store-Misses:          421603    0.33%
Tlb-Store-Accesses:     126600451  100.00%

Tlb-Total-Hits:         689185881   95.10%
Tlb-Total-Misses:        35527934    4.90%
Tlb-Total-Accesses:     724713815  100.00%



--------
Two level Cache hierarchy
--------
  L1-Data Cache:
    Size(KB):          32
    Block Size(B):     64
    Associativity:      8

  L2-Data Cache:
    Size(KB):        1024
    Block Size(B):    128
    Associativity:      8

Latencies:    1   10  250
L1-Sets:   64 - LRU - assoc:   8
L2-Sets: 1024 - LRU - assoc:   8
Store_allocation: Yes
L2_inclusive: Yes
L2_prefetching: Yes (  4)

L1 Cache Stats:
L1-Load-Hits:         595134076   99.50%
L1-Load-Misses:         2979288    0.50%
L1-Load-Accesses:     598113364  100.00%

L1-Store-Hits:         126178495   99.67%
L1-Store-Misses:          421956    0.33%
L1-Store-Accesses:     126600451  100.00%

L1-Total-Hits:         721312571   99.53%
L1-Total-Misses:         3401244    0.47%
L1-Total-Accesses:     724713815  100.00%

L2 Cache Stats:
L2-Load-Hits:           2733446   91.75%
L2-Load-Misses:          245842    8.25%
L2-Load-Accesses:       2979288  100.00%

L2-Store-Hits:            380946   90.28%
L2-Store-Misses:           41010    9.72%
L2-Store-Accesses:        421956  100.00%

L2-Total-Hits:           3114392   91.57%
L2-Total-Misses:          286852    8.43%
L2-Total-Accesses:       3401244  100.00%

