--------
Total Statistics
--------
Total Instructions: 2098852939
Total Cycles: 8202708974
IPC: 0.255873

--------
Single level Tlb hierarchy
--------
  Data Tlb:
    Entries:          64
    Page Size(B):   4096
    Associativity:      4

Latencies:    0  150
Tlb-Sets:   16 - LRU - assoc:   4

Tlb Stats:
Tlb-Load-Hits:         563007033   94.13%
Tlb-Load-Misses:        35106331    5.87%
Tlb-Load-Accesses:     598113364  100.00%

Tlb-Store-Hits:         126178849   99.67%
Tlb-Store-Misses:          421602    0.33%
Tlb-Store-Accesses:     126600451  100.00%

Tlb-Total-Hits:         689185882   95.10%
Tlb-Total-Misses:        35527933    4.90%
Tlb-Total-Accesses:     724713815  100.00%



--------
Two level Cache hierarchy
--------
  L1-Data Cache:
    Size(KB):          32
    Block Size(B):     64
    Associativity:      8

  L2-Data Cache:
    Size(KB):        1024
    Block Size(B):    128
    Associativity:      8

Latencies:    1   10  250
L1-Sets:   64 - LRU - assoc:   8
L2-Sets: 1024 - LRU - assoc:   8
Store_allocation: Yes
L2_inclusive: Yes
L2_prefetching: Yes ( 16)

L1 Cache Stats:
L1-Load-Hits:         595614286   99.58%
L1-Load-Misses:         2499078    0.42%
L1-Load-Accesses:     598113364  100.00%

L1-Store-Hits:         126218002   99.70%
L1-Store-Misses:          382449    0.30%
L1-Store-Accesses:     126600451  100.00%

L1-Total-Hits:         721832288   99.60%
L1-Total-Misses:         2881527    0.40%
L1-Total-Accesses:     724713815  100.00%

L2 Cache Stats:
L2-Load-Hits:           2426639   97.10%
L2-Load-Misses:           72439    2.90%
L2-Load-Accesses:       2499078  100.00%

L2-Store-Hits:            370340   96.83%
L2-Store-Misses:           12109    3.17%
L2-Store-Accesses:        382449  100.00%

L2-Total-Hits:           2796979   97.07%
L2-Total-Misses:           84548    2.93%
L2-Total-Accesses:       2881527  100.00%

