--------
Total Statistics
--------
Total Instructions: 10308506131
Total Cycles: 16306677925
IPC: 0.632165

--------
Single level Tlb hierarchy
--------
  Data Tlb:
    Entries:          64
    Page Size(B):   4096
    Associativity:      4

Latencies:    0  150
Tlb-Sets:   16 - LRU - assoc:   4

Tlb Stats:
Tlb-Load-Hits:        2170371293   99.38%
Tlb-Load-Misses:        13517494    0.62%
Tlb-Load-Accesses:    2183888787  100.00%

Tlb-Store-Hits:         573729275   99.96%
Tlb-Store-Misses:          257492    0.04%
Tlb-Store-Accesses:     573986767  100.00%

Tlb-Total-Hits:        2744100568   99.50%
Tlb-Total-Misses:        13774986    0.50%
Tlb-Total-Accesses:    2757875554  100.00%



--------
Two level Cache hierarchy
--------
  L1-Data Cache:
    Size(KB):          32
    Block Size(B):     64
    Associativity:      8

  L2-Data Cache:
    Size(KB):        1024
    Block Size(B):    128
    Associativity:      8

Latencies:    1   10  250
L1-Sets:   64 - LRU - assoc:   8
L2-Sets: 1024 - LRU - assoc:   8
Store_allocation: Yes
L2_inclusive: Yes
L2_prefetching: Yes ( 64)

L1 Cache Stats:
L1-Load-Hits:        2073379364   94.94%
L1-Load-Misses:       110509423    5.06%
L1-Load-Accesses:    2183888787  100.00%

L1-Store-Hits:         568794731   99.10%
L1-Store-Misses:         5192036    0.90%
L1-Store-Accesses:     573986767  100.00%

L1-Total-Hits:        2642174095   95.80%
L1-Total-Misses:       115701459    4.20%
L1-Total-Accesses:    2757875554  100.00%

L2 Cache Stats:
L2-Load-Hits:         110487675   99.98%
L2-Load-Misses:           21748    0.02%
L2-Load-Accesses:     110509423  100.00%

L2-Store-Hits:           5145649   99.11%
L2-Store-Misses:           46387    0.89%
L2-Store-Accesses:       5192036  100.00%

L2-Total-Hits:         115633324   99.94%
L2-Total-Misses:           68135    0.06%
L2-Total-Accesses:     115701459  100.00%

