--------
Total Statistics
--------
Total Instructions: 10308505635
Total Cycles: 16353315429
IPC: 0.630362

--------
Single level Tlb hierarchy
--------
  Data Tlb:
    Entries:          64
    Page Size(B):   4096
    Associativity:      4

Latencies:    0  150
Tlb-Sets:   16 - LRU - assoc:   4

Tlb Stats:
Tlb-Load-Hits:        2170387907   99.38%
Tlb-Load-Misses:        13500880    0.62%
Tlb-Load-Accesses:    2183888787  100.00%

Tlb-Store-Hits:         573809256   99.97%
Tlb-Store-Misses:          177511    0.03%
Tlb-Store-Accesses:     573986767  100.00%

Tlb-Total-Hits:        2744197163   99.50%
Tlb-Total-Misses:        13678391    0.50%
Tlb-Total-Accesses:    2757875554  100.00%



--------
Two level Cache hierarchy
--------
  L1-Data Cache:
    Size(KB):          32
    Block Size(B):     64
    Associativity:      8

  L2-Data Cache:
    Size(KB):        1024
    Block Size(B):    128
    Associativity:      8

Latencies:    1   10  250
L1-Sets:   64 - LRU - assoc:   8
L2-Sets: 1024 - LRU - assoc:   8
Store_allocation: Yes
L2_inclusive: Yes
L2_prefetching: Yes (  4)

L1 Cache Stats:
L1-Load-Hits:        2073132084   94.93%
L1-Load-Misses:       110756703    5.07%
L1-Load-Accesses:    2183888787  100.00%

L1-Store-Hits:         568412586   99.03%
L1-Store-Misses:         5574181    0.97%
L1-Store-Accesses:     573986767  100.00%

L1-Total-Hits:        2641544670   95.78%
L1-Total-Misses:       116330884    4.22%
L1-Total-Accesses:    2757875554  100.00%

L2 Cache Stats:
L2-Load-Hits:         110588598   99.85%
L2-Load-Misses:          168105    0.15%
L2-Load-Accesses:     110756703  100.00%

L2-Store-Hits:           5454819   97.86%
L2-Store-Misses:          119362    2.14%
L2-Store-Accesses:       5574181  100.00%

L2-Total-Hits:         116043417   99.75%
L2-Total-Misses:          287467    0.25%
L2-Total-Accesses:     116330884  100.00%

