--------
Total Statistics
--------
Total Instructions: 10308506131
Total Cycles: 16299903365
IPC: 0.632427

--------
Single level Tlb hierarchy
--------
  Data Tlb:
    Entries:          64
    Page Size(B):   4096
    Associativity:      4

Latencies:    0  150
Tlb-Sets:   16 - LRU - assoc:   4

Tlb Stats:
Tlb-Load-Hits:        2170465639   99.39%
Tlb-Load-Misses:        13423148    0.61%
Tlb-Load-Accesses:    2183888787  100.00%

Tlb-Store-Hits:         573809250   99.97%
Tlb-Store-Misses:          177517    0.03%
Tlb-Store-Accesses:     573986767  100.00%

Tlb-Total-Hits:        2744274889   99.51%
Tlb-Total-Misses:        13600665    0.49%
Tlb-Total-Accesses:    2757875554  100.00%



--------
Two level Cache hierarchy
--------
  L1-Data Cache:
    Size(KB):          32
    Block Size(B):     64
    Associativity:      8

  L2-Data Cache:
    Size(KB):        1024
    Block Size(B):    128
    Associativity:      8

Latencies:    1   10  250
L1-Sets:   64 - LRU - assoc:   8
L2-Sets: 1024 - LRU - assoc:   8
Store_allocation: Yes
L2_inclusive: Yes
L2_prefetching: Yes ( 16)

L1 Cache Stats:
L1-Load-Hits:        2073373743   94.94%
L1-Load-Misses:       110515044    5.06%
L1-Load-Accesses:    2183888787  100.00%

L1-Store-Hits:         568640443   99.07%
L1-Store-Misses:         5346324    0.93%
L1-Store-Accesses:     573986767  100.00%

L1-Total-Hits:        2642014186   95.80%
L1-Total-Misses:       115861368    4.20%
L1-Total-Accesses:    2757875554  100.00%

L2 Cache Stats:
L2-Load-Hits:         110454560   99.95%
L2-Load-Misses:           60484    0.05%
L2-Load-Accesses:     110515044  100.00%

L2-Store-Hits:           5267575   98.53%
L2-Store-Misses:           78749    1.47%
L2-Store-Accesses:       5346324  100.00%

L2-Total-Hits:         115722135   99.88%
L2-Total-Misses:          139233    0.12%
L2-Total-Accesses:     115861368  100.00%

