--------
Total Statistics
--------
Total Instructions: 10308506131
Total Cycles: 16287985445
IPC: 0.63289

--------
Single level Tlb hierarchy
--------
  Data Tlb:
    Entries:          64
    Page Size(B):   4096
    Associativity:      4

Latencies:    0  150
Tlb-Sets:   16 - LRU - assoc:   4

Tlb Stats:
Tlb-Load-Hits:        2170462190   99.39%
Tlb-Load-Misses:        13426597    0.61%
Tlb-Load-Accesses:    2183888787  100.00%

Tlb-Store-Hits:         573809245   99.97%
Tlb-Store-Misses:          177522    0.03%
Tlb-Store-Accesses:     573986767  100.00%

Tlb-Total-Hits:        2744271435   99.51%
Tlb-Total-Misses:        13604119    0.49%
Tlb-Total-Accesses:    2757875554  100.00%



--------
Two level Cache hierarchy
--------
  L1-Data Cache:
    Size(KB):          32
    Block Size(B):     64
    Associativity:      8

  L2-Data Cache:
    Size(KB):        1024
    Block Size(B):    128
    Associativity:      8

Latencies:    1   10  250
L1-Sets:   64 - LRU - assoc:   8
L2-Sets: 1024 - LRU - assoc:   8
Store_allocation: Yes
L2_inclusive: Yes
L2_prefetching: Yes ( 32)

L1 Cache Stats:
L1-Load-Hits:        2073420579   94.94%
L1-Load-Misses:       110468208    5.06%
L1-Load-Accesses:    2183888787  100.00%

L1-Store-Hits:         568641559   99.07%
L1-Store-Misses:         5345208    0.93%
L1-Store-Accesses:     573986767  100.00%

L1-Total-Hits:        2642062138   95.80%
L1-Total-Misses:       115813416    4.20%
L1-Total-Accesses:    2757875554  100.00%

L2 Cache Stats:
L2-Load-Hits:         110434519   99.97%
L2-Load-Misses:           33689    0.03%
L2-Load-Accesses:     110468208  100.00%

L2-Store-Hits:           5287490   98.92%
L2-Store-Misses:           57718    1.08%
L2-Store-Accesses:       5345208  100.00%

L2-Total-Hits:         115722009   99.92%
L2-Total-Misses:           91407    0.08%
L2-Total-Accesses:     115813416  100.00%

