--------
Total Statistics
--------
Total Instructions: 10308506627
Total Cycles: 16344349491
IPC: 0.630708

--------
Single level Tlb hierarchy
--------
  Data Tlb:
    Entries:          64
    Page Size(B):   4096
    Associativity:      4

Latencies:    0  150
Tlb-Sets:   16 - LRU - assoc:   4

Tlb Stats:
Tlb-Load-Hits:        2170333428   99.38%
Tlb-Load-Misses:        13555359    0.62%
Tlb-Load-Accesses:    2183888787  100.00%

Tlb-Store-Hits:         573729236   99.96%
Tlb-Store-Misses:          257531    0.04%
Tlb-Store-Accesses:     573986767  100.00%

Tlb-Total-Hits:        2744062664   99.50%
Tlb-Total-Misses:        13812890    0.50%
Tlb-Total-Accesses:    2757875554  100.00%



--------
Two level Cache hierarchy
--------
  L1-Data Cache:
    Size(KB):          32
    Block Size(B):     64
    Associativity:      8

  L2-Data Cache:
    Size(KB):        1024
    Block Size(B):    128
    Associativity:      8

Latencies:    1   10  250
L1-Sets:   64 - LRU - assoc:   8
L2-Sets: 1024 - LRU - assoc:   8
Store_allocation: Yes
L2_inclusive: Yes
L2_prefetching: Yes (  8)

L1 Cache Stats:
L1-Load-Hits:        2073371270   94.94%
L1-Load-Misses:       110517517    5.06%
L1-Load-Accesses:    2183888787  100.00%

L1-Store-Hits:         568654803   99.07%
L1-Store-Misses:         5331964    0.93%
L1-Store-Accesses:     573986767  100.00%

L1-Total-Hits:        2642026073   95.80%
L1-Total-Misses:       115849481    4.20%
L1-Total-Accesses:    2757875554  100.00%

L2 Cache Stats:
L2-Load-Hits:         110417660   99.91%
L2-Load-Misses:           99857    0.09%
L2-Load-Accesses:     110517517  100.00%

L2-Store-Hits:           5241665   98.31%
L2-Store-Misses:           90299    1.69%
L2-Store-Accesses:       5331964  100.00%

L2-Total-Hits:         115659325   99.84%
L2-Total-Misses:          190156    0.16%
L2-Total-Accesses:     115849481  100.00%

