--------
Total Statistics
--------
Total Instructions: 10308505635
Total Cycles: 16431247229
IPC: 0.627372

--------
Single level Tlb hierarchy
--------
  Data Tlb:
    Entries:          64
    Page Size(B):   4096
    Associativity:      4

Latencies:    0  150
Tlb-Sets:   16 - LRU - assoc:   4

Tlb Stats:
Tlb-Load-Hits:        2170400221   99.38%
Tlb-Load-Misses:        13488566    0.62%
Tlb-Load-Accesses:    2183888787  100.00%

Tlb-Store-Hits:         573809248   99.97%
Tlb-Store-Misses:          177519    0.03%
Tlb-Store-Accesses:     573986767  100.00%

Tlb-Total-Hits:        2744209469   99.50%
Tlb-Total-Misses:        13666085    0.50%
Tlb-Total-Accesses:    2757875554  100.00%



--------
Two level Cache hierarchy
--------
  L1-Data Cache:
    Size(KB):          32
    Block Size(B):     64
    Associativity:      8

  L2-Data Cache:
    Size(KB):        1024
    Block Size(B):    128
    Associativity:      8

Latencies:    1   10  250
L1-Sets:   64 - LRU - assoc:   8
L2-Sets: 1024 - LRU - assoc:   8
Store_allocation: Yes
L2_inclusive: Yes
L2_prefetching: Yes (  1)

L1 Cache Stats:
L1-Load-Hits:        2073173088   94.93%
L1-Load-Misses:       110715699    5.07%
L1-Load-Accesses:    2183888787  100.00%

L1-Store-Hits:         568229712   99.00%
L1-Store-Misses:         5757055    1.00%
L1-Store-Accesses:     573986767  100.00%

L1-Total-Hits:        2641402800   95.78%
L1-Total-Misses:       116472754    4.22%
L1-Total-Accesses:    2757875554  100.00%

L2 Cache Stats:
L2-Load-Hits:         110379617   99.70%
L2-Load-Misses:          336082    0.30%
L2-Load-Accesses:     110715699  100.00%

L2-Store-Hits:           5492234   95.40%
L2-Store-Misses:          264821    4.60%
L2-Store-Accesses:       5757055  100.00%

L2-Total-Hits:         115871851   99.48%
L2-Total-Misses:          600903    0.52%
L2-Total-Accesses:     116472754  100.00%

