--------
Total Statistics
--------
Total Instructions: 1514103347
Total Cycles: 16373009536
IPC: 0.0924756

--------
Single level Tlb hierarchy
--------
  Data Tlb:
    Entries:          64
    Page Size(B):   4096
    Associativity:      4

Latencies:    0  150
Tlb-Sets:   16 - LRU - assoc:   4

Tlb Stats:
Tlb-Load-Hits:         242363986   85.90%
Tlb-Load-Misses:        39793389   14.10%
Tlb-Load-Accesses:     282157375  100.00%

Tlb-Store-Hits:          76174335   99.60%
Tlb-Store-Misses:          309199    0.40%
Tlb-Store-Accesses:      76483534  100.00%

Tlb-Total-Hits:         318538321   88.82%
Tlb-Total-Misses:        40102588   11.18%
Tlb-Total-Accesses:     358640909  100.00%



--------
Two level Cache hierarchy
--------
  L1-Data Cache:
    Size(KB):          32
    Block Size(B):     64
    Associativity:      8

  L2-Data Cache:
    Size(KB):        1024
    Block Size(B):    128
    Associativity:      8

Latencies:    1   10  250
L1-Sets:   64 - LRU - assoc:   8
L2-Sets: 1024 - LRU - assoc:   8
Store_allocation: Yes
L2_inclusive: Yes
L2_prefetching: Yes (  1)

L1 Cache Stats:
L1-Load-Hits:         205178428   72.72%
L1-Load-Misses:        76978947   27.28%
L1-Load-Accesses:     282157375  100.00%

L1-Store-Hits:          76129523   99.54%
L1-Store-Misses:          354011    0.46%
L1-Store-Accesses:      76483534  100.00%

L1-Total-Hits:         281307951   78.44%
L1-Total-Misses:        77332958   21.56%
L1-Total-Accesses:     358640909  100.00%

L2 Cache Stats:
L2-Load-Hits:          46132840   59.93%
L2-Load-Misses:        30846107   40.07%
L2-Load-Accesses:      76978947  100.00%

L2-Store-Hits:            353928   99.98%
L2-Store-Misses:              83    0.02%
L2-Store-Accesses:        354011  100.00%

L2-Total-Hits:          46486768   60.11%
L2-Total-Misses:        30846190   39.89%
L2-Total-Accesses:      77332958  100.00%

