--------
Total Statistics
--------
Total Instructions: 1514103347
Total Cycles: 16286594066
IPC: 0.0929662

--------
Single level Tlb hierarchy
--------
  Data Tlb:
    Entries:          64
    Page Size(B):   4096
    Associativity:      4

Latencies:    0  150
Tlb-Sets:   16 - LRU - assoc:   4

Tlb Stats:
Tlb-Load-Hits:         242856540   86.07%
Tlb-Load-Misses:        39300835   13.93%
Tlb-Load-Accesses:     282157375  100.00%

Tlb-Store-Hits:          76172932   99.59%
Tlb-Store-Misses:          310602    0.41%
Tlb-Store-Accesses:      76483534  100.00%

Tlb-Total-Hits:         319029472   88.96%
Tlb-Total-Misses:        39611437   11.04%
Tlb-Total-Accesses:     358640909  100.00%



--------
Two level Cache hierarchy
--------
  L1-Data Cache:
    Size(KB):          32
    Block Size(B):     64
    Associativity:      8

  L2-Data Cache:
    Size(KB):        1024
    Block Size(B):    128
    Associativity:      8

Latencies:    1   10  250
L1-Sets:   64 - LRU - assoc:   8
L2-Sets: 1024 - LRU - assoc:   8
Store_allocation: Yes
L2_inclusive: Yes
L2_prefetching: Yes (  2)

L1 Cache Stats:
L1-Load-Hits:         204745583   72.56%
L1-Load-Misses:        77411792   27.44%
L1-Load-Accesses:     282157375  100.00%

L1-Store-Hits:          76137275   99.55%
L1-Store-Misses:          346259    0.45%
L1-Store-Accesses:      76483534  100.00%

L1-Total-Hits:         280882858   78.32%
L1-Total-Misses:        77758051   21.68%
L1-Total-Accesses:     358640909  100.00%

L2 Cache Stats:
L2-Load-Hits:          46633624   60.24%
L2-Load-Misses:        30778168   39.76%
L2-Load-Accesses:      77411792  100.00%

L2-Store-Hits:            346212   99.99%
L2-Store-Misses:              47    0.01%
L2-Store-Accesses:        346259  100.00%

L2-Total-Hits:          46979836   60.42%
L2-Total-Misses:        30778215   39.58%
L2-Total-Accesses:      77758051  100.00%

