--------
Total Statistics
--------
Total Instructions: 1514103347
Total Cycles: 16300896726
IPC: 0.0928847

--------
Single level Tlb hierarchy
--------
  Data Tlb:
    Entries:          64
    Page Size(B):   4096
    Associativity:      4

Latencies:    0  150
Tlb-Sets:   16 - LRU - assoc:   4

Tlb Stats:
Tlb-Load-Hits:         243005259   86.12%
Tlb-Load-Misses:        39152116   13.88%
Tlb-Load-Accesses:     282157375  100.00%

Tlb-Store-Hits:          76175578   99.60%
Tlb-Store-Misses:          307956    0.40%
Tlb-Store-Accesses:      76483534  100.00%

Tlb-Total-Hits:         319180837   89.00%
Tlb-Total-Misses:        39460072   11.00%
Tlb-Total-Accesses:     358640909  100.00%



--------
Two level Cache hierarchy
--------
  L1-Data Cache:
    Size(KB):          32
    Block Size(B):     64
    Associativity:      8

  L2-Data Cache:
    Size(KB):        1024
    Block Size(B):    128
    Associativity:      8

Latencies:    1   10  250
L1-Sets:   64 - LRU - assoc:   8
L2-Sets: 1024 - LRU - assoc:   8
Store_allocation: Yes
L2_inclusive: Yes
L2_prefetching: Yes ( 32)

L1 Cache Stats:
L1-Load-Hits:         210088317   74.46%
L1-Load-Misses:        72069058   25.54%
L1-Load-Accesses:     282157375  100.00%

L1-Store-Hits:          76400475   99.89%
L1-Store-Misses:           83059    0.11%
L1-Store-Accesses:      76483534  100.00%

L1-Total-Hits:         286488792   79.88%
L1-Total-Misses:        72152117   20.12%
L1-Total-Accesses:     358640909  100.00%

L2 Cache Stats:
L2-Load-Hits:          40946809   56.82%
L2-Load-Misses:        31122249   43.18%
L2-Load-Accesses:      72069058  100.00%

L2-Store-Hits:             54826   66.01%
L2-Store-Misses:           28233   33.99%
L2-Store-Accesses:         83059  100.00%

L2-Total-Hits:          41001635   56.83%
L2-Total-Misses:        31150482   43.17%
L2-Total-Accesses:      72152117  100.00%

