--------
Total Statistics
--------
Total Instructions: 8310935028
Total Cycles: 11992065801
IPC: 0.693036

--------
Single level Tlb hierarchy
--------
  Data Tlb:
    Entries:          64
    Page Size(B):   4096
    Associativity:      4

Latencies:    0  150
Tlb-Sets:   16 - LRU - assoc:   4

Tlb Stats:
Tlb-Load-Hits:        1869902767   99.97%
Tlb-Load-Misses:          564345    0.03%
Tlb-Load-Accesses:    1870467112  100.00%

Tlb-Store-Hits:         185876056   99.85%
Tlb-Store-Misses:          279845    0.15%
Tlb-Store-Accesses:     186155901  100.00%

Tlb-Total-Hits:        2055778823   99.96%
Tlb-Total-Misses:          844190    0.04%
Tlb-Total-Accesses:    2056623013  100.00%



--------
Two level Cache hierarchy
--------
  L1-Data Cache:
    Size(KB):          32
    Block Size(B):     64
    Associativity:      8

  L2-Data Cache:
    Size(KB):        1024
    Block Size(B):    128
    Associativity:      8

Latencies:    1   10  250
L1-Sets:   64 - LRU - assoc:   8
L2-Sets: 1024 - LRU - assoc:   8
Store_allocation: Yes
L2_inclusive: Yes
L2_prefetching: Yes (  4)

L1 Cache Stats:
L1-Load-Hits:        1852668361   99.05%
L1-Load-Misses:        17798751    0.95%
L1-Load-Accesses:    1870467112  100.00%

L1-Store-Hits:         181240951   97.36%
L1-Store-Misses:         4914950    2.64%
L1-Store-Accesses:     186155901  100.00%

L1-Total-Hits:        2033909312   98.90%
L1-Total-Misses:        22713701    1.10%
L1-Total-Accesses:    2056623013  100.00%

L2 Cache Stats:
L2-Load-Hits:          14603361   82.05%
L2-Load-Misses:         3195390   17.95%
L2-Load-Accesses:      17798751  100.00%

L2-Store-Hits:           3027371   61.60%
L2-Store-Misses:         1887579   38.40%
L2-Store-Accesses:       4914950  100.00%

L2-Total-Hits:          17630732   77.62%
L2-Total-Misses:         5082969   22.38%
L2-Total-Accesses:      22713701  100.00%

