--------
Total Statistics
--------
Total Instructions: 8310935028
Total Cycles: 12315944781
IPC: 0.674811

--------
Single level Tlb hierarchy
--------
  Data Tlb:
    Entries:          64
    Page Size(B):   4096
    Associativity:      4

Latencies:    0  150
Tlb-Sets:   16 - LRU - assoc:   4

Tlb Stats:
Tlb-Load-Hits:        1869902057   99.97%
Tlb-Load-Misses:          565055    0.03%
Tlb-Load-Accesses:    1870467112  100.00%

Tlb-Store-Hits:         185876060   99.85%
Tlb-Store-Misses:          279841    0.15%
Tlb-Store-Accesses:     186155901  100.00%

Tlb-Total-Hits:        2055778117   99.96%
Tlb-Total-Misses:          844896    0.04%
Tlb-Total-Accesses:    2056623013  100.00%



--------
Two level Cache hierarchy
--------
  L1-Data Cache:
    Size(KB):          32
    Block Size(B):     64
    Associativity:      8

  L2-Data Cache:
    Size(KB):        1024
    Block Size(B):    128
    Associativity:      8

Latencies:    1   10  250
L1-Sets:   64 - LRU - assoc:   8
L2-Sets: 1024 - LRU - assoc:   8
Store_allocation: Yes
L2_inclusive: Yes
L2_prefetching: Yes (  1)

L1 Cache Stats:
L1-Load-Hits:        1851178997   98.97%
L1-Load-Misses:        19288115    1.03%
L1-Load-Accesses:    1870467112  100.00%

L1-Store-Hits:         181134032   97.30%
L1-Store-Misses:         5021869    2.70%
L1-Store-Accesses:     186155901  100.00%

L1-Total-Hits:        2032313029   98.82%
L1-Total-Misses:        24309984    1.18%
L1-Total-Accesses:    2056623013  100.00%

L2 Cache Stats:
L2-Load-Hits:          15266017   79.15%
L2-Load-Misses:         4022098   20.85%
L2-Load-Accesses:      19288115  100.00%

L2-Store-Hits:           2729757   54.36%
L2-Store-Misses:         2292112   45.64%
L2-Store-Accesses:       5021869  100.00%

L2-Total-Hits:          17995774   74.03%
L2-Total-Misses:         6314210   25.97%
L2-Total-Accesses:      24309984  100.00%

