--------
Total Statistics
--------
Total Instructions: 8310935028
Total Cycles: 11150195821
IPC: 0.745362

--------
Single level Tlb hierarchy
--------
  Data Tlb:
    Entries:          64
    Page Size(B):   4096
    Associativity:      4

Latencies:    0  150
Tlb-Sets:   16 - LRU - assoc:   4

Tlb Stats:
Tlb-Load-Hits:        1869902335   99.97%
Tlb-Load-Misses:          564777    0.03%
Tlb-Load-Accesses:    1870467112  100.00%

Tlb-Store-Hits:         185876061   99.85%
Tlb-Store-Misses:          279840    0.15%
Tlb-Store-Accesses:     186155901  100.00%

Tlb-Total-Hits:        2055778396   99.96%
Tlb-Total-Misses:          844617    0.04%
Tlb-Total-Accesses:    2056623013  100.00%



--------
Two level Cache hierarchy
--------
  L1-Data Cache:
    Size(KB):          32
    Block Size(B):     64
    Associativity:      8

  L2-Data Cache:
    Size(KB):        1024
    Block Size(B):    128
    Associativity:      8

Latencies:    1   10  250
L1-Sets:   64 - LRU - assoc:   8
L2-Sets: 1024 - LRU - assoc:   8
Store_allocation: Yes
L2_inclusive: Yes
L2_prefetching: Yes ( 16)

L1 Cache Stats:
L1-Load-Hits:        1855016707   99.17%
L1-Load-Misses:        15450405    0.83%
L1-Load-Accesses:    1870467112  100.00%

L1-Store-Hits:         182626258   98.10%
L1-Store-Misses:         3529643    1.90%
L1-Store-Accesses:     186155901  100.00%

L1-Total-Hits:        2037642965   99.08%
L1-Total-Misses:        18980048    0.92%
L1-Total-Accesses:    2056623013  100.00%

L2 Cache Stats:
L2-Load-Hits:          14132174   91.47%
L2-Load-Misses:         1318231    8.53%
L2-Load-Accesses:      15450405  100.00%

L2-Store-Hits:           2983295   84.52%
L2-Store-Misses:          546348   15.48%
L2-Store-Accesses:       3529643  100.00%

L2-Total-Hits:          17115469   90.18%
L2-Total-Misses:         1864579    9.82%
L2-Total-Accesses:      18980048  100.00%

