--------
Total Statistics
--------
Total Instructions: 8310935028
Total Cycles: 10821881161
IPC: 0.767975

--------
Single level Tlb hierarchy
--------
  Data Tlb:
    Entries:          64
    Page Size(B):   4096
    Associativity:      4

Latencies:    0  150
Tlb-Sets:   16 - LRU - assoc:   4

Tlb Stats:
Tlb-Load-Hits:        1869902357   99.97%
Tlb-Load-Misses:          564755    0.03%
Tlb-Load-Accesses:    1870467112  100.00%

Tlb-Store-Hits:         185876058   99.85%
Tlb-Store-Misses:          279843    0.15%
Tlb-Store-Accesses:     186155901  100.00%

Tlb-Total-Hits:        2055778415   99.96%
Tlb-Total-Misses:          844598    0.04%
Tlb-Total-Accesses:    2056623013  100.00%



--------
Two level Cache hierarchy
--------
  L1-Data Cache:
    Size(KB):          32
    Block Size(B):     64
    Associativity:      8

  L2-Data Cache:
    Size(KB):        1024
    Block Size(B):    128
    Associativity:      8

Latencies:    1   10  250
L1-Sets:   64 - LRU - assoc:   8
L2-Sets: 1024 - LRU - assoc:   8
Store_allocation: Yes
L2_inclusive: Yes
L2_prefetching: Yes ( 64)

L1 Cache Stats:
L1-Load-Hits:        1856068206   99.23%
L1-Load-Misses:        14398906    0.77%
L1-Load-Accesses:    1870467112  100.00%

L1-Store-Hits:         182904540   98.25%
L1-Store-Misses:         3251361    1.75%
L1-Store-Accesses:     186155901  100.00%

L1-Total-Hits:        2038972746   99.14%
L1-Total-Misses:        17650267    0.86%
L1-Total-Accesses:    2056623013  100.00%

L2 Cache Stats:
L2-Load-Hits:          13960373   96.95%
L2-Load-Misses:          438533    3.05%
L2-Load-Accesses:      14398906  100.00%

L2-Store-Hits:           3085371   94.89%
L2-Store-Misses:          165990    5.11%
L2-Store-Accesses:       3251361  100.00%

L2-Total-Hits:          17045744   96.57%
L2-Total-Misses:          604523    3.43%
L2-Total-Accesses:      17650267  100.00%

