--------
Total Statistics
--------
Total Instructions: 8310935028
Total Cycles: 10939362001
IPC: 0.759728

--------
Single level Tlb hierarchy
--------
  Data Tlb:
    Entries:          64
    Page Size(B):   4096
    Associativity:      4

Latencies:    0  150
Tlb-Sets:   16 - LRU - assoc:   4

Tlb Stats:
Tlb-Load-Hits:        1869901971   99.97%
Tlb-Load-Misses:          565141    0.03%
Tlb-Load-Accesses:    1870467112  100.00%

Tlb-Store-Hits:         185876055   99.85%
Tlb-Store-Misses:          279846    0.15%
Tlb-Store-Accesses:     186155901  100.00%

Tlb-Total-Hits:        2055778026   99.96%
Tlb-Total-Misses:          844987    0.04%
Tlb-Total-Accesses:    2056623013  100.00%



--------
Two level Cache hierarchy
--------
  L1-Data Cache:
    Size(KB):          32
    Block Size(B):     64
    Associativity:      8

  L2-Data Cache:
    Size(KB):        1024
    Block Size(B):    128
    Associativity:      8

Latencies:    1   10  250
L1-Sets:   64 - LRU - assoc:   8
L2-Sets: 1024 - LRU - assoc:   8
Store_allocation: Yes
L2_inclusive: Yes
L2_prefetching: Yes ( 32)

L1 Cache Stats:
L1-Load-Hits:        1855782808   99.21%
L1-Load-Misses:        14684304    0.79%
L1-Load-Accesses:    1870467112  100.00%

L1-Store-Hits:         182701214   98.14%
L1-Store-Misses:         3454687    1.86%
L1-Store-Accesses:     186155901  100.00%

L1-Total-Hits:        2038484022   99.12%
L1-Total-Misses:        18138991    0.88%
L1-Total-Accesses:    2056623013  100.00%

L2 Cache Stats:
L2-Load-Hits:          14005218   95.38%
L2-Load-Misses:          679086    4.62%
L2-Load-Accesses:      14684304  100.00%

L2-Store-Hits:           3079109   89.13%
L2-Store-Misses:          375578   10.87%
L2-Store-Accesses:       3454687  100.00%

L2-Total-Hits:          17084327   94.19%
L2-Total-Misses:         1054664    5.81%
L2-Total-Accesses:      18138991  100.00%

