--------
Total Statistics
--------
Total Instructions: 32491939013
Total Cycles: 57439730940
IPC: 0.56567

--------
Single level Tlb hierarchy
--------
  Data Tlb:
    Entries:          64
    Page Size(B):   4096
    Associativity:      4

Latencies:    0  150
Tlb-Sets:   16 - LRU - assoc:   4

Tlb Stats:
Tlb-Load-Hits:        9254912405   99.80%
Tlb-Load-Misses:        18828976    0.20%
Tlb-Load-Accesses:    9273741381  100.00%

Tlb-Store-Hits:        4801613869   99.20%
Tlb-Store-Misses:        38890787    0.80%
Tlb-Store-Accesses:    4840504656  100.00%

Tlb-Total-Hits:       14056526274   99.59%
Tlb-Total-Misses:        57719763    0.41%
Tlb-Total-Accesses:   14114246037  100.00%



--------
Two level Cache hierarchy
--------
  L1-Data Cache:
    Size(KB):          32
    Block Size(B):     64
    Associativity:      8

  L2-Data Cache:
    Size(KB):        1024
    Block Size(B):    128
    Associativity:      8

Latencies:    1   10  250
L1-Sets:   64 - LRU - assoc:   8
L2-Sets: 1024 - LRU - assoc:   8
Store_allocation: Yes
L2_inclusive: Yes
L2_prefetching: Yes (  1)

L1 Cache Stats:
L1-Load-Hits:        9224334305   99.47%
L1-Load-Misses:        49407076    0.53%
L1-Load-Accesses:    9273741381  100.00%

L1-Store-Hits:        4831302913   99.81%
L1-Store-Misses:         9201743    0.19%
L1-Store-Accesses:    4840504656  100.00%

L1-Total-Hits:       14055637218   99.58%
L1-Total-Misses:        58608819    0.42%
L1-Total-Accesses:   14114246037  100.00%

L2 Cache Stats:
L2-Load-Hits:          44363804   89.79%
L2-Load-Misses:         5043272   10.21%
L2-Load-Accesses:      49407076  100.00%

L2-Store-Hits:           7887042   85.71%
L2-Store-Misses:         1314701   14.29%
L2-Store-Accesses:       9201743  100.00%

L2-Total-Hits:          52250846   89.15%
L2-Total-Misses:         6357973   10.85%
L2-Total-Accesses:      58608819  100.00%

