--------
Total Statistics
--------
Total Instructions: 32491939038
Total Cycles: 51761318643
IPC: 0.627726

--------
Single level Tlb hierarchy
--------
  Data Tlb:
    Entries:          64
    Page Size(B):   4096
    Associativity:      4

Latencies:    0  150
Tlb-Sets:   16 - LRU - assoc:   4

Tlb Stats:
Tlb-Load-Hits:        9261625687   99.87%
Tlb-Load-Misses:        12115702    0.13%
Tlb-Load-Accesses:    9273741389  100.00%

Tlb-Store-Hits:        4836864082   99.92%
Tlb-Store-Misses:         3640574    0.08%
Tlb-Store-Accesses:    4840504656  100.00%

Tlb-Total-Hits:       14098489769   99.89%
Tlb-Total-Misses:        15756276    0.11%
Tlb-Total-Accesses:   14114246045  100.00%



--------
Two level Cache hierarchy
--------
  L1-Data Cache:
    Size(KB):          32
    Block Size(B):     64
    Associativity:      8

  L2-Data Cache:
    Size(KB):        1024
    Block Size(B):    128
    Associativity:      8

Latencies:    1   10  250
L1-Sets:   64 - LRU - assoc:   8
L2-Sets: 1024 - LRU - assoc:   8
Store_allocation: Yes
L2_inclusive: Yes
L2_prefetching: Yes ( 16)

L1 Cache Stats:
L1-Load-Hits:        9221624568   99.44%
L1-Load-Misses:        52116821    0.56%
L1-Load-Accesses:    9273741389  100.00%

L1-Store-Hits:        4830773586   99.80%
L1-Store-Misses:         9731070    0.20%
L1-Store-Accesses:    4840504656  100.00%

L1-Total-Hits:       14052398154   99.56%
L1-Total-Misses:        61847891    0.44%
L1-Total-Accesses:   14114246045  100.00%

L2 Cache Stats:
L2-Load-Hits:          45022840   86.39%
L2-Load-Misses:         7093981   13.61%
L2-Load-Accesses:      52116821  100.00%

L2-Store-Hits:           8132198   83.57%
L2-Store-Misses:         1598872   16.43%
L2-Store-Accesses:       9731070  100.00%

L2-Total-Hits:          53155038   85.94%
L2-Total-Misses:         8692853   14.06%
L2-Total-Accesses:      61847891  100.00%

