--------
Total Statistics
--------
Total Instructions: 32491939013
Total Cycles: 54998948610
IPC: 0.590774

--------
Single level Tlb hierarchy
--------
  Data Tlb:
    Entries:          64
    Page Size(B):   4096
    Associativity:      4

Latencies:    0  150
Tlb-Sets:   16 - LRU - assoc:   4

Tlb Stats:
Tlb-Load-Hits:        9241642558   99.65%
Tlb-Load-Misses:        32098823    0.35%
Tlb-Load-Accesses:    9273741381  100.00%

Tlb-Store-Hits:        4831487885   99.81%
Tlb-Store-Misses:         9016771    0.19%
Tlb-Store-Accesses:    4840504656  100.00%

Tlb-Total-Hits:       14073130443   99.71%
Tlb-Total-Misses:        41115594    0.29%
Tlb-Total-Accesses:   14114246037  100.00%



--------
Two level Cache hierarchy
--------
  L1-Data Cache:
    Size(KB):          32
    Block Size(B):     64
    Associativity:      8

  L2-Data Cache:
    Size(KB):        1024
    Block Size(B):    128
    Associativity:      8

Latencies:    1   10  250
L1-Sets:   64 - LRU - assoc:   8
L2-Sets: 1024 - LRU - assoc:   8
Store_allocation: Yes
L2_inclusive: Yes
L2_prefetching: Yes (  4)

L1 Cache Stats:
L1-Load-Hits:        9222981314   99.45%
L1-Load-Misses:        50760067    0.55%
L1-Load-Accesses:    9273741381  100.00%

L1-Store-Hits:        4831826477   99.82%
L1-Store-Misses:         8678179    0.18%
L1-Store-Accesses:    4840504656  100.00%

L1-Total-Hits:       14054807791   99.58%
L1-Total-Misses:        59438246    0.42%
L1-Total-Accesses:   14114246037  100.00%

L2 Cache Stats:
L2-Load-Hits:          45047683   88.75%
L2-Load-Misses:         5712384   11.25%
L2-Load-Accesses:      50760067  100.00%

L2-Store-Hits:           7866395   90.65%
L2-Store-Misses:          811784    9.35%
L2-Store-Accesses:       8678179  100.00%

L2-Total-Hits:          52914078   89.02%
L2-Total-Misses:         6524168   10.98%
L2-Total-Accesses:      59438246  100.00%

