--------
Total Statistics
--------
Total Instructions: 32491939013
Total Cycles: 52053845040
IPC: 0.624199

--------
Single level Tlb hierarchy
--------
  Data Tlb:
    Entries:          64
    Page Size(B):   4096
    Associativity:      4

Latencies:    0  150
Tlb-Sets:   16 - LRU - assoc:   4

Tlb Stats:
Tlb-Load-Hits:        9259174309   99.84%
Tlb-Load-Misses:        14567072    0.16%
Tlb-Load-Accesses:    9273741381  100.00%

Tlb-Store-Hits:        4835014515   99.89%
Tlb-Store-Misses:         5490141    0.11%
Tlb-Store-Accesses:    4840504656  100.00%

Tlb-Total-Hits:       14094188824   99.86%
Tlb-Total-Misses:        20057213    0.14%
Tlb-Total-Accesses:   14114246037  100.00%



--------
Two level Cache hierarchy
--------
  L1-Data Cache:
    Size(KB):          32
    Block Size(B):     64
    Associativity:      8

  L2-Data Cache:
    Size(KB):        1024
    Block Size(B):    128
    Associativity:      8

Latencies:    1   10  250
L1-Sets:   64 - LRU - assoc:   8
L2-Sets: 1024 - LRU - assoc:   8
Store_allocation: Yes
L2_inclusive: Yes
L2_prefetching: Yes (  8)

L1 Cache Stats:
L1-Load-Hits:        9221887629   99.44%
L1-Load-Misses:        51853752    0.56%
L1-Load-Accesses:    9273741381  100.00%

L1-Store-Hits:        4831697179   99.82%
L1-Store-Misses:         8807477    0.18%
L1-Store-Accesses:    4840504656  100.00%

L1-Total-Hits:       14053584808   99.57%
L1-Total-Misses:        60661229    0.43%
L1-Total-Accesses:   14114246037  100.00%

L2 Cache Stats:
L2-Load-Hits:          45377749   87.51%
L2-Load-Misses:         6476003   12.49%
L2-Load-Accesses:      51853752  100.00%

L2-Store-Hits:           7953617   90.31%
L2-Store-Misses:          853860    9.69%
L2-Store-Accesses:       8807477  100.00%

L2-Total-Hits:          53331366   87.92%
L2-Total-Misses:         7329863   12.08%
L2-Total-Accesses:      60661229  100.00%

