--------
Total Statistics
--------
Total Instructions: 32491939013
Total Cycles: 51133257630
IPC: 0.635437

--------
Single level Tlb hierarchy
--------
  Data Tlb:
    Entries:          64
    Page Size(B):   4096
    Associativity:      4

Latencies:    0  150
Tlb-Sets:   16 - LRU - assoc:   4

Tlb Stats:
Tlb-Load-Hits:        9261437756   99.87%
Tlb-Load-Misses:        12303625    0.13%
Tlb-Load-Accesses:    9273741381  100.00%

Tlb-Store-Hits:        4836824236   99.92%
Tlb-Store-Misses:         3680420    0.08%
Tlb-Store-Accesses:    4840504656  100.00%

Tlb-Total-Hits:       14098261992   99.89%
Tlb-Total-Misses:        15984045    0.11%
Tlb-Total-Accesses:   14114246037  100.00%



--------
Two level Cache hierarchy
--------
  L1-Data Cache:
    Size(KB):          32
    Block Size(B):     64
    Associativity:      8

  L2-Data Cache:
    Size(KB):        1024
    Block Size(B):    128
    Associativity:      8

Latencies:    1   10  250
L1-Sets:   64 - LRU - assoc:   8
L2-Sets: 1024 - LRU - assoc:   8
Store_allocation: Yes
L2_inclusive: Yes
L2_prefetching: Yes (  2)

L1 Cache Stats:
L1-Load-Hits:        9223939418   99.46%
L1-Load-Misses:        49801963    0.54%
L1-Load-Accesses:    9273741381  100.00%

L1-Store-Hits:        4831633611   99.82%
L1-Store-Misses:         8871045    0.18%
L1-Store-Accesses:    4840504656  100.00%

L1-Total-Hits:       14055573029   99.58%
L1-Total-Misses:        58673008    0.42%
L1-Total-Accesses:   14114246037  100.00%

L2 Cache Stats:
L2-Load-Hits:          44642662   89.64%
L2-Load-Misses:         5159301   10.36%
L2-Load-Accesses:      49801963  100.00%

L2-Store-Hits:           7859403   88.60%
L2-Store-Misses:         1011642   11.40%
L2-Store-Accesses:       8871045  100.00%

L2-Total-Hits:          52502065   89.48%
L2-Total-Misses:         6170943   10.52%
L2-Total-Accesses:      58673008  100.00%

