--------
Total Statistics
--------
Total Instructions: 6594258394
Total Cycles: 9115169801
IPC: 0.723438

--------
Single level Tlb hierarchy
--------
  Data Tlb:
    Entries:          64
    Page Size(B):   4096
    Associativity:      4

Latencies:    0  150
Tlb-Sets:   16 - LRU - assoc:   4

Tlb Stats:
Tlb-Load-Hits:        1667258177   99.97%
Tlb-Load-Misses:          572934    0.03%
Tlb-Load-Accesses:    1667831111  100.00%

Tlb-Store-Hits:         565377428   99.99%
Tlb-Store-Misses:           55008    0.01%
Tlb-Store-Accesses:     565432436  100.00%

Tlb-Total-Hits:        2232635605   99.97%
Tlb-Total-Misses:          627942    0.03%
Tlb-Total-Accesses:    2233263547  100.00%



--------
Two level Cache hierarchy
--------
  L1-Data Cache:
    Size(KB):          32
    Block Size(B):     64
    Associativity:      8

  L2-Data Cache:
    Size(KB):        1024
    Block Size(B):    128
    Associativity:      8

Latencies:    1   10  250
L1-Sets:   64 - LRU - assoc:   8
L2-Sets: 1024 - LRU - assoc:   8
Store_allocation: Yes
L2_inclusive: Yes
L2_prefetching: Yes (  1)

L1 Cache Stats:
L1-Load-Hits:        1664455632   99.80%
L1-Load-Misses:         3375479    0.20%
L1-Load-Accesses:    1667831111  100.00%

L1-Store-Hits:         564910084   99.91%
L1-Store-Misses:          522352    0.09%
L1-Store-Accesses:     565432436  100.00%

L1-Total-Hits:        2229365716   99.83%
L1-Total-Misses:         3897831    0.17%
L1-Total-Accesses:    2233263547  100.00%

L2 Cache Stats:
L2-Load-Hits:           2855017   84.58%
L2-Load-Misses:          520462   15.42%
L2-Load-Accesses:       3375479  100.00%

L2-Store-Hits:            424901   81.34%
L2-Store-Misses:           97451   18.66%
L2-Store-Accesses:        522352  100.00%

L2-Total-Hits:           3279918   84.15%
L2-Total-Misses:          617913   15.85%
L2-Total-Accesses:       3897831  100.00%

