--------
Total Statistics
--------
Total Instructions: 6594258394
Total Cycles: 9057902571
IPC: 0.728012

--------
Single level Tlb hierarchy
--------
  Data Tlb:
    Entries:          64
    Page Size(B):   4096
    Associativity:      4

Latencies:    0  150
Tlb-Sets:   16 - LRU - assoc:   4

Tlb Stats:
Tlb-Load-Hits:        1667250221   99.97%
Tlb-Load-Misses:          580890    0.03%
Tlb-Load-Accesses:    1667831111  100.00%

Tlb-Store-Hits:         565372233   99.99%
Tlb-Store-Misses:           60203    0.01%
Tlb-Store-Accesses:     565432436  100.00%

Tlb-Total-Hits:        2232622454   99.97%
Tlb-Total-Misses:          641093    0.03%
Tlb-Total-Accesses:    2233263547  100.00%



--------
Two level Cache hierarchy
--------
  L1-Data Cache:
    Size(KB):          32
    Block Size(B):     64
    Associativity:      8

  L2-Data Cache:
    Size(KB):        1024
    Block Size(B):    128
    Associativity:      8

Latencies:    1   10  250
L1-Sets:   64 - LRU - assoc:   8
L2-Sets: 1024 - LRU - assoc:   8
Store_allocation: Yes
L2_inclusive: Yes
L2_prefetching: Yes (  4)

L1 Cache Stats:
L1-Load-Hits:        1664643158   99.81%
L1-Load-Misses:         3187953    0.19%
L1-Load-Accesses:    1667831111  100.00%

L1-Store-Hits:         564958496   99.92%
L1-Store-Misses:          473940    0.08%
L1-Store-Accesses:     565432436  100.00%

L1-Total-Hits:        2229601654   99.84%
L1-Total-Misses:         3661893    0.16%
L1-Total-Accesses:    2233263547  100.00%

L2 Cache Stats:
L2-Load-Hits:           2836836   88.99%
L2-Load-Misses:          351117   11.01%
L2-Load-Accesses:       3187953  100.00%

L2-Store-Hits:            434666   91.71%
L2-Store-Misses:           39274    8.29%
L2-Store-Accesses:        473940  100.00%

L2-Total-Hits:           3271502   89.34%
L2-Total-Misses:          390391   10.66%
L2-Total-Accesses:       3661893  100.00%

