--------
Total Statistics
--------
Total Instructions: 6594258394
Total Cycles: 9036095331
IPC: 0.729769

--------
Single level Tlb hierarchy
--------
  Data Tlb:
    Entries:          64
    Page Size(B):   4096
    Associativity:      4

Latencies:    0  150
Tlb-Sets:   16 - LRU - assoc:   4

Tlb Stats:
Tlb-Load-Hits:        1667275710   99.97%
Tlb-Load-Misses:          555401    0.03%
Tlb-Load-Accesses:    1667831111  100.00%

Tlb-Store-Hits:         565380527   99.99%
Tlb-Store-Misses:           51909    0.01%
Tlb-Store-Accesses:     565432436  100.00%

Tlb-Total-Hits:        2232656237   99.97%
Tlb-Total-Misses:          607310    0.03%
Tlb-Total-Accesses:    2233263547  100.00%



--------
Two level Cache hierarchy
--------
  L1-Data Cache:
    Size(KB):          32
    Block Size(B):     64
    Associativity:      8

  L2-Data Cache:
    Size(KB):        1024
    Block Size(B):    128
    Associativity:      8

Latencies:    1   10  250
L1-Sets:   64 - LRU - assoc:   8
L2-Sets: 1024 - LRU - assoc:   8
Store_allocation: Yes
L2_inclusive: Yes
L2_prefetching: Yes ( 32)

L1 Cache Stats:
L1-Load-Hits:        1664782029   99.82%
L1-Load-Misses:         3049082    0.18%
L1-Load-Accesses:    1667831111  100.00%

L1-Store-Hits:         565003729   99.92%
L1-Store-Misses:          428707    0.08%
L1-Store-Accesses:     565432436  100.00%

L1-Total-Hits:        2229785758   99.84%
L1-Total-Misses:         3477789    0.16%
L1-Total-Accesses:    2233263547  100.00%

L2 Cache Stats:
L2-Load-Hits:           2727392   89.45%
L2-Load-Misses:          321690   10.55%
L2-Load-Accesses:       3049082  100.00%

L2-Store-Hits:            419601   97.88%
L2-Store-Misses:            9106    2.12%
L2-Store-Accesses:        428707  100.00%

L2-Total-Hits:           3146993   90.49%
L2-Total-Misses:          330796    9.51%
L2-Total-Accesses:       3477789  100.00%

