--------
Total Statistics
--------
Total Instructions: 6594258394
Total Cycles: 9047296291
IPC: 0.728865

--------
Single level Tlb hierarchy
--------
  Data Tlb:
    Entries:          64
    Page Size(B):   4096
    Associativity:      4

Latencies:    0  150
Tlb-Sets:   16 - LRU - assoc:   4

Tlb Stats:
Tlb-Load-Hits:        1667250334   99.97%
Tlb-Load-Misses:          580777    0.03%
Tlb-Load-Accesses:    1667831111  100.00%

Tlb-Store-Hits:         565377736   99.99%
Tlb-Store-Misses:           54700    0.01%
Tlb-Store-Accesses:     565432436  100.00%

Tlb-Total-Hits:        2232628070   99.97%
Tlb-Total-Misses:          635477    0.03%
Tlb-Total-Accesses:    2233263547  100.00%



--------
Two level Cache hierarchy
--------
  L1-Data Cache:
    Size(KB):          32
    Block Size(B):     64
    Associativity:      8

  L2-Data Cache:
    Size(KB):        1024
    Block Size(B):    128
    Associativity:      8

Latencies:    1   10  250
L1-Sets:   64 - LRU - assoc:   8
L2-Sets: 1024 - LRU - assoc:   8
Store_allocation: Yes
L2_inclusive: Yes
L2_prefetching: Yes ( 64)

L1 Cache Stats:
L1-Load-Hits:        1664761409   99.82%
L1-Load-Misses:         3069702    0.18%
L1-Load-Accesses:    1667831111  100.00%

L1-Store-Hits:         565004908   99.92%
L1-Store-Misses:          427528    0.08%
L1-Store-Accesses:     565432436  100.00%

L1-Total-Hits:        2229766317   99.84%
L1-Total-Misses:         3497230    0.16%
L1-Total-Accesses:    2233263547  100.00%

L2 Cache Stats:
L2-Load-Hits:           2722322   88.68%
L2-Load-Misses:          347380   11.32%
L2-Load-Accesses:       3069702  100.00%

L2-Store-Hits:            416986   97.53%
L2-Store-Misses:           10542    2.47%
L2-Store-Accesses:        427528  100.00%

L2-Total-Hits:           3139308   89.77%
L2-Total-Misses:          357922   10.23%
L2-Total-Accesses:       3497230  100.00%

