--------
Total Statistics
--------
Total Instructions: 6594258394
Total Cycles: 9080151611
IPC: 0.726228

--------
Single level Tlb hierarchy
--------
  Data Tlb:
    Entries:          64
    Page Size(B):   4096
    Associativity:      4

Latencies:    0  150
Tlb-Sets:   16 - LRU - assoc:   4

Tlb Stats:
Tlb-Load-Hits:        1667275168   99.97%
Tlb-Load-Misses:          555943    0.03%
Tlb-Load-Accesses:    1667831111  100.00%

Tlb-Store-Hits:         565380102   99.99%
Tlb-Store-Misses:           52334    0.01%
Tlb-Store-Accesses:     565432436  100.00%

Tlb-Total-Hits:        2232655270   99.97%
Tlb-Total-Misses:          608277    0.03%
Tlb-Total-Accesses:    2233263547  100.00%



--------
Two level Cache hierarchy
--------
  L1-Data Cache:
    Size(KB):          32
    Block Size(B):     64
    Associativity:      8

  L2-Data Cache:
    Size(KB):        1024
    Block Size(B):    128
    Associativity:      8

Latencies:    1   10  250
L1-Sets:   64 - LRU - assoc:   8
L2-Sets: 1024 - LRU - assoc:   8
Store_allocation: Yes
L2_inclusive: Yes
L2_prefetching: Yes (  2)

L1 Cache Stats:
L1-Load-Hits:        1664539065   99.80%
L1-Load-Misses:         3292046    0.20%
L1-Load-Accesses:    1667831111  100.00%

L1-Store-Hits:         564935445   99.91%
L1-Store-Misses:          496991    0.09%
L1-Store-Accesses:     565432436  100.00%

L1-Total-Hits:        2229474510   99.83%
L1-Total-Misses:         3789037    0.17%
L1-Total-Accesses:    2233263547  100.00%

L2 Cache Stats:
L2-Load-Hits:           2863088   86.97%
L2-Load-Misses:          428958   13.03%
L2-Load-Accesses:       3292046  100.00%

L2-Store-Hits:            431958   86.91%
L2-Store-Misses:           65033   13.09%
L2-Store-Accesses:        496991  100.00%

L2-Total-Hits:           3295046   86.96%
L2-Total-Misses:          493991   13.04%
L2-Total-Accesses:       3789037  100.00%

