--------
Total Statistics
--------
Total Instructions: 17788912053
Total Cycles: 52903916219
IPC: 0.336249

--------
Single level Tlb hierarchy
--------
  Data Tlb:
    Entries:          64
    Page Size(B):   4096
    Associativity:      4

Latencies:    0  150
Tlb-Sets:   16 - LRU - assoc:   4

Tlb Stats:
Tlb-Load-Hits:        2975254667   98.89%
Tlb-Load-Misses:        33385496    1.11%
Tlb-Load-Accesses:    3008640163  100.00%

Tlb-Store-Hits:         113096837   99.88%
Tlb-Store-Misses:          135086    0.12%
Tlb-Store-Accesses:     113231923  100.00%

Tlb-Total-Hits:        3088351504   98.93%
Tlb-Total-Misses:        33520582    1.07%
Tlb-Total-Accesses:    3121872086  100.00%



--------
Two level Cache hierarchy
--------
  L1-Data Cache:
    Size(KB):          32
    Block Size(B):     64
    Associativity:      8

  L2-Data Cache:
    Size(KB):        1024
    Block Size(B):    128
    Associativity:      8

Latencies:    1   10  250
L1-Sets:   64 - LRU - assoc:   8
L2-Sets: 1024 - LRU - assoc:   8
Store_allocation: Yes
L2_inclusive: Yes
L2_prefetching: Yes (  1)

L1 Cache Stats:
L1-Load-Hits:        2558408133   85.04%
L1-Load-Misses:       450232030   14.96%
L1-Load-Accesses:    3008640163  100.00%

L1-Store-Hits:         111700225   98.65%
L1-Store-Misses:         1531698    1.35%
L1-Store-Accesses:     113231923  100.00%

L1-Total-Hits:        2670108358   85.53%
L1-Total-Misses:       451763728   14.47%
L1-Total-Accesses:    3121872086  100.00%

L2 Cache Stats:
L2-Load-Hits:         360693088   80.11%
L2-Load-Misses:        89538942   19.89%
L2-Load-Accesses:     450232030  100.00%

L2-Store-Hits:           1281010   83.63%
L2-Store-Misses:          250688   16.37%
L2-Store-Accesses:       1531698  100.00%

L2-Total-Hits:         361974098   80.12%
L2-Total-Misses:        89789630   19.88%
L2-Total-Accesses:     451763728  100.00%

