--------
Total Statistics
--------
Total Instructions: 17788912053
Total Cycles: 37199431489
IPC: 0.478204

--------
Single level Tlb hierarchy
--------
  Data Tlb:
    Entries:          64
    Page Size(B):   4096
    Associativity:      4

Latencies:    0  150
Tlb-Sets:   16 - LRU - assoc:   4

Tlb Stats:
Tlb-Load-Hits:        2975293528   98.89%
Tlb-Load-Misses:        33346635    1.11%
Tlb-Load-Accesses:    3008640163  100.00%

Tlb-Store-Hits:         113086114   99.87%
Tlb-Store-Misses:          145809    0.13%
Tlb-Store-Accesses:     113231923  100.00%

Tlb-Total-Hits:        3088379642   98.93%
Tlb-Total-Misses:        33492444    1.07%
Tlb-Total-Accesses:    3121872086  100.00%



--------
Two level Cache hierarchy
--------
  L1-Data Cache:
    Size(KB):          32
    Block Size(B):     64
    Associativity:      8

  L2-Data Cache:
    Size(KB):        1024
    Block Size(B):    128
    Associativity:      8

Latencies:    1   10  250
L1-Sets:   64 - LRU - assoc:   8
L2-Sets: 1024 - LRU - assoc:   8
Store_allocation: Yes
L2_inclusive: Yes
L2_prefetching: Yes ( 16)

L1 Cache Stats:
L1-Load-Hits:        2626706194   87.31%
L1-Load-Misses:       381933969   12.69%
L1-Load-Accesses:    3008640163  100.00%

L1-Store-Hits:         112016367   98.93%
L1-Store-Misses:         1215556    1.07%
L1-Store-Accesses:     113231923  100.00%

L1-Total-Hits:        2738722561   87.73%
L1-Total-Misses:       383149525   12.27%
L1-Total-Accesses:    3121872086  100.00%

L2 Cache Stats:
L2-Load-Hits:         352276781   92.23%
L2-Load-Misses:        29657188    7.77%
L2-Load-Accesses:     381933969  100.00%

L2-Store-Hits:           1139602   93.75%
L2-Store-Misses:           75954    6.25%
L2-Store-Accesses:       1215556  100.00%

L2-Total-Hits:         353416383   92.24%
L2-Total-Misses:        29733142    7.76%
L2-Total-Accesses:     383149525  100.00%

