--------
Total Statistics
--------
Total Instructions: 17788912053
Total Cycles: 36801327499
IPC: 0.483377

--------
Single level Tlb hierarchy
--------
  Data Tlb:
    Entries:          64
    Page Size(B):   4096
    Associativity:      4

Latencies:    0  150
Tlb-Sets:   16 - LRU - assoc:   4

Tlb Stats:
Tlb-Load-Hits:        2975276603   98.89%
Tlb-Load-Misses:        33363560    1.11%
Tlb-Load-Accesses:    3008640163  100.00%

Tlb-Store-Hits:         113093517   99.88%
Tlb-Store-Misses:          138406    0.12%
Tlb-Store-Accesses:     113231923  100.00%

Tlb-Total-Hits:        3088370120   98.93%
Tlb-Total-Misses:        33501966    1.07%
Tlb-Total-Accesses:    3121872086  100.00%



--------
Two level Cache hierarchy
--------
  L1-Data Cache:
    Size(KB):          32
    Block Size(B):     64
    Associativity:      8

  L2-Data Cache:
    Size(KB):        1024
    Block Size(B):    128
    Associativity:      8

Latencies:    1   10  250
L1-Sets:   64 - LRU - assoc:   8
L2-Sets: 1024 - LRU - assoc:   8
Store_allocation: Yes
L2_inclusive: Yes
L2_prefetching: Yes ( 32)

L1 Cache Stats:
L1-Load-Hits:        2634590808   87.57%
L1-Load-Misses:       374049355   12.43%
L1-Load-Accesses:    3008640163  100.00%

L1-Store-Hits:         112013882   98.92%
L1-Store-Misses:         1218041    1.08%
L1-Store-Accesses:     113231923  100.00%

L1-Total-Hits:        2746604690   87.98%
L1-Total-Misses:       375267396   12.02%
L1-Total-Accesses:    3121872086  100.00%

L2 Cache Stats:
L2-Load-Hits:         345690526   92.42%
L2-Load-Misses:        28358829    7.58%
L2-Load-Accesses:     374049355  100.00%

L2-Store-Hits:           1126572   92.49%
L2-Store-Misses:           91469    7.51%
L2-Store-Accesses:       1218041  100.00%

L2-Total-Hits:         346817098   92.42%
L2-Total-Misses:        28450298    7.58%
L2-Total-Accesses:     375267396  100.00%

