--------
Total Statistics
--------
Total Instructions: 17788912053
Total Cycles: 36677615669
IPC: 0.485007

--------
Single level Tlb hierarchy
--------
  Data Tlb:
    Entries:          64
    Page Size(B):   4096
    Associativity:      4

Latencies:    0  150
Tlb-Sets:   16 - LRU - assoc:   4

Tlb Stats:
Tlb-Load-Hits:        2975296911   98.89%
Tlb-Load-Misses:        33343252    1.11%
Tlb-Load-Accesses:    3008640163  100.00%

Tlb-Store-Hits:         113089341   99.87%
Tlb-Store-Misses:          142582    0.13%
Tlb-Store-Accesses:     113231923  100.00%

Tlb-Total-Hits:        3088386252   98.93%
Tlb-Total-Misses:        33485834    1.07%
Tlb-Total-Accesses:    3121872086  100.00%



--------
Two level Cache hierarchy
--------
  L1-Data Cache:
    Size(KB):          32
    Block Size(B):     64
    Associativity:      8

  L2-Data Cache:
    Size(KB):        1024
    Block Size(B):    128
    Associativity:      8

Latencies:    1   10  250
L1-Sets:   64 - LRU - assoc:   8
L2-Sets: 1024 - LRU - assoc:   8
Store_allocation: Yes
L2_inclusive: Yes
L2_prefetching: Yes ( 64)

L1 Cache Stats:
L1-Load-Hits:        2635319152   87.59%
L1-Load-Misses:       373321011   12.41%
L1-Load-Accesses:    3008640163  100.00%

L1-Store-Hits:         111934066   98.85%
L1-Store-Misses:         1297857    1.15%
L1-Store-Accesses:     113231923  100.00%

L1-Total-Hits:        2747253218   88.00%
L1-Total-Misses:       374618868   12.00%
L1-Total-Accesses:    3121872086  100.00%

L2 Cache Stats:
L2-Load-Hits:         345467191   92.54%
L2-Load-Misses:        27853820    7.46%
L2-Load-Accesses:     373321011  100.00%

L2-Store-Hits:           1160606   89.42%
L2-Store-Misses:          137251   10.58%
L2-Store-Accesses:       1297857  100.00%

L2-Total-Hits:         346627797   92.53%
L2-Total-Misses:        27991071    7.47%
L2-Total-Accesses:     374618868  100.00%

