--------
Total Statistics
--------
Total Instructions: 17788912078
Total Cycles: 43956397502
IPC: 0.404694

--------
Single level Tlb hierarchy
--------
  Data Tlb:
    Entries:          64
    Page Size(B):   4096
    Associativity:      4

Latencies:    0  150
Tlb-Sets:   16 - LRU - assoc:   4

Tlb Stats:
Tlb-Load-Hits:        2975221215   98.89%
Tlb-Load-Misses:        33418956    1.11%
Tlb-Load-Accesses:    3008640171  100.00%

Tlb-Store-Hits:         113087685   99.87%
Tlb-Store-Misses:          144238    0.13%
Tlb-Store-Accesses:     113231923  100.00%

Tlb-Total-Hits:        3088308900   98.92%
Tlb-Total-Misses:        33563194    1.08%
Tlb-Total-Accesses:    3121872094  100.00%



--------
Two level Cache hierarchy
--------
  L1-Data Cache:
    Size(KB):          32
    Block Size(B):     64
    Associativity:      8

  L2-Data Cache:
    Size(KB):        1024
    Block Size(B):    128
    Associativity:      8

Latencies:    1   10  250
L1-Sets:   64 - LRU - assoc:   8
L2-Sets: 1024 - LRU - assoc:   8
Store_allocation: Yes
L2_inclusive: Yes
L2_prefetching: Yes (  4)

L1 Cache Stats:
L1-Load-Hits:        2619491520   87.07%
L1-Load-Misses:       389148651   12.93%
L1-Load-Accesses:    3008640171  100.00%

L1-Store-Hits:         111891976   98.82%
L1-Store-Misses:         1339947    1.18%
L1-Store-Accesses:     113231923  100.00%

L1-Total-Hits:        2731383496   87.49%
L1-Total-Misses:       390488598   12.51%
L1-Total-Accesses:    3121872094  100.00%

L2 Cache Stats:
L2-Load-Hits:         332829554   85.53%
L2-Load-Misses:        56319097   14.47%
L2-Load-Accesses:     389148651  100.00%

L2-Store-Hits:           1234051   92.10%
L2-Store-Misses:          105896    7.90%
L2-Store-Accesses:       1339947  100.00%

L2-Total-Hits:         334063605   85.55%
L2-Total-Misses:        56424993   14.45%
L2-Total-Accesses:     390488598  100.00%

