--------
Total Statistics
--------
Total Instructions: 17788912053
Total Cycles: 45681725599
IPC: 0.38941

--------
Single level Tlb hierarchy
--------
  Data Tlb:
    Entries:          64
    Page Size(B):   4096
    Associativity:      4

Latencies:    0  150
Tlb-Sets:   16 - LRU - assoc:   4

Tlb Stats:
Tlb-Load-Hits:        2975258727   98.89%
Tlb-Load-Misses:        33381436    1.11%
Tlb-Load-Accesses:    3008640163  100.00%

Tlb-Store-Hits:         113086861   99.87%
Tlb-Store-Misses:          145062    0.13%
Tlb-Store-Accesses:     113231923  100.00%

Tlb-Total-Hits:        3088345588   98.93%
Tlb-Total-Misses:        33526498    1.07%
Tlb-Total-Accesses:    3121872086  100.00%



--------
Two level Cache hierarchy
--------
  L1-Data Cache:
    Size(KB):          32
    Block Size(B):     64
    Associativity:      8

  L2-Data Cache:
    Size(KB):        1024
    Block Size(B):    128
    Associativity:      8

Latencies:    1   10  250
L1-Sets:   64 - LRU - assoc:   8
L2-Sets: 1024 - LRU - assoc:   8
Store_allocation: Yes
L2_inclusive: Yes
L2_prefetching: Yes (  2)

L1 Cache Stats:
L1-Load-Hits:        2587903665   86.02%
L1-Load-Misses:       420736498   13.98%
L1-Load-Accesses:    3008640163  100.00%

L1-Store-Hits:         111778445   98.72%
L1-Store-Misses:         1453478    1.28%
L1-Store-Accesses:     113231923  100.00%

L1-Total-Hits:        2699682110   86.48%
L1-Total-Misses:       422189976   13.52%
L1-Total-Accesses:    3121872086  100.00%

L2 Cache Stats:
L2-Load-Hits:         358825217   85.29%
L2-Load-Misses:        61911281   14.71%
L2-Load-Accesses:     420736498  100.00%

L2-Store-Hits:           1284491   88.37%
L2-Store-Misses:          168987   11.63%
L2-Store-Accesses:       1453478  100.00%

L2-Total-Hits:         360109708   85.30%
L2-Total-Misses:        62080268   14.70%
L2-Total-Accesses:     422189976  100.00%

