--------
Total Statistics
--------
Total Instructions: 22767430226
Total Cycles: 31719910528
IPC: 0.717765

--------
Single level Tlb hierarchy
--------
  Data Tlb:
    Entries:          64
    Page Size(B):   4096
    Associativity:      4

Latencies:    0  150
Tlb-Sets:   16 - LRU - assoc:   4

Tlb Stats:
Tlb-Load-Hits:        6704249871  100.00%
Tlb-Load-Misses:           45069    0.00%
Tlb-Load-Accesses:    6704294940  100.00%

Tlb-Store-Hits:        1857031366  100.00%
Tlb-Store-Misses:             346    0.00%
Tlb-Store-Accesses:    1857031712  100.00%

Tlb-Total-Hits:        8561281237  100.00%
Tlb-Total-Misses:           45415    0.00%
Tlb-Total-Accesses:    8561326652  100.00%



--------
Two level Cache hierarchy
--------
  L1-Data Cache:
    Size(KB):          32
    Block Size(B):     64
    Associativity:      8

  L2-Data Cache:
    Size(KB):        1024
    Block Size(B):    128
    Associativity:      8

Latencies:    1   10  250
L1-Sets:   64 - LRU - assoc:   8
L2-Sets: 1024 - LRU - assoc:   8
Store_allocation: Yes
L2_inclusive: Yes
L2_prefetching: Yes (  1)

L1 Cache Stats:
L1-Load-Hits:        6691967421   99.82%
L1-Load-Misses:        12327519    0.18%
L1-Load-Accesses:    6704294940  100.00%

L1-Store-Hits:        1831076541   98.60%
L1-Store-Misses:        25955171    1.40%
L1-Store-Accesses:    1857031712  100.00%

L1-Total-Hits:        8523043962   99.55%
L1-Total-Misses:        38282690    0.45%
L1-Total-Accesses:    8561326652  100.00%

L2 Cache Stats:
L2-Load-Hits:          12326997  100.00%
L2-Load-Misses:             522    0.00%
L2-Load-Accesses:      12327519  100.00%

L2-Store-Hits:          25949635   99.98%
L2-Store-Misses:            5536    0.02%
L2-Store-Accesses:      25955171  100.00%

L2-Total-Hits:          38276632   99.98%
L2-Total-Misses:            6058    0.02%
L2-Total-Accesses:      38282690  100.00%

