--------
Total Statistics
--------
Total Instructions: 22767430251
Total Cycles: 31712723301
IPC: 0.717927

--------
Single level Tlb hierarchy
--------
  Data Tlb:
    Entries:          64
    Page Size(B):   4096
    Associativity:      4

Latencies:    0  150
Tlb-Sets:   16 - LRU - assoc:   4

Tlb Stats:
Tlb-Load-Hits:        6704279897  100.00%
Tlb-Load-Misses:           15051    0.00%
Tlb-Load-Accesses:    6704294948  100.00%

Tlb-Store-Hits:        1857031368  100.00%
Tlb-Store-Misses:             344    0.00%
Tlb-Store-Accesses:    1857031712  100.00%

Tlb-Total-Hits:        8561311265  100.00%
Tlb-Total-Misses:           15395    0.00%
Tlb-Total-Accesses:    8561326660  100.00%



--------
Two level Cache hierarchy
--------
  L1-Data Cache:
    Size(KB):          32
    Block Size(B):     64
    Associativity:      8

  L2-Data Cache:
    Size(KB):        1024
    Block Size(B):    128
    Associativity:      8

Latencies:    1   10  250
L1-Sets:   64 - LRU - assoc:   8
L2-Sets: 1024 - LRU - assoc:   8
Store_allocation: Yes
L2_inclusive: Yes
L2_prefetching: Yes ( 32)

L1 Cache Stats:
L1-Load-Hits:        6691789787   99.81%
L1-Load-Misses:        12505161    0.19%
L1-Load-Accesses:    6704294948  100.00%

L1-Store-Hits:        1831382959   98.62%
L1-Store-Misses:        25648753    1.38%
L1-Store-Accesses:    1857031712  100.00%

L1-Total-Hits:        8523172746   99.55%
L1-Total-Misses:        38153914    0.45%
L1-Total-Accesses:    8561326660  100.00%

L2 Cache Stats:
L2-Load-Hits:          12505075  100.00%
L2-Load-Misses:              86    0.00%
L2-Load-Accesses:      12505161  100.00%

L2-Store-Hits:          25648367  100.00%
L2-Store-Misses:             386    0.00%
L2-Store-Accesses:      25648753  100.00%

L2-Total-Hits:          38153442  100.00%
L2-Total-Misses:             472    0.00%
L2-Total-Accesses:      38153914  100.00%

