--------
Total Statistics
--------
Total Instructions: 22767430226
Total Cycles: 31709500108
IPC: 0.718

--------
Single level Tlb hierarchy
--------
  Data Tlb:
    Entries:          64
    Page Size(B):   4096
    Associativity:      4

Latencies:    0  150
Tlb-Sets:   16 - LRU - assoc:   4

Tlb Stats:
Tlb-Load-Hits:        6704294868  100.00%
Tlb-Load-Misses:              72    0.00%
Tlb-Load-Accesses:    6704294940  100.00%

Tlb-Store-Hits:        1857031341  100.00%
Tlb-Store-Misses:             371    0.00%
Tlb-Store-Accesses:    1857031712  100.00%

Tlb-Total-Hits:        8561326209  100.00%
Tlb-Total-Misses:             443    0.00%
Tlb-Total-Accesses:    8561326652  100.00%



--------
Two level Cache hierarchy
--------
  L1-Data Cache:
    Size(KB):          32
    Block Size(B):     64
    Associativity:      8

  L2-Data Cache:
    Size(KB):        1024
    Block Size(B):    128
    Associativity:      8

Latencies:    1   10  250
L1-Sets:   64 - LRU - assoc:   8
L2-Sets: 1024 - LRU - assoc:   8
Store_allocation: Yes
L2_inclusive: Yes
L2_prefetching: Yes (  2)

L1 Cache Stats:
L1-Load-Hits:        6692035045   99.82%
L1-Load-Misses:        12259895    0.18%
L1-Load-Accesses:    6704294940  100.00%

L1-Store-Hits:        1831327629   98.62%
L1-Store-Misses:        25704083    1.38%
L1-Store-Accesses:    1857031712  100.00%

L1-Total-Hits:        8523362674   99.56%
L1-Total-Misses:        37963978    0.44%
L1-Total-Accesses:    8561326652  100.00%

L2 Cache Stats:
L2-Load-Hits:          12259521  100.00%
L2-Load-Misses:             374    0.00%
L2-Load-Accesses:      12259895  100.00%

L2-Store-Hits:          25700309   99.99%
L2-Store-Misses:            3774    0.01%
L2-Store-Accesses:      25704083  100.00%

L2-Total-Hits:          37959830   99.99%
L2-Total-Misses:            4148    0.01%
L2-Total-Accesses:      37963978  100.00%

