--------
Total Statistics
--------
Total Instructions: 22767430226
Total Cycles: 31708458588
IPC: 0.718024

--------
Single level Tlb hierarchy
--------
  Data Tlb:
    Entries:          64
    Page Size(B):   4096
    Associativity:      4

Latencies:    0  150
Tlb-Sets:   16 - LRU - assoc:   4

Tlb Stats:
Tlb-Load-Hits:        6704294881  100.00%
Tlb-Load-Misses:              59    0.00%
Tlb-Load-Accesses:    6704294940  100.00%

Tlb-Store-Hits:        1857031370  100.00%
Tlb-Store-Misses:             342    0.00%
Tlb-Store-Accesses:    1857031712  100.00%

Tlb-Total-Hits:        8561326251  100.00%
Tlb-Total-Misses:             401    0.00%
Tlb-Total-Accesses:    8561326652  100.00%



--------
Two level Cache hierarchy
--------
  L1-Data Cache:
    Size(KB):          32
    Block Size(B):     64
    Associativity:      8

  L2-Data Cache:
    Size(KB):        1024
    Block Size(B):    128
    Associativity:      8

Latencies:    1   10  250
L1-Sets:   64 - LRU - assoc:   8
L2-Sets: 1024 - LRU - assoc:   8
Store_allocation: Yes
L2_inclusive: Yes
L2_prefetching: Yes ( 64)

L1 Cache Stats:
L1-Load-Hits:        6692004286   99.82%
L1-Load-Misses:        12290654    0.18%
L1-Load-Accesses:    6704294940  100.00%

L1-Store-Hits:        1831366410   98.62%
L1-Store-Misses:        25665302    1.38%
L1-Store-Accesses:    1857031712  100.00%

L1-Total-Hits:        8523370696   99.56%
L1-Total-Misses:        37955956    0.44%
L1-Total-Accesses:    8561326652  100.00%

L2 Cache Stats:
L2-Load-Hits:          12290590  100.00%
L2-Load-Misses:              64    0.00%
L2-Load-Accesses:      12290654  100.00%

L2-Store-Hits:          25665038  100.00%
L2-Store-Misses:             264    0.00%
L2-Store-Accesses:      25665302  100.00%

L2-Total-Hits:          37955628  100.00%
L2-Total-Misses:             328    0.00%
L2-Total-Accesses:      37955956  100.00%

