--------
Total Statistics
--------
Total Instructions: 22767430226
Total Cycles: 31914442558
IPC: 0.71339

--------
Single level Tlb hierarchy
--------
  Data Tlb:
    Entries:          64
    Page Size(B):   4096
    Associativity:      4

Latencies:    0  150
Tlb-Sets:   16 - LRU - assoc:   4

Tlb Stats:
Tlb-Load-Hits:        6702987114   99.98%
Tlb-Load-Misses:         1307826    0.02%
Tlb-Load-Accesses:    6704294940  100.00%

Tlb-Store-Hits:        1856966370  100.00%
Tlb-Store-Misses:           65342    0.00%
Tlb-Store-Accesses:    1857031712  100.00%

Tlb-Total-Hits:        8559953484   99.98%
Tlb-Total-Misses:         1373168    0.02%
Tlb-Total-Accesses:    8561326652  100.00%



--------
Two level Cache hierarchy
--------
  L1-Data Cache:
    Size(KB):          32
    Block Size(B):     64
    Associativity:      8

  L2-Data Cache:
    Size(KB):        1024
    Block Size(B):    128
    Associativity:      8

Latencies:    1   10  250
L1-Sets:   64 - LRU - assoc:   8
L2-Sets: 1024 - LRU - assoc:   8
Store_allocation: Yes
L2_inclusive: Yes
L2_prefetching: Yes (  4)

L1 Cache Stats:
L1-Load-Hits:        6691823360   99.81%
L1-Load-Misses:        12471580    0.19%
L1-Load-Accesses:    6704294940  100.00%

L1-Store-Hits:        1831602969   98.63%
L1-Store-Misses:        25428743    1.37%
L1-Store-Accesses:    1857031712  100.00%

L1-Total-Hits:        8523426329   99.56%
L1-Total-Misses:        37900323    0.44%
L1-Total-Accesses:    8561326652  100.00%

L2 Cache Stats:
L2-Load-Hits:          12471322  100.00%
L2-Load-Misses:             258    0.00%
L2-Load-Accesses:      12471580  100.00%

L2-Store-Hits:          25426172   99.99%
L2-Store-Misses:            2571    0.01%
L2-Store-Accesses:      25428743  100.00%

L2-Total-Hits:          37897494   99.99%
L2-Total-Misses:            2829    0.01%
L2-Total-Accesses:      37900323  100.00%

