--------
Total Statistics
--------
Total Instructions: 22767430226
Total Cycles: 31726748728
IPC: 0.71761

--------
Single level Tlb hierarchy
--------
  Data Tlb:
    Entries:          64
    Page Size(B):   4096
    Associativity:      4

Latencies:    0  150
Tlb-Sets:   16 - LRU - assoc:   4

Tlb Stats:
Tlb-Load-Hits:        6704130388  100.00%
Tlb-Load-Misses:          164552    0.00%
Tlb-Load-Accesses:    6704294940  100.00%

Tlb-Store-Hits:        1857018867  100.00%
Tlb-Store-Misses:           12845    0.00%
Tlb-Store-Accesses:    1857031712  100.00%

Tlb-Total-Hits:        8561149255  100.00%
Tlb-Total-Misses:          177397    0.00%
Tlb-Total-Accesses:    8561326652  100.00%



--------
Two level Cache hierarchy
--------
  L1-Data Cache:
    Size(KB):          32
    Block Size(B):     64
    Associativity:      8

  L2-Data Cache:
    Size(KB):        1024
    Block Size(B):    128
    Associativity:      8

Latencies:    1   10  250
L1-Sets:   64 - LRU - assoc:   8
L2-Sets: 1024 - LRU - assoc:   8
Store_allocation: Yes
L2_inclusive: Yes
L2_prefetching: Yes (  8)

L1 Cache Stats:
L1-Load-Hits:        6691828923   99.81%
L1-Load-Misses:        12466017    0.19%
L1-Load-Accesses:    6704294940  100.00%

L1-Store-Hits:        1832408474   98.67%
L1-Store-Misses:        24623238    1.33%
L1-Store-Accesses:    1857031712  100.00%

L1-Total-Hits:        8524237397   99.57%
L1-Total-Misses:        37089255    0.43%
L1-Total-Accesses:    8561326652  100.00%

L2 Cache Stats:
L2-Load-Hits:          12465828  100.00%
L2-Load-Misses:             189    0.00%
L2-Load-Accesses:      12466017  100.00%

L2-Store-Hits:          24621468   99.99%
L2-Store-Misses:            1770    0.01%
L2-Store-Accesses:      24623238  100.00%

L2-Total-Hits:          37087296   99.99%
L2-Total-Misses:            1959    0.01%
L2-Total-Accesses:      37089255  100.00%

