--------
Total Statistics
--------
Total Instructions: 22767430226
Total Cycles: 31711031188
IPC: 0.717966

--------
Single level Tlb hierarchy
--------
  Data Tlb:
    Entries:          64
    Page Size(B):   4096
    Associativity:      4

Latencies:    0  150
Tlb-Sets:   16 - LRU - assoc:   4

Tlb Stats:
Tlb-Load-Hits:        6704289888  100.00%
Tlb-Load-Misses:            5052    0.00%
Tlb-Load-Accesses:    6704294940  100.00%

Tlb-Store-Hits:        1857031370  100.00%
Tlb-Store-Misses:             342    0.00%
Tlb-Store-Accesses:    1857031712  100.00%

Tlb-Total-Hits:        8561321258  100.00%
Tlb-Total-Misses:            5394    0.00%
Tlb-Total-Accesses:    8561326652  100.00%



--------
Two level Cache hierarchy
--------
  L1-Data Cache:
    Size(KB):          32
    Block Size(B):     64
    Associativity:      8

  L2-Data Cache:
    Size(KB):        1024
    Block Size(B):    128
    Associativity:      8

Latencies:    1   10  250
L1-Sets:   64 - LRU - assoc:   8
L2-Sets: 1024 - LRU - assoc:   8
Store_allocation: Yes
L2_inclusive: Yes
L2_prefetching: Yes ( 16)

L1 Cache Stats:
L1-Load-Hits:        6691968975   99.82%
L1-Load-Misses:        12325965    0.18%
L1-Load-Accesses:    6704294940  100.00%

L1-Store-Hits:        1831236306   98.61%
L1-Store-Misses:        25795406    1.39%
L1-Store-Accesses:    1857031712  100.00%

L1-Total-Hits:        8523205281   99.55%
L1-Total-Misses:        38121371    0.45%
L1-Total-Accesses:    8561326652  100.00%

L2 Cache Stats:
L2-Load-Hits:          12325838  100.00%
L2-Load-Misses:             127    0.00%
L2-Load-Accesses:      12325965  100.00%

L2-Store-Hits:          25794527  100.00%
L2-Store-Misses:             879    0.00%
L2-Store-Accesses:      25795406  100.00%

L2-Total-Hits:          38120365  100.00%
L2-Total-Misses:            1006    0.00%
L2-Total-Accesses:      38121371  100.00%

