--------
Total Statistics
--------
Total Instructions: 2098852939
Total Cycles: 8583066074
IPC: 0.244534

--------
Single level Tlb hierarchy
--------
  Data Tlb:
    Entries:          64
    Page Size(B):   4096
    Associativity:      4

Latencies:    0  150
Tlb-Sets:   16 - LRU - assoc:   4

Tlb Stats:
Tlb-Load-Hits:         563007034   94.13%
Tlb-Load-Misses:        35106330    5.87%
Tlb-Load-Accesses:     598113364  100.00%

Tlb-Store-Hits:         126178949   99.67%
Tlb-Store-Misses:          421502    0.33%
Tlb-Store-Accesses:     126600451  100.00%

Tlb-Total-Hits:         689185983   95.10%
Tlb-Total-Misses:        35527832    4.90%
Tlb-Total-Accesses:     724713815  100.00%



--------
Two level Cache hierarchy
--------
  L1-Data Cache:
    Size(KB):         128
    Block Size(B):     32
    Associativity:      8

  L2-Data Cache:
    Size(KB):        1024
    Block Size(B):    128
    Associativity:      8

Latencies:    1   10  250
L1-Sets:  512 - LRU - assoc:   8
L2-Sets: 1024 - LRU - assoc:   8
Store_allocation: Yes
L2_inclusive: Yes
L2_prefetching: No

L1 Cache Stats:
L1-Load-Hits:         591957648   98.97%
L1-Load-Misses:         6155716    1.03%
L1-Load-Accesses:     598113364  100.00%

L1-Store-Hits:         125577865   99.19%
L1-Store-Misses:         1022586    0.81%
L1-Store-Accesses:     126600451  100.00%

L1-Total-Hits:         717535513   99.01%
L1-Total-Misses:         7178302    0.99%
L1-Total-Accesses:     724713815  100.00%

L2 Cache Stats:
L2-Load-Hits:           4926460   80.03%
L2-Load-Misses:         1229256   19.97%
L2-Load-Accesses:       6155716  100.00%

L2-Store-Hits:            817676   79.96%
L2-Store-Misses:          204910   20.04%
L2-Store-Accesses:       1022586  100.00%

L2-Total-Hits:           5744136   80.02%
L2-Total-Misses:         1434166   19.98%
L2-Total-Accesses:       7178302  100.00%

