--------
Total Statistics
--------
Total Instructions: 2098852939
Total Cycles: 8854410674
IPC: 0.23704

--------
Single level Tlb hierarchy
--------
  Data Tlb:
    Entries:          64
    Page Size(B):   4096
    Associativity:      4

Latencies:    0  150
Tlb-Sets:   16 - LRU - assoc:   4

Tlb Stats:
Tlb-Load-Hits:         563007034   94.13%
Tlb-Load-Misses:        35106330    5.87%
Tlb-Load-Accesses:     598113364  100.00%

Tlb-Store-Hits:         126179149   99.67%
Tlb-Store-Misses:          421302    0.33%
Tlb-Store-Accesses:     126600451  100.00%

Tlb-Total-Hits:         689186183   95.10%
Tlb-Total-Misses:        35527632    4.90%
Tlb-Total-Accesses:     724713815  100.00%



--------
Two level Cache hierarchy
--------
  L1-Data Cache:
    Size(KB):          64
    Block Size(B):     64
    Associativity:      4

  L2-Data Cache:
    Size(KB):        1024
    Block Size(B):    128
    Associativity:      8

Latencies:    1   10  250
L1-Sets:  256 - LRU - assoc:   4
L2-Sets: 1024 - LRU - assoc:   8
Store_allocation: Yes
L2_inclusive: Yes
L2_prefetching: No

L1 Cache Stats:
L1-Load-Hits:         564431154   94.37%
L1-Load-Misses:        33682210    5.63%
L1-Load-Accesses:     598113364  100.00%

L1-Store-Hits:         125956899   99.49%
L1-Store-Misses:          643552    0.51%
L1-Store-Accesses:     126600451  100.00%

L1-Total-Hits:         690388053   95.26%
L1-Total-Misses:        34325762    4.74%
L1-Total-Accesses:     724713815  100.00%

L2 Cache Stats:
L2-Load-Hits:          32453356   96.35%
L2-Load-Misses:         1228854    3.65%
L2-Load-Accesses:      33682210  100.00%

L2-Store-Hits:            438640   68.16%
L2-Store-Misses:          204912   31.84%
L2-Store-Accesses:        643552  100.00%

L2-Total-Hits:          32891996   95.82%
L2-Total-Misses:         1433766    4.18%
L2-Total-Accesses:      34325762  100.00%

