--------
Total Statistics
--------
Total Instructions: 2098852939
Total Cycles: 8526189444
IPC: 0.246165

--------
Single level Tlb hierarchy
--------
  Data Tlb:
    Entries:          64
    Page Size(B):   4096
    Associativity:      4

Latencies:    0  150
Tlb-Sets:   16 - LRU - assoc:   4

Tlb Stats:
Tlb-Load-Hits:         563006834   94.13%
Tlb-Load-Misses:        35106530    5.87%
Tlb-Load-Accesses:     598113364  100.00%

Tlb-Store-Hits:         126178848   99.67%
Tlb-Store-Misses:          421603    0.33%
Tlb-Store-Accesses:     126600451  100.00%

Tlb-Total-Hits:         689185682   95.10%
Tlb-Total-Misses:        35528133    4.90%
Tlb-Total-Accesses:     724713815  100.00%



--------
Two level Cache hierarchy
--------
  L1-Data Cache:
    Size(KB):          32
    Block Size(B):    128
    Associativity:      8

  L2-Data Cache:
    Size(KB):        1024
    Block Size(B):    128
    Associativity:      8

Latencies:    1   10  250
L1-Sets:   32 - LRU - assoc:   8
L2-Sets: 1024 - LRU - assoc:   8
Store_allocation: Yes
L2_inclusive: Yes
L2_prefetching: No

L1 Cache Stats:
L1-Load-Hits:         596871450   99.79%
L1-Load-Misses:         1241914    0.21%
L1-Load-Accesses:     598113364  100.00%

L1-Store-Hits:         126395241   99.84%
L1-Store-Misses:          205210    0.16%
L1-Store-Accesses:     126600451  100.00%

L1-Total-Hits:         723266691   99.80%
L1-Total-Misses:         1447124    0.20%
L1-Total-Accesses:     724713815  100.00%

L2 Cache Stats:
L2-Load-Hits:             11398    0.92%
L2-Load-Misses:         1230516   99.08%
L2-Load-Accesses:       1241914  100.00%

L2-Store-Hits:                 0    0.00%
L2-Store-Misses:          205210  100.00%
L2-Store-Accesses:        205210  100.00%

L2-Total-Hits:             11398    0.79%
L2-Total-Misses:         1435726   99.21%
L2-Total-Accesses:       1447124  100.00%

