--------
Total Statistics
--------
Total Instructions: 2098852939
Total Cycles: 8858154994
IPC: 0.23694

--------
Single level Tlb hierarchy
--------
  Data Tlb:
    Entries:          64
    Page Size(B):   4096
    Associativity:      4

Latencies:    0  150
Tlb-Sets:   16 - LRU - assoc:   4

Tlb Stats:
Tlb-Load-Hits:         563007034   94.13%
Tlb-Load-Misses:        35106330    5.87%
Tlb-Load-Accesses:     598113364  100.00%

Tlb-Store-Hits:         126178949   99.67%
Tlb-Store-Misses:          421502    0.33%
Tlb-Store-Accesses:     126600451  100.00%

Tlb-Total-Hits:         689185983   95.10%
Tlb-Total-Misses:        35527832    4.90%
Tlb-Total-Accesses:     724713815  100.00%



--------
Two level Cache hierarchy
--------
  L1-Data Cache:
    Size(KB):          32
    Block Size(B):     64
    Associativity:      4

  L2-Data Cache:
    Size(KB):        1024
    Block Size(B):    128
    Associativity:      8

Latencies:    1   10  250
L1-Sets:  128 - LRU - assoc:   4
L2-Sets: 1024 - LRU - assoc:   8
Store_allocation: Yes
L2_inclusive: Yes
L2_prefetching: No

L1 Cache Stats:
L1-Load-Hits:         564132067   94.32%
L1-Load-Misses:        33981297    5.68%
L1-Load-Accesses:     598113364  100.00%

L1-Store-Hits:         125884554   99.43%
L1-Store-Misses:          715897    0.57%
L1-Store-Accesses:     126600451  100.00%

L1-Total-Hits:         690016621   95.21%
L1-Total-Misses:        34697194    4.79%
L1-Total-Accesses:     724713815  100.00%

L2 Cache Stats:
L2-Load-Hits:          32752441   96.38%
L2-Load-Misses:         1228856    3.62%
L2-Load-Accesses:      33981297  100.00%

L2-Store-Hits:            510987   71.38%
L2-Store-Misses:          204910   28.62%
L2-Store-Accesses:        715897  100.00%

L2-Total-Hits:          33263428   95.87%
L2-Total-Misses:         1433766    4.13%
L2-Total-Accesses:      34697194  100.00%

