--------
Total Statistics
--------
Total Instructions: 2098852964
Total Cycles: 8583460557
IPC: 0.244523

--------
Single level Tlb hierarchy
--------
  Data Tlb:
    Entries:          64
    Page Size(B):   4096
    Associativity:      4

Latencies:    0  150
Tlb-Sets:   16 - LRU - assoc:   4

Tlb Stats:
Tlb-Load-Hits:         563007042   94.13%
Tlb-Load-Misses:        35106330    5.87%
Tlb-Load-Accesses:     598113372  100.00%

Tlb-Store-Hits:         126178949   99.67%
Tlb-Store-Misses:          421502    0.33%
Tlb-Store-Accesses:     126600451  100.00%

Tlb-Total-Hits:         689185991   95.10%
Tlb-Total-Misses:        35527832    4.90%
Tlb-Total-Accesses:     724713823  100.00%



--------
Two level Cache hierarchy
--------
  L1-Data Cache:
    Size(KB):          32
    Block Size(B):     32
    Associativity:      8

  L2-Data Cache:
    Size(KB):        1024
    Block Size(B):    128
    Associativity:      8

Latencies:    1   10  250
L1-Sets:  128 - LRU - assoc:   8
L2-Sets: 1024 - LRU - assoc:   8
Store_allocation: Yes
L2_inclusive: Yes
L2_prefetching: No

L1 Cache Stats:
L1-Load-Hits:         591930907   98.97%
L1-Load-Misses:         6182465    1.03%
L1-Load-Accesses:     598113372  100.00%

L1-Store-Hits:         125565144   99.18%
L1-Store-Misses:         1035307    0.82%
L1-Store-Accesses:     126600451  100.00%

L1-Total-Hits:         717496051   99.00%
L1-Total-Misses:         7217772    1.00%
L1-Total-Accesses:     724713823  100.00%

L2 Cache Stats:
L2-Load-Hits:           4953213   80.12%
L2-Load-Misses:         1229252   19.88%
L2-Load-Accesses:       6182465  100.00%

L2-Store-Hits:            830394   80.21%
L2-Store-Misses:          204913   19.79%
L2-Store-Accesses:       1035307  100.00%

L2-Total-Hits:           5783607   80.13%
L2-Total-Misses:         1434165   19.87%
L2-Total-Accesses:       7217772  100.00%

