--------
Total Statistics
--------
Total Instructions: 2098852939
Total Cycles: 8554493604
IPC: 0.245351

--------
Single level Tlb hierarchy
--------
  Data Tlb:
    Entries:          64
    Page Size(B):   4096
    Associativity:      4

Latencies:    0  150
Tlb-Sets:   16 - LRU - assoc:   4

Tlb Stats:
Tlb-Load-Hits:         563007034   94.13%
Tlb-Load-Misses:        35106330    5.87%
Tlb-Load-Accesses:     598113364  100.00%

Tlb-Store-Hits:         126178949   99.67%
Tlb-Store-Misses:          421502    0.33%
Tlb-Store-Accesses:     126600451  100.00%

Tlb-Total-Hits:         689185983   95.10%
Tlb-Total-Misses:        35527832    4.90%
Tlb-Total-Accesses:     724713815  100.00%



--------
Two level Cache hierarchy
--------
  L1-Data Cache:
    Size(KB):         128
    Block Size(B):     64
    Associativity:      8

  L2-Data Cache:
    Size(KB):        1024
    Block Size(B):    128
    Associativity:      8

Latencies:    1   10  250
L1-Sets:  256 - LRU - assoc:   8
L2-Sets: 1024 - LRU - assoc:   8
Store_allocation: Yes
L2_inclusive: Yes
L2_prefetching: No

L1 Cache Stats:
L1-Load-Hits:         594420532   99.38%
L1-Load-Misses:         3692832    0.62%
L1-Load-Accesses:     598113364  100.00%

L1-Store-Hits:         125987178   99.52%
L1-Store-Misses:          613273    0.48%
L1-Store-Accesses:     126600451  100.00%

L1-Total-Hits:         720407710   99.41%
L1-Total-Misses:         4306105    0.59%
L1-Total-Accesses:     724713815  100.00%

L2 Cache Stats:
L2-Load-Hits:           2462979   66.70%
L2-Load-Misses:         1229853   33.30%
L2-Load-Accesses:       3692832  100.00%

L2-Store-Hits:            408362   66.59%
L2-Store-Misses:          204911   33.41%
L2-Store-Accesses:        613273  100.00%

L2-Total-Hits:           2871341   66.68%
L2-Total-Misses:         1434764   33.32%
L2-Total-Accesses:       4306105  100.00%

