--------
Total Statistics
--------
Total Instructions: 10308506627
Total Cycles: 16550235981
IPC: 0.622862

--------
Single level Tlb hierarchy
--------
  Data Tlb:
    Entries:          64
    Page Size(B):   4096
    Associativity:      4

Latencies:    0  150
Tlb-Sets:   16 - LRU - assoc:   4

Tlb Stats:
Tlb-Load-Hits:        2170412860   99.38%
Tlb-Load-Misses:        13475927    0.62%
Tlb-Load-Accesses:    2183888787  100.00%

Tlb-Store-Hits:         573729112   99.96%
Tlb-Store-Misses:          257655    0.04%
Tlb-Store-Accesses:     573986767  100.00%

Tlb-Total-Hits:        2744141972   99.50%
Tlb-Total-Misses:        13733582    0.50%
Tlb-Total-Accesses:    2757875554  100.00%



--------
Two level Cache hierarchy
--------
  L1-Data Cache:
    Size(KB):          32
    Block Size(B):     64
    Associativity:      4

  L2-Data Cache:
    Size(KB):        1024
    Block Size(B):    128
    Associativity:      8

Latencies:    1   10  250
L1-Sets:  128 - LRU - assoc:   4
L2-Sets: 1024 - LRU - assoc:   8
Store_allocation: Yes
L2_inclusive: Yes
L2_prefetching: No

L1 Cache Stats:
L1-Load-Hits:        2073143080   94.93%
L1-Load-Misses:       110745707    5.07%
L1-Load-Accesses:    2183888787  100.00%

L1-Store-Hits:         567927249   98.94%
L1-Store-Misses:         6059518    1.06%
L1-Store-Accesses:     573986767  100.00%

L1-Total-Hits:        2641070329   95.76%
L1-Total-Misses:       116805225    4.24%
L1-Total-Accesses:    2757875554  100.00%

L2 Cache Stats:
L2-Load-Hits:         110152605   99.46%
L2-Load-Misses:          593102    0.54%
L2-Load-Accesses:     110745707  100.00%

L2-Store-Hits:           5629563   92.90%
L2-Store-Misses:          429955    7.10%
L2-Store-Accesses:       6059518  100.00%

L2-Total-Hits:         115782168   99.12%
L2-Total-Misses:         1023057    0.88%
L2-Total-Accesses:     116805225  100.00%

