--------
Total Statistics
--------
Total Instructions: 10308506131
Total Cycles: 15733518235
IPC: 0.655194

--------
Single level Tlb hierarchy
--------
  Data Tlb:
    Entries:          64
    Page Size(B):   4096
    Associativity:      4

Latencies:    0  150
Tlb-Sets:   16 - LRU - assoc:   4

Tlb Stats:
Tlb-Load-Hits:        2170403372   99.38%
Tlb-Load-Misses:        13485415    0.62%
Tlb-Load-Accesses:    2183888787  100.00%

Tlb-Store-Hits:         573809234   99.97%
Tlb-Store-Misses:          177533    0.03%
Tlb-Store-Accesses:     573986767  100.00%

Tlb-Total-Hits:        2744212606   99.50%
Tlb-Total-Misses:        13662948    0.50%
Tlb-Total-Accesses:    2757875554  100.00%



--------
Two level Cache hierarchy
--------
  L1-Data Cache:
    Size(KB):         128
    Block Size(B):     64
    Associativity:      8

  L2-Data Cache:
    Size(KB):        1024
    Block Size(B):    128
    Associativity:      8

Latencies:    1   10  250
L1-Sets:  256 - LRU - assoc:   8
L2-Sets: 1024 - LRU - assoc:   8
Store_allocation: Yes
L2_inclusive: Yes
L2_prefetching: No

L1 Cache Stats:
L1-Load-Hits:        2149933651   98.45%
L1-Load-Misses:        33955136    1.55%
L1-Load-Accesses:    2183888787  100.00%

L1-Store-Hits:         571682818   99.60%
L1-Store-Misses:         2303949    0.40%
L1-Store-Accesses:     573986767  100.00%

L1-Total-Hits:        2721616469   98.69%
L1-Total-Misses:        36259085    1.31%
L1-Total-Accesses:    2757875554  100.00%

L2 Cache Stats:
L2-Load-Hits:          33364460   98.26%
L2-Load-Misses:          590676    1.74%
L2-Load-Accesses:      33955136  100.00%

L2-Store-Hits:           1874211   81.35%
L2-Store-Misses:          429738   18.65%
L2-Store-Accesses:       2303949  100.00%

L2-Total-Hits:          35238671   97.19%
L2-Total-Misses:         1020414    2.81%
L2-Total-Accesses:      36259085  100.00%

