--------
Total Statistics
--------
Total Instructions: 10308505660
Total Cycles: 16431518552
IPC: 0.627362

--------
Single level Tlb hierarchy
--------
  Data Tlb:
    Entries:          64
    Page Size(B):   4096
    Associativity:      4

Latencies:    0  150
Tlb-Sets:   16 - LRU - assoc:   4

Tlb Stats:
Tlb-Load-Hits:        2170383918   99.38%
Tlb-Load-Misses:        13504877    0.62%
Tlb-Load-Accesses:    2183888795  100.00%

Tlb-Store-Hits:         573809244   99.97%
Tlb-Store-Misses:          177523    0.03%
Tlb-Store-Accesses:     573986767  100.00%

Tlb-Total-Hits:        2744193162   99.50%
Tlb-Total-Misses:        13682400    0.50%
Tlb-Total-Accesses:    2757875562  100.00%



--------
Two level Cache hierarchy
--------
  L1-Data Cache:
    Size(KB):          64
    Block Size(B):     64
    Associativity:      8

  L2-Data Cache:
    Size(KB):        1024
    Block Size(B):    128
    Associativity:      8

Latencies:    1   10  250
L1-Sets:  128 - LRU - assoc:   8
L2-Sets: 1024 - LRU - assoc:   8
Store_allocation: Yes
L2_inclusive: Yes
L2_prefetching: No

L1 Cache Stats:
L1-Load-Hits:        2083212963   95.39%
L1-Load-Misses:       100675832    4.61%
L1-Load-Accesses:    2183888795  100.00%

L1-Store-Hits:         568927291   99.12%
L1-Store-Misses:         5059476    0.88%
L1-Store-Accesses:     573986767  100.00%

L1-Total-Hits:        2652140254   96.17%
L1-Total-Misses:       105735308    3.83%
L1-Total-Accesses:    2757875562  100.00%

L2 Cache Stats:
L2-Load-Hits:         100083939   99.41%
L2-Load-Misses:          591893    0.59%
L2-Load-Accesses:     100675832  100.00%

L2-Store-Hits:           4629672   91.50%
L2-Store-Misses:          429804    8.50%
L2-Store-Accesses:       5059476  100.00%

L2-Total-Hits:         104713611   99.03%
L2-Total-Misses:         1021697    0.97%
L2-Total-Accesses:     105735308  100.00%

