--------
Total Statistics
--------
Total Instructions: 10308506627
Total Cycles: 15534572081
IPC: 0.663585

--------
Single level Tlb hierarchy
--------
  Data Tlb:
    Entries:          64
    Page Size(B):   4096
    Associativity:      4

Latencies:    0  150
Tlb-Sets:   16 - LRU - assoc:   4

Tlb Stats:
Tlb-Load-Hits:        2170373045   99.38%
Tlb-Load-Misses:        13515742    0.62%
Tlb-Load-Accesses:    2183888787  100.00%

Tlb-Store-Hits:         573809227   99.97%
Tlb-Store-Misses:          177540    0.03%
Tlb-Store-Accesses:     573986767  100.00%

Tlb-Total-Hits:        2744182272   99.50%
Tlb-Total-Misses:        13693282    0.50%
Tlb-Total-Accesses:    2757875554  100.00%



--------
Two level Cache hierarchy
--------
  L1-Data Cache:
    Size(KB):         128
    Block Size(B):     32
    Associativity:      8

  L2-Data Cache:
    Size(KB):        1024
    Block Size(B):    128
    Associativity:      8

Latencies:    1   10  250
L1-Sets:  512 - LRU - assoc:   8
L2-Sets: 1024 - LRU - assoc:   8
Store_allocation: Yes
L2_inclusive: Yes
L2_prefetching: No

L1 Cache Stats:
L1-Load-Hits:        2170927313   99.41%
L1-Load-Misses:        12961474    0.59%
L1-Load-Accesses:    2183888787  100.00%

L1-Store-Hits:         571021756   99.48%
L1-Store-Misses:         2965011    0.52%
L1-Store-Accesses:     573986767  100.00%

L1-Total-Hits:        2741949069   99.42%
L1-Total-Misses:        15926485    0.58%
L1-Total-Accesses:    2757875554  100.00%

L2 Cache Stats:
L2-Load-Hits:          12371478   95.45%
L2-Load-Misses:          589996    4.55%
L2-Load-Accesses:      12961474  100.00%

L2-Store-Hits:           2535276   85.51%
L2-Store-Misses:          429735   14.49%
L2-Store-Accesses:       2965011  100.00%

L2-Total-Hits:          14906754   93.60%
L2-Total-Misses:         1019731    6.40%
L2-Total-Accesses:      15926485  100.00%

