--------
Total Statistics
--------
Total Instructions: 1514103347
Total Cycles: 16078351746
IPC: 0.0941703

--------
Single level Tlb hierarchy
--------
  Data Tlb:
    Entries:          64
    Page Size(B):   4096
    Associativity:      4

Latencies:    0  150
Tlb-Sets:   16 - LRU - assoc:   4

Tlb Stats:
Tlb-Load-Hits:         243312711   86.23%
Tlb-Load-Misses:        38844664   13.77%
Tlb-Load-Accesses:     282157375  100.00%

Tlb-Store-Hits:          76174995   99.60%
Tlb-Store-Misses:          308539    0.40%
Tlb-Store-Accesses:      76483534  100.00%

Tlb-Total-Hits:         319487706   89.08%
Tlb-Total-Misses:        39153203   10.92%
Tlb-Total-Accesses:     358640909  100.00%



--------
Two level Cache hierarchy
--------
  L1-Data Cache:
    Size(KB):          32
    Block Size(B):    128
    Associativity:      8

  L2-Data Cache:
    Size(KB):        1024
    Block Size(B):    128
    Associativity:      8

Latencies:    1   10  250
L1-Sets:   32 - LRU - assoc:   8
L2-Sets: 1024 - LRU - assoc:   8
Store_allocation: Yes
L2_inclusive: Yes
L2_prefetching: No

L1 Cache Stats:
L1-Load-Hits:         247368512   87.67%
L1-Load-Misses:        34788863   12.33%
L1-Load-Accesses:     282157375  100.00%

L1-Store-Hits:          76478243   99.99%
L1-Store-Misses:            5291    0.01%
L1-Store-Accesses:      76483534  100.00%

L1-Total-Hits:         323846755   90.30%
L1-Total-Misses:        34794154    9.70%
L1-Total-Accesses:     358640909  100.00%

L2 Cache Stats:
L2-Load-Hits:           2853706    8.20%
L2-Load-Misses:        31935157   91.80%
L2-Load-Accesses:      34788863  100.00%

L2-Store-Hits:              1706   32.24%
L2-Store-Misses:            3585   67.76%
L2-Store-Accesses:          5291  100.00%

L2-Total-Hits:           2855412    8.21%
L2-Total-Misses:        31938742   91.79%
L2-Total-Accesses:      34794154  100.00%

