--------
Total Statistics
--------
Total Instructions: 1514103372
Total Cycles: 16440274399
IPC: 0.0920972

--------
Single level Tlb hierarchy
--------
  Data Tlb:
    Entries:          64
    Page Size(B):   4096
    Associativity:      4

Latencies:    0  150
Tlb-Sets:   16 - LRU - assoc:   4

Tlb Stats:
Tlb-Load-Hits:         243187252   86.19%
Tlb-Load-Misses:        38970131   13.81%
Tlb-Load-Accesses:     282157383  100.00%

Tlb-Store-Hits:          76178133   99.60%
Tlb-Store-Misses:          305401    0.40%
Tlb-Store-Accesses:      76483534  100.00%

Tlb-Total-Hits:         319365385   89.05%
Tlb-Total-Misses:        39275532   10.95%
Tlb-Total-Accesses:     358640917  100.00%



--------
Two level Cache hierarchy
--------
  L1-Data Cache:
    Size(KB):          64
    Block Size(B):     64
    Associativity:      4

  L2-Data Cache:
    Size(KB):        1024
    Block Size(B):    128
    Associativity:      8

Latencies:    1   10  250
L1-Sets:  256 - LRU - assoc:   4
L2-Sets: 1024 - LRU - assoc:   8
Store_allocation: Yes
L2_inclusive: Yes
L2_prefetching: No

L1 Cache Stats:
L1-Load-Hits:         212540134   75.33%
L1-Load-Misses:        69617249   24.67%
L1-Load-Accesses:     282157383  100.00%

L1-Store-Hits:          76474902   99.99%
L1-Store-Misses:            8632    0.01%
L1-Store-Accesses:      76483534  100.00%

L1-Total-Hits:         289015036   80.59%
L1-Total-Misses:        69625881   19.41%
L1-Total-Accesses:     358640917  100.00%

L2 Cache Stats:
L2-Load-Hits:          37699529   54.15%
L2-Load-Misses:        31917720   45.85%
L2-Load-Accesses:      69617249  100.00%

L2-Store-Hits:              6586   76.30%
L2-Store-Misses:            2046   23.70%
L2-Store-Accesses:          8632  100.00%

L2-Total-Hits:          37706115   54.16%
L2-Total-Misses:        31919766   45.84%
L2-Total-Accesses:      69625881  100.00%

