--------
Total Statistics
--------
Total Instructions: 1514103372
Total Cycles: 16580084429
IPC: 0.0913206

--------
Single level Tlb hierarchy
--------
  Data Tlb:
    Entries:          64
    Page Size(B):   4096
    Associativity:      4

Latencies:    0  150
Tlb-Sets:   16 - LRU - assoc:   4

Tlb Stats:
Tlb-Load-Hits:         242272519   85.86%
Tlb-Load-Misses:        39884864   14.14%
Tlb-Load-Accesses:     282157383  100.00%

Tlb-Store-Hits:          76177234   99.60%
Tlb-Store-Misses:          306300    0.40%
Tlb-Store-Accesses:      76483534  100.00%

Tlb-Total-Hits:         318449753   88.79%
Tlb-Total-Misses:        40191164   11.21%
Tlb-Total-Accesses:     358640917  100.00%



--------
Two level Cache hierarchy
--------
  L1-Data Cache:
    Size(KB):          64
    Block Size(B):     64
    Associativity:      8

  L2-Data Cache:
    Size(KB):        1024
    Block Size(B):    128
    Associativity:      8

Latencies:    1   10  250
L1-Sets:  128 - LRU - assoc:   8
L2-Sets: 1024 - LRU - assoc:   8
Store_allocation: Yes
L2_inclusive: Yes
L2_prefetching: No

L1 Cache Stats:
L1-Load-Hits:         211839827   75.08%
L1-Load-Misses:        70317556   24.92%
L1-Load-Accesses:     282157383  100.00%

L1-Store-Hits:          76481786  100.00%
L1-Store-Misses:            1748    0.00%
L1-Store-Accesses:      76483534  100.00%

L1-Total-Hits:         288321613   80.39%
L1-Total-Misses:        70319304   19.61%
L1-Total-Accesses:     358640917  100.00%

L2 Cache Stats:
L2-Load-Hits:          38416300   54.63%
L2-Load-Misses:        31901256   45.37%
L2-Load-Accesses:      70317556  100.00%

L2-Store-Hits:              1114   63.73%
L2-Store-Misses:             634   36.27%
L2-Store-Accesses:          1748  100.00%

L2-Total-Hits:          38417414   54.63%
L2-Total-Misses:        31901890   45.37%
L2-Total-Accesses:      70319304  100.00%

