--------
Total Statistics
--------
Total Instructions: 1514103347
Total Cycles: 16375723286
IPC: 0.0924602

--------
Single level Tlb hierarchy
--------
  Data Tlb:
    Entries:          64
    Page Size(B):   4096
    Associativity:      4

Latencies:    0  150
Tlb-Sets:   16 - LRU - assoc:   4

Tlb Stats:
Tlb-Load-Hits:         243886248   86.44%
Tlb-Load-Misses:        38271127   13.56%
Tlb-Load-Accesses:     282157375  100.00%

Tlb-Store-Hits:          76174626   99.60%
Tlb-Store-Misses:          308908    0.40%
Tlb-Store-Accesses:      76483534  100.00%

Tlb-Total-Hits:         320060874   89.24%
Tlb-Total-Misses:        38580035   10.76%
Tlb-Total-Accesses:     358640909  100.00%



--------
Two level Cache hierarchy
--------
  L1-Data Cache:
    Size(KB):          64
    Block Size(B):     32
    Associativity:      8

  L2-Data Cache:
    Size(KB):        1024
    Block Size(B):    128
    Associativity:      8

Latencies:    1   10  250
L1-Sets:  256 - LRU - assoc:   8
L2-Sets: 1024 - LRU - assoc:   8
Store_allocation: Yes
L2_inclusive: Yes
L2_prefetching: No

L1 Cache Stats:
L1-Load-Hits:         208271897   73.81%
L1-Load-Misses:        73885478   26.19%
L1-Load-Accesses:     282157375  100.00%

L1-Store-Hits:          76381559   99.87%
L1-Store-Misses:          101975    0.13%
L1-Store-Accesses:      76483534  100.00%

L1-Total-Hits:         284653456   79.37%
L1-Total-Misses:        73987453   20.63%
L1-Total-Accesses:     358640909  100.00%

L2 Cache Stats:
L2-Load-Hits:          41981111   56.82%
L2-Load-Misses:        31904367   43.18%
L2-Load-Accesses:      73885478  100.00%

L2-Store-Hits:            101945   99.97%
L2-Store-Misses:              30    0.03%
L2-Store-Accesses:        101975  100.00%

L2-Total-Hits:          42083056   56.88%
L2-Total-Misses:        31904397   43.12%
L2-Total-Accesses:      73987453  100.00%

