--------
Total Statistics
--------
Total Instructions: 1514103372
Total Cycles: 16158569769
IPC: 0.0937028

--------
Single level Tlb hierarchy
--------
  Data Tlb:
    Entries:          64
    Page Size(B):   4096
    Associativity:      4

Latencies:    0  150
Tlb-Sets:   16 - LRU - assoc:   4

Tlb Stats:
Tlb-Load-Hits:         243025291   86.13%
Tlb-Load-Misses:        39132092   13.87%
Tlb-Load-Accesses:     282157383  100.00%

Tlb-Store-Hits:          75927496   99.27%
Tlb-Store-Misses:          556038    0.73%
Tlb-Store-Accesses:      76483534  100.00%

Tlb-Total-Hits:         318952787   88.93%
Tlb-Total-Misses:        39688130   11.07%
Tlb-Total-Accesses:     358640917  100.00%



--------
Two level Cache hierarchy
--------
  L1-Data Cache:
    Size(KB):          64
    Block Size(B):    128
    Associativity:      8

  L2-Data Cache:
    Size(KB):        1024
    Block Size(B):    128
    Associativity:      8

Latencies:    1   10  250
L1-Sets:   64 - LRU - assoc:   8
L2-Sets: 1024 - LRU - assoc:   8
Store_allocation: Yes
L2_inclusive: Yes
L2_prefetching: No

L1 Cache Stats:
L1-Load-Hits:         247609811   87.76%
L1-Load-Misses:        34547572   12.24%
L1-Load-Accesses:     282157383  100.00%

L1-Store-Hits:          76479033   99.99%
L1-Store-Misses:            4501    0.01%
L1-Store-Accesses:      76483534  100.00%

L1-Total-Hits:         324088844   90.37%
L1-Total-Misses:        34552073    9.63%
L1-Total-Accesses:     358640917  100.00%

L2 Cache Stats:
L2-Load-Hits:           2603368    7.54%
L2-Load-Misses:        31944204   92.46%
L2-Load-Accesses:      34547572  100.00%

L2-Store-Hits:               364    8.09%
L2-Store-Misses:            4137   91.91%
L2-Store-Accesses:          4501  100.00%

L2-Total-Hits:           2603732    7.54%
L2-Total-Misses:        31948341   92.46%
L2-Total-Accesses:      34552073  100.00%

