--------
Total Statistics
--------
Total Instructions: 1514103347
Total Cycles: 16462195426
IPC: 0.0919746

--------
Single level Tlb hierarchy
--------
  Data Tlb:
    Entries:          64
    Page Size(B):   4096
    Associativity:      4

Latencies:    0  150
Tlb-Sets:   16 - LRU - assoc:   4

Tlb Stats:
Tlb-Load-Hits:         243238555   86.21%
Tlb-Load-Misses:        38918820   13.79%
Tlb-Load-Accesses:     282157375  100.00%

Tlb-Store-Hits:          75927069   99.27%
Tlb-Store-Misses:          556465    0.73%
Tlb-Store-Accesses:      76483534  100.00%

Tlb-Total-Hits:         319165624   88.99%
Tlb-Total-Misses:        39475285   11.01%
Tlb-Total-Accesses:     358640909  100.00%



--------
Two level Cache hierarchy
--------
  L1-Data Cache:
    Size(KB):         128
    Block Size(B):     64
    Associativity:      8

  L2-Data Cache:
    Size(KB):        1024
    Block Size(B):    128
    Associativity:      8

Latencies:    1   10  250
L1-Sets:  256 - LRU - assoc:   8
L2-Sets: 1024 - LRU - assoc:   8
Store_allocation: Yes
L2_inclusive: Yes
L2_prefetching: No

L1 Cache Stats:
L1-Load-Hits:         213136665   75.54%
L1-Load-Misses:        69020710   24.46%
L1-Load-Accesses:     282157375  100.00%

L1-Store-Hits:          76483252  100.00%
L1-Store-Misses:             282    0.00%
L1-Store-Accesses:      76483534  100.00%

L1-Total-Hits:         289619917   80.75%
L1-Total-Misses:        69020992   19.25%
L1-Total-Accesses:     358640909  100.00%

L2 Cache Stats:
L2-Load-Hits:          37109003   53.77%
L2-Load-Misses:        31911707   46.23%
L2-Load-Accesses:      69020710  100.00%

L2-Store-Hits:               195   69.15%
L2-Store-Misses:              87   30.85%
L2-Store-Accesses:           282  100.00%

L2-Total-Hits:          37109198   53.77%
L2-Total-Misses:        31911794   46.23%
L2-Total-Accesses:      69020992  100.00%

