--------
Total Statistics
--------
Total Instructions: 1514103347
Total Cycles: 16258675286
IPC: 0.0931259

--------
Single level Tlb hierarchy
--------
  Data Tlb:
    Entries:          64
    Page Size(B):   4096
    Associativity:      4

Latencies:    0  150
Tlb-Sets:   16 - LRU - assoc:   4

Tlb Stats:
Tlb-Load-Hits:         242105917   85.81%
Tlb-Load-Misses:        40051458   14.19%
Tlb-Load-Accesses:     282157375  100.00%

Tlb-Store-Hits:          76175710   99.60%
Tlb-Store-Misses:          307824    0.40%
Tlb-Store-Accesses:      76483534  100.00%

Tlb-Total-Hits:         318281627   88.75%
Tlb-Total-Misses:        40359282   11.25%
Tlb-Total-Accesses:     358640909  100.00%



--------
Two level Cache hierarchy
--------
  L1-Data Cache:
    Size(KB):         128
    Block Size(B):    128
    Associativity:      8

  L2-Data Cache:
    Size(KB):        1024
    Block Size(B):    128
    Associativity:      8

Latencies:    1   10  250
L1-Sets:  128 - LRU - assoc:   8
L2-Sets: 1024 - LRU - assoc:   8
Store_allocation: Yes
L2_inclusive: Yes
L2_prefetching: No

L1 Cache Stats:
L1-Load-Hits:         247867283   87.85%
L1-Load-Misses:        34290092   12.15%
L1-Load-Accesses:     282157375  100.00%

L1-Store-Hits:          76479303   99.99%
L1-Store-Misses:            4231    0.01%
L1-Store-Accesses:      76483534  100.00%

L1-Total-Hits:         324346586   90.44%
L1-Total-Misses:        34294323    9.56%
L1-Total-Accesses:     358640909  100.00%

L2 Cache Stats:
L2-Load-Hits:           2337824    6.82%
L2-Load-Misses:        31952268   93.18%
L2-Load-Accesses:      34290092  100.00%

L2-Store-Hits:               117    2.77%
L2-Store-Misses:            4114   97.23%
L2-Store-Accesses:          4231  100.00%

L2-Total-Hits:           2337941    6.82%
L2-Total-Misses:        31956382   93.18%
L2-Total-Accesses:      34294323  100.00%

