--------
Total Statistics
--------
Total Instructions: 1514103347
Total Cycles: 16521151426
IPC: 0.0916464

--------
Single level Tlb hierarchy
--------
  Data Tlb:
    Entries:          64
    Page Size(B):   4096
    Associativity:      4

Latencies:    0  150
Tlb-Sets:   16 - LRU - assoc:   4

Tlb Stats:
Tlb-Load-Hits:         243221962   86.20%
Tlb-Load-Misses:        38935413   13.80%
Tlb-Load-Accesses:     282157375  100.00%

Tlb-Store-Hits:          76031216   99.41%
Tlb-Store-Misses:          452318    0.59%
Tlb-Store-Accesses:      76483534  100.00%

Tlb-Total-Hits:         319253178   89.02%
Tlb-Total-Misses:        39387731   10.98%
Tlb-Total-Accesses:     358640909  100.00%



--------
Two level Cache hierarchy
--------
  L1-Data Cache:
    Size(KB):          32
    Block Size(B):     32
    Associativity:      8

  L2-Data Cache:
    Size(KB):        1024
    Block Size(B):    128
    Associativity:      8

Latencies:    1   10  250
L1-Sets:  128 - LRU - assoc:   8
L2-Sets: 1024 - LRU - assoc:   8
Store_allocation: Yes
L2_inclusive: Yes
L2_prefetching: No

L1 Cache Stats:
L1-Load-Hits:         205894676   72.97%
L1-Load-Misses:        76262699   27.03%
L1-Load-Accesses:     282157375  100.00%

L1-Store-Hits:          76289081   99.75%
L1-Store-Misses:          194453    0.25%
L1-Store-Accesses:      76483534  100.00%

L1-Total-Hits:         282183757   78.68%
L1-Total-Misses:        76457152   21.32%
L1-Total-Accesses:     358640909  100.00%

L2 Cache Stats:
L2-Load-Hits:          44360028   58.17%
L2-Load-Misses:        31902671   41.83%
L2-Load-Accesses:      76262699  100.00%

L2-Store-Hits:            194420   99.98%
L2-Store-Misses:              33    0.02%
L2-Store-Accesses:        194453  100.00%

L2-Total-Hits:          44554448   58.27%
L2-Total-Misses:        31902704   41.73%
L2-Total-Accesses:      76457152  100.00%

