--------
Total Statistics
--------
Total Instructions: 1514103347
Total Cycles: 16434642606
IPC: 0.0921288

--------
Single level Tlb hierarchy
--------
  Data Tlb:
    Entries:          64
    Page Size(B):   4096
    Associativity:      4

Latencies:    0  150
Tlb-Sets:   16 - LRU - assoc:   4

Tlb Stats:
Tlb-Load-Hits:         243694826   86.37%
Tlb-Load-Misses:        38462549   13.63%
Tlb-Load-Accesses:     282157375  100.00%

Tlb-Store-Hits:          75927554   99.27%
Tlb-Store-Misses:          555980    0.73%
Tlb-Store-Accesses:      76483534  100.00%

Tlb-Total-Hits:         319622380   89.12%
Tlb-Total-Misses:        39018529   10.88%
Tlb-Total-Accesses:     358640909  100.00%



--------
Two level Cache hierarchy
--------
  L1-Data Cache:
    Size(KB):         128
    Block Size(B):     32
    Associativity:      8

  L2-Data Cache:
    Size(KB):        1024
    Block Size(B):    128
    Associativity:      8

Latencies:    1   10  250
L1-Sets:  512 - LRU - assoc:   8
L2-Sets: 1024 - LRU - assoc:   8
Store_allocation: Yes
L2_inclusive: Yes
L2_prefetching: No

L1 Cache Stats:
L1-Load-Hits:         210254170   74.52%
L1-Load-Misses:        71903205   25.48%
L1-Load-Accesses:     282157375  100.00%

L1-Store-Hits:          76430889   99.93%
L1-Store-Misses:           52645    0.07%
L1-Store-Accesses:      76483534  100.00%

L1-Total-Hits:         286685059   79.94%
L1-Total-Misses:        71955850   20.06%
L1-Total-Accesses:     358640909  100.00%

L2 Cache Stats:
L2-Load-Hits:          39944999   55.55%
L2-Load-Misses:        31958206   44.45%
L2-Load-Accesses:      71903205  100.00%

L2-Store-Hits:             52609   99.93%
L2-Store-Misses:              36    0.07%
L2-Store-Accesses:         52645  100.00%

L2-Total-Hits:          39997608   55.59%
L2-Total-Misses:        31958242   44.41%
L2-Total-Accesses:      71955850  100.00%

