--------
Total Statistics
--------
Total Instructions: 8310935028
Total Cycles: 12767058921
IPC: 0.650967

--------
Single level Tlb hierarchy
--------
  Data Tlb:
    Entries:          64
    Page Size(B):   4096
    Associativity:      4

Latencies:    0  150
Tlb-Sets:   16 - LRU - assoc:   4

Tlb Stats:
Tlb-Load-Hits:        1869902091   99.97%
Tlb-Load-Misses:          565021    0.03%
Tlb-Load-Accesses:    1870467112  100.00%

Tlb-Store-Hits:         185876059   99.85%
Tlb-Store-Misses:          279842    0.15%
Tlb-Store-Accesses:     186155901  100.00%

Tlb-Total-Hits:        2055778150   99.96%
Tlb-Total-Misses:          844863    0.04%
Tlb-Total-Accesses:    2056623013  100.00%



--------
Two level Cache hierarchy
--------
  L1-Data Cache:
    Size(KB):         128
    Block Size(B):    128
    Associativity:      8

  L2-Data Cache:
    Size(KB):        1024
    Block Size(B):    128
    Associativity:      8

Latencies:    1   10  250
L1-Sets:  128 - LRU - assoc:   8
L2-Sets: 1024 - LRU - assoc:   8
Store_allocation: Yes
L2_inclusive: Yes
L2_prefetching: No

L1 Cache Stats:
L1-Load-Hits:        1862995075   99.60%
L1-Load-Misses:         7472037    0.40%
L1-Load-Accesses:    1870467112  100.00%

L1-Store-Hits:         183436920   98.54%
L1-Store-Misses:         2718981    1.46%
L1-Store-Accesses:     186155901  100.00%

L1-Total-Hits:        2046431995   99.50%
L1-Total-Misses:        10191018    0.50%
L1-Total-Accesses:    2056623013  100.00%

L2 Cache Stats:
L2-Load-Hits:           1507385   20.17%
L2-Load-Misses:         5964652   79.83%
L2-Load-Accesses:       7472037  100.00%

L2-Store-Hits:               188    0.01%
L2-Store-Misses:         2718793   99.99%
L2-Store-Accesses:       2718981  100.00%

L2-Total-Hits:           1507573   14.79%
L2-Total-Misses:         8683445   85.21%
L2-Total-Accesses:      10191018  100.00%

