--------
Total Statistics
--------
Total Instructions: 8310935028
Total Cycles: 12957768691
IPC: 0.641386

--------
Single level Tlb hierarchy
--------
  Data Tlb:
    Entries:          64
    Page Size(B):   4096
    Associativity:      4

Latencies:    0  150
Tlb-Sets:   16 - LRU - assoc:   4

Tlb Stats:
Tlb-Load-Hits:        1869902420   99.97%
Tlb-Load-Misses:          564692    0.03%
Tlb-Load-Accesses:    1870467112  100.00%

Tlb-Store-Hits:         185876059   99.85%
Tlb-Store-Misses:          279842    0.15%
Tlb-Store-Accesses:     186155901  100.00%

Tlb-Total-Hits:        2055778479   99.96%
Tlb-Total-Misses:          844534    0.04%
Tlb-Total-Accesses:    2056623013  100.00%



--------
Two level Cache hierarchy
--------
  L1-Data Cache:
    Size(KB):         128
    Block Size(B):     32
    Associativity:      8

  L2-Data Cache:
    Size(KB):        1024
    Block Size(B):    128
    Associativity:      8

Latencies:    1   10  250
L1-Sets:  512 - LRU - assoc:   8
L2-Sets: 1024 - LRU - assoc:   8
Store_allocation: Yes
L2_inclusive: Yes
L2_prefetching: No

L1 Cache Stats:
L1-Load-Hits:        1847993154   98.80%
L1-Load-Misses:        22473958    1.20%
L1-Load-Accesses:    1870467112  100.00%

L1-Store-Hits:         179341929   96.34%
L1-Store-Misses:         6813972    3.66%
L1-Store-Accesses:     186155901  100.00%

L1-Total-Hits:        2027335083   98.58%
L1-Total-Misses:        29287930    1.42%
L1-Total-Accesses:    2056623013  100.00%

L2 Cache Stats:
L2-Load-Hits:          16510123   73.46%
L2-Load-Misses:         5963835   26.54%
L2-Load-Accesses:      22473958  100.00%

L2-Store-Hits:           4095202   60.10%
L2-Store-Misses:         2718770   39.90%
L2-Store-Accesses:       6813972  100.00%

L2-Total-Hits:          20605325   70.35%
L2-Total-Misses:         8682605   29.65%
L2-Total-Accesses:      29287930  100.00%

