--------
Total Statistics
--------
Total Instructions: 8310935053
Total Cycles: 12813731234
IPC: 0.648596

--------
Single level Tlb hierarchy
--------
  Data Tlb:
    Entries:          64
    Page Size(B):   4096
    Associativity:      4

Latencies:    0  150
Tlb-Sets:   16 - LRU - assoc:   4

Tlb Stats:
Tlb-Load-Hits:        1869902680   99.97%
Tlb-Load-Misses:          564440    0.03%
Tlb-Load-Accesses:    1870467120  100.00%

Tlb-Store-Hits:         185876059   99.85%
Tlb-Store-Misses:          279842    0.15%
Tlb-Store-Accesses:     186155901  100.00%

Tlb-Total-Hits:        2055778739   99.96%
Tlb-Total-Misses:          844282    0.04%
Tlb-Total-Accesses:    2056623021  100.00%



--------
Two level Cache hierarchy
--------
  L1-Data Cache:
    Size(KB):          32
    Block Size(B):    128
    Associativity:      8

  L2-Data Cache:
    Size(KB):        1024
    Block Size(B):    128
    Associativity:      8

Latencies:    1   10  250
L1-Sets:   32 - LRU - assoc:   8
L2-Sets: 1024 - LRU - assoc:   8
Store_allocation: Yes
L2_inclusive: Yes
L2_prefetching: No

L1 Cache Stats:
L1-Load-Hits:        1858412503   99.36%
L1-Load-Misses:        12054617    0.64%
L1-Load-Accesses:    1870467120  100.00%

L1-Store-Hits:         183407757   98.52%
L1-Store-Misses:         2748144    1.48%
L1-Store-Accesses:     186155901  100.00%

L1-Total-Hits:        2041820260   99.28%
L1-Total-Misses:        14802761    0.72%
L1-Total-Accesses:    2056623021  100.00%

L2 Cache Stats:
L2-Load-Hits:           6087879   50.50%
L2-Load-Misses:         5966738   49.50%
L2-Load-Accesses:      12054617  100.00%

L2-Store-Hits:             28869    1.05%
L2-Store-Misses:         2719275   98.95%
L2-Store-Accesses:       2748144  100.00%

L2-Total-Hits:           6116748   41.32%
L2-Total-Misses:         8686013   58.68%
L2-Total-Accesses:      14802761  100.00%

