--------
Total Statistics
--------
Total Instructions: 8310935028
Total Cycles: 12809251391
IPC: 0.648823

--------
Single level Tlb hierarchy
--------
  Data Tlb:
    Entries:          64
    Page Size(B):   4096
    Associativity:      4

Latencies:    0  150
Tlb-Sets:   16 - LRU - assoc:   4

Tlb Stats:
Tlb-Load-Hits:        1869814296   99.97%
Tlb-Load-Misses:          652816    0.03%
Tlb-Load-Accesses:    1870467112  100.00%

Tlb-Store-Hits:         185876039   99.85%
Tlb-Store-Misses:          279862    0.15%
Tlb-Store-Accesses:     186155901  100.00%

Tlb-Total-Hits:        2055690335   99.95%
Tlb-Total-Misses:          932678    0.05%
Tlb-Total-Accesses:    2056623013  100.00%



--------
Two level Cache hierarchy
--------
  L1-Data Cache:
    Size(KB):          64
    Block Size(B):    128
    Associativity:      8

  L2-Data Cache:
    Size(KB):        1024
    Block Size(B):    128
    Associativity:      8

Latencies:    1   10  250
L1-Sets:   64 - LRU - assoc:   8
L2-Sets: 1024 - LRU - assoc:   8
Store_allocation: Yes
L2_inclusive: Yes
L2_prefetching: No

L1 Cache Stats:
L1-Load-Hits:        1860159280   99.45%
L1-Load-Misses:        10307832    0.55%
L1-Load-Accesses:    1870467112  100.00%

L1-Store-Hits:         183434818   98.54%
L1-Store-Misses:         2721083    1.46%
L1-Store-Accesses:     186155901  100.00%

L1-Total-Hits:        2043594098   99.37%
L1-Total-Misses:        13028915    0.63%
L1-Total-Accesses:    2056623013  100.00%

L2 Cache Stats:
L2-Load-Hits:           4341088   42.11%
L2-Load-Misses:         5966744   57.89%
L2-Load-Accesses:      10307832  100.00%

L2-Store-Hits:              1817    0.07%
L2-Store-Misses:         2719266   99.93%
L2-Store-Accesses:       2721083  100.00%

L2-Total-Hits:           4342905   33.33%
L2-Total-Misses:         8686010   66.67%
L2-Total-Accesses:      13028915  100.00%

