--------
Total Statistics
--------
Total Instructions: 8310935028
Total Cycles: 12939764421
IPC: 0.642279

--------
Single level Tlb hierarchy
--------
  Data Tlb:
    Entries:          64
    Page Size(B):   4096
    Associativity:      4

Latencies:    0  150
Tlb-Sets:   16 - LRU - assoc:   4

Tlb Stats:
Tlb-Load-Hits:        1869902247   99.97%
Tlb-Load-Misses:          564865    0.03%
Tlb-Load-Accesses:    1870467112  100.00%

Tlb-Store-Hits:         185876058   99.85%
Tlb-Store-Misses:          279843    0.15%
Tlb-Store-Accesses:     186155901  100.00%

Tlb-Total-Hits:        2055778305   99.96%
Tlb-Total-Misses:          844708    0.04%
Tlb-Total-Accesses:    2056623013  100.00%



--------
Two level Cache hierarchy
--------
  L1-Data Cache:
    Size(KB):          32
    Block Size(B):     64
    Associativity:      4

  L2-Data Cache:
    Size(KB):        1024
    Block Size(B):    128
    Associativity:      8

Latencies:    1   10  250
L1-Sets:  128 - LRU - assoc:   4
L2-Sets: 1024 - LRU - assoc:   8
Store_allocation: Yes
L2_inclusive: Yes
L2_prefetching: No

L1 Cache Stats:
L1-Load-Hits:        1848501572   98.83%
L1-Load-Misses:        21965540    1.17%
L1-Load-Accesses:    1870467112  100.00%

L1-Store-Hits:         180664948   97.05%
L1-Store-Misses:         5490953    2.95%
L1-Store-Accesses:     186155901  100.00%

L1-Total-Hits:        2029166520   98.66%
L1-Total-Misses:        27456493    1.34%
L1-Total-Accesses:    2056623013  100.00%

L2 Cache Stats:
L2-Load-Hits:          16000679   72.84%
L2-Load-Misses:         5964861   27.16%
L2-Load-Accesses:      21965540  100.00%

L2-Store-Hits:           2772073   50.48%
L2-Store-Misses:         2718880   49.52%
L2-Store-Accesses:       5490953  100.00%

L2-Total-Hits:          18772752   68.37%
L2-Total-Misses:         8683741   31.63%
L2-Total-Accesses:      27456493  100.00%

