--------
Total Statistics
--------
Total Instructions: 8310935028
Total Cycles: 13002392991
IPC: 0.639185

--------
Single level Tlb hierarchy
--------
  Data Tlb:
    Entries:          64
    Page Size(B):   4096
    Associativity:      4

Latencies:    0  150
Tlb-Sets:   16 - LRU - assoc:   4

Tlb Stats:
Tlb-Load-Hits:        1869902057   99.97%
Tlb-Load-Misses:          565055    0.03%
Tlb-Load-Accesses:    1870467112  100.00%

Tlb-Store-Hits:         185876059   99.85%
Tlb-Store-Misses:          279842    0.15%
Tlb-Store-Accesses:     186155901  100.00%

Tlb-Total-Hits:        2055778116   99.96%
Tlb-Total-Misses:          844897    0.04%
Tlb-Total-Accesses:    2056623013  100.00%



--------
Two level Cache hierarchy
--------
  L1-Data Cache:
    Size(KB):          32
    Block Size(B):     32
    Associativity:      8

  L2-Data Cache:
    Size(KB):        1024
    Block Size(B):    128
    Associativity:      8

Latencies:    1   10  250
L1-Sets:  128 - LRU - assoc:   8
L2-Sets: 1024 - LRU - assoc:   8
Store_allocation: Yes
L2_inclusive: Yes
L2_prefetching: No

L1 Cache Stats:
L1-Load-Hits:        1843543159   98.56%
L1-Load-Misses:        26923953    1.44%
L1-Load-Accesses:    1870467112  100.00%

L1-Store-Hits:         179346489   96.34%
L1-Store-Misses:         6809412    3.66%
L1-Store-Accesses:     186155901  100.00%

L1-Total-Hits:        2022889648   98.36%
L1-Total-Misses:        33733365    1.64%
L1-Total-Accesses:    2056623013  100.00%

L2 Cache Stats:
L2-Load-Hits:          20959902   77.85%
L2-Load-Misses:         5964051   22.15%
L2-Load-Accesses:      26923953  100.00%

L2-Store-Hits:           4090396   60.07%
L2-Store-Misses:         2719016   39.93%
L2-Store-Accesses:       6809412  100.00%

L2-Total-Hits:          25050298   74.26%
L2-Total-Misses:         8683067   25.74%
L2-Total-Accesses:      33733365  100.00%

