--------
Total Statistics
--------
Total Instructions: 8310935053
Total Cycles: 12915787844
IPC: 0.643471

--------
Single level Tlb hierarchy
--------
  Data Tlb:
    Entries:          64
    Page Size(B):   4096
    Associativity:      4

Latencies:    0  150
Tlb-Sets:   16 - LRU - assoc:   4

Tlb Stats:
Tlb-Load-Hits:        1869902591   99.97%
Tlb-Load-Misses:          564529    0.03%
Tlb-Load-Accesses:    1870467120  100.00%

Tlb-Store-Hits:         185876061   99.85%
Tlb-Store-Misses:          279840    0.15%
Tlb-Store-Accesses:     186155901  100.00%

Tlb-Total-Hits:        2055778652   99.96%
Tlb-Total-Misses:          844369    0.04%
Tlb-Total-Accesses:    2056623021  100.00%



--------
Two level Cache hierarchy
--------
  L1-Data Cache:
    Size(KB):          64
    Block Size(B):     64
    Associativity:      8

  L2-Data Cache:
    Size(KB):        1024
    Block Size(B):    128
    Associativity:      8

Latencies:    1   10  250
L1-Sets:  128 - LRU - assoc:   8
L2-Sets: 1024 - LRU - assoc:   8
Store_allocation: Yes
L2_inclusive: Yes
L2_prefetching: No

L1 Cache Stats:
L1-Load-Hits:        1850902783   98.95%
L1-Load-Misses:        19564337    1.05%
L1-Load-Accesses:    1870467120  100.00%

L1-Store-Hits:         180675671   97.06%
L1-Store-Misses:         5480230    2.94%
L1-Store-Accesses:     186155901  100.00%

L1-Total-Hits:        2031578454   98.78%
L1-Total-Misses:        25044567    1.22%
L1-Total-Accesses:    2056623021  100.00%

L2 Cache Stats:
L2-Load-Hits:          13598763   69.51%
L2-Load-Misses:         5965574   30.49%
L2-Load-Accesses:      19564337  100.00%

L2-Store-Hits:           2761289   50.39%
L2-Store-Misses:         2718941   49.61%
L2-Store-Accesses:       5480230  100.00%

L2-Total-Hits:          16360052   65.32%
L2-Total-Misses:         8684515   34.68%
L2-Total-Accesses:      25044567  100.00%

