--------
Total Statistics
--------
Total Instructions: 8310935053
Total Cycles: 12974614764
IPC: 0.640554

--------
Single level Tlb hierarchy
--------
  Data Tlb:
    Entries:          64
    Page Size(B):   4096
    Associativity:      4

Latencies:    0  150
Tlb-Sets:   16 - LRU - assoc:   4

Tlb Stats:
Tlb-Load-Hits:        1869902529   99.97%
Tlb-Load-Misses:          564591    0.03%
Tlb-Load-Accesses:    1870467120  100.00%

Tlb-Store-Hits:         185876058   99.85%
Tlb-Store-Misses:          279843    0.15%
Tlb-Store-Accesses:     186155901  100.00%

Tlb-Total-Hits:        2055778587   99.96%
Tlb-Total-Misses:          844434    0.04%
Tlb-Total-Accesses:    2056623021  100.00%



--------
Two level Cache hierarchy
--------
  L1-Data Cache:
    Size(KB):          64
    Block Size(B):     32
    Associativity:      8

  L2-Data Cache:
    Size(KB):        1024
    Block Size(B):    128
    Associativity:      8

Latencies:    1   10  250
L1-Sets:  256 - LRU - assoc:   8
L2-Sets: 1024 - LRU - assoc:   8
Store_allocation: Yes
L2_inclusive: Yes
L2_prefetching: No

L1 Cache Stats:
L1-Load-Hits:        1846318865   98.71%
L1-Load-Misses:        24148255    1.29%
L1-Load-Accesses:    1870467120  100.00%

L1-Store-Hits:         179337422   96.34%
L1-Store-Misses:         6818479    3.66%
L1-Store-Accesses:     186155901  100.00%

L1-Total-Hits:        2025656287   98.49%
L1-Total-Misses:        30966734    1.51%
L1-Total-Accesses:    2056623021  100.00%

L2 Cache Stats:
L2-Load-Hits:          18184307   75.30%
L2-Load-Misses:         5963948   24.70%
L2-Load-Accesses:      24148255  100.00%

L2-Store-Hits:           4099530   60.12%
L2-Store-Misses:         2718949   39.88%
L2-Store-Accesses:       6818479  100.00%

L2-Total-Hits:          22283837   71.96%
L2-Total-Misses:         8682897   28.04%
L2-Total-Accesses:      30966734  100.00%

