--------
Total Statistics
--------
Total Instructions: 32491939019
Total Cycles: 51365509306
IPC: 0.632563

--------
Single level Tlb hierarchy
--------
  Data Tlb:
    Entries:          64
    Page Size(B):   4096
    Associativity:      4

Latencies:    0  150
Tlb-Sets:   16 - LRU - assoc:   4

Tlb Stats:
Tlb-Load-Hits:        9261172697   99.86%
Tlb-Load-Misses:        12568684    0.14%
Tlb-Load-Accesses:    9273741381  100.00%

Tlb-Store-Hits:        4836864113   99.92%
Tlb-Store-Misses:         3640543    0.08%
Tlb-Store-Accesses:    4840504656  100.00%

Tlb-Total-Hits:       14098036810   99.89%
Tlb-Total-Misses:        16209227    0.11%
Tlb-Total-Accesses:   14114246037  100.00%



--------
Two level Cache hierarchy
--------
  L1-Data Cache:
    Size(KB):         128
    Block Size(B):    128
    Associativity:      8

  L2-Data Cache:
    Size(KB):        1024
    Block Size(B):    128
    Associativity:      8

Latencies:    1   10  250
L1-Sets:  128 - LRU - assoc:   8
L2-Sets: 1024 - LRU - assoc:   8
Store_allocation: Yes
L2_inclusive: Yes
L2_prefetching: No

L1 Cache Stats:
L1-Load-Hits:        9255855410   99.81%
L1-Load-Misses:        17885971    0.19%
L1-Load-Accesses:    9273741381  100.00%

L1-Store-Hits:        4836784557   99.92%
L1-Store-Misses:         3720099    0.08%
L1-Store-Accesses:    4840504656  100.00%

L1-Total-Hits:       14092639967   99.85%
L1-Total-Misses:        21606070    0.15%
L1-Total-Accesses:   14114246037  100.00%

L2 Cache Stats:
L2-Load-Hits:          11714414   65.49%
L2-Load-Misses:         6171557   34.51%
L2-Load-Accesses:      17885971  100.00%

L2-Store-Hits:           1444138   38.82%
L2-Store-Misses:         2275961   61.18%
L2-Store-Accesses:       3720099  100.00%

L2-Total-Hits:          13158552   60.90%
L2-Total-Misses:         8447518   39.10%
L2-Total-Accesses:      21606070  100.00%

