--------
Total Statistics
--------
Total Instructions: 32491939013
Total Cycles: 51562276270
IPC: 0.630149

--------
Single level Tlb hierarchy
--------
  Data Tlb:
    Entries:          64
    Page Size(B):   4096
    Associativity:      4

Latencies:    0  150
Tlb-Sets:   16 - LRU - assoc:   4

Tlb Stats:
Tlb-Load-Hits:        9261379300   99.87%
Tlb-Load-Misses:        12362081    0.13%
Tlb-Load-Accesses:    9273741381  100.00%

Tlb-Store-Hits:        4836856784   99.92%
Tlb-Store-Misses:         3647872    0.08%
Tlb-Store-Accesses:    4840504656  100.00%

Tlb-Total-Hits:       14098236084   99.89%
Tlb-Total-Misses:        16009953    0.11%
Tlb-Total-Accesses:   14114246037  100.00%



--------
Two level Cache hierarchy
--------
  L1-Data Cache:
    Size(KB):          64
    Block Size(B):     64
    Associativity:      8

  L2-Data Cache:
    Size(KB):        1024
    Block Size(B):    128
    Associativity:      8

Latencies:    1   10  250
L1-Sets:  128 - LRU - assoc:   8
L2-Sets: 1024 - LRU - assoc:   8
Store_allocation: Yes
L2_inclusive: Yes
L2_prefetching: No

L1 Cache Stats:
L1-Load-Hits:        9237648657   99.61%
L1-Load-Misses:        36092724    0.39%
L1-Load-Accesses:    9273741381  100.00%

L1-Store-Hits:        4831209928   99.81%
L1-Store-Misses:         9294728    0.19%
L1-Store-Accesses:    4840504656  100.00%

L1-Total-Hits:       14068858585   99.68%
L1-Total-Misses:        45387452    0.32%
L1-Total-Accesses:   14114246037  100.00%

L2 Cache Stats:
L2-Load-Hits:          29959798   83.01%
L2-Load-Misses:         6132926   16.99%
L2-Load-Accesses:      36092724  100.00%

L2-Store-Hits:           7024759   75.58%
L2-Store-Misses:         2269969   24.42%
L2-Store-Accesses:       9294728  100.00%

L2-Total-Hits:          36984557   81.49%
L2-Total-Misses:         8402895   18.51%
L2-Total-Accesses:      45387452  100.00%

