--------
Total Statistics
--------
Total Instructions: 32491939013
Total Cycles: 54950967590
IPC: 0.59129

--------
Single level Tlb hierarchy
--------
  Data Tlb:
    Entries:          64
    Page Size(B):   4096
    Associativity:      4

Latencies:    0  150
Tlb-Sets:   16 - LRU - assoc:   4

Tlb Stats:
Tlb-Load-Hits:        9250237726   99.75%
Tlb-Load-Misses:        23503655    0.25%
Tlb-Load-Accesses:    9273741381  100.00%

Tlb-Store-Hits:        4825860066   99.70%
Tlb-Store-Misses:        14644590    0.30%
Tlb-Store-Accesses:    4840504656  100.00%

Tlb-Total-Hits:       14076097792   99.73%
Tlb-Total-Misses:        38148245    0.27%
Tlb-Total-Accesses:   14114246037  100.00%



--------
Two level Cache hierarchy
--------
  L1-Data Cache:
    Size(KB):         128
    Block Size(B):     32
    Associativity:      8

  L2-Data Cache:
    Size(KB):        1024
    Block Size(B):    128
    Associativity:      8

Latencies:    1   10  250
L1-Sets:  512 - LRU - assoc:   8
L2-Sets: 1024 - LRU - assoc:   8
Store_allocation: Yes
L2_inclusive: Yes
L2_prefetching: No

L1 Cache Stats:
L1-Load-Hits:        9234816899   99.58%
L1-Load-Misses:        38924482    0.42%
L1-Load-Accesses:    9273741381  100.00%

L1-Store-Hits:        4827545759   99.73%
L1-Store-Misses:        12958897    0.27%
L1-Store-Accesses:    4840504656  100.00%

L1-Total-Hits:       14062362658   99.63%
L1-Total-Misses:        51883379    0.37%
L1-Total-Accesses:   14114246037  100.00%

L2 Cache Stats:
L2-Load-Hits:          32781641   84.22%
L2-Load-Misses:         6142841   15.78%
L2-Load-Accesses:      38924482  100.00%

L2-Store-Hits:          10686890   82.47%
L2-Store-Misses:         2272007   17.53%
L2-Store-Accesses:      12958897  100.00%

L2-Total-Hits:          43468531   83.78%
L2-Total-Misses:         8414848   16.22%
L2-Total-Accesses:      51883379  100.00%

