--------
Total Statistics
--------
Total Instructions: 32491939013
Total Cycles: 51891339300
IPC: 0.626153

--------
Single level Tlb hierarchy
--------
  Data Tlb:
    Entries:          64
    Page Size(B):   4096
    Associativity:      4

Latencies:    0  150
Tlb-Sets:   16 - LRU - assoc:   4

Tlb Stats:
Tlb-Load-Hits:        9260577376   99.86%
Tlb-Load-Misses:        13164005    0.14%
Tlb-Load-Accesses:    9273741381  100.00%

Tlb-Store-Hits:        4836439279   99.92%
Tlb-Store-Misses:         4065377    0.08%
Tlb-Store-Accesses:    4840504656  100.00%

Tlb-Total-Hits:       14097016655   99.88%
Tlb-Total-Misses:        17229382    0.12%
Tlb-Total-Accesses:   14114246037  100.00%



--------
Two level Cache hierarchy
--------
  L1-Data Cache:
    Size(KB):          32
    Block Size(B):     64
    Associativity:      8

  L2-Data Cache:
    Size(KB):        1024
    Block Size(B):    128
    Associativity:      8

Latencies:    1   10  250
L1-Sets:   64 - LRU - assoc:   8
L2-Sets: 1024 - LRU - assoc:   8
Store_allocation: Yes
L2_inclusive: Yes
L2_prefetching: No

L1 Cache Stats:
L1-Load-Hits:        9223605402   99.46%
L1-Load-Misses:        50135979    0.54%
L1-Load-Accesses:    9273741381  100.00%

L1-Store-Hits:        4830304490   99.79%
L1-Store-Misses:        10200166    0.21%
L1-Store-Accesses:    4840504656  100.00%

L1-Total-Hits:       14053909892   99.57%
L1-Total-Misses:        60336145    0.43%
L1-Total-Accesses:   14114246037  100.00%

L2 Cache Stats:
L2-Load-Hits:          44014439   87.79%
L2-Load-Misses:         6121540   12.21%
L2-Load-Accesses:      50135979  100.00%

L2-Store-Hits:           7932164   77.77%
L2-Store-Misses:         2268002   22.23%
L2-Store-Accesses:      10200166  100.00%

L2-Total-Hits:          51946603   86.10%
L2-Total-Misses:         8389542   13.90%
L2-Total-Accesses:      60336145  100.00%

