--------
Total Statistics
--------
Total Instructions: 32491939013
Total Cycles: 51583751460
IPC: 0.629887

--------
Single level Tlb hierarchy
--------
  Data Tlb:
    Entries:          64
    Page Size(B):   4096
    Associativity:      4

Latencies:    0  150
Tlb-Sets:   16 - LRU - assoc:   4

Tlb Stats:
Tlb-Load-Hits:        9261233332   99.87%
Tlb-Load-Misses:        12508049    0.13%
Tlb-Load-Accesses:    9273741381  100.00%

Tlb-Store-Hits:        4836873935   99.92%
Tlb-Store-Misses:         3630721    0.08%
Tlb-Store-Accesses:    4840504656  100.00%

Tlb-Total-Hits:       14098107267   99.89%
Tlb-Total-Misses:        16138770    0.11%
Tlb-Total-Accesses:   14114246037  100.00%



--------
Two level Cache hierarchy
--------
  L1-Data Cache:
    Size(KB):          64
    Block Size(B):     64
    Associativity:      4

  L2-Data Cache:
    Size(KB):        1024
    Block Size(B):    128
    Associativity:      8

Latencies:    1   10  250
L1-Sets:  256 - LRU - assoc:   4
L2-Sets: 1024 - LRU - assoc:   8
Store_allocation: Yes
L2_inclusive: Yes
L2_prefetching: No

L1 Cache Stats:
L1-Load-Hits:        9237150285   99.61%
L1-Load-Misses:        36591096    0.39%
L1-Load-Accesses:    9273741381  100.00%

L1-Store-Hits:        4831320761   99.81%
L1-Store-Misses:         9183895    0.19%
L1-Store-Accesses:    4840504656  100.00%

L1-Total-Hits:       14068471046   99.68%
L1-Total-Misses:        45774991    0.32%
L1-Total-Accesses:   14114246037  100.00%

L2 Cache Stats:
L2-Load-Hits:          30465208   83.26%
L2-Load-Misses:         6125888   16.74%
L2-Load-Accesses:      36591096  100.00%

L2-Store-Hits:           6913779   75.28%
L2-Store-Misses:         2270116   24.72%
L2-Store-Accesses:       9183895  100.00%

L2-Total-Hits:          37378987   81.66%
L2-Total-Misses:         8396004   18.34%
L2-Total-Accesses:      45774991  100.00%

