--------
Total Statistics
--------
Total Instructions: 32491939038
Total Cycles: 51817540483
IPC: 0.627045

--------
Single level Tlb hierarchy
--------
  Data Tlb:
    Entries:          64
    Page Size(B):   4096
    Associativity:      4

Latencies:    0  150
Tlb-Sets:   16 - LRU - assoc:   4

Tlb Stats:
Tlb-Load-Hits:        9260016441   99.85%
Tlb-Load-Misses:        13724948    0.15%
Tlb-Load-Accesses:    9273741389  100.00%

Tlb-Store-Hits:        4836044643   99.91%
Tlb-Store-Misses:         4460013    0.09%
Tlb-Store-Accesses:    4840504656  100.00%

Tlb-Total-Hits:       14096061084   99.87%
Tlb-Total-Misses:        18184961    0.13%
Tlb-Total-Accesses:   14114246045  100.00%



--------
Two level Cache hierarchy
--------
  L1-Data Cache:
    Size(KB):         128
    Block Size(B):     64
    Associativity:      8

  L2-Data Cache:
    Size(KB):        1024
    Block Size(B):    128
    Associativity:      8

Latencies:    1   10  250
L1-Sets:  256 - LRU - assoc:   8
L2-Sets: 1024 - LRU - assoc:   8
Store_allocation: Yes
L2_inclusive: Yes
L2_prefetching: No

L1 Cache Stats:
L1-Load-Hits:        9244642222   99.69%
L1-Load-Misses:        29099167    0.31%
L1-Load-Accesses:    9273741389  100.00%

L1-Store-Hits:        4831915723   99.82%
L1-Store-Misses:         8588933    0.18%
L1-Store-Accesses:    4840504656  100.00%

L1-Total-Hits:       14076557945   99.73%
L1-Total-Misses:        37688100    0.27%
L1-Total-Accesses:   14114246045  100.00%

L2 Cache Stats:
L2-Load-Hits:          22945921   78.85%
L2-Load-Misses:         6153246   21.15%
L2-Load-Accesses:      29099167  100.00%

L2-Store-Hits:           6315258   73.53%
L2-Store-Misses:         2273675   26.47%
L2-Store-Accesses:       8588933  100.00%

L2-Total-Hits:          29261179   77.64%
L2-Total-Misses:         8426921   22.36%
L2-Total-Accesses:      37688100  100.00%

