--------
Total Statistics
--------
Total Instructions: 32491939013
Total Cycles: 51862432830
IPC: 0.626502

--------
Single level Tlb hierarchy
--------
  Data Tlb:
    Entries:          64
    Page Size(B):   4096
    Associativity:      4

Latencies:    0  150
Tlb-Sets:   16 - LRU - assoc:   4

Tlb Stats:
Tlb-Load-Hits:        9261261923   99.87%
Tlb-Load-Misses:        12479458    0.13%
Tlb-Load-Accesses:    9273741381  100.00%

Tlb-Store-Hits:        4836875967   99.93%
Tlb-Store-Misses:         3628689    0.07%
Tlb-Store-Accesses:    4840504656  100.00%

Tlb-Total-Hits:       14098137890   99.89%
Tlb-Total-Misses:        16108147    0.11%
Tlb-Total-Accesses:   14114246037  100.00%



--------
Two level Cache hierarchy
--------
  L1-Data Cache:
    Size(KB):          32
    Block Size(B):     32
    Associativity:      8

  L2-Data Cache:
    Size(KB):        1024
    Block Size(B):    128
    Associativity:      8

Latencies:    1   10  250
L1-Sets:  128 - LRU - assoc:   8
L2-Sets: 1024 - LRU - assoc:   8
Store_allocation: Yes
L2_inclusive: Yes
L2_prefetching: No

L1 Cache Stats:
L1-Load-Hits:        9214162192   99.36%
L1-Load-Misses:        59579189    0.64%
L1-Load-Accesses:    9273741381  100.00%

L1-Store-Hits:        4825779147   99.70%
L1-Store-Misses:        14725509    0.30%
L1-Store-Accesses:    4840504656  100.00%

L1-Total-Hits:       14039941339   99.47%
L1-Total-Misses:        74304698    0.53%
L1-Total-Accesses:   14114246037  100.00%

L2 Cache Stats:
L2-Load-Hits:          53459334   89.73%
L2-Load-Misses:         6119855   10.27%
L2-Load-Accesses:      59579189  100.00%

L2-Store-Hits:          12457449   84.60%
L2-Store-Misses:         2268060   15.40%
L2-Store-Accesses:      14725509  100.00%

L2-Total-Hits:          65916783   88.71%
L2-Total-Misses:         8387915   11.29%
L2-Total-Accesses:      74304698  100.00%

