--------
Total Statistics
--------
Total Instructions: 6594258394
Total Cycles: 9218201391
IPC: 0.715352

--------
Single level Tlb hierarchy
--------
  Data Tlb:
    Entries:          64
    Page Size(B):   4096
    Associativity:      4

Latencies:    0  150
Tlb-Sets:   16 - LRU - assoc:   4

Tlb Stats:
Tlb-Load-Hits:        1667269210   99.97%
Tlb-Load-Misses:          561901    0.03%
Tlb-Load-Accesses:    1667831111  100.00%

Tlb-Store-Hits:         565379688   99.99%
Tlb-Store-Misses:           52748    0.01%
Tlb-Store-Accesses:     565432436  100.00%

Tlb-Total-Hits:        2232648898   99.97%
Tlb-Total-Misses:          614649    0.03%
Tlb-Total-Accesses:    2233263547  100.00%



--------
Two level Cache hierarchy
--------
  L1-Data Cache:
    Size(KB):          32
    Block Size(B):     32
    Associativity:      8

  L2-Data Cache:
    Size(KB):        1024
    Block Size(B):    128
    Associativity:      8

Latencies:    1   10  250
L1-Sets:  128 - LRU - assoc:   8
L2-Sets: 1024 - LRU - assoc:   8
Store_allocation: Yes
L2_inclusive: Yes
L2_prefetching: No

L1 Cache Stats:
L1-Load-Hits:        1663112643   99.72%
L1-Load-Misses:         4718468    0.28%
L1-Load-Accesses:    1667831111  100.00%

L1-Store-Hits:         564431919   99.82%
L1-Store-Misses:         1000517    0.18%
L1-Store-Accesses:     565432436  100.00%

L1-Total-Hits:        2227544562   99.74%
L1-Total-Misses:         5718985    0.26%
L1-Total-Accesses:    2233263547  100.00%

L2 Cache Stats:
L2-Load-Hits:           3948439   83.68%
L2-Load-Misses:          770029   16.32%
L2-Load-Accesses:       4718468  100.00%

L2-Store-Hits:            805377   80.50%
L2-Store-Misses:          195140   19.50%
L2-Store-Accesses:       1000517  100.00%

L2-Total-Hits:           4753816   83.12%
L2-Total-Misses:          965169   16.88%
L2-Total-Accesses:       5718985  100.00%

