--------
Total Statistics
--------
Total Instructions: 6594258394
Total Cycles: 9195581891
IPC: 0.717112

--------
Single level Tlb hierarchy
--------
  Data Tlb:
    Entries:          64
    Page Size(B):   4096
    Associativity:      4

Latencies:    0  150
Tlb-Sets:   16 - LRU - assoc:   4

Tlb Stats:
Tlb-Load-Hits:        1667284658   99.97%
Tlb-Load-Misses:          546453    0.03%
Tlb-Load-Accesses:    1667831111  100.00%

Tlb-Store-Hits:         565380493   99.99%
Tlb-Store-Misses:           51943    0.01%
Tlb-Store-Accesses:     565432436  100.00%

Tlb-Total-Hits:        2232665151   99.97%
Tlb-Total-Misses:          598396    0.03%
Tlb-Total-Accesses:    2233263547  100.00%



--------
Two level Cache hierarchy
--------
  L1-Data Cache:
    Size(KB):          64
    Block Size(B):     64
    Associativity:      8

  L2-Data Cache:
    Size(KB):        1024
    Block Size(B):    128
    Associativity:      8

Latencies:    1   10  250
L1-Sets:  128 - LRU - assoc:   8
L2-Sets: 1024 - LRU - assoc:   8
Store_allocation: Yes
L2_inclusive: Yes
L2_prefetching: No

L1 Cache Stats:
L1-Load-Hits:        1664741810   99.81%
L1-Load-Misses:         3089301    0.19%
L1-Load-Accesses:    1667831111  100.00%

L1-Store-Hits:         564848532   99.90%
L1-Store-Misses:          583904    0.10%
L1-Store-Accesses:     565432436  100.00%

L1-Total-Hits:        2229590342   99.84%
L1-Total-Misses:         3673205    0.16%
L1-Total-Accesses:    2233263547  100.00%

L2 Cache Stats:
L2-Load-Hits:           2318388   75.05%
L2-Load-Misses:          770913   24.95%
L2-Load-Accesses:       3089301  100.00%

L2-Store-Hits:            388543   66.54%
L2-Store-Misses:          195361   33.46%
L2-Store-Accesses:        583904  100.00%

L2-Total-Hits:           2706931   73.69%
L2-Total-Misses:          966274   26.31%
L2-Total-Accesses:       3673205  100.00%

