--------
Total Statistics
--------
Total Instructions: 6594258394
Total Cycles: 9213119441
IPC: 0.715747

--------
Single level Tlb hierarchy
--------
  Data Tlb:
    Entries:          64
    Page Size(B):   4096
    Associativity:      4

Latencies:    0  150
Tlb-Sets:   16 - LRU - assoc:   4

Tlb Stats:
Tlb-Load-Hits:        1667267074   99.97%
Tlb-Load-Misses:          564037    0.03%
Tlb-Load-Accesses:    1667831111  100.00%

Tlb-Store-Hits:         565379879   99.99%
Tlb-Store-Misses:           52557    0.01%
Tlb-Store-Accesses:     565432436  100.00%

Tlb-Total-Hits:        2232646953   99.97%
Tlb-Total-Misses:          616594    0.03%
Tlb-Total-Accesses:    2233263547  100.00%



--------
Two level Cache hierarchy
--------
  L1-Data Cache:
    Size(KB):         128
    Block Size(B):     32
    Associativity:      8

  L2-Data Cache:
    Size(KB):        1024
    Block Size(B):    128
    Associativity:      8

Latencies:    1   10  250
L1-Sets:  512 - LRU - assoc:   8
L2-Sets: 1024 - LRU - assoc:   8
Store_allocation: Yes
L2_inclusive: Yes
L2_prefetching: No

L1 Cache Stats:
L1-Load-Hits:        1663655928   99.75%
L1-Load-Misses:         4175183    0.25%
L1-Load-Accesses:    1667831111  100.00%

L1-Store-Hits:         564463654   99.83%
L1-Store-Misses:          968782    0.17%
L1-Store-Accesses:     565432436  100.00%

L1-Total-Hits:        2228119582   99.77%
L1-Total-Misses:         5143965    0.23%
L1-Total-Accesses:    2233263547  100.00%

L2 Cache Stats:
L2-Load-Hits:           3403564   81.52%
L2-Load-Misses:          771619   18.48%
L2-Load-Accesses:       4175183  100.00%

L2-Store-Hits:            773726   79.87%
L2-Store-Misses:          195056   20.13%
L2-Store-Accesses:        968782  100.00%

L2-Total-Hits:           4177290   81.21%
L2-Total-Misses:          966675   18.79%
L2-Total-Accesses:       5143965  100.00%

