--------
Total Statistics
--------
Total Instructions: 6594258419
Total Cycles: 9222593784
IPC: 0.715011

--------
Single level Tlb hierarchy
--------
  Data Tlb:
    Entries:          64
    Page Size(B):   4096
    Associativity:      4

Latencies:    0  150
Tlb-Sets:   16 - LRU - assoc:   4

Tlb Stats:
Tlb-Load-Hits:        1667203743   99.96%
Tlb-Load-Misses:          627376    0.04%
Tlb-Load-Accesses:    1667831119  100.00%

Tlb-Store-Hits:         565281951   99.97%
Tlb-Store-Misses:          150485    0.03%
Tlb-Store-Accesses:     565432436  100.00%

Tlb-Total-Hits:        2232485694   99.97%
Tlb-Total-Misses:          777861    0.03%
Tlb-Total-Accesses:    2233263555  100.00%



--------
Two level Cache hierarchy
--------
  L1-Data Cache:
    Size(KB):          64
    Block Size(B):     64
    Associativity:      4

  L2-Data Cache:
    Size(KB):        1024
    Block Size(B):    128
    Associativity:      8

Latencies:    1   10  250
L1-Sets:  256 - LRU - assoc:   4
L2-Sets: 1024 - LRU - assoc:   8
Store_allocation: Yes
L2_inclusive: Yes
L2_prefetching: No

L1 Cache Stats:
L1-Load-Hits:        1664728283   99.81%
L1-Load-Misses:         3102836    0.19%
L1-Load-Accesses:    1667831119  100.00%

L1-Store-Hits:         564844081   99.90%
L1-Store-Misses:          588355    0.10%
L1-Store-Accesses:     565432436  100.00%

L1-Total-Hits:        2229572364   99.83%
L1-Total-Misses:         3691191    0.17%
L1-Total-Accesses:    2233263555  100.00%

L2 Cache Stats:
L2-Load-Hits:           2332184   75.16%
L2-Load-Misses:          770652   24.84%
L2-Load-Accesses:       3102836  100.00%

L2-Store-Hits:            393084   66.81%
L2-Store-Misses:          195271   33.19%
L2-Store-Accesses:        588355  100.00%

L2-Total-Hits:           2725268   73.83%
L2-Total-Misses:          965923   26.17%
L2-Total-Accesses:       3691191  100.00%

