--------
Total Statistics
--------
Total Instructions: 6594258394
Total Cycles: 9181068001
IPC: 0.718245

--------
Single level Tlb hierarchy
--------
  Data Tlb:
    Entries:          64
    Page Size(B):   4096
    Associativity:      4

Latencies:    0  150
Tlb-Sets:   16 - LRU - assoc:   4

Tlb Stats:
Tlb-Load-Hits:        1667252995   99.97%
Tlb-Load-Misses:          578116    0.03%
Tlb-Load-Accesses:    1667831111  100.00%

Tlb-Store-Hits:         565377283   99.99%
Tlb-Store-Misses:           55153    0.01%
Tlb-Store-Accesses:     565432436  100.00%

Tlb-Total-Hits:        2232630278   99.97%
Tlb-Total-Misses:          633269    0.03%
Tlb-Total-Accesses:    2233263547  100.00%



--------
Two level Cache hierarchy
--------
  L1-Data Cache:
    Size(KB):          64
    Block Size(B):    128
    Associativity:      8

  L2-Data Cache:
    Size(KB):        1024
    Block Size(B):    128
    Associativity:      8

Latencies:    1   10  250
L1-Sets:   64 - LRU - assoc:   8
L2-Sets: 1024 - LRU - assoc:   8
Store_allocation: Yes
L2_inclusive: Yes
L2_prefetching: No

L1 Cache Stats:
L1-Load-Hits:        1666414311   99.92%
L1-Load-Misses:         1416800    0.08%
L1-Load-Accesses:    1667831111  100.00%

L1-Store-Hits:         565228990   99.96%
L1-Store-Misses:          203446    0.04%
L1-Store-Accesses:     565432436  100.00%

L1-Total-Hits:        2231643301   99.93%
L1-Total-Misses:         1620246    0.07%
L1-Total-Accesses:    2233263547  100.00%

L2 Cache Stats:
L2-Load-Hits:            643064   45.39%
L2-Load-Misses:          773736   54.61%
L2-Load-Accesses:       1416800  100.00%

L2-Store-Hits:              7769    3.82%
L2-Store-Misses:          195677   96.18%
L2-Store-Accesses:        203446  100.00%

L2-Total-Hits:            650833   40.17%
L2-Total-Misses:          969413   59.83%
L2-Total-Accesses:       1620246  100.00%

