--------
Total Statistics
--------
Total Instructions: 6594258419
Total Cycles: 9182415974
IPC: 0.71814

--------
Single level Tlb hierarchy
--------
  Data Tlb:
    Entries:          64
    Page Size(B):   4096
    Associativity:      4

Latencies:    0  150
Tlb-Sets:   16 - LRU - assoc:   4

Tlb Stats:
Tlb-Load-Hits:        1667274123   99.97%
Tlb-Load-Misses:          556996    0.03%
Tlb-Load-Accesses:    1667831119  100.00%

Tlb-Store-Hits:         565374277   99.99%
Tlb-Store-Misses:           58159    0.01%
Tlb-Store-Accesses:     565432436  100.00%

Tlb-Total-Hits:        2232648400   99.97%
Tlb-Total-Misses:          615155    0.03%
Tlb-Total-Accesses:    2233263555  100.00%



--------
Two level Cache hierarchy
--------
  L1-Data Cache:
    Size(KB):          32
    Block Size(B):    128
    Associativity:      8

  L2-Data Cache:
    Size(KB):        1024
    Block Size(B):    128
    Associativity:      8

Latencies:    1   10  250
L1-Sets:   32 - LRU - assoc:   8
L2-Sets: 1024 - LRU - assoc:   8
Store_allocation: Yes
L2_inclusive: Yes
L2_prefetching: No

L1 Cache Stats:
L1-Load-Hits:        1665970789   99.89%
L1-Load-Misses:         1860330    0.11%
L1-Load-Accesses:    1667831119  100.00%

L1-Store-Hits:         565191266   99.96%
L1-Store-Misses:          241170    0.04%
L1-Store-Accesses:     565432436  100.00%

L1-Total-Hits:        2231162055   99.91%
L1-Total-Misses:         2101500    0.09%
L1-Total-Accesses:    2233263555  100.00%

L2 Cache Stats:
L2-Load-Hits:           1089088   58.54%
L2-Load-Misses:          771242   41.46%
L2-Load-Accesses:       1860330  100.00%

L2-Store-Hits:             45989   19.07%
L2-Store-Misses:          195181   80.93%
L2-Store-Accesses:        241170  100.00%

L2-Total-Hits:           1135077   54.01%
L2-Total-Misses:          966423   45.99%
L2-Total-Accesses:       2101500  100.00%

