--------
Total Statistics
--------
Total Instructions: 17788912053
Total Cycles: 75831112699
IPC: 0.234586

--------
Single level Tlb hierarchy
--------
  Data Tlb:
    Entries:          64
    Page Size(B):   4096
    Associativity:      4

Latencies:    0  150
Tlb-Sets:   16 - LRU - assoc:   4

Tlb Stats:
Tlb-Load-Hits:        2975276717   98.89%
Tlb-Load-Misses:        33363446    1.11%
Tlb-Load-Accesses:    3008640163  100.00%

Tlb-Store-Hits:         113084471   99.87%
Tlb-Store-Misses:          147452    0.13%
Tlb-Store-Accesses:     113231923  100.00%

Tlb-Total-Hits:        3088361188   98.93%
Tlb-Total-Misses:        33510898    1.07%
Tlb-Total-Accesses:    3121872086  100.00%



--------
Two level Cache hierarchy
--------
  L1-Data Cache:
    Size(KB):          64
    Block Size(B):     64
    Associativity:      4

  L2-Data Cache:
    Size(KB):        1024
    Block Size(B):    128
    Associativity:      8

Latencies:    1   10  250
L1-Sets:  256 - LRU - assoc:   4
L2-Sets: 1024 - LRU - assoc:   8
Store_allocation: Yes
L2_inclusive: Yes
L2_prefetching: No

L1 Cache Stats:
L1-Load-Hits:        2509546036   83.41%
L1-Load-Misses:       499094127   16.59%
L1-Load-Accesses:    3008640163  100.00%

L1-Store-Hits:         111585414   98.55%
L1-Store-Misses:         1646509    1.45%
L1-Store-Accesses:     113231923  100.00%

L1-Total-Hits:        2621131450   83.96%
L1-Total-Misses:       500740636   16.04%
L1-Total-Accesses:    3121872086  100.00%

L2 Cache Stats:
L2-Load-Hits:         320025450   64.12%
L2-Load-Misses:       179068677   35.88%
L2-Load-Accesses:     499094127  100.00%

L2-Store-Hits:           1170036   71.06%
L2-Store-Misses:          476473   28.94%
L2-Store-Accesses:       1646509  100.00%

L2-Total-Hits:         321195486   64.14%
L2-Total-Misses:       179545150   35.86%
L2-Total-Accesses:     500740636  100.00%

