--------
Total Statistics
--------
Total Instructions: 17788912053
Total Cycles: 72728075459
IPC: 0.244595

--------
Single level Tlb hierarchy
--------
  Data Tlb:
    Entries:          64
    Page Size(B):   4096
    Associativity:      4

Latencies:    0  150
Tlb-Sets:   16 - LRU - assoc:   4

Tlb Stats:
Tlb-Load-Hits:        2975237499   98.89%
Tlb-Load-Misses:        33402664    1.11%
Tlb-Load-Accesses:    3008640163  100.00%

Tlb-Store-Hits:         113093815   99.88%
Tlb-Store-Misses:          138108    0.12%
Tlb-Store-Accesses:     113231923  100.00%

Tlb-Total-Hits:        3088331314   98.93%
Tlb-Total-Misses:        33540772    1.07%
Tlb-Total-Accesses:    3121872086  100.00%



--------
Two level Cache hierarchy
--------
  L1-Data Cache:
    Size(KB):         128
    Block Size(B):    128
    Associativity:      8

  L2-Data Cache:
    Size(KB):        1024
    Block Size(B):    128
    Associativity:      8

Latencies:    1   10  250
L1-Sets:  128 - LRU - assoc:   8
L2-Sets: 1024 - LRU - assoc:   8
Store_allocation: Yes
L2_inclusive: Yes
L2_prefetching: No

L1 Cache Stats:
L1-Load-Hits:        2822736205   93.82%
L1-Load-Misses:       185903958    6.18%
L1-Load-Accesses:    3008640163  100.00%

L1-Store-Hits:         112726279   99.55%
L1-Store-Misses:          505644    0.45%
L1-Store-Accesses:     113231923  100.00%

L1-Total-Hits:        2935462484   94.03%
L1-Total-Misses:       186409602    5.97%
L1-Total-Accesses:    3121872086  100.00%

L2 Cache Stats:
L2-Load-Hits:           6682935    3.59%
L2-Load-Misses:       179221023   96.41%
L2-Load-Accesses:     185903958  100.00%

L2-Store-Hits:             38349    7.58%
L2-Store-Misses:          467295   92.42%
L2-Store-Accesses:        505644  100.00%

L2-Total-Hits:           6721284    3.61%
L2-Total-Misses:       179688318   96.39%
L2-Total-Accesses:     186409602  100.00%

