--------
Total Statistics
--------
Total Instructions: 17788912078
Total Cycles: 75866845732
IPC: 0.234475

--------
Single level Tlb hierarchy
--------
  Data Tlb:
    Entries:          64
    Page Size(B):   4096
    Associativity:      4

Latencies:    0  150
Tlb-Sets:   16 - LRU - assoc:   4

Tlb Stats:
Tlb-Load-Hits:        2975240390   98.89%
Tlb-Load-Misses:        33399781    1.11%
Tlb-Load-Accesses:    3008640171  100.00%

Tlb-Store-Hits:         113090472   99.88%
Tlb-Store-Misses:          141451    0.12%
Tlb-Store-Accesses:     113231923  100.00%

Tlb-Total-Hits:        3088330862   98.93%
Tlb-Total-Misses:        33541232    1.07%
Tlb-Total-Accesses:    3121872094  100.00%



--------
Two level Cache hierarchy
--------
  L1-Data Cache:
    Size(KB):          64
    Block Size(B):     64
    Associativity:      8

  L2-Data Cache:
    Size(KB):        1024
    Block Size(B):    128
    Associativity:      8

Latencies:    1   10  250
L1-Sets:  128 - LRU - assoc:   8
L2-Sets: 1024 - LRU - assoc:   8
Store_allocation: Yes
L2_inclusive: Yes
L2_prefetching: No

L1 Cache Stats:
L1-Load-Hits:        2505722978   83.28%
L1-Load-Misses:       502917193   16.72%
L1-Load-Accesses:    3008640171  100.00%

L1-Store-Hits:         111449140   98.43%
L1-Store-Misses:         1782783    1.57%
L1-Store-Accesses:     113231923  100.00%

L1-Total-Hits:        2617172118   83.83%
L1-Total-Misses:       504699976   16.17%
L1-Total-Accesses:    3121872094  100.00%

L2 Cache Stats:
L2-Load-Hits:         323890068   64.40%
L2-Load-Misses:       179027125   35.60%
L2-Load-Accesses:     502917193  100.00%

L2-Store-Hits:           1298400   72.83%
L2-Store-Misses:          484383   27.17%
L2-Store-Accesses:       1782783  100.00%

L2-Total-Hits:         325188468   64.43%
L2-Total-Misses:       179511508   35.57%
L2-Total-Accesses:     504699976  100.00%

