--------
Total Statistics
--------
Total Instructions: 17788912053
Total Cycles: 75819428809
IPC: 0.234622

--------
Single level Tlb hierarchy
--------
  Data Tlb:
    Entries:          64
    Page Size(B):   4096
    Associativity:      4

Latencies:    0  150
Tlb-Sets:   16 - LRU - assoc:   4

Tlb Stats:
Tlb-Load-Hits:        2975292049   98.89%
Tlb-Load-Misses:        33348114    1.11%
Tlb-Load-Accesses:    3008640163  100.00%

Tlb-Store-Hits:         113083387   99.87%
Tlb-Store-Misses:          148536    0.13%
Tlb-Store-Accesses:     113231923  100.00%

Tlb-Total-Hits:        3088375436   98.93%
Tlb-Total-Misses:        33496650    1.07%
Tlb-Total-Accesses:    3121872086  100.00%



--------
Two level Cache hierarchy
--------
  L1-Data Cache:
    Size(KB):         128
    Block Size(B):     64
    Associativity:      8

  L2-Data Cache:
    Size(KB):        1024
    Block Size(B):    128
    Associativity:      8

Latencies:    1   10  250
L1-Sets:  256 - LRU - assoc:   8
L2-Sets: 1024 - LRU - assoc:   8
Store_allocation: Yes
L2_inclusive: Yes
L2_prefetching: No

L1 Cache Stats:
L1-Load-Hits:        2510516143   83.44%
L1-Load-Misses:       498124020   16.56%
L1-Load-Accesses:    3008640163  100.00%

L1-Store-Hits:         111605051   98.56%
L1-Store-Misses:         1626872    1.44%
L1-Store-Accesses:     113231923  100.00%

L1-Total-Hits:        2622121194   83.99%
L1-Total-Misses:       499750892   16.01%
L1-Total-Accesses:    3121872086  100.00%

L2 Cache Stats:
L2-Load-Hits:         319049952   64.05%
L2-Load-Misses:       179074068   35.95%
L2-Load-Accesses:     498124020  100.00%

L2-Store-Hits:           1154387   70.96%
L2-Store-Misses:          472485   29.04%
L2-Store-Accesses:       1626872  100.00%

L2-Total-Hits:         320204339   64.07%
L2-Total-Misses:       179546553   35.93%
L2-Total-Accesses:     499750892  100.00%

