--------
Total Statistics
--------
Total Instructions: 17788912053
Total Cycles: 72729334179
IPC: 0.244591

--------
Single level Tlb hierarchy
--------
  Data Tlb:
    Entries:          64
    Page Size(B):   4096
    Associativity:      4

Latencies:    0  150
Tlb-Sets:   16 - LRU - assoc:   4

Tlb Stats:
Tlb-Load-Hits:        2975274427   98.89%
Tlb-Load-Misses:        33365736    1.11%
Tlb-Load-Accesses:    3008640163  100.00%

Tlb-Store-Hits:         113089666   99.87%
Tlb-Store-Misses:          142257    0.13%
Tlb-Store-Accesses:     113231923  100.00%

Tlb-Total-Hits:        3088364093   98.93%
Tlb-Total-Misses:        33507993    1.07%
Tlb-Total-Accesses:    3121872086  100.00%



--------
Two level Cache hierarchy
--------
  L1-Data Cache:
    Size(KB):          64
    Block Size(B):    128
    Associativity:      8

  L2-Data Cache:
    Size(KB):        1024
    Block Size(B):    128
    Associativity:      8

Latencies:    1   10  250
L1-Sets:   64 - LRU - assoc:   8
L2-Sets: 1024 - LRU - assoc:   8
Store_allocation: Yes
L2_inclusive: Yes
L2_prefetching: No

L1 Cache Stats:
L1-Load-Hits:        2822120998   93.80%
L1-Load-Misses:       186519165    6.20%
L1-Load-Accesses:    3008640163  100.00%

L1-Store-Hits:         112711229   99.54%
L1-Store-Misses:          520694    0.46%
L1-Store-Accesses:     113231923  100.00%

L1-Total-Hits:        2934832227   94.01%
L1-Total-Misses:       187039859    5.99%
L1-Total-Accesses:    3121872086  100.00%

L2 Cache Stats:
L2-Load-Hits:           7306169    3.92%
L2-Load-Misses:       179212996   96.08%
L2-Load-Accesses:     186519165  100.00%

L2-Store-Hits:             45880    8.81%
L2-Store-Misses:          474814   91.19%
L2-Store-Accesses:        520694  100.00%

L2-Total-Hits:           7352049    3.93%
L2-Total-Misses:       179687810   96.07%
L2-Total-Accesses:     187039859  100.00%

