--------
Total Statistics
--------
Total Instructions: 17788912053
Total Cycles: 78176184889
IPC: 0.227549

--------
Single level Tlb hierarchy
--------
  Data Tlb:
    Entries:          64
    Page Size(B):   4096
    Associativity:      4

Latencies:    0  150
Tlb-Sets:   16 - LRU - assoc:   4

Tlb Stats:
Tlb-Load-Hits:        2975274500   98.89%
Tlb-Load-Misses:        33365663    1.11%
Tlb-Load-Accesses:    3008640163  100.00%

Tlb-Store-Hits:         113096831   99.88%
Tlb-Store-Misses:          135092    0.12%
Tlb-Store-Accesses:     113231923  100.00%

Tlb-Total-Hits:        3088371331   98.93%
Tlb-Total-Misses:        33500755    1.07%
Tlb-Total-Accesses:    3121872086  100.00%



--------
Two level Cache hierarchy
--------
  L1-Data Cache:
    Size(KB):          64
    Block Size(B):     32
    Associativity:      8

  L2-Data Cache:
    Size(KB):        1024
    Block Size(B):    128
    Associativity:      8

Latencies:    1   10  250
L1-Sets:  256 - LRU - assoc:   8
L2-Sets: 1024 - LRU - assoc:   8
Store_allocation: Yes
L2_inclusive: Yes
L2_prefetching: No

L1 Cache Stats:
L1-Load-Hits:        2277626604   75.70%
L1-Load-Misses:       731013559   24.30%
L1-Load-Accesses:    3008640163  100.00%

L1-Store-Hits:         107344682   94.80%
L1-Store-Misses:         5887241    5.20%
L1-Store-Accesses:     113231923  100.00%

L1-Total-Hits:        2384971286   76.40%
L1-Total-Misses:       736900800   23.60%
L1-Total-Accesses:    3121872086  100.00%

L2 Cache Stats:
L2-Load-Hits:         552009411   75.51%
L2-Load-Misses:       179004148   24.49%
L2-Load-Accesses:     731013559  100.00%

L2-Store-Hits:           5406271   91.83%
L2-Store-Misses:          480970    8.17%
L2-Store-Accesses:       5887241  100.00%

L2-Total-Hits:         557415682   75.64%
L2-Total-Misses:       179485118   24.36%
L2-Total-Accesses:     736900800  100.00%

