--------
Total Statistics
--------
Total Instructions: 17788912053
Total Cycles: 76047781839
IPC: 0.233918

--------
Single level Tlb hierarchy
--------
  Data Tlb:
    Entries:          64
    Page Size(B):   4096
    Associativity:      4

Latencies:    0  150
Tlb-Sets:   16 - LRU - assoc:   4

Tlb Stats:
Tlb-Load-Hits:        2975278244   98.89%
Tlb-Load-Misses:        33361919    1.11%
Tlb-Load-Accesses:    3008640163  100.00%

Tlb-Store-Hits:         113084792   99.87%
Tlb-Store-Misses:          147131    0.13%
Tlb-Store-Accesses:     113231923  100.00%

Tlb-Total-Hits:        3088363036   98.93%
Tlb-Total-Misses:        33509050    1.07%
Tlb-Total-Accesses:    3121872086  100.00%



--------
Two level Cache hierarchy
--------
  L1-Data Cache:
    Size(KB):          32
    Block Size(B):     64
    Associativity:      8

  L2-Data Cache:
    Size(KB):        1024
    Block Size(B):    128
    Associativity:      8

Latencies:    1   10  250
L1-Sets:   64 - LRU - assoc:   8
L2-Sets: 1024 - LRU - assoc:   8
Store_allocation: Yes
L2_inclusive: Yes
L2_prefetching: No

L1 Cache Stats:
L1-Load-Hits:        2490608055   82.78%
L1-Load-Misses:       518032108   17.22%
L1-Load-Accesses:    3008640163  100.00%

L1-Store-Hits:         111205836   98.21%
L1-Store-Misses:         2026087    1.79%
L1-Store-Accesses:     113231923  100.00%

L1-Total-Hits:        2601813891   83.34%
L1-Total-Misses:       520058195   16.66%
L1-Total-Accesses:    3121872086  100.00%

L2 Cache Stats:
L2-Load-Hits:         338867535   65.41%
L2-Load-Misses:       179164573   34.59%
L2-Load-Accesses:     518032108  100.00%

L2-Store-Hits:           1550427   76.52%
L2-Store-Misses:          475660   23.48%
L2-Store-Accesses:       2026087  100.00%

L2-Total-Hits:         340417962   65.46%
L2-Total-Misses:       179640233   34.54%
L2-Total-Accesses:     520058195  100.00%

