--------
Total Statistics
--------
Total Instructions: 17788912053
Total Cycles: 78329043209
IPC: 0.227105

--------
Single level Tlb hierarchy
--------
  Data Tlb:
    Entries:          64
    Page Size(B):   4096
    Associativity:      4

Latencies:    0  150
Tlb-Sets:   16 - LRU - assoc:   4

Tlb Stats:
Tlb-Load-Hits:        2975214323   98.89%
Tlb-Load-Misses:        33425840    1.11%
Tlb-Load-Accesses:    3008640163  100.00%

Tlb-Store-Hits:         113085004   99.87%
Tlb-Store-Misses:          146919    0.13%
Tlb-Store-Accesses:     113231923  100.00%

Tlb-Total-Hits:        3088299327   98.92%
Tlb-Total-Misses:        33572759    1.08%
Tlb-Total-Accesses:    3121872086  100.00%



--------
Two level Cache hierarchy
--------
  L1-Data Cache:
    Size(KB):          32
    Block Size(B):     32
    Associativity:      8

  L2-Data Cache:
    Size(KB):        1024
    Block Size(B):    128
    Associativity:      8

Latencies:    1   10  250
L1-Sets:  128 - LRU - assoc:   8
L2-Sets: 1024 - LRU - assoc:   8
Store_allocation: Yes
L2_inclusive: Yes
L2_prefetching: No

L1 Cache Stats:
L1-Load-Hits:        2259940376   75.12%
L1-Load-Misses:       748699787   24.88%
L1-Load-Accesses:    3008640163  100.00%

L1-Store-Hits:         110806538   97.86%
L1-Store-Misses:         2425385    2.14%
L1-Store-Accesses:     113231923  100.00%

L1-Total-Hits:        2370746914   75.94%
L1-Total-Misses:       751125172   24.06%
L1-Total-Accesses:    3121872086  100.00%

L2 Cache Stats:
L2-Load-Hits:         569689541   76.09%
L2-Load-Misses:       179010246   23.91%
L2-Load-Accesses:     748699787  100.00%

L2-Store-Hits:           1951257   80.45%
L2-Store-Misses:          474128   19.55%
L2-Store-Accesses:       2425385  100.00%

L2-Total-Hits:         571640798   76.10%
L2-Total-Misses:       179484374   23.90%
L2-Total-Accesses:     751125172  100.00%

