--------
Total Statistics
--------
Total Instructions: 17788912053
Total Cycles: 75884252609
IPC: 0.234422

--------
Single level Tlb hierarchy
--------
  Data Tlb:
    Entries:          64
    Page Size(B):   4096
    Associativity:      4

Latencies:    0  150
Tlb-Sets:   16 - LRU - assoc:   4

Tlb Stats:
Tlb-Load-Hits:        2975234109   98.89%
Tlb-Load-Misses:        33406054    1.11%
Tlb-Load-Accesses:    3008640163  100.00%

Tlb-Store-Hits:         113066715   99.85%
Tlb-Store-Misses:          165208    0.15%
Tlb-Store-Accesses:     113231923  100.00%

Tlb-Total-Hits:        3088300824   98.92%
Tlb-Total-Misses:        33571262    1.08%
Tlb-Total-Accesses:    3121872086  100.00%



--------
Two level Cache hierarchy
--------
  L1-Data Cache:
    Size(KB):          32
    Block Size(B):     64
    Associativity:      4

  L2-Data Cache:
    Size(KB):        1024
    Block Size(B):    128
    Associativity:      8

Latencies:    1   10  250
L1-Sets:  128 - LRU - assoc:   4
L2-Sets: 1024 - LRU - assoc:   8
Store_allocation: Yes
L2_inclusive: Yes
L2_prefetching: No

L1 Cache Stats:
L1-Load-Hits:        2504569317   83.25%
L1-Load-Misses:       504070846   16.75%
L1-Load-Accesses:    3008640163  100.00%

L1-Store-Hits:         111429227   98.41%
L1-Store-Misses:         1802696    1.59%
L1-Store-Accesses:     113231923  100.00%

L1-Total-Hits:        2615998544   83.80%
L1-Total-Misses:       505873542   16.20%
L1-Total-Accesses:    3121872086  100.00%

L2 Cache Stats:
L2-Load-Hits:         325030032   64.48%
L2-Load-Misses:       179040814   35.52%
L2-Load-Accesses:     504070846  100.00%

L2-Store-Hits:           1327335   73.63%
L2-Store-Misses:          475361   26.37%
L2-Store-Accesses:       1802696  100.00%

L2-Total-Hits:         326357367   64.51%
L2-Total-Misses:       179516175   35.49%
L2-Total-Accesses:     505873542  100.00%

