--------
Total Statistics
--------
Total Instructions: 22767430251
Total Cycles: 31338168741
IPC: 0.726508

--------
Single level Tlb hierarchy
--------
  Data Tlb:
    Entries:          64
    Page Size(B):   4096
    Associativity:      4

Latencies:    0  150
Tlb-Sets:   16 - LRU - assoc:   4

Tlb Stats:
Tlb-Load-Hits:        6704254892  100.00%
Tlb-Load-Misses:           40056    0.00%
Tlb-Load-Accesses:    6704294948  100.00%

Tlb-Store-Hits:        1857031365  100.00%
Tlb-Store-Misses:             347    0.00%
Tlb-Store-Accesses:    1857031712  100.00%

Tlb-Total-Hits:        8561286257  100.00%
Tlb-Total-Misses:           40403    0.00%
Tlb-Total-Accesses:    8561326660  100.00%



--------
Two level Cache hierarchy
--------
  L1-Data Cache:
    Size(KB):          64
    Block Size(B):    128
    Associativity:      8

  L2-Data Cache:
    Size(KB):        1024
    Block Size(B):    128
    Associativity:      8

Latencies:    1   10  250
L1-Sets:   64 - LRU - assoc:   8
L2-Sets: 1024 - LRU - assoc:   8
Store_allocation: Yes
L2_inclusive: Yes
L2_prefetching: No

L1 Cache Stats:
L1-Load-Hits:        6704268354  100.00%
L1-Load-Misses:           26594    0.00%
L1-Load-Accesses:    6704294948  100.00%

L1-Store-Hits:        1857006168  100.00%
L1-Store-Misses:           25544    0.00%
L1-Store-Accesses:    1857031712  100.00%

L1-Total-Hits:        8561274522  100.00%
L1-Total-Misses:           52138    0.00%
L1-Total-Accesses:    8561326660  100.00%

L2 Cache Stats:
L2-Load-Hits:             25573   96.16%
L2-Load-Misses:            1021    3.84%
L2-Load-Accesses:         26594  100.00%

L2-Store-Hits:             15245   59.68%
L2-Store-Misses:           10299   40.32%
L2-Store-Accesses:         25544  100.00%

L2-Total-Hits:             40818   78.29%
L2-Total-Misses:           11320   21.71%
L2-Total-Accesses:         52138  100.00%

