--------
Total Statistics
--------
Total Instructions: 22767430226
Total Cycles: 31335329128
IPC: 0.726574

--------
Single level Tlb hierarchy
--------
  Data Tlb:
    Entries:          64
    Page Size(B):   4096
    Associativity:      4

Latencies:    0  150
Tlb-Sets:   16 - LRU - assoc:   4

Tlb Stats:
Tlb-Load-Hits:        6704279874  100.00%
Tlb-Load-Misses:           15066    0.00%
Tlb-Load-Accesses:    6704294940  100.00%

Tlb-Store-Hits:        1857031370  100.00%
Tlb-Store-Misses:             342    0.00%
Tlb-Store-Accesses:    1857031712  100.00%

Tlb-Total-Hits:        8561311244  100.00%
Tlb-Total-Misses:           15408    0.00%
Tlb-Total-Accesses:    8561326652  100.00%



--------
Two level Cache hierarchy
--------
  L1-Data Cache:
    Size(KB):          64
    Block Size(B):     64
    Associativity:      4

  L2-Data Cache:
    Size(KB):        1024
    Block Size(B):    128
    Associativity:      8

Latencies:    1   10  250
L1-Sets:  256 - LRU - assoc:   4
L2-Sets: 1024 - LRU - assoc:   8
Store_allocation: Yes
L2_inclusive: Yes
L2_prefetching: No

L1 Cache Stats:
L1-Load-Hits:        6704219141  100.00%
L1-Load-Misses:           75799    0.00%
L1-Load-Accesses:    6704294940  100.00%

L1-Store-Hits:        1856963931  100.00%
L1-Store-Misses:           67781    0.00%
L1-Store-Accesses:    1857031712  100.00%

L1-Total-Hits:        8561183072  100.00%
L1-Total-Misses:          143580    0.00%
L1-Total-Accesses:    8561326652  100.00%

L2 Cache Stats:
L2-Load-Hits:             74795   98.68%
L2-Load-Misses:            1004    1.32%
L2-Load-Accesses:         75799  100.00%

L2-Store-Hits:             57484   84.81%
L2-Store-Misses:           10297   15.19%
L2-Store-Accesses:         67781  100.00%

L2-Total-Hits:            132279   92.13%
L2-Total-Misses:           11301    7.87%
L2-Total-Accesses:        143580  100.00%

