--------
Total Statistics
--------
Total Instructions: 22767430226
Total Cycles: 31619901428
IPC: 0.720035

--------
Single level Tlb hierarchy
--------
  Data Tlb:
    Entries:          64
    Page Size(B):   4096
    Associativity:      4

Latencies:    0  150
Tlb-Sets:   16 - LRU - assoc:   4

Tlb Stats:
Tlb-Load-Hits:        6704017365  100.00%
Tlb-Load-Misses:          277575    0.00%
Tlb-Load-Accesses:    6704294940  100.00%

Tlb-Store-Hits:        1857031358  100.00%
Tlb-Store-Misses:             354    0.00%
Tlb-Store-Accesses:    1857031712  100.00%

Tlb-Total-Hits:        8561048723  100.00%
Tlb-Total-Misses:          277929    0.00%
Tlb-Total-Accesses:    8561326652  100.00%



--------
Two level Cache hierarchy
--------
  L1-Data Cache:
    Size(KB):          32
    Block Size(B):    128
    Associativity:      8

  L2-Data Cache:
    Size(KB):        1024
    Block Size(B):    128
    Associativity:      8

Latencies:    1   10  250
L1-Sets:   32 - LRU - assoc:   8
L2-Sets: 1024 - LRU - assoc:   8
Store_allocation: Yes
L2_inclusive: Yes
L2_prefetching: No

L1 Cache Stats:
L1-Load-Hits:        6695740827   99.87%
L1-Load-Misses:         8554113    0.13%
L1-Load-Accesses:    6704294940  100.00%

L1-Store-Hits:        1840922380   99.13%
L1-Store-Misses:        16109332    0.87%
L1-Store-Accesses:    1857031712  100.00%

L1-Total-Hits:        8536663207   99.71%
L1-Total-Misses:        24663445    0.29%
L1-Total-Accesses:    8561326652  100.00%

L2 Cache Stats:
L2-Load-Hits:           8553125   99.99%
L2-Load-Misses:             988    0.01%
L2-Load-Accesses:       8554113  100.00%

L2-Store-Hits:          16099037   99.94%
L2-Store-Misses:           10295    0.06%
L2-Store-Accesses:      16109332  100.00%

L2-Total-Hits:          24652162   99.95%
L2-Total-Misses:           11283    0.05%
L2-Total-Accesses:      24663445  100.00%

