--------
Total Statistics
--------
Total Instructions: 22767430226
Total Cycles: 31674273368
IPC: 0.718799

--------
Single level Tlb hierarchy
--------
  Data Tlb:
    Entries:          64
    Page Size(B):   4096
    Associativity:      4

Latencies:    0  150
Tlb-Sets:   16 - LRU - assoc:   4

Tlb Stats:
Tlb-Load-Hits:        6704294896  100.00%
Tlb-Load-Misses:              44    0.00%
Tlb-Load-Accesses:    6704294940  100.00%

Tlb-Store-Hits:        1857031370  100.00%
Tlb-Store-Misses:             342    0.00%
Tlb-Store-Accesses:    1857031712  100.00%

Tlb-Total-Hits:        8561326266  100.00%
Tlb-Total-Misses:             386    0.00%
Tlb-Total-Accesses:    8561326652  100.00%



--------
Two level Cache hierarchy
--------
  L1-Data Cache:
    Size(KB):          32
    Block Size(B):     64
    Associativity:      4

  L2-Data Cache:
    Size(KB):        1024
    Block Size(B):    128
    Associativity:      8

Latencies:    1   10  250
L1-Sets:  128 - LRU - assoc:   4
L2-Sets: 1024 - LRU - assoc:   8
Store_allocation: Yes
L2_inclusive: Yes
L2_prefetching: No

L1 Cache Stats:
L1-Load-Hits:        6692019811   99.82%
L1-Load-Misses:        12275129    0.18%
L1-Load-Accesses:    6704294940  100.00%

L1-Store-Hits:        1835042982   98.82%
L1-Store-Misses:        21988730    1.18%
L1-Store-Accesses:    1857031712  100.00%

L1-Total-Hits:        8527062793   99.60%
L1-Total-Misses:        34263859    0.40%
L1-Total-Accesses:    8561326652  100.00%

L2 Cache Stats:
L2-Load-Hits:          12274144   99.99%
L2-Load-Misses:             985    0.01%
L2-Load-Accesses:      12275129  100.00%

L2-Store-Hits:          21978435   99.95%
L2-Store-Misses:           10295    0.05%
L2-Store-Accesses:      21988730  100.00%

L2-Total-Hits:          34252579   99.97%
L2-Total-Misses:           11280    0.03%
L2-Total-Accesses:      34263859  100.00%

