--------
Total Statistics
--------
Total Instructions: 22767430226
Total Cycles: 31331908388
IPC: 0.726653

--------
Single level Tlb hierarchy
--------
  Data Tlb:
    Entries:          64
    Page Size(B):   4096
    Associativity:      4

Latencies:    0  150
Tlb-Sets:   16 - LRU - assoc:   4

Tlb Stats:
Tlb-Load-Hits:        6704294887  100.00%
Tlb-Load-Misses:              53    0.00%
Tlb-Load-Accesses:    6704294940  100.00%

Tlb-Store-Hits:        1857031370  100.00%
Tlb-Store-Misses:             342    0.00%
Tlb-Store-Accesses:    1857031712  100.00%

Tlb-Total-Hits:        8561326257  100.00%
Tlb-Total-Misses:             395    0.00%
Tlb-Total-Accesses:    8561326652  100.00%



--------
Two level Cache hierarchy
--------
  L1-Data Cache:
    Size(KB):         128
    Block Size(B):     64
    Associativity:      8

  L2-Data Cache:
    Size(KB):        1024
    Block Size(B):    128
    Associativity:      8

Latencies:    1   10  250
L1-Sets:  256 - LRU - assoc:   8
L2-Sets: 1024 - LRU - assoc:   8
Store_allocation: Yes
L2_inclusive: Yes
L2_prefetching: No

L1 Cache Stats:
L1-Load-Hits:        6704292539  100.00%
L1-Load-Misses:            2401    0.00%
L1-Load-Accesses:    6704294940  100.00%

L1-Store-Hits:        1857008162  100.00%
L1-Store-Misses:           23550    0.00%
L1-Store-Accesses:    1857031712  100.00%

L1-Total-Hits:        8561300701  100.00%
L1-Total-Misses:           25951    0.00%
L1-Total-Accesses:    8561326652  100.00%

L2 Cache Stats:
L2-Load-Hits:              1369   57.02%
L2-Load-Misses:            1032   42.98%
L2-Load-Accesses:          2401  100.00%

L2-Store-Hits:             13251   56.27%
L2-Store-Misses:           10299   43.73%
L2-Store-Accesses:         23550  100.00%

L2-Total-Hits:             14620   56.34%
L2-Total-Misses:           11331   43.66%
L2-Total-Accesses:         25951  100.00%

