--------
Total Statistics
--------
Total Instructions: 22767430226
Total Cycles: 31923448238
IPC: 0.713188

--------
Single level Tlb hierarchy
--------
  Data Tlb:
    Entries:          64
    Page Size(B):   4096
    Associativity:      4

Latencies:    0  150
Tlb-Sets:   16 - LRU - assoc:   4

Tlb Stats:
Tlb-Load-Hits:        6704294896  100.00%
Tlb-Load-Misses:              44    0.00%
Tlb-Load-Accesses:    6704294940  100.00%

Tlb-Store-Hits:        1857031369  100.00%
Tlb-Store-Misses:             343    0.00%
Tlb-Store-Accesses:    1857031712  100.00%

Tlb-Total-Hits:        8561326265  100.00%
Tlb-Total-Misses:             387    0.00%
Tlb-Total-Accesses:    8561326652  100.00%



--------
Two level Cache hierarchy
--------
  L1-Data Cache:
    Size(KB):          32
    Block Size(B):     32
    Associativity:      8

  L2-Data Cache:
    Size(KB):        1024
    Block Size(B):    128
    Associativity:      8

Latencies:    1   10  250
L1-Sets:  128 - LRU - assoc:   8
L2-Sets: 1024 - LRU - assoc:   8
Store_allocation: Yes
L2_inclusive: Yes
L2_prefetching: No

L1 Cache Stats:
L1-Load-Hits:        6688227828   99.76%
L1-Load-Misses:        16067112    0.24%
L1-Load-Accesses:    6704294940  100.00%

L1-Store-Hits:        1813917543   97.68%
L1-Store-Misses:        43114169    2.32%
L1-Store-Accesses:    1857031712  100.00%

L1-Total-Hits:        8502145371   99.31%
L1-Total-Misses:        59181281    0.69%
L1-Total-Accesses:    8561326652  100.00%

L2 Cache Stats:
L2-Load-Hits:          16066126   99.99%
L2-Load-Misses:             986    0.01%
L2-Load-Accesses:      16067112  100.00%

L2-Store-Hits:          43103873   99.98%
L2-Store-Misses:           10296    0.02%
L2-Store-Accesses:      43114169  100.00%

L2-Total-Hits:          59169999   99.98%
L2-Total-Misses:           11282    0.02%
L2-Total-Accesses:      59181281  100.00%

