--------
Total Statistics
--------
Total Instructions: 22767430226
Total Cycles: 31331910978
IPC: 0.726653

--------
Single level Tlb hierarchy
--------
  Data Tlb:
    Entries:          64
    Page Size(B):   4096
    Associativity:      4

Latencies:    0  150
Tlb-Sets:   16 - LRU - assoc:   4

Tlb Stats:
Tlb-Load-Hits:        6704294890  100.00%
Tlb-Load-Misses:              50    0.00%
Tlb-Load-Accesses:    6704294940  100.00%

Tlb-Store-Hits:        1857031370  100.00%
Tlb-Store-Misses:             342    0.00%
Tlb-Store-Accesses:    1857031712  100.00%

Tlb-Total-Hits:        8561326260  100.00%
Tlb-Total-Misses:             392    0.00%
Tlb-Total-Accesses:    8561326652  100.00%



--------
Two level Cache hierarchy
--------
  L1-Data Cache:
    Size(KB):          64
    Block Size(B):     64
    Associativity:      8

  L2-Data Cache:
    Size(KB):        1024
    Block Size(B):    128
    Associativity:      8

Latencies:    1   10  250
L1-Sets:  128 - LRU - assoc:   8
L2-Sets: 1024 - LRU - assoc:   8
Store_allocation: Yes
L2_inclusive: Yes
L2_prefetching: No

L1 Cache Stats:
L1-Load-Hits:        6704291927  100.00%
L1-Load-Misses:            3013    0.00%
L1-Load-Accesses:    6704294940  100.00%

L1-Store-Hits:        1857007945  100.00%
L1-Store-Misses:           23767    0.00%
L1-Store-Accesses:    1857031712  100.00%

L1-Total-Hits:        8561299872  100.00%
L1-Total-Misses:           26780    0.00%
L1-Total-Accesses:    8561326652  100.00%

L2 Cache Stats:
L2-Load-Hits:              2001   66.41%
L2-Load-Misses:            1012   33.59%
L2-Load-Accesses:          3013  100.00%

L2-Store-Hits:             13469   56.67%
L2-Store-Misses:           10298   43.33%
L2-Store-Accesses:         23767  100.00%

L2-Total-Hits:             15470   57.77%
L2-Total-Misses:           11310   42.23%
L2-Total-Accesses:         26780  100.00%

