--------
Total Statistics
--------
Total Instructions: 22767430226
Total Cycles: 31335134148
IPC: 0.726578

--------
Single level Tlb hierarchy
--------
  Data Tlb:
    Entries:          64
    Page Size(B):   4096
    Associativity:      4

Latencies:    0  150
Tlb-Sets:   16 - LRU - assoc:   4

Tlb Stats:
Tlb-Load-Hits:        6704279884  100.00%
Tlb-Load-Misses:           15056    0.00%
Tlb-Load-Accesses:    6704294940  100.00%

Tlb-Store-Hits:        1857026370  100.00%
Tlb-Store-Misses:            5342    0.00%
Tlb-Store-Accesses:    1857031712  100.00%

Tlb-Total-Hits:        8561306254  100.00%
Tlb-Total-Misses:           20398    0.00%
Tlb-Total-Accesses:    8561326652  100.00%



--------
Two level Cache hierarchy
--------
  L1-Data Cache:
    Size(KB):         128
    Block Size(B):     32
    Associativity:      8

  L2-Data Cache:
    Size(KB):        1024
    Block Size(B):    128
    Associativity:      8

Latencies:    1   10  250
L1-Sets:  512 - LRU - assoc:   8
L2-Sets: 1024 - LRU - assoc:   8
Store_allocation: Yes
L2_inclusive: Yes
L2_prefetching: No

L1 Cache Stats:
L1-Load-Hits:        6704291550  100.00%
L1-Load-Misses:            3390    0.00%
L1-Load-Accesses:    6704294940  100.00%

L1-Store-Hits:        1856986320  100.00%
L1-Store-Misses:           45392    0.00%
L1-Store-Accesses:    1857031712  100.00%

L1-Total-Hits:        8561277870  100.00%
L1-Total-Misses:           48782    0.00%
L1-Total-Accesses:    8561326652  100.00%

L2 Cache Stats:
L2-Load-Hits:              2366   69.79%
L2-Load-Misses:            1024   30.21%
L2-Load-Accesses:          3390  100.00%

L2-Store-Hits:             35097   77.32%
L2-Store-Misses:           10295   22.68%
L2-Store-Accesses:         45392  100.00%

L2-Total-Hits:             37463   76.80%
L2-Total-Misses:           11319   23.20%
L2-Total-Accesses:         48782  100.00%

