--------
Total Statistics
--------
Total Instructions: 22767430226
Total Cycles: 31331766498
IPC: 0.726656

--------
Single level Tlb hierarchy
--------
  Data Tlb:
    Entries:          64
    Page Size(B):   4096
    Associativity:      4

Latencies:    0  150
Tlb-Sets:   16 - LRU - assoc:   4

Tlb Stats:
Tlb-Load-Hits:        6704294893  100.00%
Tlb-Load-Misses:              47    0.00%
Tlb-Load-Accesses:    6704294940  100.00%

Tlb-Store-Hits:        1857031369  100.00%
Tlb-Store-Misses:             343    0.00%
Tlb-Store-Accesses:    1857031712  100.00%

Tlb-Total-Hits:        8561326262  100.00%
Tlb-Total-Misses:             390    0.00%
Tlb-Total-Accesses:    8561326652  100.00%



--------
Two level Cache hierarchy
--------
  L1-Data Cache:
    Size(KB):         128
    Block Size(B):    128
    Associativity:      8

  L2-Data Cache:
    Size(KB):        1024
    Block Size(B):    128
    Associativity:      8

Latencies:    1   10  250
L1-Sets:  128 - LRU - assoc:   8
L2-Sets: 1024 - LRU - assoc:   8
Store_allocation: Yes
L2_inclusive: Yes
L2_prefetching: No

L1 Cache Stats:
L1-Load-Hits:        6704293800  100.00%
L1-Load-Misses:            1140    0.00%
L1-Load-Accesses:    6704294940  100.00%

L1-Store-Hits:        1857021365  100.00%
L1-Store-Misses:           10347    0.00%
L1-Store-Accesses:    1857031712  100.00%

L1-Total-Hits:        8561315165  100.00%
L1-Total-Misses:           11487    0.00%
L1-Total-Accesses:    8561326652  100.00%

L2 Cache Stats:
L2-Load-Hits:                92    8.07%
L2-Load-Misses:            1048   91.93%
L2-Load-Accesses:          1140  100.00%

L2-Store-Hits:                50    0.48%
L2-Store-Misses:           10297   99.52%
L2-Store-Accesses:         10347  100.00%

L2-Total-Hits:               142    1.24%
L2-Total-Misses:           11345   98.76%
L2-Total-Accesses:         11487  100.00%

