--------
Total Statistics
--------
Total Instructions: 22767430226
Total Cycles: 31332140328
IPC: 0.726648

--------
Single level Tlb hierarchy
--------
  Data Tlb:
    Entries:          64
    Page Size(B):   4096
    Associativity:      4

Latencies:    0  150
Tlb-Sets:   16 - LRU - assoc:   4

Tlb Stats:
Tlb-Load-Hits:        6704294882  100.00%
Tlb-Load-Misses:              58    0.00%
Tlb-Load-Accesses:    6704294940  100.00%

Tlb-Store-Hits:        1857031370  100.00%
Tlb-Store-Misses:             342    0.00%
Tlb-Store-Accesses:    1857031712  100.00%

Tlb-Total-Hits:        8561326252  100.00%
Tlb-Total-Misses:             400    0.00%
Tlb-Total-Accesses:    8561326652  100.00%



--------
Two level Cache hierarchy
--------
  L1-Data Cache:
    Size(KB):          64
    Block Size(B):     32
    Associativity:      8

  L2-Data Cache:
    Size(KB):        1024
    Block Size(B):    128
    Associativity:      8

Latencies:    1   10  250
L1-Sets:  256 - LRU - assoc:   8
L2-Sets: 1024 - LRU - assoc:   8
Store_allocation: Yes
L2_inclusive: Yes
L2_prefetching: No

L1 Cache Stats:
L1-Load-Hits:        6704290652  100.00%
L1-Load-Misses:            4288    0.00%
L1-Load-Accesses:    6704294940  100.00%

L1-Store-Hits:        1856986055  100.00%
L1-Store-Misses:           45657    0.00%
L1-Store-Accesses:    1857031712  100.00%

L1-Total-Hits:        8561276707  100.00%
L1-Total-Misses:           49945    0.00%
L1-Total-Accesses:    8561326652  100.00%

L2 Cache Stats:
L2-Load-Hits:              3291   76.75%
L2-Load-Misses:             997   23.25%
L2-Load-Accesses:          4288  100.00%

L2-Store-Hits:             35358   77.44%
L2-Store-Misses:           10299   22.56%
L2-Store-Accesses:         45657  100.00%

L2-Total-Hits:             38649   77.38%
L2-Total-Misses:           11296   22.62%
L2-Total-Accesses:         49945  100.00%

